<?xml version="1.0" encoding="UTF-8"?>
<testsuite xmlns:xsi="http://www.w3.org/2001/XMLSchema-instance" xsi:noNamespaceSchemaLocation="https://maven.apache.org/surefire/maven-surefire-plugin/xsd/surefire-test-report-3.0.xsd" version="3.0" name="org.scheduler.PerformanceTest" time="0.203" tests="1" errors="0" skipped="0" failures="0">
  <properties>
    <property name="java.specification.version" value="23"/>
    <property name="sun.jnu.encoding" value="UTF-8"/>
    <property name="java.class.path" value="/Users/tank/Documents/Depaul/2024/fall/csc-403/project/task-scheduler/target/test-classes:/Users/tank/Documents/Depaul/2024/fall/csc-403/project/task-scheduler/target/classes:/Users/tank/.m2/repository/junit/junit/4.13.2/junit-4.13.2.jar:/Users/tank/.m2/repository/org/hamcrest/hamcrest-core/1.3/hamcrest-core-1.3.jar:"/>
    <property name="java.vm.vendor" value="Homebrew"/>
    <property name="sun.arch.data.model" value="64"/>
    <property name="java.vendor.url" value="https://github.com/Homebrew/homebrew-core/issues"/>
    <property name="os.name" value="Mac OS X"/>
    <property name="java.vm.specification.version" value="23"/>
    <property name="sun.java.launcher" value="SUN_STANDARD"/>
    <property name="user.country" value="US"/>
    <property name="sun.boot.library.path" value="/opt/homebrew/Cellar/openjdk/23.0.1/libexec/openjdk.jdk/Contents/Home/lib"/>
    <property name="sun.java.command" value="/Users/tank/Documents/Depaul/2024/fall/csc-403/project/task-scheduler/target/surefire/surefirebooter-20241104201555676_3.jar /Users/tank/Documents/Depaul/2024/fall/csc-403/project/task-scheduler/target/surefire 2024-11-04T20-15-55_632-jvmRun1 surefire-20241104201555676_1tmp surefire_0-20241104201555676_2tmp"/>
    <property name="http.nonProxyHosts" value="local|*.local|169.254/16|*.169.254/16"/>
    <property name="jdk.debug" value="release"/>
    <property name="test" value="org.scheduler.PerformanceTest"/>
    <property name="surefire.test.class.path" value="/Users/tank/Documents/Depaul/2024/fall/csc-403/project/task-scheduler/target/test-classes:/Users/tank/Documents/Depaul/2024/fall/csc-403/project/task-scheduler/target/classes:/Users/tank/.m2/repository/junit/junit/4.13.2/junit-4.13.2.jar:/Users/tank/.m2/repository/org/hamcrest/hamcrest-core/1.3/hamcrest-core-1.3.jar:"/>
    <property name="sun.cpu.endian" value="little"/>
    <property name="user.home" value="/Users/tank"/>
    <property name="user.language" value="en"/>
    <property name="java.specification.vendor" value="Oracle Corporation"/>
    <property name="java.version.date" value="2024-10-15"/>
    <property name="java.home" value="/opt/homebrew/Cellar/openjdk/23.0.1/libexec/openjdk.jdk/Contents/Home"/>
    <property name="file.separator" value="/"/>
    <property name="basedir" value="/Users/tank/Documents/Depaul/2024/fall/csc-403/project/task-scheduler"/>
    <property name="java.vm.compressedOopsMode" value="Zero based"/>
    <property name="line.separator" value="&#10;"/>
    <property name="java.vm.specification.vendor" value="Oracle Corporation"/>
    <property name="java.specification.name" value="Java Platform API Specification"/>
    <property name="apple.awt.application.name" value="ForkedBooter"/>
    <property name="surefire.real.class.path" value="/Users/tank/Documents/Depaul/2024/fall/csc-403/project/task-scheduler/target/surefire/surefirebooter-20241104201555676_3.jar"/>
    <property name="sun.management.compiler" value="HotSpot 64-Bit Tiered Compilers"/>
    <property name="ftp.nonProxyHosts" value="local|*.local|169.254/16|*.169.254/16"/>
    <property name="java.runtime.version" value="23.0.1"/>
    <property name="user.name" value="tank"/>
    <property name="stdout.encoding" value="UTF-8"/>
    <property name="path.separator" value=":"/>
    <property name="os.version" value="13.4"/>
    <property name="java.runtime.name" value="OpenJDK Runtime Environment"/>
    <property name="file.encoding" value="UTF-8"/>
    <property name="java.vm.name" value="OpenJDK 64-Bit Server VM"/>
    <property name="java.vendor.version" value="Homebrew"/>
    <property name="localRepository" value="/Users/tank/.m2/repository"/>
    <property name="java.vendor.url.bug" value="https://github.com/Homebrew/homebrew-core/issues"/>
    <property name="java.io.tmpdir" value="/var/folders/z7/p9b7jv4n3zn4vklb08kpzxbh0000gn/T/"/>
    <property name="java.version" value="23.0.1"/>
    <property name="user.dir" value="/Users/tank/Documents/Depaul/2024/fall/csc-403/project/task-scheduler"/>
    <property name="os.arch" value="aarch64"/>
    <property name="java.vm.specification.name" value="Java Virtual Machine Specification"/>
    <property name="native.encoding" value="UTF-8"/>
    <property name="java.library.path" value="/Users/tank/Library/Java/Extensions:/Library/Java/Extensions:/Network/Library/Java/Extensions:/System/Library/Java/Extensions:/usr/lib/java:."/>
    <property name="java.vm.info" value="mixed mode, sharing"/>
    <property name="stderr.encoding" value="UTF-8"/>
    <property name="java.vendor" value="Homebrew"/>
    <property name="java.vm.version" value="23.0.1"/>
    <property name="sun.io.unicode.encoding" value="UnicodeBig"/>
    <property name="socksNonProxyHosts" value="local|*.local|169.254/16|*.169.254/16"/>
    <property name="java.class.version" value="67.0"/>
  </properties>
  <testcase name="testStressWithComplexDependencies" classname="org.scheduler.PerformanceTest" time="0.18">
    <system-out><![CDATA[=> 'Developer0' has been added to the team.
=> 'Developer1' has been added to the team.
=> 'Developer2' has been added to the team.
=> 'Developer3' has been added to the team.
=> 'Developer4' has been added to the team.
=> 'Developer5' has been added to the team.
=> 'Developer6' has been added to the team.
=> 'Developer7' has been added to the team.
=> 'Developer8' has been added to the team.
=> 'Developer9' has been added to the team.
=> 'Developer10' has been added to the team.
=> 'Developer11' has been added to the team.
=> 'Developer12' has been added to the team.
=> 'Developer13' has been added to the team.
=> 'Developer14' has been added to the team.
=> 'Developer15' has been added to the team.
=> 'Developer16' has been added to the team.
=> 'Developer17' has been added to the team.
=> 'Developer18' has been added to the team.
=> 'Developer19' has been added to the team.
=> 'Developer20' has been added to the team.
=> 'Developer21' has been added to the team.
=> 'Developer22' has been added to the team.
=> 'Developer23' has been added to the team.
=> 'Developer24' has been added to the team.
=> 'Developer25' has been added to the team.
=> 'Developer26' has been added to the team.
=> 'Developer27' has been added to the team.
=> 'Developer28' has been added to the team.
=> 'Developer29' has been added to the team.
=> 'Developer30' has been added to the team.
=> 'Developer31' has been added to the team.
=> 'Developer32' has been added to the team.
=> 'Developer33' has been added to the team.
=> 'Developer34' has been added to the team.
=> 'Developer35' has been added to the team.
=> 'Developer36' has been added to the team.
=> 'Developer37' has been added to the team.
=> 'Developer38' has been added to the team.
=> 'Developer39' has been added to the team.
=> 'Developer40' has been added to the team.
=> 'Developer41' has been added to the team.
=> 'Developer42' has been added to the team.
=> 'Developer43' has been added to the team.
=> 'Developer44' has been added to the team.
=> 'Developer45' has been added to the team.
=> 'Developer46' has been added to the team.
=> 'Developer47' has been added to the team.
=> 'Developer48' has been added to the team.
=> 'Developer49' has been added to the team.
=> 'Developer50' has been added to the team.
=> 'Developer51' has been added to the team.
=> 'Developer52' has been added to the team.
=> 'Developer53' has been added to the team.
=> 'Developer54' has been added to the team.
=> 'Developer55' has been added to the team.
=> 'Developer56' has been added to the team.
=> 'Developer57' has been added to the team.
=> 'Developer58' has been added to the team.
=> 'Developer59' has been added to the team.
=> 'Developer60' has been added to the team.
=> 'Developer61' has been added to the team.
=> 'Developer62' has been added to the team.
=> 'Developer63' has been added to the team.
=> 'Developer64' has been added to the team.
=> 'Developer65' has been added to the team.
=> 'Developer66' has been added to the team.
=> 'Developer67' has been added to the team.
=> 'Developer68' has been added to the team.
=> 'Developer69' has been added to the team.
=> 'Developer70' has been added to the team.
=> 'Developer71' has been added to the team.
=> 'Developer72' has been added to the team.
=> 'Developer73' has been added to the team.
=> 'Developer74' has been added to the team.
=> 'Developer75' has been added to the team.
=> 'Developer76' has been added to the team.
=> 'Developer77' has been added to the team.
=> 'Developer78' has been added to the team.
=> 'Developer79' has been added to the team.
=> 'Developer80' has been added to the team.
=> 'Developer81' has been added to the team.
=> 'Developer82' has been added to the team.
=> 'Developer83' has been added to the team.
=> 'Developer84' has been added to the team.
=> 'Developer85' has been added to the team.
=> 'Developer86' has been added to the team.
=> 'Developer87' has been added to the team.
=> 'Developer88' has been added to the team.
=> 'Developer89' has been added to the team.
=> 'Developer90' has been added to the team.
=> 'Developer91' has been added to the team.
=> 'Developer92' has been added to the team.
=> 'Developer93' has been added to the team.
=> 'Developer94' has been added to the team.
=> 'Developer95' has been added to the team.
=> 'Developer96' has been added to the team.
=> 'Developer97' has been added to the team.
=> 'Developer98' has been added to the team.
=> 'Developer99' has been added to the team.
=> 'Developer100' has been added to the team.
=> 'Developer101' has been added to the team.
=> 'Developer102' has been added to the team.
=> 'Developer103' has been added to the team.
=> 'Developer104' has been added to the team.
=> 'Developer105' has been added to the team.
=> 'Developer106' has been added to the team.
=> 'Developer107' has been added to the team.
=> 'Developer108' has been added to the team.
=> 'Developer109' has been added to the team.
=> 'Developer110' has been added to the team.
=> 'Developer111' has been added to the team.
=> 'Developer112' has been added to the team.
=> 'Developer113' has been added to the team.
=> 'Developer114' has been added to the team.
=> 'Developer115' has been added to the team.
=> 'Developer116' has been added to the team.
=> 'Developer117' has been added to the team.
=> 'Developer118' has been added to the team.
=> 'Developer119' has been added to the team.
=> 'Developer120' has been added to the team.
=> 'Developer121' has been added to the team.
=> 'Developer122' has been added to the team.
=> 'Developer123' has been added to the team.
=> 'Developer124' has been added to the team.
=> 'Developer125' has been added to the team.
=> 'Developer126' has been added to the team.
=> 'Developer127' has been added to the team.
=> 'Developer128' has been added to the team.
=> 'Developer129' has been added to the team.
=> 'Developer130' has been added to the team.
=> 'Developer131' has been added to the team.
=> 'Developer132' has been added to the team.
=> 'Developer133' has been added to the team.
=> 'Developer134' has been added to the team.
=> 'Developer135' has been added to the team.
=> 'Developer136' has been added to the team.
=> 'Developer137' has been added to the team.
=> 'Developer138' has been added to the team.
=> 'Developer139' has been added to the team.
=> 'Developer140' has been added to the team.
=> 'Developer141' has been added to the team.
=> 'Developer142' has been added to the team.
=> 'Developer143' has been added to the team.
=> 'Developer144' has been added to the team.
=> 'Developer145' has been added to the team.
=> 'Developer146' has been added to the team.
=> 'Developer147' has been added to the team.
=> 'Developer148' has been added to the team.
=> 'Developer149' has been added to the team.
=> 'Developer150' has been added to the team.
=> 'Developer151' has been added to the team.
=> 'Developer152' has been added to the team.
=> 'Developer153' has been added to the team.
=> 'Developer154' has been added to the team.
=> 'Developer155' has been added to the team.
=> 'Developer156' has been added to the team.
=> 'Developer157' has been added to the team.
=> 'Developer158' has been added to the team.
=> 'Developer159' has been added to the team.
=> 'Developer160' has been added to the team.
=> 'Developer161' has been added to the team.
=> 'Developer162' has been added to the team.
=> 'Developer163' has been added to the team.
=> 'Developer164' has been added to the team.
=> 'Developer165' has been added to the team.
=> 'Developer166' has been added to the team.
=> 'Developer167' has been added to the team.
=> 'Developer168' has been added to the team.
=> 'Developer169' has been added to the team.
=> 'Developer170' has been added to the team.
=> 'Developer171' has been added to the team.
=> 'Developer172' has been added to the team.
=> 'Developer173' has been added to the team.
=> 'Developer174' has been added to the team.
=> 'Developer175' has been added to the team.
=> 'Developer176' has been added to the team.
=> 'Developer177' has been added to the team.
=> 'Developer178' has been added to the team.
=> 'Developer179' has been added to the team.
=> 'Developer180' has been added to the team.
=> 'Developer181' has been added to the team.
=> 'Developer182' has been added to the team.
=> 'Developer183' has been added to the team.
=> 'Developer184' has been added to the team.
=> 'Developer185' has been added to the team.
=> 'Developer186' has been added to the team.
=> 'Developer187' has been added to the team.
=> 'Developer188' has been added to the team.
=> 'Developer189' has been added to the team.
=> 'Developer190' has been added to the team.
=> 'Developer191' has been added to the team.
=> 'Developer192' has been added to the team.
=> 'Developer193' has been added to the team.
=> 'Developer194' has been added to the team.
=> 'Developer195' has been added to the team.
=> 'Developer196' has been added to the team.
=> 'Developer197' has been added to the team.
=> 'Developer198' has been added to the team.
=> 'Developer199' has been added to the team.
=> 'Developer200' has been added to the team.
=> 'Developer201' has been added to the team.
=> 'Developer202' has been added to the team.
=> 'Developer203' has been added to the team.
=> 'Developer204' has been added to the team.
=> 'Developer205' has been added to the team.
=> 'Developer206' has been added to the team.
=> 'Developer207' has been added to the team.
=> 'Developer208' has been added to the team.
=> 'Developer209' has been added to the team.
=> 'Developer210' has been added to the team.
=> 'Developer211' has been added to the team.
=> 'Developer212' has been added to the team.
=> 'Developer213' has been added to the team.
=> 'Developer214' has been added to the team.
=> 'Developer215' has been added to the team.
=> 'Developer216' has been added to the team.
=> 'Developer217' has been added to the team.
=> 'Developer218' has been added to the team.
=> 'Developer219' has been added to the team.
=> 'Developer220' has been added to the team.
=> 'Developer221' has been added to the team.
=> 'Developer222' has been added to the team.
=> 'Developer223' has been added to the team.
=> 'Developer224' has been added to the team.
=> 'Developer225' has been added to the team.
=> 'Developer226' has been added to the team.
=> 'Developer227' has been added to the team.
=> 'Developer228' has been added to the team.
=> 'Developer229' has been added to the team.
=> 'Developer230' has been added to the team.
=> 'Developer231' has been added to the team.
=> 'Developer232' has been added to the team.
=> 'Developer233' has been added to the team.
=> 'Developer234' has been added to the team.
=> 'Developer235' has been added to the team.
=> 'Developer236' has been added to the team.
=> 'Developer237' has been added to the team.
=> 'Developer238' has been added to the team.
=> 'Developer239' has been added to the team.
=> 'Developer240' has been added to the team.
=> 'Developer241' has been added to the team.
=> 'Developer242' has been added to the team.
=> 'Developer243' has been added to the team.
=> 'Developer244' has been added to the team.
=> 'Developer245' has been added to the team.
=> 'Developer246' has been added to the team.
=> 'Developer247' has been added to the team.
=> 'Developer248' has been added to the team.
=> 'Developer249' has been added to the team.
=> 'Developer250' has been added to the team.
=> 'Developer251' has been added to the team.
=> 'Developer252' has been added to the team.
=> 'Developer253' has been added to the team.
=> 'Developer254' has been added to the team.
=> 'Developer255' has been added to the team.
=> 'Developer256' has been added to the team.
=> 'Developer257' has been added to the team.
=> 'Developer258' has been added to the team.
=> 'Developer259' has been added to the team.
=> 'Developer260' has been added to the team.
=> 'Developer261' has been added to the team.
=> 'Developer262' has been added to the team.
=> 'Developer263' has been added to the team.
=> 'Developer264' has been added to the team.
=> 'Developer265' has been added to the team.
=> 'Developer266' has been added to the team.
=> 'Developer267' has been added to the team.
=> 'Developer268' has been added to the team.
=> 'Developer269' has been added to the team.
=> 'Developer270' has been added to the team.
=> 'Developer271' has been added to the team.
=> 'Developer272' has been added to the team.
=> 'Developer273' has been added to the team.
=> 'Developer274' has been added to the team.
=> 'Developer275' has been added to the team.
=> 'Developer276' has been added to the team.
=> 'Developer277' has been added to the team.
=> 'Developer278' has been added to the team.
=> 'Developer279' has been added to the team.
=> 'Developer280' has been added to the team.
=> 'Developer281' has been added to the team.
=> 'Developer282' has been added to the team.
=> 'Developer283' has been added to the team.
=> 'Developer284' has been added to the team.
=> 'Developer285' has been added to the team.
=> 'Developer286' has been added to the team.
=> 'Developer287' has been added to the team.
=> 'Developer288' has been added to the team.
=> 'Developer289' has been added to the team.
=> 'Developer290' has been added to the team.
=> 'Developer291' has been added to the team.
=> 'Developer292' has been added to the team.
=> 'Developer293' has been added to the team.
=> 'Developer294' has been added to the team.
=> 'Developer295' has been added to the team.
=> 'Developer296' has been added to the team.
=> 'Developer297' has been added to the team.
=> 'Developer298' has been added to the team.
=> 'Developer299' has been added to the team.
=> 'Developer300' has been added to the team.
=> 'Developer301' has been added to the team.
=> 'Developer302' has been added to the team.
=> 'Developer303' has been added to the team.
=> 'Developer304' has been added to the team.
=> 'Developer305' has been added to the team.
=> 'Developer306' has been added to the team.
=> 'Developer307' has been added to the team.
=> 'Developer308' has been added to the team.
=> 'Developer309' has been added to the team.
=> 'Developer310' has been added to the team.
=> 'Developer311' has been added to the team.
=> 'Developer312' has been added to the team.
=> 'Developer313' has been added to the team.
=> 'Developer314' has been added to the team.
=> 'Developer315' has been added to the team.
=> 'Developer316' has been added to the team.
=> 'Developer317' has been added to the team.
=> 'Developer318' has been added to the team.
=> 'Developer319' has been added to the team.
=> 'Developer320' has been added to the team.
=> 'Developer321' has been added to the team.
=> 'Developer322' has been added to the team.
=> 'Developer323' has been added to the team.
=> 'Developer324' has been added to the team.
=> 'Developer325' has been added to the team.
=> 'Developer326' has been added to the team.
=> 'Developer327' has been added to the team.
=> 'Developer328' has been added to the team.
=> 'Developer329' has been added to the team.
=> 'Developer330' has been added to the team.
=> 'Developer331' has been added to the team.
=> 'Developer332' has been added to the team.
=> 'Developer333' has been added to the team.
=> 'Developer334' has been added to the team.
=> 'Developer335' has been added to the team.
=> 'Developer336' has been added to the team.
=> 'Developer337' has been added to the team.
=> 'Developer338' has been added to the team.
=> 'Developer339' has been added to the team.
=> 'Developer340' has been added to the team.
=> 'Developer341' has been added to the team.
=> 'Developer342' has been added to the team.
=> 'Developer343' has been added to the team.
=> 'Developer344' has been added to the team.
=> 'Developer345' has been added to the team.
=> 'Developer346' has been added to the team.
=> 'Developer347' has been added to the team.
=> 'Developer348' has been added to the team.
=> 'Developer349' has been added to the team.
=> 'Developer350' has been added to the team.
=> 'Developer351' has been added to the team.
=> 'Developer352' has been added to the team.
=> 'Developer353' has been added to the team.
=> 'Developer354' has been added to the team.
=> 'Developer355' has been added to the team.
=> 'Developer356' has been added to the team.
=> 'Developer357' has been added to the team.
=> 'Developer358' has been added to the team.
=> 'Developer359' has been added to the team.
=> 'Developer360' has been added to the team.
=> 'Developer361' has been added to the team.
=> 'Developer362' has been added to the team.
=> 'Developer363' has been added to the team.
=> 'Developer364' has been added to the team.
=> 'Developer365' has been added to the team.
=> 'Developer366' has been added to the team.
=> 'Developer367' has been added to the team.
=> 'Developer368' has been added to the team.
=> 'Developer369' has been added to the team.
=> 'Developer370' has been added to the team.
=> 'Developer371' has been added to the team.
=> 'Developer372' has been added to the team.
=> 'Developer373' has been added to the team.
=> 'Developer374' has been added to the team.
=> 'Developer375' has been added to the team.
=> 'Developer376' has been added to the team.
=> 'Developer377' has been added to the team.
=> 'Developer378' has been added to the team.
=> 'Developer379' has been added to the team.
=> 'Developer380' has been added to the team.
=> 'Developer381' has been added to the team.
=> 'Developer382' has been added to the team.
=> 'Developer383' has been added to the team.
=> 'Developer384' has been added to the team.
=> 'Developer385' has been added to the team.
=> 'Developer386' has been added to the team.
=> 'Developer387' has been added to the team.
=> 'Developer388' has been added to the team.
=> 'Developer389' has been added to the team.
=> 'Developer390' has been added to the team.
=> 'Developer391' has been added to the team.
=> 'Developer392' has been added to the team.
=> 'Developer393' has been added to the team.
=> 'Developer394' has been added to the team.
=> 'Developer395' has been added to the team.
=> 'Developer396' has been added to the team.
=> 'Developer397' has been added to the team.
=> 'Developer398' has been added to the team.
=> 'Developer399' has been added to the team.
=> 'Developer400' has been added to the team.
=> 'Developer401' has been added to the team.
=> 'Developer402' has been added to the team.
=> 'Developer403' has been added to the team.
=> 'Developer404' has been added to the team.
=> 'Developer405' has been added to the team.
=> 'Developer406' has been added to the team.
=> 'Developer407' has been added to the team.
=> 'Developer408' has been added to the team.
=> 'Developer409' has been added to the team.
=> 'Developer410' has been added to the team.
=> 'Developer411' has been added to the team.
=> 'Developer412' has been added to the team.
=> 'Developer413' has been added to the team.
=> 'Developer414' has been added to the team.
=> 'Developer415' has been added to the team.
=> 'Developer416' has been added to the team.
=> 'Developer417' has been added to the team.
=> 'Developer418' has been added to the team.
=> 'Developer419' has been added to the team.
=> 'Developer420' has been added to the team.
=> 'Developer421' has been added to the team.
=> 'Developer422' has been added to the team.
=> 'Developer423' has been added to the team.
=> 'Developer424' has been added to the team.
=> 'Developer425' has been added to the team.
=> 'Developer426' has been added to the team.
=> 'Developer427' has been added to the team.
=> 'Developer428' has been added to the team.
=> 'Developer429' has been added to the team.
=> 'Developer430' has been added to the team.
=> 'Developer431' has been added to the team.
=> 'Developer432' has been added to the team.
=> 'Developer433' has been added to the team.
=> 'Developer434' has been added to the team.
=> 'Developer435' has been added to the team.
=> 'Developer436' has been added to the team.
=> 'Developer437' has been added to the team.
=> 'Developer438' has been added to the team.
=> 'Developer439' has been added to the team.
=> 'Developer440' has been added to the team.
=> 'Developer441' has been added to the team.
=> 'Developer442' has been added to the team.
=> 'Developer443' has been added to the team.
=> 'Developer444' has been added to the team.
=> 'Developer445' has been added to the team.
=> 'Developer446' has been added to the team.
=> 'Developer447' has been added to the team.
=> 'Developer448' has been added to the team.
=> 'Developer449' has been added to the team.
=> 'Developer450' has been added to the team.
=> 'Developer451' has been added to the team.
=> 'Developer452' has been added to the team.
=> 'Developer453' has been added to the team.
=> 'Developer454' has been added to the team.
=> 'Developer455' has been added to the team.
=> 'Developer456' has been added to the team.
=> 'Developer457' has been added to the team.
=> 'Developer458' has been added to the team.
=> 'Developer459' has been added to the team.
=> 'Developer460' has been added to the team.
=> 'Developer461' has been added to the team.
=> 'Developer462' has been added to the team.
=> 'Developer463' has been added to the team.
=> 'Developer464' has been added to the team.
=> 'Developer465' has been added to the team.
=> 'Developer466' has been added to the team.
=> 'Developer467' has been added to the team.
=> 'Developer468' has been added to the team.
=> 'Developer469' has been added to the team.
=> 'Developer470' has been added to the team.
=> 'Developer471' has been added to the team.
=> 'Developer472' has been added to the team.
=> 'Developer473' has been added to the team.
=> 'Developer474' has been added to the team.
=> 'Developer475' has been added to the team.
=> 'Developer476' has been added to the team.
=> 'Developer477' has been added to the team.
=> 'Developer478' has been added to the team.
=> 'Developer479' has been added to the team.
=> 'Developer480' has been added to the team.
=> 'Developer481' has been added to the team.
=> 'Developer482' has been added to the team.
=> 'Developer483' has been added to the team.
=> 'Developer484' has been added to the team.
=> 'Developer485' has been added to the team.
=> 'Developer486' has been added to the team.
=> 'Developer487' has been added to the team.
=> 'Developer488' has been added to the team.
=> 'Developer489' has been added to the team.
=> 'Developer490' has been added to the team.
=> 'Developer491' has been added to the team.
=> 'Developer492' has been added to the team.
=> 'Developer493' has been added to the team.
=> 'Developer494' has been added to the team.
=> 'Developer495' has been added to the team.
=> 'Developer496' has been added to the team.
=> 'Developer497' has been added to the team.
=> 'Developer498' has been added to the team.
=> 'Developer499' has been added to the team.
=> 'Developer500' has been added to the team.
=> 'Developer501' has been added to the team.
=> 'Developer502' has been added to the team.
=> 'Developer503' has been added to the team.
=> 'Developer504' has been added to the team.
=> 'Developer505' has been added to the team.
=> 'Developer506' has been added to the team.
=> 'Developer507' has been added to the team.
=> 'Developer508' has been added to the team.
=> 'Developer509' has been added to the team.
=> 'Developer510' has been added to the team.
=> 'Developer511' has been added to the team.
=> 'Developer512' has been added to the team.
=> 'Developer513' has been added to the team.
=> 'Developer514' has been added to the team.
=> 'Developer515' has been added to the team.
=> 'Developer516' has been added to the team.
=> 'Developer517' has been added to the team.
=> 'Developer518' has been added to the team.
=> 'Developer519' has been added to the team.
=> 'Developer520' has been added to the team.
=> 'Developer521' has been added to the team.
=> 'Developer522' has been added to the team.
=> 'Developer523' has been added to the team.
=> 'Developer524' has been added to the team.
=> 'Developer525' has been added to the team.
=> 'Developer526' has been added to the team.
=> 'Developer527' has been added to the team.
=> 'Developer528' has been added to the team.
=> 'Developer529' has been added to the team.
=> 'Developer530' has been added to the team.
=> 'Developer531' has been added to the team.
=> 'Developer532' has been added to the team.
=> 'Developer533' has been added to the team.
=> 'Developer534' has been added to the team.
=> 'Developer535' has been added to the team.
=> 'Developer536' has been added to the team.
=> 'Developer537' has been added to the team.
=> 'Developer538' has been added to the team.
=> 'Developer539' has been added to the team.
=> 'Developer540' has been added to the team.
=> 'Developer541' has been added to the team.
=> 'Developer542' has been added to the team.
=> 'Developer543' has been added to the team.
=> 'Developer544' has been added to the team.
=> 'Developer545' has been added to the team.
=> 'Developer546' has been added to the team.
=> 'Developer547' has been added to the team.
=> 'Developer548' has been added to the team.
=> 'Developer549' has been added to the team.
=> 'Developer550' has been added to the team.
=> 'Developer551' has been added to the team.
=> 'Developer552' has been added to the team.
=> 'Developer553' has been added to the team.
=> 'Developer554' has been added to the team.
=> 'Developer555' has been added to the team.
=> 'Developer556' has been added to the team.
=> 'Developer557' has been added to the team.
=> 'Developer558' has been added to the team.
=> 'Developer559' has been added to the team.
=> 'Developer560' has been added to the team.
=> 'Developer561' has been added to the team.
=> 'Developer562' has been added to the team.
=> 'Developer563' has been added to the team.
=> 'Developer564' has been added to the team.
=> 'Developer565' has been added to the team.
=> 'Developer566' has been added to the team.
=> 'Developer567' has been added to the team.
=> 'Developer568' has been added to the team.
=> 'Developer569' has been added to the team.
=> 'Developer570' has been added to the team.
=> 'Developer571' has been added to the team.
=> 'Developer572' has been added to the team.
=> 'Developer573' has been added to the team.
=> 'Developer574' has been added to the team.
=> 'Developer575' has been added to the team.
=> 'Developer576' has been added to the team.
=> 'Developer577' has been added to the team.
=> 'Developer578' has been added to the team.
=> 'Developer579' has been added to the team.
=> 'Developer580' has been added to the team.
=> 'Developer581' has been added to the team.
=> 'Developer582' has been added to the team.
=> 'Developer583' has been added to the team.
=> 'Developer584' has been added to the team.
=> 'Developer585' has been added to the team.
=> 'Developer586' has been added to the team.
=> 'Developer587' has been added to the team.
=> 'Developer588' has been added to the team.
=> 'Developer589' has been added to the team.
=> 'Developer590' has been added to the team.
=> 'Developer591' has been added to the team.
=> 'Developer592' has been added to the team.
=> 'Developer593' has been added to the team.
=> 'Developer594' has been added to the team.
=> 'Developer595' has been added to the team.
=> 'Developer596' has been added to the team.
=> 'Developer597' has been added to the team.
=> 'Developer598' has been added to the team.
=> 'Developer599' has been added to the team.
=> 'Developer600' has been added to the team.
=> 'Developer601' has been added to the team.
=> 'Developer602' has been added to the team.
=> 'Developer603' has been added to the team.
=> 'Developer604' has been added to the team.
=> 'Developer605' has been added to the team.
=> 'Developer606' has been added to the team.
=> 'Developer607' has been added to the team.
=> 'Developer608' has been added to the team.
=> 'Developer609' has been added to the team.
=> 'Developer610' has been added to the team.
=> 'Developer611' has been added to the team.
=> 'Developer612' has been added to the team.
=> 'Developer613' has been added to the team.
=> 'Developer614' has been added to the team.
=> 'Developer615' has been added to the team.
=> 'Developer616' has been added to the team.
=> 'Developer617' has been added to the team.
=> 'Developer618' has been added to the team.
=> 'Developer619' has been added to the team.
=> 'Developer620' has been added to the team.
=> 'Developer621' has been added to the team.
=> 'Developer622' has been added to the team.
=> 'Developer623' has been added to the team.
=> 'Developer624' has been added to the team.
=> 'Developer625' has been added to the team.
=> 'Developer626' has been added to the team.
=> 'Developer627' has been added to the team.
=> 'Developer628' has been added to the team.
=> 'Developer629' has been added to the team.
=> 'Developer630' has been added to the team.
=> 'Developer631' has been added to the team.
=> 'Developer632' has been added to the team.
=> 'Developer633' has been added to the team.
=> 'Developer634' has been added to the team.
=> 'Developer635' has been added to the team.
=> 'Developer636' has been added to the team.
=> 'Developer637' has been added to the team.
=> 'Developer638' has been added to the team.
=> 'Developer639' has been added to the team.
=> 'Developer640' has been added to the team.
=> 'Developer641' has been added to the team.
=> 'Developer642' has been added to the team.
=> 'Developer643' has been added to the team.
=> 'Developer644' has been added to the team.
=> 'Developer645' has been added to the team.
=> 'Developer646' has been added to the team.
=> 'Developer647' has been added to the team.
=> 'Developer648' has been added to the team.
=> 'Developer649' has been added to the team.
=> 'Developer650' has been added to the team.
=> 'Developer651' has been added to the team.
=> 'Developer652' has been added to the team.
=> 'Developer653' has been added to the team.
=> 'Developer654' has been added to the team.
=> 'Developer655' has been added to the team.
=> 'Developer656' has been added to the team.
=> 'Developer657' has been added to the team.
=> 'Developer658' has been added to the team.
=> 'Developer659' has been added to the team.
=> 'Developer660' has been added to the team.
=> 'Developer661' has been added to the team.
=> 'Developer662' has been added to the team.
=> 'Developer663' has been added to the team.
=> 'Developer664' has been added to the team.
=> 'Developer665' has been added to the team.
=> 'Developer666' has been added to the team.
=> 'Developer667' has been added to the team.
=> 'Developer668' has been added to the team.
=> 'Developer669' has been added to the team.
=> 'Developer670' has been added to the team.
=> 'Developer671' has been added to the team.
=> 'Developer672' has been added to the team.
=> 'Developer673' has been added to the team.
=> 'Developer674' has been added to the team.
=> 'Developer675' has been added to the team.
=> 'Developer676' has been added to the team.
=> 'Developer677' has been added to the team.
=> 'Developer678' has been added to the team.
=> 'Developer679' has been added to the team.
=> 'Developer680' has been added to the team.
=> 'Developer681' has been added to the team.
=> 'Developer682' has been added to the team.
=> 'Developer683' has been added to the team.
=> 'Developer684' has been added to the team.
=> 'Developer685' has been added to the team.
=> 'Developer686' has been added to the team.
=> 'Developer687' has been added to the team.
=> 'Developer688' has been added to the team.
=> 'Developer689' has been added to the team.
=> 'Developer690' has been added to the team.
=> 'Developer691' has been added to the team.
=> 'Developer692' has been added to the team.
=> 'Developer693' has been added to the team.
=> 'Developer694' has been added to the team.
=> 'Developer695' has been added to the team.
=> 'Developer696' has been added to the team.
=> 'Developer697' has been added to the team.
=> 'Developer698' has been added to the team.
=> 'Developer699' has been added to the team.
=> 'Developer700' has been added to the team.
=> 'Developer701' has been added to the team.
=> 'Developer702' has been added to the team.
=> 'Developer703' has been added to the team.
=> 'Developer704' has been added to the team.
=> 'Developer705' has been added to the team.
=> 'Developer706' has been added to the team.
=> 'Developer707' has been added to the team.
=> 'Developer708' has been added to the team.
=> 'Developer709' has been added to the team.
=> 'Developer710' has been added to the team.
=> 'Developer711' has been added to the team.
=> 'Developer712' has been added to the team.
=> 'Developer713' has been added to the team.
=> 'Developer714' has been added to the team.
=> 'Developer715' has been added to the team.
=> 'Developer716' has been added to the team.
=> 'Developer717' has been added to the team.
=> 'Developer718' has been added to the team.
=> 'Developer719' has been added to the team.
=> 'Developer720' has been added to the team.
=> 'Developer721' has been added to the team.
=> 'Developer722' has been added to the team.
=> 'Developer723' has been added to the team.
=> 'Developer724' has been added to the team.
=> 'Developer725' has been added to the team.
=> 'Developer726' has been added to the team.
=> 'Developer727' has been added to the team.
=> 'Developer728' has been added to the team.
=> 'Developer729' has been added to the team.
=> 'Developer730' has been added to the team.
=> 'Developer731' has been added to the team.
=> 'Developer732' has been added to the team.
=> 'Developer733' has been added to the team.
=> 'Developer734' has been added to the team.
=> 'Developer735' has been added to the team.
=> 'Developer736' has been added to the team.
=> 'Developer737' has been added to the team.
=> 'Developer738' has been added to the team.
=> 'Developer739' has been added to the team.
=> 'Developer740' has been added to the team.
=> 'Developer741' has been added to the team.
=> 'Developer742' has been added to the team.
=> 'Developer743' has been added to the team.
=> 'Developer744' has been added to the team.
=> 'Developer745' has been added to the team.
=> 'Developer746' has been added to the team.
=> 'Developer747' has been added to the team.
=> 'Developer748' has been added to the team.
=> 'Developer749' has been added to the team.
=> 'Developer750' has been added to the team.
=> 'Developer751' has been added to the team.
=> 'Developer752' has been added to the team.
=> 'Developer753' has been added to the team.
=> 'Developer754' has been added to the team.
=> 'Developer755' has been added to the team.
=> 'Developer756' has been added to the team.
=> 'Developer757' has been added to the team.
=> 'Developer758' has been added to the team.
=> 'Developer759' has been added to the team.
=> 'Developer760' has been added to the team.
=> 'Developer761' has been added to the team.
=> 'Developer762' has been added to the team.
=> 'Developer763' has been added to the team.
=> 'Developer764' has been added to the team.
=> 'Developer765' has been added to the team.
=> 'Developer766' has been added to the team.
=> 'Developer767' has been added to the team.
=> 'Developer768' has been added to the team.
=> 'Developer769' has been added to the team.
=> 'Developer770' has been added to the team.
=> 'Developer771' has been added to the team.
=> 'Developer772' has been added to the team.
=> 'Developer773' has been added to the team.
=> 'Developer774' has been added to the team.
=> 'Developer775' has been added to the team.
=> 'Developer776' has been added to the team.
=> 'Developer777' has been added to the team.
=> 'Developer778' has been added to the team.
=> 'Developer779' has been added to the team.
=> 'Developer780' has been added to the team.
=> 'Developer781' has been added to the team.
=> 'Developer782' has been added to the team.
=> 'Developer783' has been added to the team.
=> 'Developer784' has been added to the team.
=> 'Developer785' has been added to the team.
=> 'Developer786' has been added to the team.
=> 'Developer787' has been added to the team.
=> 'Developer788' has been added to the team.
=> 'Developer789' has been added to the team.
=> 'Developer790' has been added to the team.
=> 'Developer791' has been added to the team.
=> 'Developer792' has been added to the team.
=> 'Developer793' has been added to the team.
=> 'Developer794' has been added to the team.
=> 'Developer795' has been added to the team.
=> 'Developer796' has been added to the team.
=> 'Developer797' has been added to the team.
=> 'Developer798' has been added to the team.
=> 'Developer799' has been added to the team.
=> 'Developer800' has been added to the team.
=> 'Developer801' has been added to the team.
=> 'Developer802' has been added to the team.
=> 'Developer803' has been added to the team.
=> 'Developer804' has been added to the team.
=> 'Developer805' has been added to the team.
=> 'Developer806' has been added to the team.
=> 'Developer807' has been added to the team.
=> 'Developer808' has been added to the team.
=> 'Developer809' has been added to the team.
=> 'Developer810' has been added to the team.
=> 'Developer811' has been added to the team.
=> 'Developer812' has been added to the team.
=> 'Developer813' has been added to the team.
=> 'Developer814' has been added to the team.
=> 'Developer815' has been added to the team.
=> 'Developer816' has been added to the team.
=> 'Developer817' has been added to the team.
=> 'Developer818' has been added to the team.
=> 'Developer819' has been added to the team.
=> 'Developer820' has been added to the team.
=> 'Developer821' has been added to the team.
=> 'Developer822' has been added to the team.
=> 'Developer823' has been added to the team.
=> 'Developer824' has been added to the team.
=> 'Developer825' has been added to the team.
=> 'Developer826' has been added to the team.
=> 'Developer827' has been added to the team.
=> 'Developer828' has been added to the team.
=> 'Developer829' has been added to the team.
=> 'Developer830' has been added to the team.
=> 'Developer831' has been added to the team.
=> 'Developer832' has been added to the team.
=> 'Developer833' has been added to the team.
=> 'Developer834' has been added to the team.
=> 'Developer835' has been added to the team.
=> 'Developer836' has been added to the team.
=> 'Developer837' has been added to the team.
=> 'Developer838' has been added to the team.
=> 'Developer839' has been added to the team.
=> 'Developer840' has been added to the team.
=> 'Developer841' has been added to the team.
=> 'Developer842' has been added to the team.
=> 'Developer843' has been added to the team.
=> 'Developer844' has been added to the team.
=> 'Developer845' has been added to the team.
=> 'Developer846' has been added to the team.
=> 'Developer847' has been added to the team.
=> 'Developer848' has been added to the team.
=> 'Developer849' has been added to the team.
=> 'Developer850' has been added to the team.
=> 'Developer851' has been added to the team.
=> 'Developer852' has been added to the team.
=> 'Developer853' has been added to the team.
=> 'Developer854' has been added to the team.
=> 'Developer855' has been added to the team.
=> 'Developer856' has been added to the team.
=> 'Developer857' has been added to the team.
=> 'Developer858' has been added to the team.
=> 'Developer859' has been added to the team.
=> 'Developer860' has been added to the team.
=> 'Developer861' has been added to the team.
=> 'Developer862' has been added to the team.
=> 'Developer863' has been added to the team.
=> 'Developer864' has been added to the team.
=> 'Developer865' has been added to the team.
=> 'Developer866' has been added to the team.
=> 'Developer867' has been added to the team.
=> 'Developer868' has been added to the team.
=> 'Developer869' has been added to the team.
=> 'Developer870' has been added to the team.
=> 'Developer871' has been added to the team.
=> 'Developer872' has been added to the team.
=> 'Developer873' has been added to the team.
=> 'Developer874' has been added to the team.
=> 'Developer875' has been added to the team.
=> 'Developer876' has been added to the team.
=> 'Developer877' has been added to the team.
=> 'Developer878' has been added to the team.
=> 'Developer879' has been added to the team.
=> 'Developer880' has been added to the team.
=> 'Developer881' has been added to the team.
=> 'Developer882' has been added to the team.
=> 'Developer883' has been added to the team.
=> 'Developer884' has been added to the team.
=> 'Developer885' has been added to the team.
=> 'Developer886' has been added to the team.
=> 'Developer887' has been added to the team.
=> 'Developer888' has been added to the team.
=> 'Developer889' has been added to the team.
=> 'Developer890' has been added to the team.
=> 'Developer891' has been added to the team.
=> 'Developer892' has been added to the team.
=> 'Developer893' has been added to the team.
=> 'Developer894' has been added to the team.
=> 'Developer895' has been added to the team.
=> 'Developer896' has been added to the team.
=> 'Developer897' has been added to the team.
=> 'Developer898' has been added to the team.
=> 'Developer899' has been added to the team.
=> 'Developer900' has been added to the team.
=> 'Developer901' has been added to the team.
=> 'Developer902' has been added to the team.
=> 'Developer903' has been added to the team.
=> 'Developer904' has been added to the team.
=> 'Developer905' has been added to the team.
=> 'Developer906' has been added to the team.
=> 'Developer907' has been added to the team.
=> 'Developer908' has been added to the team.
=> 'Developer909' has been added to the team.
=> 'Developer910' has been added to the team.
=> 'Developer911' has been added to the team.
=> 'Developer912' has been added to the team.
=> 'Developer913' has been added to the team.
=> 'Developer914' has been added to the team.
=> 'Developer915' has been added to the team.
=> 'Developer916' has been added to the team.
=> 'Developer917' has been added to the team.
=> 'Developer918' has been added to the team.
=> 'Developer919' has been added to the team.
=> 'Developer920' has been added to the team.
=> 'Developer921' has been added to the team.
=> 'Developer922' has been added to the team.
=> 'Developer923' has been added to the team.
=> 'Developer924' has been added to the team.
=> 'Developer925' has been added to the team.
=> 'Developer926' has been added to the team.
=> 'Developer927' has been added to the team.
=> 'Developer928' has been added to the team.
=> 'Developer929' has been added to the team.
=> 'Developer930' has been added to the team.
=> 'Developer931' has been added to the team.
=> 'Developer932' has been added to the team.
=> 'Developer933' has been added to the team.
=> 'Developer934' has been added to the team.
=> 'Developer935' has been added to the team.
=> 'Developer936' has been added to the team.
=> 'Developer937' has been added to the team.
=> 'Developer938' has been added to the team.
=> 'Developer939' has been added to the team.
=> 'Developer940' has been added to the team.
=> 'Developer941' has been added to the team.
=> 'Developer942' has been added to the team.
=> 'Developer943' has been added to the team.
=> 'Developer944' has been added to the team.
=> 'Developer945' has been added to the team.
=> 'Developer946' has been added to the team.
=> 'Developer947' has been added to the team.
=> 'Developer948' has been added to the team.
=> 'Developer949' has been added to the team.
=> 'Developer950' has been added to the team.
=> 'Developer951' has been added to the team.
=> 'Developer952' has been added to the team.
=> 'Developer953' has been added to the team.
=> 'Developer954' has been added to the team.
=> 'Developer955' has been added to the team.
=> 'Developer956' has been added to the team.
=> 'Developer957' has been added to the team.
=> 'Developer958' has been added to the team.
=> 'Developer959' has been added to the team.
=> 'Developer960' has been added to the team.
=> 'Developer961' has been added to the team.
=> 'Developer962' has been added to the team.
=> 'Developer963' has been added to the team.
=> 'Developer964' has been added to the team.
=> 'Developer965' has been added to the team.
=> 'Developer966' has been added to the team.
=> 'Developer967' has been added to the team.
=> 'Developer968' has been added to the team.
=> 'Developer969' has been added to the team.
=> 'Developer970' has been added to the team.
=> 'Developer971' has been added to the team.
=> 'Developer972' has been added to the team.
=> 'Developer973' has been added to the team.
=> 'Developer974' has been added to the team.
=> 'Developer975' has been added to the team.
=> 'Developer976' has been added to the team.
=> 'Developer977' has been added to the team.
=> 'Developer978' has been added to the team.
=> 'Developer979' has been added to the team.
=> 'Developer980' has been added to the team.
=> 'Developer981' has been added to the team.
=> 'Developer982' has been added to the team.
=> 'Developer983' has been added to the team.
=> 'Developer984' has been added to the team.
=> 'Developer985' has been added to the team.
=> 'Developer986' has been added to the team.
=> 'Developer987' has been added to the team.
=> 'Developer988' has been added to the team.
=> 'Developer989' has been added to the team.
=> 'Developer990' has been added to the team.
=> 'Developer991' has been added to the team.
=> 'Developer992' has been added to the team.
=> 'Developer993' has been added to the team.
=> 'Developer994' has been added to the team.
=> 'Developer995' has been added to the team.
=> 'Developer996' has been added to the team.
=> 'Developer997' has been added to the team.
=> 'Developer998' has been added to the team.
=> 'Developer999' has been added to the team.
=> New Task ID: 1 || Description: Complex Task 1 || Developer: Developer1 || Priority: 2 || Dependency on TaskId: []
=> New Task ID: 2 || Description: Complex Task 2 || Developer: Developer2 || Priority: 3 || Dependency on TaskId: [3]
=> New Task ID: 3 || Description: Complex Task 3 || Developer: Developer3 || Priority: 4 || Dependency on TaskId: [4]
=> New Task ID: 4 || Description: Complex Task 4 || Developer: Developer4 || Priority: 5 || Dependency on TaskId: [5]
=> New Task ID: 5 || Description: Complex Task 5 || Developer: Developer5 || Priority: 1 || Dependency on TaskId: [6]
=> New Task ID: 6 || Description: Complex Task 6 || Developer: Developer6 || Priority: 2 || Dependency on TaskId: [7]
=> New Task ID: 7 || Description: Complex Task 7 || Developer: Developer7 || Priority: 3 || Dependency on TaskId: [8]
=> New Task ID: 8 || Description: Complex Task 8 || Developer: Developer8 || Priority: 4 || Dependency on TaskId: [9]
=> New Task ID: 9 || Description: Complex Task 9 || Developer: Developer9 || Priority: 5 || Dependency on TaskId: [10]
=> New Task ID: 10 || Description: Complex Task 10 || Developer: Developer10 || Priority: 1 || Dependency on TaskId: [11]
=> New Task ID: 11 || Description: Complex Task 11 || Developer: Developer11 || Priority: 2 || Dependency on TaskId: [12]
=> New Task ID: 12 || Description: Complex Task 12 || Developer: Developer12 || Priority: 3 || Dependency on TaskId: [13]
=> New Task ID: 13 || Description: Complex Task 13 || Developer: Developer13 || Priority: 4 || Dependency on TaskId: [14]
=> New Task ID: 14 || Description: Complex Task 14 || Developer: Developer14 || Priority: 5 || Dependency on TaskId: [15]
=> New Task ID: 15 || Description: Complex Task 15 || Developer: Developer15 || Priority: 1 || Dependency on TaskId: [16]
=> New Task ID: 16 || Description: Complex Task 16 || Developer: Developer16 || Priority: 2 || Dependency on TaskId: [17]
=> New Task ID: 17 || Description: Complex Task 17 || Developer: Developer17 || Priority: 3 || Dependency on TaskId: [18]
=> New Task ID: 18 || Description: Complex Task 18 || Developer: Developer18 || Priority: 4 || Dependency on TaskId: [19]
=> New Task ID: 19 || Description: Complex Task 19 || Developer: Developer19 || Priority: 5 || Dependency on TaskId: [20]
=> New Task ID: 20 || Description: Complex Task 20 || Developer: Developer20 || Priority: 1 || Dependency on TaskId: [21]
=> New Task ID: 21 || Description: Complex Task 21 || Developer: Developer21 || Priority: 2 || Dependency on TaskId: [22]
=> New Task ID: 22 || Description: Complex Task 22 || Developer: Developer22 || Priority: 3 || Dependency on TaskId: [23]
=> New Task ID: 23 || Description: Complex Task 23 || Developer: Developer23 || Priority: 4 || Dependency on TaskId: [24]
=> New Task ID: 24 || Description: Complex Task 24 || Developer: Developer24 || Priority: 5 || Dependency on TaskId: [25]
=> New Task ID: 25 || Description: Complex Task 25 || Developer: Developer25 || Priority: 1 || Dependency on TaskId: [26]
=> New Task ID: 26 || Description: Complex Task 26 || Developer: Developer26 || Priority: 2 || Dependency on TaskId: [27]
=> New Task ID: 27 || Description: Complex Task 27 || Developer: Developer27 || Priority: 3 || Dependency on TaskId: [28]
=> New Task ID: 28 || Description: Complex Task 28 || Developer: Developer28 || Priority: 4 || Dependency on TaskId: [29]
=> New Task ID: 29 || Description: Complex Task 29 || Developer: Developer29 || Priority: 5 || Dependency on TaskId: [30]
=> New Task ID: 30 || Description: Complex Task 30 || Developer: Developer30 || Priority: 1 || Dependency on TaskId: [31]
=> New Task ID: 31 || Description: Complex Task 31 || Developer: Developer31 || Priority: 2 || Dependency on TaskId: [32]
=> New Task ID: 32 || Description: Complex Task 32 || Developer: Developer32 || Priority: 3 || Dependency on TaskId: [33]
=> New Task ID: 33 || Description: Complex Task 33 || Developer: Developer33 || Priority: 4 || Dependency on TaskId: [34]
=> New Task ID: 34 || Description: Complex Task 34 || Developer: Developer34 || Priority: 5 || Dependency on TaskId: [35]
=> New Task ID: 35 || Description: Complex Task 35 || Developer: Developer35 || Priority: 1 || Dependency on TaskId: [36]
=> New Task ID: 36 || Description: Complex Task 36 || Developer: Developer36 || Priority: 2 || Dependency on TaskId: [37]
=> New Task ID: 37 || Description: Complex Task 37 || Developer: Developer37 || Priority: 3 || Dependency on TaskId: [38]
=> New Task ID: 38 || Description: Complex Task 38 || Developer: Developer38 || Priority: 4 || Dependency on TaskId: [39]
=> New Task ID: 39 || Description: Complex Task 39 || Developer: Developer39 || Priority: 5 || Dependency on TaskId: [40]
=> New Task ID: 40 || Description: Complex Task 40 || Developer: Developer40 || Priority: 1 || Dependency on TaskId: [41]
=> New Task ID: 41 || Description: Complex Task 41 || Developer: Developer41 || Priority: 2 || Dependency on TaskId: [42]
=> New Task ID: 42 || Description: Complex Task 42 || Developer: Developer42 || Priority: 3 || Dependency on TaskId: [43]
=> New Task ID: 43 || Description: Complex Task 43 || Developer: Developer43 || Priority: 4 || Dependency on TaskId: [44]
=> New Task ID: 44 || Description: Complex Task 44 || Developer: Developer44 || Priority: 5 || Dependency on TaskId: [45]
=> New Task ID: 45 || Description: Complex Task 45 || Developer: Developer45 || Priority: 1 || Dependency on TaskId: [46]
=> New Task ID: 46 || Description: Complex Task 46 || Developer: Developer46 || Priority: 2 || Dependency on TaskId: [47]
=> New Task ID: 47 || Description: Complex Task 47 || Developer: Developer47 || Priority: 3 || Dependency on TaskId: [48]
=> New Task ID: 48 || Description: Complex Task 48 || Developer: Developer48 || Priority: 4 || Dependency on TaskId: [49]
=> New Task ID: 49 || Description: Complex Task 49 || Developer: Developer49 || Priority: 5 || Dependency on TaskId: [50]
=> New Task ID: 50 || Description: Complex Task 50 || Developer: Developer50 || Priority: 1 || Dependency on TaskId: [51]
=> New Task ID: 51 || Description: Complex Task 51 || Developer: Developer51 || Priority: 2 || Dependency on TaskId: [52]
=> New Task ID: 52 || Description: Complex Task 52 || Developer: Developer52 || Priority: 3 || Dependency on TaskId: [53]
=> New Task ID: 53 || Description: Complex Task 53 || Developer: Developer53 || Priority: 4 || Dependency on TaskId: [54]
=> New Task ID: 54 || Description: Complex Task 54 || Developer: Developer54 || Priority: 5 || Dependency on TaskId: [55]
=> New Task ID: 55 || Description: Complex Task 55 || Developer: Developer55 || Priority: 1 || Dependency on TaskId: [56]
=> New Task ID: 56 || Description: Complex Task 56 || Developer: Developer56 || Priority: 2 || Dependency on TaskId: [57]
=> New Task ID: 57 || Description: Complex Task 57 || Developer: Developer57 || Priority: 3 || Dependency on TaskId: [58]
=> New Task ID: 58 || Description: Complex Task 58 || Developer: Developer58 || Priority: 4 || Dependency on TaskId: [59]
=> New Task ID: 59 || Description: Complex Task 59 || Developer: Developer59 || Priority: 5 || Dependency on TaskId: [60]
=> New Task ID: 60 || Description: Complex Task 60 || Developer: Developer60 || Priority: 1 || Dependency on TaskId: [61]
=> New Task ID: 61 || Description: Complex Task 61 || Developer: Developer61 || Priority: 2 || Dependency on TaskId: [62]
=> New Task ID: 62 || Description: Complex Task 62 || Developer: Developer62 || Priority: 3 || Dependency on TaskId: [63]
=> New Task ID: 63 || Description: Complex Task 63 || Developer: Developer63 || Priority: 4 || Dependency on TaskId: [64]
=> New Task ID: 64 || Description: Complex Task 64 || Developer: Developer64 || Priority: 5 || Dependency on TaskId: [65]
=> New Task ID: 65 || Description: Complex Task 65 || Developer: Developer65 || Priority: 1 || Dependency on TaskId: [66]
=> New Task ID: 66 || Description: Complex Task 66 || Developer: Developer66 || Priority: 2 || Dependency on TaskId: [67]
=> New Task ID: 67 || Description: Complex Task 67 || Developer: Developer67 || Priority: 3 || Dependency on TaskId: [68]
=> New Task ID: 68 || Description: Complex Task 68 || Developer: Developer68 || Priority: 4 || Dependency on TaskId: [69]
=> New Task ID: 69 || Description: Complex Task 69 || Developer: Developer69 || Priority: 5 || Dependency on TaskId: [70]
=> New Task ID: 70 || Description: Complex Task 70 || Developer: Developer70 || Priority: 1 || Dependency on TaskId: [71]
=> New Task ID: 71 || Description: Complex Task 71 || Developer: Developer71 || Priority: 2 || Dependency on TaskId: [72]
=> New Task ID: 72 || Description: Complex Task 72 || Developer: Developer72 || Priority: 3 || Dependency on TaskId: [73]
=> New Task ID: 73 || Description: Complex Task 73 || Developer: Developer73 || Priority: 4 || Dependency on TaskId: [74]
=> New Task ID: 74 || Description: Complex Task 74 || Developer: Developer74 || Priority: 5 || Dependency on TaskId: [75]
=> New Task ID: 75 || Description: Complex Task 75 || Developer: Developer75 || Priority: 1 || Dependency on TaskId: [76]
=> New Task ID: 76 || Description: Complex Task 76 || Developer: Developer76 || Priority: 2 || Dependency on TaskId: [77]
=> New Task ID: 77 || Description: Complex Task 77 || Developer: Developer77 || Priority: 3 || Dependency on TaskId: [78]
=> New Task ID: 78 || Description: Complex Task 78 || Developer: Developer78 || Priority: 4 || Dependency on TaskId: [79]
=> New Task ID: 79 || Description: Complex Task 79 || Developer: Developer79 || Priority: 5 || Dependency on TaskId: [80]
=> New Task ID: 80 || Description: Complex Task 80 || Developer: Developer80 || Priority: 1 || Dependency on TaskId: [81]
=> New Task ID: 81 || Description: Complex Task 81 || Developer: Developer81 || Priority: 2 || Dependency on TaskId: [82]
=> New Task ID: 82 || Description: Complex Task 82 || Developer: Developer82 || Priority: 3 || Dependency on TaskId: [83]
=> New Task ID: 83 || Description: Complex Task 83 || Developer: Developer83 || Priority: 4 || Dependency on TaskId: [84]
=> New Task ID: 84 || Description: Complex Task 84 || Developer: Developer84 || Priority: 5 || Dependency on TaskId: [85]
=> New Task ID: 85 || Description: Complex Task 85 || Developer: Developer85 || Priority: 1 || Dependency on TaskId: [86]
=> New Task ID: 86 || Description: Complex Task 86 || Developer: Developer86 || Priority: 2 || Dependency on TaskId: [87]
=> New Task ID: 87 || Description: Complex Task 87 || Developer: Developer87 || Priority: 3 || Dependency on TaskId: [88]
=> New Task ID: 88 || Description: Complex Task 88 || Developer: Developer88 || Priority: 4 || Dependency on TaskId: [89]
=> New Task ID: 89 || Description: Complex Task 89 || Developer: Developer89 || Priority: 5 || Dependency on TaskId: [90]
=> New Task ID: 90 || Description: Complex Task 90 || Developer: Developer90 || Priority: 1 || Dependency on TaskId: [91]
=> New Task ID: 91 || Description: Complex Task 91 || Developer: Developer91 || Priority: 2 || Dependency on TaskId: [92]
=> New Task ID: 92 || Description: Complex Task 92 || Developer: Developer92 || Priority: 3 || Dependency on TaskId: [93]
=> New Task ID: 93 || Description: Complex Task 93 || Developer: Developer93 || Priority: 4 || Dependency on TaskId: [94]
=> New Task ID: 94 || Description: Complex Task 94 || Developer: Developer94 || Priority: 5 || Dependency on TaskId: [95]
=> New Task ID: 95 || Description: Complex Task 95 || Developer: Developer95 || Priority: 1 || Dependency on TaskId: [96]
=> New Task ID: 96 || Description: Complex Task 96 || Developer: Developer96 || Priority: 2 || Dependency on TaskId: [97]
=> New Task ID: 97 || Description: Complex Task 97 || Developer: Developer97 || Priority: 3 || Dependency on TaskId: [98]
=> New Task ID: 98 || Description: Complex Task 98 || Developer: Developer98 || Priority: 4 || Dependency on TaskId: [99]
=> New Task ID: 99 || Description: Complex Task 99 || Developer: Developer99 || Priority: 5 || Dependency on TaskId: [100]
=> New Task ID: 100 || Description: Complex Task 100 || Developer: Developer100 || Priority: 1 || Dependency on TaskId: [101]
=> New Task ID: 101 || Description: Complex Task 101 || Developer: Developer101 || Priority: 2 || Dependency on TaskId: [102]
=> New Task ID: 102 || Description: Complex Task 102 || Developer: Developer102 || Priority: 3 || Dependency on TaskId: [103]
=> New Task ID: 103 || Description: Complex Task 103 || Developer: Developer103 || Priority: 4 || Dependency on TaskId: [104]
=> New Task ID: 104 || Description: Complex Task 104 || Developer: Developer104 || Priority: 5 || Dependency on TaskId: [105]
=> New Task ID: 105 || Description: Complex Task 105 || Developer: Developer105 || Priority: 1 || Dependency on TaskId: [106]
=> New Task ID: 106 || Description: Complex Task 106 || Developer: Developer106 || Priority: 2 || Dependency on TaskId: [107]
=> New Task ID: 107 || Description: Complex Task 107 || Developer: Developer107 || Priority: 3 || Dependency on TaskId: [108]
=> New Task ID: 108 || Description: Complex Task 108 || Developer: Developer108 || Priority: 4 || Dependency on TaskId: [109]
=> New Task ID: 109 || Description: Complex Task 109 || Developer: Developer109 || Priority: 5 || Dependency on TaskId: [110]
=> New Task ID: 110 || Description: Complex Task 110 || Developer: Developer110 || Priority: 1 || Dependency on TaskId: [111]
=> New Task ID: 111 || Description: Complex Task 111 || Developer: Developer111 || Priority: 2 || Dependency on TaskId: [112]
=> New Task ID: 112 || Description: Complex Task 112 || Developer: Developer112 || Priority: 3 || Dependency on TaskId: [113]
=> New Task ID: 113 || Description: Complex Task 113 || Developer: Developer113 || Priority: 4 || Dependency on TaskId: [114]
=> New Task ID: 114 || Description: Complex Task 114 || Developer: Developer114 || Priority: 5 || Dependency on TaskId: [115]
=> New Task ID: 115 || Description: Complex Task 115 || Developer: Developer115 || Priority: 1 || Dependency on TaskId: [116]
=> New Task ID: 116 || Description: Complex Task 116 || Developer: Developer116 || Priority: 2 || Dependency on TaskId: [117]
=> New Task ID: 117 || Description: Complex Task 117 || Developer: Developer117 || Priority: 3 || Dependency on TaskId: [118]
=> New Task ID: 118 || Description: Complex Task 118 || Developer: Developer118 || Priority: 4 || Dependency on TaskId: [119]
=> New Task ID: 119 || Description: Complex Task 119 || Developer: Developer119 || Priority: 5 || Dependency on TaskId: [120]
=> New Task ID: 120 || Description: Complex Task 120 || Developer: Developer120 || Priority: 1 || Dependency on TaskId: [121]
=> New Task ID: 121 || Description: Complex Task 121 || Developer: Developer121 || Priority: 2 || Dependency on TaskId: [122]
=> New Task ID: 122 || Description: Complex Task 122 || Developer: Developer122 || Priority: 3 || Dependency on TaskId: [123]
=> New Task ID: 123 || Description: Complex Task 123 || Developer: Developer123 || Priority: 4 || Dependency on TaskId: [124]
=> New Task ID: 124 || Description: Complex Task 124 || Developer: Developer124 || Priority: 5 || Dependency on TaskId: [125]
=> New Task ID: 125 || Description: Complex Task 125 || Developer: Developer125 || Priority: 1 || Dependency on TaskId: [126]
=> New Task ID: 126 || Description: Complex Task 126 || Developer: Developer126 || Priority: 2 || Dependency on TaskId: [127]
=> New Task ID: 127 || Description: Complex Task 127 || Developer: Developer127 || Priority: 3 || Dependency on TaskId: [128]
=> New Task ID: 128 || Description: Complex Task 128 || Developer: Developer128 || Priority: 4 || Dependency on TaskId: [129]
=> New Task ID: 129 || Description: Complex Task 129 || Developer: Developer129 || Priority: 5 || Dependency on TaskId: [130]
=> New Task ID: 130 || Description: Complex Task 130 || Developer: Developer130 || Priority: 1 || Dependency on TaskId: [131]
=> New Task ID: 131 || Description: Complex Task 131 || Developer: Developer131 || Priority: 2 || Dependency on TaskId: [132]
=> New Task ID: 132 || Description: Complex Task 132 || Developer: Developer132 || Priority: 3 || Dependency on TaskId: [133]
=> New Task ID: 133 || Description: Complex Task 133 || Developer: Developer133 || Priority: 4 || Dependency on TaskId: [134]
=> New Task ID: 134 || Description: Complex Task 134 || Developer: Developer134 || Priority: 5 || Dependency on TaskId: [135]
=> New Task ID: 135 || Description: Complex Task 135 || Developer: Developer135 || Priority: 1 || Dependency on TaskId: [136]
=> New Task ID: 136 || Description: Complex Task 136 || Developer: Developer136 || Priority: 2 || Dependency on TaskId: [137]
=> New Task ID: 137 || Description: Complex Task 137 || Developer: Developer137 || Priority: 3 || Dependency on TaskId: [138]
=> New Task ID: 138 || Description: Complex Task 138 || Developer: Developer138 || Priority: 4 || Dependency on TaskId: [139]
=> New Task ID: 139 || Description: Complex Task 139 || Developer: Developer139 || Priority: 5 || Dependency on TaskId: [140]
=> New Task ID: 140 || Description: Complex Task 140 || Developer: Developer140 || Priority: 1 || Dependency on TaskId: [141]
=> New Task ID: 141 || Description: Complex Task 141 || Developer: Developer141 || Priority: 2 || Dependency on TaskId: [142]
=> New Task ID: 142 || Description: Complex Task 142 || Developer: Developer142 || Priority: 3 || Dependency on TaskId: [143]
=> New Task ID: 143 || Description: Complex Task 143 || Developer: Developer143 || Priority: 4 || Dependency on TaskId: [144]
=> New Task ID: 144 || Description: Complex Task 144 || Developer: Developer144 || Priority: 5 || Dependency on TaskId: [145]
=> New Task ID: 145 || Description: Complex Task 145 || Developer: Developer145 || Priority: 1 || Dependency on TaskId: [146]
=> New Task ID: 146 || Description: Complex Task 146 || Developer: Developer146 || Priority: 2 || Dependency on TaskId: [147]
=> New Task ID: 147 || Description: Complex Task 147 || Developer: Developer147 || Priority: 3 || Dependency on TaskId: [148]
=> New Task ID: 148 || Description: Complex Task 148 || Developer: Developer148 || Priority: 4 || Dependency on TaskId: [149]
=> New Task ID: 149 || Description: Complex Task 149 || Developer: Developer149 || Priority: 5 || Dependency on TaskId: [150]
=> New Task ID: 150 || Description: Complex Task 150 || Developer: Developer150 || Priority: 1 || Dependency on TaskId: [151]
=> New Task ID: 151 || Description: Complex Task 151 || Developer: Developer151 || Priority: 2 || Dependency on TaskId: [152]
=> New Task ID: 152 || Description: Complex Task 152 || Developer: Developer152 || Priority: 3 || Dependency on TaskId: [153]
=> New Task ID: 153 || Description: Complex Task 153 || Developer: Developer153 || Priority: 4 || Dependency on TaskId: [154]
=> New Task ID: 154 || Description: Complex Task 154 || Developer: Developer154 || Priority: 5 || Dependency on TaskId: [155]
=> New Task ID: 155 || Description: Complex Task 155 || Developer: Developer155 || Priority: 1 || Dependency on TaskId: [156]
=> New Task ID: 156 || Description: Complex Task 156 || Developer: Developer156 || Priority: 2 || Dependency on TaskId: [157]
=> New Task ID: 157 || Description: Complex Task 157 || Developer: Developer157 || Priority: 3 || Dependency on TaskId: [158]
=> New Task ID: 158 || Description: Complex Task 158 || Developer: Developer158 || Priority: 4 || Dependency on TaskId: [159]
=> New Task ID: 159 || Description: Complex Task 159 || Developer: Developer159 || Priority: 5 || Dependency on TaskId: [160]
=> New Task ID: 160 || Description: Complex Task 160 || Developer: Developer160 || Priority: 1 || Dependency on TaskId: [161]
=> New Task ID: 161 || Description: Complex Task 161 || Developer: Developer161 || Priority: 2 || Dependency on TaskId: [162]
=> New Task ID: 162 || Description: Complex Task 162 || Developer: Developer162 || Priority: 3 || Dependency on TaskId: [163]
=> New Task ID: 163 || Description: Complex Task 163 || Developer: Developer163 || Priority: 4 || Dependency on TaskId: [164]
=> New Task ID: 164 || Description: Complex Task 164 || Developer: Developer164 || Priority: 5 || Dependency on TaskId: [165]
=> New Task ID: 165 || Description: Complex Task 165 || Developer: Developer165 || Priority: 1 || Dependency on TaskId: [166]
=> New Task ID: 166 || Description: Complex Task 166 || Developer: Developer166 || Priority: 2 || Dependency on TaskId: [167]
=> New Task ID: 167 || Description: Complex Task 167 || Developer: Developer167 || Priority: 3 || Dependency on TaskId: [168]
=> New Task ID: 168 || Description: Complex Task 168 || Developer: Developer168 || Priority: 4 || Dependency on TaskId: [169]
=> New Task ID: 169 || Description: Complex Task 169 || Developer: Developer169 || Priority: 5 || Dependency on TaskId: [170]
=> New Task ID: 170 || Description: Complex Task 170 || Developer: Developer170 || Priority: 1 || Dependency on TaskId: [171]
=> New Task ID: 171 || Description: Complex Task 171 || Developer: Developer171 || Priority: 2 || Dependency on TaskId: [172]
=> New Task ID: 172 || Description: Complex Task 172 || Developer: Developer172 || Priority: 3 || Dependency on TaskId: [173]
=> New Task ID: 173 || Description: Complex Task 173 || Developer: Developer173 || Priority: 4 || Dependency on TaskId: [174]
=> New Task ID: 174 || Description: Complex Task 174 || Developer: Developer174 || Priority: 5 || Dependency on TaskId: [175]
=> New Task ID: 175 || Description: Complex Task 175 || Developer: Developer175 || Priority: 1 || Dependency on TaskId: [176]
=> New Task ID: 176 || Description: Complex Task 176 || Developer: Developer176 || Priority: 2 || Dependency on TaskId: [177]
=> New Task ID: 177 || Description: Complex Task 177 || Developer: Developer177 || Priority: 3 || Dependency on TaskId: [178]
=> New Task ID: 178 || Description: Complex Task 178 || Developer: Developer178 || Priority: 4 || Dependency on TaskId: [179]
=> New Task ID: 179 || Description: Complex Task 179 || Developer: Developer179 || Priority: 5 || Dependency on TaskId: [180]
=> New Task ID: 180 || Description: Complex Task 180 || Developer: Developer180 || Priority: 1 || Dependency on TaskId: [181]
=> New Task ID: 181 || Description: Complex Task 181 || Developer: Developer181 || Priority: 2 || Dependency on TaskId: [182]
=> New Task ID: 182 || Description: Complex Task 182 || Developer: Developer182 || Priority: 3 || Dependency on TaskId: [183]
=> New Task ID: 183 || Description: Complex Task 183 || Developer: Developer183 || Priority: 4 || Dependency on TaskId: [184]
=> New Task ID: 184 || Description: Complex Task 184 || Developer: Developer184 || Priority: 5 || Dependency on TaskId: [185]
=> New Task ID: 185 || Description: Complex Task 185 || Developer: Developer185 || Priority: 1 || Dependency on TaskId: [186]
=> New Task ID: 186 || Description: Complex Task 186 || Developer: Developer186 || Priority: 2 || Dependency on TaskId: [187]
=> New Task ID: 187 || Description: Complex Task 187 || Developer: Developer187 || Priority: 3 || Dependency on TaskId: [188]
=> New Task ID: 188 || Description: Complex Task 188 || Developer: Developer188 || Priority: 4 || Dependency on TaskId: [189]
=> New Task ID: 189 || Description: Complex Task 189 || Developer: Developer189 || Priority: 5 || Dependency on TaskId: [190]
=> New Task ID: 190 || Description: Complex Task 190 || Developer: Developer190 || Priority: 1 || Dependency on TaskId: [191]
=> New Task ID: 191 || Description: Complex Task 191 || Developer: Developer191 || Priority: 2 || Dependency on TaskId: [192]
=> New Task ID: 192 || Description: Complex Task 192 || Developer: Developer192 || Priority: 3 || Dependency on TaskId: [193]
=> New Task ID: 193 || Description: Complex Task 193 || Developer: Developer193 || Priority: 4 || Dependency on TaskId: [194]
=> New Task ID: 194 || Description: Complex Task 194 || Developer: Developer194 || Priority: 5 || Dependency on TaskId: [195]
=> New Task ID: 195 || Description: Complex Task 195 || Developer: Developer195 || Priority: 1 || Dependency on TaskId: [196]
=> New Task ID: 196 || Description: Complex Task 196 || Developer: Developer196 || Priority: 2 || Dependency on TaskId: [197]
=> New Task ID: 197 || Description: Complex Task 197 || Developer: Developer197 || Priority: 3 || Dependency on TaskId: [198]
=> New Task ID: 198 || Description: Complex Task 198 || Developer: Developer198 || Priority: 4 || Dependency on TaskId: [199]
=> New Task ID: 199 || Description: Complex Task 199 || Developer: Developer199 || Priority: 5 || Dependency on TaskId: [200]
=> New Task ID: 200 || Description: Complex Task 200 || Developer: Developer200 || Priority: 1 || Dependency on TaskId: [201]
=> New Task ID: 201 || Description: Complex Task 201 || Developer: Developer201 || Priority: 2 || Dependency on TaskId: [202]
=> New Task ID: 202 || Description: Complex Task 202 || Developer: Developer202 || Priority: 3 || Dependency on TaskId: [203]
=> New Task ID: 203 || Description: Complex Task 203 || Developer: Developer203 || Priority: 4 || Dependency on TaskId: [204]
=> New Task ID: 204 || Description: Complex Task 204 || Developer: Developer204 || Priority: 5 || Dependency on TaskId: [205]
=> New Task ID: 205 || Description: Complex Task 205 || Developer: Developer205 || Priority: 1 || Dependency on TaskId: [206]
=> New Task ID: 206 || Description: Complex Task 206 || Developer: Developer206 || Priority: 2 || Dependency on TaskId: [207]
=> New Task ID: 207 || Description: Complex Task 207 || Developer: Developer207 || Priority: 3 || Dependency on TaskId: [208]
=> New Task ID: 208 || Description: Complex Task 208 || Developer: Developer208 || Priority: 4 || Dependency on TaskId: [209]
=> New Task ID: 209 || Description: Complex Task 209 || Developer: Developer209 || Priority: 5 || Dependency on TaskId: [210]
=> New Task ID: 210 || Description: Complex Task 210 || Developer: Developer210 || Priority: 1 || Dependency on TaskId: [211]
=> New Task ID: 211 || Description: Complex Task 211 || Developer: Developer211 || Priority: 2 || Dependency on TaskId: [212]
=> New Task ID: 212 || Description: Complex Task 212 || Developer: Developer212 || Priority: 3 || Dependency on TaskId: [213]
=> New Task ID: 213 || Description: Complex Task 213 || Developer: Developer213 || Priority: 4 || Dependency on TaskId: [214]
=> New Task ID: 214 || Description: Complex Task 214 || Developer: Developer214 || Priority: 5 || Dependency on TaskId: [215]
=> New Task ID: 215 || Description: Complex Task 215 || Developer: Developer215 || Priority: 1 || Dependency on TaskId: [216]
=> New Task ID: 216 || Description: Complex Task 216 || Developer: Developer216 || Priority: 2 || Dependency on TaskId: [217]
=> New Task ID: 217 || Description: Complex Task 217 || Developer: Developer217 || Priority: 3 || Dependency on TaskId: [218]
=> New Task ID: 218 || Description: Complex Task 218 || Developer: Developer218 || Priority: 4 || Dependency on TaskId: [219]
=> New Task ID: 219 || Description: Complex Task 219 || Developer: Developer219 || Priority: 5 || Dependency on TaskId: [220]
=> New Task ID: 220 || Description: Complex Task 220 || Developer: Developer220 || Priority: 1 || Dependency on TaskId: [221]
=> New Task ID: 221 || Description: Complex Task 221 || Developer: Developer221 || Priority: 2 || Dependency on TaskId: [222]
=> New Task ID: 222 || Description: Complex Task 222 || Developer: Developer222 || Priority: 3 || Dependency on TaskId: [223]
=> New Task ID: 223 || Description: Complex Task 223 || Developer: Developer223 || Priority: 4 || Dependency on TaskId: [224]
=> New Task ID: 224 || Description: Complex Task 224 || Developer: Developer224 || Priority: 5 || Dependency on TaskId: [225]
=> New Task ID: 225 || Description: Complex Task 225 || Developer: Developer225 || Priority: 1 || Dependency on TaskId: [226]
=> New Task ID: 226 || Description: Complex Task 226 || Developer: Developer226 || Priority: 2 || Dependency on TaskId: [227]
=> New Task ID: 227 || Description: Complex Task 227 || Developer: Developer227 || Priority: 3 || Dependency on TaskId: [228]
=> New Task ID: 228 || Description: Complex Task 228 || Developer: Developer228 || Priority: 4 || Dependency on TaskId: [229]
=> New Task ID: 229 || Description: Complex Task 229 || Developer: Developer229 || Priority: 5 || Dependency on TaskId: [230]
=> New Task ID: 230 || Description: Complex Task 230 || Developer: Developer230 || Priority: 1 || Dependency on TaskId: [231]
=> New Task ID: 231 || Description: Complex Task 231 || Developer: Developer231 || Priority: 2 || Dependency on TaskId: [232]
=> New Task ID: 232 || Description: Complex Task 232 || Developer: Developer232 || Priority: 3 || Dependency on TaskId: [233]
=> New Task ID: 233 || Description: Complex Task 233 || Developer: Developer233 || Priority: 4 || Dependency on TaskId: [234]
=> New Task ID: 234 || Description: Complex Task 234 || Developer: Developer234 || Priority: 5 || Dependency on TaskId: [235]
=> New Task ID: 235 || Description: Complex Task 235 || Developer: Developer235 || Priority: 1 || Dependency on TaskId: [236]
=> New Task ID: 236 || Description: Complex Task 236 || Developer: Developer236 || Priority: 2 || Dependency on TaskId: [237]
=> New Task ID: 237 || Description: Complex Task 237 || Developer: Developer237 || Priority: 3 || Dependency on TaskId: [238]
=> New Task ID: 238 || Description: Complex Task 238 || Developer: Developer238 || Priority: 4 || Dependency on TaskId: [239]
=> New Task ID: 239 || Description: Complex Task 239 || Developer: Developer239 || Priority: 5 || Dependency on TaskId: [240]
=> New Task ID: 240 || Description: Complex Task 240 || Developer: Developer240 || Priority: 1 || Dependency on TaskId: [241]
=> New Task ID: 241 || Description: Complex Task 241 || Developer: Developer241 || Priority: 2 || Dependency on TaskId: [242]
=> New Task ID: 242 || Description: Complex Task 242 || Developer: Developer242 || Priority: 3 || Dependency on TaskId: [243]
=> New Task ID: 243 || Description: Complex Task 243 || Developer: Developer243 || Priority: 4 || Dependency on TaskId: [244]
=> New Task ID: 244 || Description: Complex Task 244 || Developer: Developer244 || Priority: 5 || Dependency on TaskId: [245]
=> New Task ID: 245 || Description: Complex Task 245 || Developer: Developer245 || Priority: 1 || Dependency on TaskId: [246]
=> New Task ID: 246 || Description: Complex Task 246 || Developer: Developer246 || Priority: 2 || Dependency on TaskId: [247]
=> New Task ID: 247 || Description: Complex Task 247 || Developer: Developer247 || Priority: 3 || Dependency on TaskId: [248]
=> New Task ID: 248 || Description: Complex Task 248 || Developer: Developer248 || Priority: 4 || Dependency on TaskId: [249]
=> New Task ID: 249 || Description: Complex Task 249 || Developer: Developer249 || Priority: 5 || Dependency on TaskId: [250]
=> New Task ID: 250 || Description: Complex Task 250 || Developer: Developer250 || Priority: 1 || Dependency on TaskId: [251]
=> New Task ID: 251 || Description: Complex Task 251 || Developer: Developer251 || Priority: 2 || Dependency on TaskId: [252]
=> New Task ID: 252 || Description: Complex Task 252 || Developer: Developer252 || Priority: 3 || Dependency on TaskId: [253]
=> New Task ID: 253 || Description: Complex Task 253 || Developer: Developer253 || Priority: 4 || Dependency on TaskId: [254]
=> New Task ID: 254 || Description: Complex Task 254 || Developer: Developer254 || Priority: 5 || Dependency on TaskId: [255]
=> New Task ID: 255 || Description: Complex Task 255 || Developer: Developer255 || Priority: 1 || Dependency on TaskId: [256]
=> New Task ID: 256 || Description: Complex Task 256 || Developer: Developer256 || Priority: 2 || Dependency on TaskId: [257]
=> New Task ID: 257 || Description: Complex Task 257 || Developer: Developer257 || Priority: 3 || Dependency on TaskId: [258]
=> New Task ID: 258 || Description: Complex Task 258 || Developer: Developer258 || Priority: 4 || Dependency on TaskId: [259]
=> New Task ID: 259 || Description: Complex Task 259 || Developer: Developer259 || Priority: 5 || Dependency on TaskId: [260]
=> New Task ID: 260 || Description: Complex Task 260 || Developer: Developer260 || Priority: 1 || Dependency on TaskId: [261]
=> New Task ID: 261 || Description: Complex Task 261 || Developer: Developer261 || Priority: 2 || Dependency on TaskId: [262]
=> New Task ID: 262 || Description: Complex Task 262 || Developer: Developer262 || Priority: 3 || Dependency on TaskId: [263]
=> New Task ID: 263 || Description: Complex Task 263 || Developer: Developer263 || Priority: 4 || Dependency on TaskId: [264]
=> New Task ID: 264 || Description: Complex Task 264 || Developer: Developer264 || Priority: 5 || Dependency on TaskId: [265]
=> New Task ID: 265 || Description: Complex Task 265 || Developer: Developer265 || Priority: 1 || Dependency on TaskId: [266]
=> New Task ID: 266 || Description: Complex Task 266 || Developer: Developer266 || Priority: 2 || Dependency on TaskId: [267]
=> New Task ID: 267 || Description: Complex Task 267 || Developer: Developer267 || Priority: 3 || Dependency on TaskId: [268]
=> New Task ID: 268 || Description: Complex Task 268 || Developer: Developer268 || Priority: 4 || Dependency on TaskId: [269]
=> New Task ID: 269 || Description: Complex Task 269 || Developer: Developer269 || Priority: 5 || Dependency on TaskId: [270]
=> New Task ID: 270 || Description: Complex Task 270 || Developer: Developer270 || Priority: 1 || Dependency on TaskId: [271]
=> New Task ID: 271 || Description: Complex Task 271 || Developer: Developer271 || Priority: 2 || Dependency on TaskId: [272]
=> New Task ID: 272 || Description: Complex Task 272 || Developer: Developer272 || Priority: 3 || Dependency on TaskId: [273]
=> New Task ID: 273 || Description: Complex Task 273 || Developer: Developer273 || Priority: 4 || Dependency on TaskId: [274]
=> New Task ID: 274 || Description: Complex Task 274 || Developer: Developer274 || Priority: 5 || Dependency on TaskId: [275]
=> New Task ID: 275 || Description: Complex Task 275 || Developer: Developer275 || Priority: 1 || Dependency on TaskId: [276]
=> New Task ID: 276 || Description: Complex Task 276 || Developer: Developer276 || Priority: 2 || Dependency on TaskId: [277]
=> New Task ID: 277 || Description: Complex Task 277 || Developer: Developer277 || Priority: 3 || Dependency on TaskId: [278]
=> New Task ID: 278 || Description: Complex Task 278 || Developer: Developer278 || Priority: 4 || Dependency on TaskId: [279]
=> New Task ID: 279 || Description: Complex Task 279 || Developer: Developer279 || Priority: 5 || Dependency on TaskId: [280]
=> New Task ID: 280 || Description: Complex Task 280 || Developer: Developer280 || Priority: 1 || Dependency on TaskId: [281]
=> New Task ID: 281 || Description: Complex Task 281 || Developer: Developer281 || Priority: 2 || Dependency on TaskId: [282]
=> New Task ID: 282 || Description: Complex Task 282 || Developer: Developer282 || Priority: 3 || Dependency on TaskId: [283]
=> New Task ID: 283 || Description: Complex Task 283 || Developer: Developer283 || Priority: 4 || Dependency on TaskId: [284]
=> New Task ID: 284 || Description: Complex Task 284 || Developer: Developer284 || Priority: 5 || Dependency on TaskId: [285]
=> New Task ID: 285 || Description: Complex Task 285 || Developer: Developer285 || Priority: 1 || Dependency on TaskId: [286]
=> New Task ID: 286 || Description: Complex Task 286 || Developer: Developer286 || Priority: 2 || Dependency on TaskId: [287]
=> New Task ID: 287 || Description: Complex Task 287 || Developer: Developer287 || Priority: 3 || Dependency on TaskId: [288]
=> New Task ID: 288 || Description: Complex Task 288 || Developer: Developer288 || Priority: 4 || Dependency on TaskId: [289]
=> New Task ID: 289 || Description: Complex Task 289 || Developer: Developer289 || Priority: 5 || Dependency on TaskId: [290]
=> New Task ID: 290 || Description: Complex Task 290 || Developer: Developer290 || Priority: 1 || Dependency on TaskId: [291]
=> New Task ID: 291 || Description: Complex Task 291 || Developer: Developer291 || Priority: 2 || Dependency on TaskId: [292]
=> New Task ID: 292 || Description: Complex Task 292 || Developer: Developer292 || Priority: 3 || Dependency on TaskId: [293]
=> New Task ID: 293 || Description: Complex Task 293 || Developer: Developer293 || Priority: 4 || Dependency on TaskId: [294]
=> New Task ID: 294 || Description: Complex Task 294 || Developer: Developer294 || Priority: 5 || Dependency on TaskId: [295]
=> New Task ID: 295 || Description: Complex Task 295 || Developer: Developer295 || Priority: 1 || Dependency on TaskId: [296]
=> New Task ID: 296 || Description: Complex Task 296 || Developer: Developer296 || Priority: 2 || Dependency on TaskId: [297]
=> New Task ID: 297 || Description: Complex Task 297 || Developer: Developer297 || Priority: 3 || Dependency on TaskId: [298]
=> New Task ID: 298 || Description: Complex Task 298 || Developer: Developer298 || Priority: 4 || Dependency on TaskId: [299]
=> New Task ID: 299 || Description: Complex Task 299 || Developer: Developer299 || Priority: 5 || Dependency on TaskId: [300]
=> New Task ID: 300 || Description: Complex Task 300 || Developer: Developer300 || Priority: 1 || Dependency on TaskId: [301]
=> New Task ID: 301 || Description: Complex Task 301 || Developer: Developer301 || Priority: 2 || Dependency on TaskId: [302]
=> New Task ID: 302 || Description: Complex Task 302 || Developer: Developer302 || Priority: 3 || Dependency on TaskId: [303]
=> New Task ID: 303 || Description: Complex Task 303 || Developer: Developer303 || Priority: 4 || Dependency on TaskId: [304]
=> New Task ID: 304 || Description: Complex Task 304 || Developer: Developer304 || Priority: 5 || Dependency on TaskId: [305]
=> New Task ID: 305 || Description: Complex Task 305 || Developer: Developer305 || Priority: 1 || Dependency on TaskId: [306]
=> New Task ID: 306 || Description: Complex Task 306 || Developer: Developer306 || Priority: 2 || Dependency on TaskId: [307]
=> New Task ID: 307 || Description: Complex Task 307 || Developer: Developer307 || Priority: 3 || Dependency on TaskId: [308]
=> New Task ID: 308 || Description: Complex Task 308 || Developer: Developer308 || Priority: 4 || Dependency on TaskId: [309]
=> New Task ID: 309 || Description: Complex Task 309 || Developer: Developer309 || Priority: 5 || Dependency on TaskId: [310]
=> New Task ID: 310 || Description: Complex Task 310 || Developer: Developer310 || Priority: 1 || Dependency on TaskId: [311]
=> New Task ID: 311 || Description: Complex Task 311 || Developer: Developer311 || Priority: 2 || Dependency on TaskId: [312]
=> New Task ID: 312 || Description: Complex Task 312 || Developer: Developer312 || Priority: 3 || Dependency on TaskId: [313]
=> New Task ID: 313 || Description: Complex Task 313 || Developer: Developer313 || Priority: 4 || Dependency on TaskId: [314]
=> New Task ID: 314 || Description: Complex Task 314 || Developer: Developer314 || Priority: 5 || Dependency on TaskId: [315]
=> New Task ID: 315 || Description: Complex Task 315 || Developer: Developer315 || Priority: 1 || Dependency on TaskId: [316]
=> New Task ID: 316 || Description: Complex Task 316 || Developer: Developer316 || Priority: 2 || Dependency on TaskId: [317]
=> New Task ID: 317 || Description: Complex Task 317 || Developer: Developer317 || Priority: 3 || Dependency on TaskId: [318]
=> New Task ID: 318 || Description: Complex Task 318 || Developer: Developer318 || Priority: 4 || Dependency on TaskId: [319]
=> New Task ID: 319 || Description: Complex Task 319 || Developer: Developer319 || Priority: 5 || Dependency on TaskId: [320]
=> New Task ID: 320 || Description: Complex Task 320 || Developer: Developer320 || Priority: 1 || Dependency on TaskId: [321]
=> New Task ID: 321 || Description: Complex Task 321 || Developer: Developer321 || Priority: 2 || Dependency on TaskId: [322]
=> New Task ID: 322 || Description: Complex Task 322 || Developer: Developer322 || Priority: 3 || Dependency on TaskId: [323]
=> New Task ID: 323 || Description: Complex Task 323 || Developer: Developer323 || Priority: 4 || Dependency on TaskId: [324]
=> New Task ID: 324 || Description: Complex Task 324 || Developer: Developer324 || Priority: 5 || Dependency on TaskId: [325]
=> New Task ID: 325 || Description: Complex Task 325 || Developer: Developer325 || Priority: 1 || Dependency on TaskId: [326]
=> New Task ID: 326 || Description: Complex Task 326 || Developer: Developer326 || Priority: 2 || Dependency on TaskId: [327]
=> New Task ID: 327 || Description: Complex Task 327 || Developer: Developer327 || Priority: 3 || Dependency on TaskId: [328]
=> New Task ID: 328 || Description: Complex Task 328 || Developer: Developer328 || Priority: 4 || Dependency on TaskId: [329]
=> New Task ID: 329 || Description: Complex Task 329 || Developer: Developer329 || Priority: 5 || Dependency on TaskId: [330]
=> New Task ID: 330 || Description: Complex Task 330 || Developer: Developer330 || Priority: 1 || Dependency on TaskId: [331]
=> New Task ID: 331 || Description: Complex Task 331 || Developer: Developer331 || Priority: 2 || Dependency on TaskId: [332]
=> New Task ID: 332 || Description: Complex Task 332 || Developer: Developer332 || Priority: 3 || Dependency on TaskId: [333]
=> New Task ID: 333 || Description: Complex Task 333 || Developer: Developer333 || Priority: 4 || Dependency on TaskId: [334]
=> New Task ID: 334 || Description: Complex Task 334 || Developer: Developer334 || Priority: 5 || Dependency on TaskId: [335]
=> New Task ID: 335 || Description: Complex Task 335 || Developer: Developer335 || Priority: 1 || Dependency on TaskId: [336]
=> New Task ID: 336 || Description: Complex Task 336 || Developer: Developer336 || Priority: 2 || Dependency on TaskId: [337]
=> New Task ID: 337 || Description: Complex Task 337 || Developer: Developer337 || Priority: 3 || Dependency on TaskId: [338]
=> New Task ID: 338 || Description: Complex Task 338 || Developer: Developer338 || Priority: 4 || Dependency on TaskId: [339]
=> New Task ID: 339 || Description: Complex Task 339 || Developer: Developer339 || Priority: 5 || Dependency on TaskId: [340]
=> New Task ID: 340 || Description: Complex Task 340 || Developer: Developer340 || Priority: 1 || Dependency on TaskId: [341]
=> New Task ID: 341 || Description: Complex Task 341 || Developer: Developer341 || Priority: 2 || Dependency on TaskId: [342]
=> New Task ID: 342 || Description: Complex Task 342 || Developer: Developer342 || Priority: 3 || Dependency on TaskId: [343]
=> New Task ID: 343 || Description: Complex Task 343 || Developer: Developer343 || Priority: 4 || Dependency on TaskId: [344]
=> New Task ID: 344 || Description: Complex Task 344 || Developer: Developer344 || Priority: 5 || Dependency on TaskId: [345]
=> New Task ID: 345 || Description: Complex Task 345 || Developer: Developer345 || Priority: 1 || Dependency on TaskId: [346]
=> New Task ID: 346 || Description: Complex Task 346 || Developer: Developer346 || Priority: 2 || Dependency on TaskId: [347]
=> New Task ID: 347 || Description: Complex Task 347 || Developer: Developer347 || Priority: 3 || Dependency on TaskId: [348]
=> New Task ID: 348 || Description: Complex Task 348 || Developer: Developer348 || Priority: 4 || Dependency on TaskId: [349]
=> New Task ID: 349 || Description: Complex Task 349 || Developer: Developer349 || Priority: 5 || Dependency on TaskId: [350]
=> New Task ID: 350 || Description: Complex Task 350 || Developer: Developer350 || Priority: 1 || Dependency on TaskId: [351]
=> New Task ID: 351 || Description: Complex Task 351 || Developer: Developer351 || Priority: 2 || Dependency on TaskId: [352]
=> New Task ID: 352 || Description: Complex Task 352 || Developer: Developer352 || Priority: 3 || Dependency on TaskId: [353]
=> New Task ID: 353 || Description: Complex Task 353 || Developer: Developer353 || Priority: 4 || Dependency on TaskId: [354]
=> New Task ID: 354 || Description: Complex Task 354 || Developer: Developer354 || Priority: 5 || Dependency on TaskId: [355]
=> New Task ID: 355 || Description: Complex Task 355 || Developer: Developer355 || Priority: 1 || Dependency on TaskId: [356]
=> New Task ID: 356 || Description: Complex Task 356 || Developer: Developer356 || Priority: 2 || Dependency on TaskId: [357]
=> New Task ID: 357 || Description: Complex Task 357 || Developer: Developer357 || Priority: 3 || Dependency on TaskId: [358]
=> New Task ID: 358 || Description: Complex Task 358 || Developer: Developer358 || Priority: 4 || Dependency on TaskId: [359]
=> New Task ID: 359 || Description: Complex Task 359 || Developer: Developer359 || Priority: 5 || Dependency on TaskId: [360]
=> New Task ID: 360 || Description: Complex Task 360 || Developer: Developer360 || Priority: 1 || Dependency on TaskId: [361]
=> New Task ID: 361 || Description: Complex Task 361 || Developer: Developer361 || Priority: 2 || Dependency on TaskId: [362]
=> New Task ID: 362 || Description: Complex Task 362 || Developer: Developer362 || Priority: 3 || Dependency on TaskId: [363]
=> New Task ID: 363 || Description: Complex Task 363 || Developer: Developer363 || Priority: 4 || Dependency on TaskId: [364]
=> New Task ID: 364 || Description: Complex Task 364 || Developer: Developer364 || Priority: 5 || Dependency on TaskId: [365]
=> New Task ID: 365 || Description: Complex Task 365 || Developer: Developer365 || Priority: 1 || Dependency on TaskId: [366]
=> New Task ID: 366 || Description: Complex Task 366 || Developer: Developer366 || Priority: 2 || Dependency on TaskId: [367]
=> New Task ID: 367 || Description: Complex Task 367 || Developer: Developer367 || Priority: 3 || Dependency on TaskId: [368]
=> New Task ID: 368 || Description: Complex Task 368 || Developer: Developer368 || Priority: 4 || Dependency on TaskId: [369]
=> New Task ID: 369 || Description: Complex Task 369 || Developer: Developer369 || Priority: 5 || Dependency on TaskId: [370]
=> New Task ID: 370 || Description: Complex Task 370 || Developer: Developer370 || Priority: 1 || Dependency on TaskId: [371]
=> New Task ID: 371 || Description: Complex Task 371 || Developer: Developer371 || Priority: 2 || Dependency on TaskId: [372]
=> New Task ID: 372 || Description: Complex Task 372 || Developer: Developer372 || Priority: 3 || Dependency on TaskId: [373]
=> New Task ID: 373 || Description: Complex Task 373 || Developer: Developer373 || Priority: 4 || Dependency on TaskId: [374]
=> New Task ID: 374 || Description: Complex Task 374 || Developer: Developer374 || Priority: 5 || Dependency on TaskId: [375]
=> New Task ID: 375 || Description: Complex Task 375 || Developer: Developer375 || Priority: 1 || Dependency on TaskId: [376]
=> New Task ID: 376 || Description: Complex Task 376 || Developer: Developer376 || Priority: 2 || Dependency on TaskId: [377]
=> New Task ID: 377 || Description: Complex Task 377 || Developer: Developer377 || Priority: 3 || Dependency on TaskId: [378]
=> New Task ID: 378 || Description: Complex Task 378 || Developer: Developer378 || Priority: 4 || Dependency on TaskId: [379]
=> New Task ID: 379 || Description: Complex Task 379 || Developer: Developer379 || Priority: 5 || Dependency on TaskId: [380]
=> New Task ID: 380 || Description: Complex Task 380 || Developer: Developer380 || Priority: 1 || Dependency on TaskId: [381]
=> New Task ID: 381 || Description: Complex Task 381 || Developer: Developer381 || Priority: 2 || Dependency on TaskId: [382]
=> New Task ID: 382 || Description: Complex Task 382 || Developer: Developer382 || Priority: 3 || Dependency on TaskId: [383]
=> New Task ID: 383 || Description: Complex Task 383 || Developer: Developer383 || Priority: 4 || Dependency on TaskId: [384]
=> New Task ID: 384 || Description: Complex Task 384 || Developer: Developer384 || Priority: 5 || Dependency on TaskId: [385]
=> New Task ID: 385 || Description: Complex Task 385 || Developer: Developer385 || Priority: 1 || Dependency on TaskId: [386]
=> New Task ID: 386 || Description: Complex Task 386 || Developer: Developer386 || Priority: 2 || Dependency on TaskId: [387]
=> New Task ID: 387 || Description: Complex Task 387 || Developer: Developer387 || Priority: 3 || Dependency on TaskId: [388]
=> New Task ID: 388 || Description: Complex Task 388 || Developer: Developer388 || Priority: 4 || Dependency on TaskId: [389]
=> New Task ID: 389 || Description: Complex Task 389 || Developer: Developer389 || Priority: 5 || Dependency on TaskId: [390]
=> New Task ID: 390 || Description: Complex Task 390 || Developer: Developer390 || Priority: 1 || Dependency on TaskId: [391]
=> New Task ID: 391 || Description: Complex Task 391 || Developer: Developer391 || Priority: 2 || Dependency on TaskId: [392]
=> New Task ID: 392 || Description: Complex Task 392 || Developer: Developer392 || Priority: 3 || Dependency on TaskId: [393]
=> New Task ID: 393 || Description: Complex Task 393 || Developer: Developer393 || Priority: 4 || Dependency on TaskId: [394]
=> New Task ID: 394 || Description: Complex Task 394 || Developer: Developer394 || Priority: 5 || Dependency on TaskId: [395]
=> New Task ID: 395 || Description: Complex Task 395 || Developer: Developer395 || Priority: 1 || Dependency on TaskId: [396]
=> New Task ID: 396 || Description: Complex Task 396 || Developer: Developer396 || Priority: 2 || Dependency on TaskId: [397]
=> New Task ID: 397 || Description: Complex Task 397 || Developer: Developer397 || Priority: 3 || Dependency on TaskId: [398]
=> New Task ID: 398 || Description: Complex Task 398 || Developer: Developer398 || Priority: 4 || Dependency on TaskId: [399]
=> New Task ID: 399 || Description: Complex Task 399 || Developer: Developer399 || Priority: 5 || Dependency on TaskId: [400]
=> New Task ID: 400 || Description: Complex Task 400 || Developer: Developer400 || Priority: 1 || Dependency on TaskId: [401]
=> New Task ID: 401 || Description: Complex Task 401 || Developer: Developer401 || Priority: 2 || Dependency on TaskId: [402]
=> New Task ID: 402 || Description: Complex Task 402 || Developer: Developer402 || Priority: 3 || Dependency on TaskId: [403]
=> New Task ID: 403 || Description: Complex Task 403 || Developer: Developer403 || Priority: 4 || Dependency on TaskId: [404]
=> New Task ID: 404 || Description: Complex Task 404 || Developer: Developer404 || Priority: 5 || Dependency on TaskId: [405]
=> New Task ID: 405 || Description: Complex Task 405 || Developer: Developer405 || Priority: 1 || Dependency on TaskId: [406]
=> New Task ID: 406 || Description: Complex Task 406 || Developer: Developer406 || Priority: 2 || Dependency on TaskId: [407]
=> New Task ID: 407 || Description: Complex Task 407 || Developer: Developer407 || Priority: 3 || Dependency on TaskId: [408]
=> New Task ID: 408 || Description: Complex Task 408 || Developer: Developer408 || Priority: 4 || Dependency on TaskId: [409]
=> New Task ID: 409 || Description: Complex Task 409 || Developer: Developer409 || Priority: 5 || Dependency on TaskId: [410]
=> New Task ID: 410 || Description: Complex Task 410 || Developer: Developer410 || Priority: 1 || Dependency on TaskId: [411]
=> New Task ID: 411 || Description: Complex Task 411 || Developer: Developer411 || Priority: 2 || Dependency on TaskId: [412]
=> New Task ID: 412 || Description: Complex Task 412 || Developer: Developer412 || Priority: 3 || Dependency on TaskId: [413]
=> New Task ID: 413 || Description: Complex Task 413 || Developer: Developer413 || Priority: 4 || Dependency on TaskId: [414]
=> New Task ID: 414 || Description: Complex Task 414 || Developer: Developer414 || Priority: 5 || Dependency on TaskId: [415]
=> New Task ID: 415 || Description: Complex Task 415 || Developer: Developer415 || Priority: 1 || Dependency on TaskId: [416]
=> New Task ID: 416 || Description: Complex Task 416 || Developer: Developer416 || Priority: 2 || Dependency on TaskId: [417]
=> New Task ID: 417 || Description: Complex Task 417 || Developer: Developer417 || Priority: 3 || Dependency on TaskId: [418]
=> New Task ID: 418 || Description: Complex Task 418 || Developer: Developer418 || Priority: 4 || Dependency on TaskId: [419]
=> New Task ID: 419 || Description: Complex Task 419 || Developer: Developer419 || Priority: 5 || Dependency on TaskId: [420]
=> New Task ID: 420 || Description: Complex Task 420 || Developer: Developer420 || Priority: 1 || Dependency on TaskId: [421]
=> New Task ID: 421 || Description: Complex Task 421 || Developer: Developer421 || Priority: 2 || Dependency on TaskId: [422]
=> New Task ID: 422 || Description: Complex Task 422 || Developer: Developer422 || Priority: 3 || Dependency on TaskId: [423]
=> New Task ID: 423 || Description: Complex Task 423 || Developer: Developer423 || Priority: 4 || Dependency on TaskId: [424]
=> New Task ID: 424 || Description: Complex Task 424 || Developer: Developer424 || Priority: 5 || Dependency on TaskId: [425]
=> New Task ID: 425 || Description: Complex Task 425 || Developer: Developer425 || Priority: 1 || Dependency on TaskId: [426]
=> New Task ID: 426 || Description: Complex Task 426 || Developer: Developer426 || Priority: 2 || Dependency on TaskId: [427]
=> New Task ID: 427 || Description: Complex Task 427 || Developer: Developer427 || Priority: 3 || Dependency on TaskId: [428]
=> New Task ID: 428 || Description: Complex Task 428 || Developer: Developer428 || Priority: 4 || Dependency on TaskId: [429]
=> New Task ID: 429 || Description: Complex Task 429 || Developer: Developer429 || Priority: 5 || Dependency on TaskId: [430]
=> New Task ID: 430 || Description: Complex Task 430 || Developer: Developer430 || Priority: 1 || Dependency on TaskId: [431]
=> New Task ID: 431 || Description: Complex Task 431 || Developer: Developer431 || Priority: 2 || Dependency on TaskId: [432]
=> New Task ID: 432 || Description: Complex Task 432 || Developer: Developer432 || Priority: 3 || Dependency on TaskId: [433]
=> New Task ID: 433 || Description: Complex Task 433 || Developer: Developer433 || Priority: 4 || Dependency on TaskId: [434]
=> New Task ID: 434 || Description: Complex Task 434 || Developer: Developer434 || Priority: 5 || Dependency on TaskId: [435]
=> New Task ID: 435 || Description: Complex Task 435 || Developer: Developer435 || Priority: 1 || Dependency on TaskId: [436]
=> New Task ID: 436 || Description: Complex Task 436 || Developer: Developer436 || Priority: 2 || Dependency on TaskId: [437]
=> New Task ID: 437 || Description: Complex Task 437 || Developer: Developer437 || Priority: 3 || Dependency on TaskId: [438]
=> New Task ID: 438 || Description: Complex Task 438 || Developer: Developer438 || Priority: 4 || Dependency on TaskId: [439]
=> New Task ID: 439 || Description: Complex Task 439 || Developer: Developer439 || Priority: 5 || Dependency on TaskId: [440]
=> New Task ID: 440 || Description: Complex Task 440 || Developer: Developer440 || Priority: 1 || Dependency on TaskId: [441]
=> New Task ID: 441 || Description: Complex Task 441 || Developer: Developer441 || Priority: 2 || Dependency on TaskId: [442]
=> New Task ID: 442 || Description: Complex Task 442 || Developer: Developer442 || Priority: 3 || Dependency on TaskId: [443]
=> New Task ID: 443 || Description: Complex Task 443 || Developer: Developer443 || Priority: 4 || Dependency on TaskId: [444]
=> New Task ID: 444 || Description: Complex Task 444 || Developer: Developer444 || Priority: 5 || Dependency on TaskId: [445]
=> New Task ID: 445 || Description: Complex Task 445 || Developer: Developer445 || Priority: 1 || Dependency on TaskId: [446]
=> New Task ID: 446 || Description: Complex Task 446 || Developer: Developer446 || Priority: 2 || Dependency on TaskId: [447]
=> New Task ID: 447 || Description: Complex Task 447 || Developer: Developer447 || Priority: 3 || Dependency on TaskId: [448]
=> New Task ID: 448 || Description: Complex Task 448 || Developer: Developer448 || Priority: 4 || Dependency on TaskId: [449]
=> New Task ID: 449 || Description: Complex Task 449 || Developer: Developer449 || Priority: 5 || Dependency on TaskId: [450]
=> New Task ID: 450 || Description: Complex Task 450 || Developer: Developer450 || Priority: 1 || Dependency on TaskId: [451]
=> New Task ID: 451 || Description: Complex Task 451 || Developer: Developer451 || Priority: 2 || Dependency on TaskId: [452]
=> New Task ID: 452 || Description: Complex Task 452 || Developer: Developer452 || Priority: 3 || Dependency on TaskId: [453]
=> New Task ID: 453 || Description: Complex Task 453 || Developer: Developer453 || Priority: 4 || Dependency on TaskId: [454]
=> New Task ID: 454 || Description: Complex Task 454 || Developer: Developer454 || Priority: 5 || Dependency on TaskId: [455]
=> New Task ID: 455 || Description: Complex Task 455 || Developer: Developer455 || Priority: 1 || Dependency on TaskId: [456]
=> New Task ID: 456 || Description: Complex Task 456 || Developer: Developer456 || Priority: 2 || Dependency on TaskId: [457]
=> New Task ID: 457 || Description: Complex Task 457 || Developer: Developer457 || Priority: 3 || Dependency on TaskId: [458]
=> New Task ID: 458 || Description: Complex Task 458 || Developer: Developer458 || Priority: 4 || Dependency on TaskId: [459]
=> New Task ID: 459 || Description: Complex Task 459 || Developer: Developer459 || Priority: 5 || Dependency on TaskId: [460]
=> New Task ID: 460 || Description: Complex Task 460 || Developer: Developer460 || Priority: 1 || Dependency on TaskId: [461]
=> New Task ID: 461 || Description: Complex Task 461 || Developer: Developer461 || Priority: 2 || Dependency on TaskId: [462]
=> New Task ID: 462 || Description: Complex Task 462 || Developer: Developer462 || Priority: 3 || Dependency on TaskId: [463]
=> New Task ID: 463 || Description: Complex Task 463 || Developer: Developer463 || Priority: 4 || Dependency on TaskId: [464]
=> New Task ID: 464 || Description: Complex Task 464 || Developer: Developer464 || Priority: 5 || Dependency on TaskId: [465]
=> New Task ID: 465 || Description: Complex Task 465 || Developer: Developer465 || Priority: 1 || Dependency on TaskId: [466]
=> New Task ID: 466 || Description: Complex Task 466 || Developer: Developer466 || Priority: 2 || Dependency on TaskId: [467]
=> New Task ID: 467 || Description: Complex Task 467 || Developer: Developer467 || Priority: 3 || Dependency on TaskId: [468]
=> New Task ID: 468 || Description: Complex Task 468 || Developer: Developer468 || Priority: 4 || Dependency on TaskId: [469]
=> New Task ID: 469 || Description: Complex Task 469 || Developer: Developer469 || Priority: 5 || Dependency on TaskId: [470]
=> New Task ID: 470 || Description: Complex Task 470 || Developer: Developer470 || Priority: 1 || Dependency on TaskId: [471]
=> New Task ID: 471 || Description: Complex Task 471 || Developer: Developer471 || Priority: 2 || Dependency on TaskId: [472]
=> New Task ID: 472 || Description: Complex Task 472 || Developer: Developer472 || Priority: 3 || Dependency on TaskId: [473]
=> New Task ID: 473 || Description: Complex Task 473 || Developer: Developer473 || Priority: 4 || Dependency on TaskId: [474]
=> New Task ID: 474 || Description: Complex Task 474 || Developer: Developer474 || Priority: 5 || Dependency on TaskId: [475]
=> New Task ID: 475 || Description: Complex Task 475 || Developer: Developer475 || Priority: 1 || Dependency on TaskId: [476]
=> New Task ID: 476 || Description: Complex Task 476 || Developer: Developer476 || Priority: 2 || Dependency on TaskId: [477]
=> New Task ID: 477 || Description: Complex Task 477 || Developer: Developer477 || Priority: 3 || Dependency on TaskId: [478]
=> New Task ID: 478 || Description: Complex Task 478 || Developer: Developer478 || Priority: 4 || Dependency on TaskId: [479]
=> New Task ID: 479 || Description: Complex Task 479 || Developer: Developer479 || Priority: 5 || Dependency on TaskId: [480]
=> New Task ID: 480 || Description: Complex Task 480 || Developer: Developer480 || Priority: 1 || Dependency on TaskId: [481]
=> New Task ID: 481 || Description: Complex Task 481 || Developer: Developer481 || Priority: 2 || Dependency on TaskId: [482]
=> New Task ID: 482 || Description: Complex Task 482 || Developer: Developer482 || Priority: 3 || Dependency on TaskId: [483]
=> New Task ID: 483 || Description: Complex Task 483 || Developer: Developer483 || Priority: 4 || Dependency on TaskId: [484]
=> New Task ID: 484 || Description: Complex Task 484 || Developer: Developer484 || Priority: 5 || Dependency on TaskId: [485]
=> New Task ID: 485 || Description: Complex Task 485 || Developer: Developer485 || Priority: 1 || Dependency on TaskId: [486]
=> New Task ID: 486 || Description: Complex Task 486 || Developer: Developer486 || Priority: 2 || Dependency on TaskId: [487]
=> New Task ID: 487 || Description: Complex Task 487 || Developer: Developer487 || Priority: 3 || Dependency on TaskId: [488]
=> New Task ID: 488 || Description: Complex Task 488 || Developer: Developer488 || Priority: 4 || Dependency on TaskId: [489]
=> New Task ID: 489 || Description: Complex Task 489 || Developer: Developer489 || Priority: 5 || Dependency on TaskId: [490]
=> New Task ID: 490 || Description: Complex Task 490 || Developer: Developer490 || Priority: 1 || Dependency on TaskId: [491]
=> New Task ID: 491 || Description: Complex Task 491 || Developer: Developer491 || Priority: 2 || Dependency on TaskId: [492]
=> New Task ID: 492 || Description: Complex Task 492 || Developer: Developer492 || Priority: 3 || Dependency on TaskId: [493]
=> New Task ID: 493 || Description: Complex Task 493 || Developer: Developer493 || Priority: 4 || Dependency on TaskId: [494]
=> New Task ID: 494 || Description: Complex Task 494 || Developer: Developer494 || Priority: 5 || Dependency on TaskId: [495]
=> New Task ID: 495 || Description: Complex Task 495 || Developer: Developer495 || Priority: 1 || Dependency on TaskId: [496]
=> New Task ID: 496 || Description: Complex Task 496 || Developer: Developer496 || Priority: 2 || Dependency on TaskId: [497]
=> New Task ID: 497 || Description: Complex Task 497 || Developer: Developer497 || Priority: 3 || Dependency on TaskId: [498]
=> New Task ID: 498 || Description: Complex Task 498 || Developer: Developer498 || Priority: 4 || Dependency on TaskId: [499]
=> New Task ID: 499 || Description: Complex Task 499 || Developer: Developer499 || Priority: 5 || Dependency on TaskId: [500]
=> New Task ID: 500 || Description: Complex Task 500 || Developer: Developer500 || Priority: 1 || Dependency on TaskId: [501]
=> New Task ID: 501 || Description: Complex Task 501 || Developer: Developer501 || Priority: 2 || Dependency on TaskId: [502]
=> New Task ID: 502 || Description: Complex Task 502 || Developer: Developer502 || Priority: 3 || Dependency on TaskId: [503]
=> New Task ID: 503 || Description: Complex Task 503 || Developer: Developer503 || Priority: 4 || Dependency on TaskId: [504]
=> New Task ID: 504 || Description: Complex Task 504 || Developer: Developer504 || Priority: 5 || Dependency on TaskId: [505]
=> New Task ID: 505 || Description: Complex Task 505 || Developer: Developer505 || Priority: 1 || Dependency on TaskId: [506]
=> New Task ID: 506 || Description: Complex Task 506 || Developer: Developer506 || Priority: 2 || Dependency on TaskId: [507]
=> New Task ID: 507 || Description: Complex Task 507 || Developer: Developer507 || Priority: 3 || Dependency on TaskId: [508]
=> New Task ID: 508 || Description: Complex Task 508 || Developer: Developer508 || Priority: 4 || Dependency on TaskId: [509]
=> New Task ID: 509 || Description: Complex Task 509 || Developer: Developer509 || Priority: 5 || Dependency on TaskId: [510]
=> New Task ID: 510 || Description: Complex Task 510 || Developer: Developer510 || Priority: 1 || Dependency on TaskId: [511]
=> New Task ID: 511 || Description: Complex Task 511 || Developer: Developer511 || Priority: 2 || Dependency on TaskId: [512]
=> New Task ID: 512 || Description: Complex Task 512 || Developer: Developer512 || Priority: 3 || Dependency on TaskId: [513]
=> New Task ID: 513 || Description: Complex Task 513 || Developer: Developer513 || Priority: 4 || Dependency on TaskId: [514]
=> New Task ID: 514 || Description: Complex Task 514 || Developer: Developer514 || Priority: 5 || Dependency on TaskId: [515]
=> New Task ID: 515 || Description: Complex Task 515 || Developer: Developer515 || Priority: 1 || Dependency on TaskId: [516]
=> New Task ID: 516 || Description: Complex Task 516 || Developer: Developer516 || Priority: 2 || Dependency on TaskId: [517]
=> New Task ID: 517 || Description: Complex Task 517 || Developer: Developer517 || Priority: 3 || Dependency on TaskId: [518]
=> New Task ID: 518 || Description: Complex Task 518 || Developer: Developer518 || Priority: 4 || Dependency on TaskId: [519]
=> New Task ID: 519 || Description: Complex Task 519 || Developer: Developer519 || Priority: 5 || Dependency on TaskId: [520]
=> New Task ID: 520 || Description: Complex Task 520 || Developer: Developer520 || Priority: 1 || Dependency on TaskId: [521]
=> New Task ID: 521 || Description: Complex Task 521 || Developer: Developer521 || Priority: 2 || Dependency on TaskId: [522]
=> New Task ID: 522 || Description: Complex Task 522 || Developer: Developer522 || Priority: 3 || Dependency on TaskId: [523]
=> New Task ID: 523 || Description: Complex Task 523 || Developer: Developer523 || Priority: 4 || Dependency on TaskId: [524]
=> New Task ID: 524 || Description: Complex Task 524 || Developer: Developer524 || Priority: 5 || Dependency on TaskId: [525]
=> New Task ID: 525 || Description: Complex Task 525 || Developer: Developer525 || Priority: 1 || Dependency on TaskId: [526]
=> New Task ID: 526 || Description: Complex Task 526 || Developer: Developer526 || Priority: 2 || Dependency on TaskId: [527]
=> New Task ID: 527 || Description: Complex Task 527 || Developer: Developer527 || Priority: 3 || Dependency on TaskId: [528]
=> New Task ID: 528 || Description: Complex Task 528 || Developer: Developer528 || Priority: 4 || Dependency on TaskId: [529]
=> New Task ID: 529 || Description: Complex Task 529 || Developer: Developer529 || Priority: 5 || Dependency on TaskId: [530]
=> New Task ID: 530 || Description: Complex Task 530 || Developer: Developer530 || Priority: 1 || Dependency on TaskId: [531]
=> New Task ID: 531 || Description: Complex Task 531 || Developer: Developer531 || Priority: 2 || Dependency on TaskId: [532]
=> New Task ID: 532 || Description: Complex Task 532 || Developer: Developer532 || Priority: 3 || Dependency on TaskId: [533]
=> New Task ID: 533 || Description: Complex Task 533 || Developer: Developer533 || Priority: 4 || Dependency on TaskId: [534]
=> New Task ID: 534 || Description: Complex Task 534 || Developer: Developer534 || Priority: 5 || Dependency on TaskId: [535]
=> New Task ID: 535 || Description: Complex Task 535 || Developer: Developer535 || Priority: 1 || Dependency on TaskId: [536]
=> New Task ID: 536 || Description: Complex Task 536 || Developer: Developer536 || Priority: 2 || Dependency on TaskId: [537]
=> New Task ID: 537 || Description: Complex Task 537 || Developer: Developer537 || Priority: 3 || Dependency on TaskId: [538]
=> New Task ID: 538 || Description: Complex Task 538 || Developer: Developer538 || Priority: 4 || Dependency on TaskId: [539]
=> New Task ID: 539 || Description: Complex Task 539 || Developer: Developer539 || Priority: 5 || Dependency on TaskId: [540]
=> New Task ID: 540 || Description: Complex Task 540 || Developer: Developer540 || Priority: 1 || Dependency on TaskId: [541]
=> New Task ID: 541 || Description: Complex Task 541 || Developer: Developer541 || Priority: 2 || Dependency on TaskId: [542]
=> New Task ID: 542 || Description: Complex Task 542 || Developer: Developer542 || Priority: 3 || Dependency on TaskId: [543]
=> New Task ID: 543 || Description: Complex Task 543 || Developer: Developer543 || Priority: 4 || Dependency on TaskId: [544]
=> New Task ID: 544 || Description: Complex Task 544 || Developer: Developer544 || Priority: 5 || Dependency on TaskId: [545]
=> New Task ID: 545 || Description: Complex Task 545 || Developer: Developer545 || Priority: 1 || Dependency on TaskId: [546]
=> New Task ID: 546 || Description: Complex Task 546 || Developer: Developer546 || Priority: 2 || Dependency on TaskId: [547]
=> New Task ID: 547 || Description: Complex Task 547 || Developer: Developer547 || Priority: 3 || Dependency on TaskId: [548]
=> New Task ID: 548 || Description: Complex Task 548 || Developer: Developer548 || Priority: 4 || Dependency on TaskId: [549]
=> New Task ID: 549 || Description: Complex Task 549 || Developer: Developer549 || Priority: 5 || Dependency on TaskId: [550]
=> New Task ID: 550 || Description: Complex Task 550 || Developer: Developer550 || Priority: 1 || Dependency on TaskId: [551]
=> New Task ID: 551 || Description: Complex Task 551 || Developer: Developer551 || Priority: 2 || Dependency on TaskId: [552]
=> New Task ID: 552 || Description: Complex Task 552 || Developer: Developer552 || Priority: 3 || Dependency on TaskId: [553]
=> New Task ID: 553 || Description: Complex Task 553 || Developer: Developer553 || Priority: 4 || Dependency on TaskId: [554]
=> New Task ID: 554 || Description: Complex Task 554 || Developer: Developer554 || Priority: 5 || Dependency on TaskId: [555]
=> New Task ID: 555 || Description: Complex Task 555 || Developer: Developer555 || Priority: 1 || Dependency on TaskId: [556]
=> New Task ID: 556 || Description: Complex Task 556 || Developer: Developer556 || Priority: 2 || Dependency on TaskId: [557]
=> New Task ID: 557 || Description: Complex Task 557 || Developer: Developer557 || Priority: 3 || Dependency on TaskId: [558]
=> New Task ID: 558 || Description: Complex Task 558 || Developer: Developer558 || Priority: 4 || Dependency on TaskId: [559]
=> New Task ID: 559 || Description: Complex Task 559 || Developer: Developer559 || Priority: 5 || Dependency on TaskId: [560]
=> New Task ID: 560 || Description: Complex Task 560 || Developer: Developer560 || Priority: 1 || Dependency on TaskId: [561]
=> New Task ID: 561 || Description: Complex Task 561 || Developer: Developer561 || Priority: 2 || Dependency on TaskId: [562]
=> New Task ID: 562 || Description: Complex Task 562 || Developer: Developer562 || Priority: 3 || Dependency on TaskId: [563]
=> New Task ID: 563 || Description: Complex Task 563 || Developer: Developer563 || Priority: 4 || Dependency on TaskId: [564]
=> New Task ID: 564 || Description: Complex Task 564 || Developer: Developer564 || Priority: 5 || Dependency on TaskId: [565]
=> New Task ID: 565 || Description: Complex Task 565 || Developer: Developer565 || Priority: 1 || Dependency on TaskId: [566]
=> New Task ID: 566 || Description: Complex Task 566 || Developer: Developer566 || Priority: 2 || Dependency on TaskId: [567]
=> New Task ID: 567 || Description: Complex Task 567 || Developer: Developer567 || Priority: 3 || Dependency on TaskId: [568]
=> New Task ID: 568 || Description: Complex Task 568 || Developer: Developer568 || Priority: 4 || Dependency on TaskId: [569]
=> New Task ID: 569 || Description: Complex Task 569 || Developer: Developer569 || Priority: 5 || Dependency on TaskId: [570]
=> New Task ID: 570 || Description: Complex Task 570 || Developer: Developer570 || Priority: 1 || Dependency on TaskId: [571]
=> New Task ID: 571 || Description: Complex Task 571 || Developer: Developer571 || Priority: 2 || Dependency on TaskId: [572]
=> New Task ID: 572 || Description: Complex Task 572 || Developer: Developer572 || Priority: 3 || Dependency on TaskId: [573]
=> New Task ID: 573 || Description: Complex Task 573 || Developer: Developer573 || Priority: 4 || Dependency on TaskId: [574]
=> New Task ID: 574 || Description: Complex Task 574 || Developer: Developer574 || Priority: 5 || Dependency on TaskId: [575]
=> New Task ID: 575 || Description: Complex Task 575 || Developer: Developer575 || Priority: 1 || Dependency on TaskId: [576]
=> New Task ID: 576 || Description: Complex Task 576 || Developer: Developer576 || Priority: 2 || Dependency on TaskId: [577]
=> New Task ID: 577 || Description: Complex Task 577 || Developer: Developer577 || Priority: 3 || Dependency on TaskId: [578]
=> New Task ID: 578 || Description: Complex Task 578 || Developer: Developer578 || Priority: 4 || Dependency on TaskId: [579]
=> New Task ID: 579 || Description: Complex Task 579 || Developer: Developer579 || Priority: 5 || Dependency on TaskId: [580]
=> New Task ID: 580 || Description: Complex Task 580 || Developer: Developer580 || Priority: 1 || Dependency on TaskId: [581]
=> New Task ID: 581 || Description: Complex Task 581 || Developer: Developer581 || Priority: 2 || Dependency on TaskId: [582]
=> New Task ID: 582 || Description: Complex Task 582 || Developer: Developer582 || Priority: 3 || Dependency on TaskId: [583]
=> New Task ID: 583 || Description: Complex Task 583 || Developer: Developer583 || Priority: 4 || Dependency on TaskId: [584]
=> New Task ID: 584 || Description: Complex Task 584 || Developer: Developer584 || Priority: 5 || Dependency on TaskId: [585]
=> New Task ID: 585 || Description: Complex Task 585 || Developer: Developer585 || Priority: 1 || Dependency on TaskId: [586]
=> New Task ID: 586 || Description: Complex Task 586 || Developer: Developer586 || Priority: 2 || Dependency on TaskId: [587]
=> New Task ID: 587 || Description: Complex Task 587 || Developer: Developer587 || Priority: 3 || Dependency on TaskId: [588]
=> New Task ID: 588 || Description: Complex Task 588 || Developer: Developer588 || Priority: 4 || Dependency on TaskId: [589]
=> New Task ID: 589 || Description: Complex Task 589 || Developer: Developer589 || Priority: 5 || Dependency on TaskId: [590]
=> New Task ID: 590 || Description: Complex Task 590 || Developer: Developer590 || Priority: 1 || Dependency on TaskId: [591]
=> New Task ID: 591 || Description: Complex Task 591 || Developer: Developer591 || Priority: 2 || Dependency on TaskId: [592]
=> New Task ID: 592 || Description: Complex Task 592 || Developer: Developer592 || Priority: 3 || Dependency on TaskId: [593]
=> New Task ID: 593 || Description: Complex Task 593 || Developer: Developer593 || Priority: 4 || Dependency on TaskId: [594]
=> New Task ID: 594 || Description: Complex Task 594 || Developer: Developer594 || Priority: 5 || Dependency on TaskId: [595]
=> New Task ID: 595 || Description: Complex Task 595 || Developer: Developer595 || Priority: 1 || Dependency on TaskId: [596]
=> New Task ID: 596 || Description: Complex Task 596 || Developer: Developer596 || Priority: 2 || Dependency on TaskId: [597]
=> New Task ID: 597 || Description: Complex Task 597 || Developer: Developer597 || Priority: 3 || Dependency on TaskId: [598]
=> New Task ID: 598 || Description: Complex Task 598 || Developer: Developer598 || Priority: 4 || Dependency on TaskId: [599]
=> New Task ID: 599 || Description: Complex Task 599 || Developer: Developer599 || Priority: 5 || Dependency on TaskId: [600]
=> New Task ID: 600 || Description: Complex Task 600 || Developer: Developer600 || Priority: 1 || Dependency on TaskId: [601]
=> New Task ID: 601 || Description: Complex Task 601 || Developer: Developer601 || Priority: 2 || Dependency on TaskId: [602]
=> New Task ID: 602 || Description: Complex Task 602 || Developer: Developer602 || Priority: 3 || Dependency on TaskId: [603]
=> New Task ID: 603 || Description: Complex Task 603 || Developer: Developer603 || Priority: 4 || Dependency on TaskId: [604]
=> New Task ID: 604 || Description: Complex Task 604 || Developer: Developer604 || Priority: 5 || Dependency on TaskId: [605]
=> New Task ID: 605 || Description: Complex Task 605 || Developer: Developer605 || Priority: 1 || Dependency on TaskId: [606]
=> New Task ID: 606 || Description: Complex Task 606 || Developer: Developer606 || Priority: 2 || Dependency on TaskId: [607]
=> New Task ID: 607 || Description: Complex Task 607 || Developer: Developer607 || Priority: 3 || Dependency on TaskId: [608]
=> New Task ID: 608 || Description: Complex Task 608 || Developer: Developer608 || Priority: 4 || Dependency on TaskId: [609]
=> New Task ID: 609 || Description: Complex Task 609 || Developer: Developer609 || Priority: 5 || Dependency on TaskId: [610]
=> New Task ID: 610 || Description: Complex Task 610 || Developer: Developer610 || Priority: 1 || Dependency on TaskId: [611]
=> New Task ID: 611 || Description: Complex Task 611 || Developer: Developer611 || Priority: 2 || Dependency on TaskId: [612]
=> New Task ID: 612 || Description: Complex Task 612 || Developer: Developer612 || Priority: 3 || Dependency on TaskId: [613]
=> New Task ID: 613 || Description: Complex Task 613 || Developer: Developer613 || Priority: 4 || Dependency on TaskId: [614]
=> New Task ID: 614 || Description: Complex Task 614 || Developer: Developer614 || Priority: 5 || Dependency on TaskId: [615]
=> New Task ID: 615 || Description: Complex Task 615 || Developer: Developer615 || Priority: 1 || Dependency on TaskId: [616]
=> New Task ID: 616 || Description: Complex Task 616 || Developer: Developer616 || Priority: 2 || Dependency on TaskId: [617]
=> New Task ID: 617 || Description: Complex Task 617 || Developer: Developer617 || Priority: 3 || Dependency on TaskId: [618]
=> New Task ID: 618 || Description: Complex Task 618 || Developer: Developer618 || Priority: 4 || Dependency on TaskId: [619]
=> New Task ID: 619 || Description: Complex Task 619 || Developer: Developer619 || Priority: 5 || Dependency on TaskId: [620]
=> New Task ID: 620 || Description: Complex Task 620 || Developer: Developer620 || Priority: 1 || Dependency on TaskId: [621]
=> New Task ID: 621 || Description: Complex Task 621 || Developer: Developer621 || Priority: 2 || Dependency on TaskId: [622]
=> New Task ID: 622 || Description: Complex Task 622 || Developer: Developer622 || Priority: 3 || Dependency on TaskId: [623]
=> New Task ID: 623 || Description: Complex Task 623 || Developer: Developer623 || Priority: 4 || Dependency on TaskId: [624]
=> New Task ID: 624 || Description: Complex Task 624 || Developer: Developer624 || Priority: 5 || Dependency on TaskId: [625]
=> New Task ID: 625 || Description: Complex Task 625 || Developer: Developer625 || Priority: 1 || Dependency on TaskId: [626]
=> New Task ID: 626 || Description: Complex Task 626 || Developer: Developer626 || Priority: 2 || Dependency on TaskId: [627]
=> New Task ID: 627 || Description: Complex Task 627 || Developer: Developer627 || Priority: 3 || Dependency on TaskId: [628]
=> New Task ID: 628 || Description: Complex Task 628 || Developer: Developer628 || Priority: 4 || Dependency on TaskId: [629]
=> New Task ID: 629 || Description: Complex Task 629 || Developer: Developer629 || Priority: 5 || Dependency on TaskId: [630]
=> New Task ID: 630 || Description: Complex Task 630 || Developer: Developer630 || Priority: 1 || Dependency on TaskId: [631]
=> New Task ID: 631 || Description: Complex Task 631 || Developer: Developer631 || Priority: 2 || Dependency on TaskId: [632]
=> New Task ID: 632 || Description: Complex Task 632 || Developer: Developer632 || Priority: 3 || Dependency on TaskId: [633]
=> New Task ID: 633 || Description: Complex Task 633 || Developer: Developer633 || Priority: 4 || Dependency on TaskId: [634]
=> New Task ID: 634 || Description: Complex Task 634 || Developer: Developer634 || Priority: 5 || Dependency on TaskId: [635]
=> New Task ID: 635 || Description: Complex Task 635 || Developer: Developer635 || Priority: 1 || Dependency on TaskId: [636]
=> New Task ID: 636 || Description: Complex Task 636 || Developer: Developer636 || Priority: 2 || Dependency on TaskId: [637]
=> New Task ID: 637 || Description: Complex Task 637 || Developer: Developer637 || Priority: 3 || Dependency on TaskId: [638]
=> New Task ID: 638 || Description: Complex Task 638 || Developer: Developer638 || Priority: 4 || Dependency on TaskId: [639]
=> New Task ID: 639 || Description: Complex Task 639 || Developer: Developer639 || Priority: 5 || Dependency on TaskId: [640]
=> New Task ID: 640 || Description: Complex Task 640 || Developer: Developer640 || Priority: 1 || Dependency on TaskId: [641]
=> New Task ID: 641 || Description: Complex Task 641 || Developer: Developer641 || Priority: 2 || Dependency on TaskId: [642]
=> New Task ID: 642 || Description: Complex Task 642 || Developer: Developer642 || Priority: 3 || Dependency on TaskId: [643]
=> New Task ID: 643 || Description: Complex Task 643 || Developer: Developer643 || Priority: 4 || Dependency on TaskId: [644]
=> New Task ID: 644 || Description: Complex Task 644 || Developer: Developer644 || Priority: 5 || Dependency on TaskId: [645]
=> New Task ID: 645 || Description: Complex Task 645 || Developer: Developer645 || Priority: 1 || Dependency on TaskId: [646]
=> New Task ID: 646 || Description: Complex Task 646 || Developer: Developer646 || Priority: 2 || Dependency on TaskId: [647]
=> New Task ID: 647 || Description: Complex Task 647 || Developer: Developer647 || Priority: 3 || Dependency on TaskId: [648]
=> New Task ID: 648 || Description: Complex Task 648 || Developer: Developer648 || Priority: 4 || Dependency on TaskId: [649]
=> New Task ID: 649 || Description: Complex Task 649 || Developer: Developer649 || Priority: 5 || Dependency on TaskId: [650]
=> New Task ID: 650 || Description: Complex Task 650 || Developer: Developer650 || Priority: 1 || Dependency on TaskId: [651]
=> New Task ID: 651 || Description: Complex Task 651 || Developer: Developer651 || Priority: 2 || Dependency on TaskId: [652]
=> New Task ID: 652 || Description: Complex Task 652 || Developer: Developer652 || Priority: 3 || Dependency on TaskId: [653]
=> New Task ID: 653 || Description: Complex Task 653 || Developer: Developer653 || Priority: 4 || Dependency on TaskId: [654]
=> New Task ID: 654 || Description: Complex Task 654 || Developer: Developer654 || Priority: 5 || Dependency on TaskId: [655]
=> New Task ID: 655 || Description: Complex Task 655 || Developer: Developer655 || Priority: 1 || Dependency on TaskId: [656]
=> New Task ID: 656 || Description: Complex Task 656 || Developer: Developer656 || Priority: 2 || Dependency on TaskId: [657]
=> New Task ID: 657 || Description: Complex Task 657 || Developer: Developer657 || Priority: 3 || Dependency on TaskId: [658]
=> New Task ID: 658 || Description: Complex Task 658 || Developer: Developer658 || Priority: 4 || Dependency on TaskId: [659]
=> New Task ID: 659 || Description: Complex Task 659 || Developer: Developer659 || Priority: 5 || Dependency on TaskId: [660]
=> New Task ID: 660 || Description: Complex Task 660 || Developer: Developer660 || Priority: 1 || Dependency on TaskId: [661]
=> New Task ID: 661 || Description: Complex Task 661 || Developer: Developer661 || Priority: 2 || Dependency on TaskId: [662]
=> New Task ID: 662 || Description: Complex Task 662 || Developer: Developer662 || Priority: 3 || Dependency on TaskId: [663]
=> New Task ID: 663 || Description: Complex Task 663 || Developer: Developer663 || Priority: 4 || Dependency on TaskId: [664]
=> New Task ID: 664 || Description: Complex Task 664 || Developer: Developer664 || Priority: 5 || Dependency on TaskId: [665]
=> New Task ID: 665 || Description: Complex Task 665 || Developer: Developer665 || Priority: 1 || Dependency on TaskId: [666]
=> New Task ID: 666 || Description: Complex Task 666 || Developer: Developer666 || Priority: 2 || Dependency on TaskId: [667]
=> New Task ID: 667 || Description: Complex Task 667 || Developer: Developer667 || Priority: 3 || Dependency on TaskId: [668]
=> New Task ID: 668 || Description: Complex Task 668 || Developer: Developer668 || Priority: 4 || Dependency on TaskId: [669]
=> New Task ID: 669 || Description: Complex Task 669 || Developer: Developer669 || Priority: 5 || Dependency on TaskId: [670]
=> New Task ID: 670 || Description: Complex Task 670 || Developer: Developer670 || Priority: 1 || Dependency on TaskId: [671]
=> New Task ID: 671 || Description: Complex Task 671 || Developer: Developer671 || Priority: 2 || Dependency on TaskId: [672]
=> New Task ID: 672 || Description: Complex Task 672 || Developer: Developer672 || Priority: 3 || Dependency on TaskId: [673]
=> New Task ID: 673 || Description: Complex Task 673 || Developer: Developer673 || Priority: 4 || Dependency on TaskId: [674]
=> New Task ID: 674 || Description: Complex Task 674 || Developer: Developer674 || Priority: 5 || Dependency on TaskId: [675]
=> New Task ID: 675 || Description: Complex Task 675 || Developer: Developer675 || Priority: 1 || Dependency on TaskId: [676]
=> New Task ID: 676 || Description: Complex Task 676 || Developer: Developer676 || Priority: 2 || Dependency on TaskId: [677]
=> New Task ID: 677 || Description: Complex Task 677 || Developer: Developer677 || Priority: 3 || Dependency on TaskId: [678]
=> New Task ID: 678 || Description: Complex Task 678 || Developer: Developer678 || Priority: 4 || Dependency on TaskId: [679]
=> New Task ID: 679 || Description: Complex Task 679 || Developer: Developer679 || Priority: 5 || Dependency on TaskId: [680]
=> New Task ID: 680 || Description: Complex Task 680 || Developer: Developer680 || Priority: 1 || Dependency on TaskId: [681]
=> New Task ID: 681 || Description: Complex Task 681 || Developer: Developer681 || Priority: 2 || Dependency on TaskId: [682]
=> New Task ID: 682 || Description: Complex Task 682 || Developer: Developer682 || Priority: 3 || Dependency on TaskId: [683]
=> New Task ID: 683 || Description: Complex Task 683 || Developer: Developer683 || Priority: 4 || Dependency on TaskId: [684]
=> New Task ID: 684 || Description: Complex Task 684 || Developer: Developer684 || Priority: 5 || Dependency on TaskId: [685]
=> New Task ID: 685 || Description: Complex Task 685 || Developer: Developer685 || Priority: 1 || Dependency on TaskId: [686]
=> New Task ID: 686 || Description: Complex Task 686 || Developer: Developer686 || Priority: 2 || Dependency on TaskId: [687]
=> New Task ID: 687 || Description: Complex Task 687 || Developer: Developer687 || Priority: 3 || Dependency on TaskId: [688]
=> New Task ID: 688 || Description: Complex Task 688 || Developer: Developer688 || Priority: 4 || Dependency on TaskId: [689]
=> New Task ID: 689 || Description: Complex Task 689 || Developer: Developer689 || Priority: 5 || Dependency on TaskId: [690]
=> New Task ID: 690 || Description: Complex Task 690 || Developer: Developer690 || Priority: 1 || Dependency on TaskId: [691]
=> New Task ID: 691 || Description: Complex Task 691 || Developer: Developer691 || Priority: 2 || Dependency on TaskId: [692]
=> New Task ID: 692 || Description: Complex Task 692 || Developer: Developer692 || Priority: 3 || Dependency on TaskId: [693]
=> New Task ID: 693 || Description: Complex Task 693 || Developer: Developer693 || Priority: 4 || Dependency on TaskId: [694]
=> New Task ID: 694 || Description: Complex Task 694 || Developer: Developer694 || Priority: 5 || Dependency on TaskId: [695]
=> New Task ID: 695 || Description: Complex Task 695 || Developer: Developer695 || Priority: 1 || Dependency on TaskId: [696]
=> New Task ID: 696 || Description: Complex Task 696 || Developer: Developer696 || Priority: 2 || Dependency on TaskId: [697]
=> New Task ID: 697 || Description: Complex Task 697 || Developer: Developer697 || Priority: 3 || Dependency on TaskId: [698]
=> New Task ID: 698 || Description: Complex Task 698 || Developer: Developer698 || Priority: 4 || Dependency on TaskId: [699]
=> New Task ID: 699 || Description: Complex Task 699 || Developer: Developer699 || Priority: 5 || Dependency on TaskId: [700]
=> New Task ID: 700 || Description: Complex Task 700 || Developer: Developer700 || Priority: 1 || Dependency on TaskId: [701]
=> New Task ID: 701 || Description: Complex Task 701 || Developer: Developer701 || Priority: 2 || Dependency on TaskId: [702]
=> New Task ID: 702 || Description: Complex Task 702 || Developer: Developer702 || Priority: 3 || Dependency on TaskId: [703]
=> New Task ID: 703 || Description: Complex Task 703 || Developer: Developer703 || Priority: 4 || Dependency on TaskId: [704]
=> New Task ID: 704 || Description: Complex Task 704 || Developer: Developer704 || Priority: 5 || Dependency on TaskId: [705]
=> New Task ID: 705 || Description: Complex Task 705 || Developer: Developer705 || Priority: 1 || Dependency on TaskId: [706]
=> New Task ID: 706 || Description: Complex Task 706 || Developer: Developer706 || Priority: 2 || Dependency on TaskId: [707]
=> New Task ID: 707 || Description: Complex Task 707 || Developer: Developer707 || Priority: 3 || Dependency on TaskId: [708]
=> New Task ID: 708 || Description: Complex Task 708 || Developer: Developer708 || Priority: 4 || Dependency on TaskId: [709]
=> New Task ID: 709 || Description: Complex Task 709 || Developer: Developer709 || Priority: 5 || Dependency on TaskId: [710]
=> New Task ID: 710 || Description: Complex Task 710 || Developer: Developer710 || Priority: 1 || Dependency on TaskId: [711]
=> New Task ID: 711 || Description: Complex Task 711 || Developer: Developer711 || Priority: 2 || Dependency on TaskId: [712]
=> New Task ID: 712 || Description: Complex Task 712 || Developer: Developer712 || Priority: 3 || Dependency on TaskId: [713]
=> New Task ID: 713 || Description: Complex Task 713 || Developer: Developer713 || Priority: 4 || Dependency on TaskId: [714]
=> New Task ID: 714 || Description: Complex Task 714 || Developer: Developer714 || Priority: 5 || Dependency on TaskId: [715]
=> New Task ID: 715 || Description: Complex Task 715 || Developer: Developer715 || Priority: 1 || Dependency on TaskId: [716]
=> New Task ID: 716 || Description: Complex Task 716 || Developer: Developer716 || Priority: 2 || Dependency on TaskId: [717]
=> New Task ID: 717 || Description: Complex Task 717 || Developer: Developer717 || Priority: 3 || Dependency on TaskId: [718]
=> New Task ID: 718 || Description: Complex Task 718 || Developer: Developer718 || Priority: 4 || Dependency on TaskId: [719]
=> New Task ID: 719 || Description: Complex Task 719 || Developer: Developer719 || Priority: 5 || Dependency on TaskId: [720]
=> New Task ID: 720 || Description: Complex Task 720 || Developer: Developer720 || Priority: 1 || Dependency on TaskId: [721]
=> New Task ID: 721 || Description: Complex Task 721 || Developer: Developer721 || Priority: 2 || Dependency on TaskId: [722]
=> New Task ID: 722 || Description: Complex Task 722 || Developer: Developer722 || Priority: 3 || Dependency on TaskId: [723]
=> New Task ID: 723 || Description: Complex Task 723 || Developer: Developer723 || Priority: 4 || Dependency on TaskId: [724]
=> New Task ID: 724 || Description: Complex Task 724 || Developer: Developer724 || Priority: 5 || Dependency on TaskId: [725]
=> New Task ID: 725 || Description: Complex Task 725 || Developer: Developer725 || Priority: 1 || Dependency on TaskId: [726]
=> New Task ID: 726 || Description: Complex Task 726 || Developer: Developer726 || Priority: 2 || Dependency on TaskId: [727]
=> New Task ID: 727 || Description: Complex Task 727 || Developer: Developer727 || Priority: 3 || Dependency on TaskId: [728]
=> New Task ID: 728 || Description: Complex Task 728 || Developer: Developer728 || Priority: 4 || Dependency on TaskId: [729]
=> New Task ID: 729 || Description: Complex Task 729 || Developer: Developer729 || Priority: 5 || Dependency on TaskId: [730]
=> New Task ID: 730 || Description: Complex Task 730 || Developer: Developer730 || Priority: 1 || Dependency on TaskId: [731]
=> New Task ID: 731 || Description: Complex Task 731 || Developer: Developer731 || Priority: 2 || Dependency on TaskId: [732]
=> New Task ID: 732 || Description: Complex Task 732 || Developer: Developer732 || Priority: 3 || Dependency on TaskId: [733]
=> New Task ID: 733 || Description: Complex Task 733 || Developer: Developer733 || Priority: 4 || Dependency on TaskId: [734]
=> New Task ID: 734 || Description: Complex Task 734 || Developer: Developer734 || Priority: 5 || Dependency on TaskId: [735]
=> New Task ID: 735 || Description: Complex Task 735 || Developer: Developer735 || Priority: 1 || Dependency on TaskId: [736]
=> New Task ID: 736 || Description: Complex Task 736 || Developer: Developer736 || Priority: 2 || Dependency on TaskId: [737]
=> New Task ID: 737 || Description: Complex Task 737 || Developer: Developer737 || Priority: 3 || Dependency on TaskId: [738]
=> New Task ID: 738 || Description: Complex Task 738 || Developer: Developer738 || Priority: 4 || Dependency on TaskId: [739]
=> New Task ID: 739 || Description: Complex Task 739 || Developer: Developer739 || Priority: 5 || Dependency on TaskId: [740]
=> New Task ID: 740 || Description: Complex Task 740 || Developer: Developer740 || Priority: 1 || Dependency on TaskId: [741]
=> New Task ID: 741 || Description: Complex Task 741 || Developer: Developer741 || Priority: 2 || Dependency on TaskId: [742]
=> New Task ID: 742 || Description: Complex Task 742 || Developer: Developer742 || Priority: 3 || Dependency on TaskId: [743]
=> New Task ID: 743 || Description: Complex Task 743 || Developer: Developer743 || Priority: 4 || Dependency on TaskId: [744]
=> New Task ID: 744 || Description: Complex Task 744 || Developer: Developer744 || Priority: 5 || Dependency on TaskId: [745]
=> New Task ID: 745 || Description: Complex Task 745 || Developer: Developer745 || Priority: 1 || Dependency on TaskId: [746]
=> New Task ID: 746 || Description: Complex Task 746 || Developer: Developer746 || Priority: 2 || Dependency on TaskId: [747]
=> New Task ID: 747 || Description: Complex Task 747 || Developer: Developer747 || Priority: 3 || Dependency on TaskId: [748]
=> New Task ID: 748 || Description: Complex Task 748 || Developer: Developer748 || Priority: 4 || Dependency on TaskId: [749]
=> New Task ID: 749 || Description: Complex Task 749 || Developer: Developer749 || Priority: 5 || Dependency on TaskId: [750]
=> New Task ID: 750 || Description: Complex Task 750 || Developer: Developer750 || Priority: 1 || Dependency on TaskId: [751]
=> New Task ID: 751 || Description: Complex Task 751 || Developer: Developer751 || Priority: 2 || Dependency on TaskId: [752]
=> New Task ID: 752 || Description: Complex Task 752 || Developer: Developer752 || Priority: 3 || Dependency on TaskId: [753]
=> New Task ID: 753 || Description: Complex Task 753 || Developer: Developer753 || Priority: 4 || Dependency on TaskId: [754]
=> New Task ID: 754 || Description: Complex Task 754 || Developer: Developer754 || Priority: 5 || Dependency on TaskId: [755]
=> New Task ID: 755 || Description: Complex Task 755 || Developer: Developer755 || Priority: 1 || Dependency on TaskId: [756]
=> New Task ID: 756 || Description: Complex Task 756 || Developer: Developer756 || Priority: 2 || Dependency on TaskId: [757]
=> New Task ID: 757 || Description: Complex Task 757 || Developer: Developer757 || Priority: 3 || Dependency on TaskId: [758]
=> New Task ID: 758 || Description: Complex Task 758 || Developer: Developer758 || Priority: 4 || Dependency on TaskId: [759]
=> New Task ID: 759 || Description: Complex Task 759 || Developer: Developer759 || Priority: 5 || Dependency on TaskId: [760]
=> New Task ID: 760 || Description: Complex Task 760 || Developer: Developer760 || Priority: 1 || Dependency on TaskId: [761]
=> New Task ID: 761 || Description: Complex Task 761 || Developer: Developer761 || Priority: 2 || Dependency on TaskId: [762]
=> New Task ID: 762 || Description: Complex Task 762 || Developer: Developer762 || Priority: 3 || Dependency on TaskId: [763]
=> New Task ID: 763 || Description: Complex Task 763 || Developer: Developer763 || Priority: 4 || Dependency on TaskId: [764]
=> New Task ID: 764 || Description: Complex Task 764 || Developer: Developer764 || Priority: 5 || Dependency on TaskId: [765]
=> New Task ID: 765 || Description: Complex Task 765 || Developer: Developer765 || Priority: 1 || Dependency on TaskId: [766]
=> New Task ID: 766 || Description: Complex Task 766 || Developer: Developer766 || Priority: 2 || Dependency on TaskId: [767]
=> New Task ID: 767 || Description: Complex Task 767 || Developer: Developer767 || Priority: 3 || Dependency on TaskId: [768]
=> New Task ID: 768 || Description: Complex Task 768 || Developer: Developer768 || Priority: 4 || Dependency on TaskId: [769]
=> New Task ID: 769 || Description: Complex Task 769 || Developer: Developer769 || Priority: 5 || Dependency on TaskId: [770]
=> New Task ID: 770 || Description: Complex Task 770 || Developer: Developer770 || Priority: 1 || Dependency on TaskId: [771]
=> New Task ID: 771 || Description: Complex Task 771 || Developer: Developer771 || Priority: 2 || Dependency on TaskId: [772]
=> New Task ID: 772 || Description: Complex Task 772 || Developer: Developer772 || Priority: 3 || Dependency on TaskId: [773]
=> New Task ID: 773 || Description: Complex Task 773 || Developer: Developer773 || Priority: 4 || Dependency on TaskId: [774]
=> New Task ID: 774 || Description: Complex Task 774 || Developer: Developer774 || Priority: 5 || Dependency on TaskId: [775]
=> New Task ID: 775 || Description: Complex Task 775 || Developer: Developer775 || Priority: 1 || Dependency on TaskId: [776]
=> New Task ID: 776 || Description: Complex Task 776 || Developer: Developer776 || Priority: 2 || Dependency on TaskId: [777]
=> New Task ID: 777 || Description: Complex Task 777 || Developer: Developer777 || Priority: 3 || Dependency on TaskId: [778]
=> New Task ID: 778 || Description: Complex Task 778 || Developer: Developer778 || Priority: 4 || Dependency on TaskId: [779]
=> New Task ID: 779 || Description: Complex Task 779 || Developer: Developer779 || Priority: 5 || Dependency on TaskId: [780]
=> New Task ID: 780 || Description: Complex Task 780 || Developer: Developer780 || Priority: 1 || Dependency on TaskId: [781]
=> New Task ID: 781 || Description: Complex Task 781 || Developer: Developer781 || Priority: 2 || Dependency on TaskId: [782]
=> New Task ID: 782 || Description: Complex Task 782 || Developer: Developer782 || Priority: 3 || Dependency on TaskId: [783]
=> New Task ID: 783 || Description: Complex Task 783 || Developer: Developer783 || Priority: 4 || Dependency on TaskId: [784]
=> New Task ID: 784 || Description: Complex Task 784 || Developer: Developer784 || Priority: 5 || Dependency on TaskId: [785]
=> New Task ID: 785 || Description: Complex Task 785 || Developer: Developer785 || Priority: 1 || Dependency on TaskId: [786]
=> New Task ID: 786 || Description: Complex Task 786 || Developer: Developer786 || Priority: 2 || Dependency on TaskId: [787]
=> New Task ID: 787 || Description: Complex Task 787 || Developer: Developer787 || Priority: 3 || Dependency on TaskId: [788]
=> New Task ID: 788 || Description: Complex Task 788 || Developer: Developer788 || Priority: 4 || Dependency on TaskId: [789]
=> New Task ID: 789 || Description: Complex Task 789 || Developer: Developer789 || Priority: 5 || Dependency on TaskId: [790]
=> New Task ID: 790 || Description: Complex Task 790 || Developer: Developer790 || Priority: 1 || Dependency on TaskId: [791]
=> New Task ID: 791 || Description: Complex Task 791 || Developer: Developer791 || Priority: 2 || Dependency on TaskId: [792]
=> New Task ID: 792 || Description: Complex Task 792 || Developer: Developer792 || Priority: 3 || Dependency on TaskId: [793]
=> New Task ID: 793 || Description: Complex Task 793 || Developer: Developer793 || Priority: 4 || Dependency on TaskId: [794]
=> New Task ID: 794 || Description: Complex Task 794 || Developer: Developer794 || Priority: 5 || Dependency on TaskId: [795]
=> New Task ID: 795 || Description: Complex Task 795 || Developer: Developer795 || Priority: 1 || Dependency on TaskId: [796]
=> New Task ID: 796 || Description: Complex Task 796 || Developer: Developer796 || Priority: 2 || Dependency on TaskId: [797]
=> New Task ID: 797 || Description: Complex Task 797 || Developer: Developer797 || Priority: 3 || Dependency on TaskId: [798]
=> New Task ID: 798 || Description: Complex Task 798 || Developer: Developer798 || Priority: 4 || Dependency on TaskId: [799]
=> New Task ID: 799 || Description: Complex Task 799 || Developer: Developer799 || Priority: 5 || Dependency on TaskId: [800]
=> New Task ID: 800 || Description: Complex Task 800 || Developer: Developer800 || Priority: 1 || Dependency on TaskId: [801]
=> New Task ID: 801 || Description: Complex Task 801 || Developer: Developer801 || Priority: 2 || Dependency on TaskId: [802]
=> New Task ID: 802 || Description: Complex Task 802 || Developer: Developer802 || Priority: 3 || Dependency on TaskId: [803]
=> New Task ID: 803 || Description: Complex Task 803 || Developer: Developer803 || Priority: 4 || Dependency on TaskId: [804]
=> New Task ID: 804 || Description: Complex Task 804 || Developer: Developer804 || Priority: 5 || Dependency on TaskId: [805]
=> New Task ID: 805 || Description: Complex Task 805 || Developer: Developer805 || Priority: 1 || Dependency on TaskId: [806]
=> New Task ID: 806 || Description: Complex Task 806 || Developer: Developer806 || Priority: 2 || Dependency on TaskId: [807]
=> New Task ID: 807 || Description: Complex Task 807 || Developer: Developer807 || Priority: 3 || Dependency on TaskId: [808]
=> New Task ID: 808 || Description: Complex Task 808 || Developer: Developer808 || Priority: 4 || Dependency on TaskId: [809]
=> New Task ID: 809 || Description: Complex Task 809 || Developer: Developer809 || Priority: 5 || Dependency on TaskId: [810]
=> New Task ID: 810 || Description: Complex Task 810 || Developer: Developer810 || Priority: 1 || Dependency on TaskId: [811]
=> New Task ID: 811 || Description: Complex Task 811 || Developer: Developer811 || Priority: 2 || Dependency on TaskId: [812]
=> New Task ID: 812 || Description: Complex Task 812 || Developer: Developer812 || Priority: 3 || Dependency on TaskId: [813]
=> New Task ID: 813 || Description: Complex Task 813 || Developer: Developer813 || Priority: 4 || Dependency on TaskId: [814]
=> New Task ID: 814 || Description: Complex Task 814 || Developer: Developer814 || Priority: 5 || Dependency on TaskId: [815]
=> New Task ID: 815 || Description: Complex Task 815 || Developer: Developer815 || Priority: 1 || Dependency on TaskId: [816]
=> New Task ID: 816 || Description: Complex Task 816 || Developer: Developer816 || Priority: 2 || Dependency on TaskId: [817]
=> New Task ID: 817 || Description: Complex Task 817 || Developer: Developer817 || Priority: 3 || Dependency on TaskId: [818]
=> New Task ID: 818 || Description: Complex Task 818 || Developer: Developer818 || Priority: 4 || Dependency on TaskId: [819]
=> New Task ID: 819 || Description: Complex Task 819 || Developer: Developer819 || Priority: 5 || Dependency on TaskId: [820]
=> New Task ID: 820 || Description: Complex Task 820 || Developer: Developer820 || Priority: 1 || Dependency on TaskId: [821]
=> New Task ID: 821 || Description: Complex Task 821 || Developer: Developer821 || Priority: 2 || Dependency on TaskId: [822]
=> New Task ID: 822 || Description: Complex Task 822 || Developer: Developer822 || Priority: 3 || Dependency on TaskId: [823]
=> New Task ID: 823 || Description: Complex Task 823 || Developer: Developer823 || Priority: 4 || Dependency on TaskId: [824]
=> New Task ID: 824 || Description: Complex Task 824 || Developer: Developer824 || Priority: 5 || Dependency on TaskId: [825]
=> New Task ID: 825 || Description: Complex Task 825 || Developer: Developer825 || Priority: 1 || Dependency on TaskId: [826]
=> New Task ID: 826 || Description: Complex Task 826 || Developer: Developer826 || Priority: 2 || Dependency on TaskId: [827]
=> New Task ID: 827 || Description: Complex Task 827 || Developer: Developer827 || Priority: 3 || Dependency on TaskId: [828]
=> New Task ID: 828 || Description: Complex Task 828 || Developer: Developer828 || Priority: 4 || Dependency on TaskId: [829]
=> New Task ID: 829 || Description: Complex Task 829 || Developer: Developer829 || Priority: 5 || Dependency on TaskId: [830]
=> New Task ID: 830 || Description: Complex Task 830 || Developer: Developer830 || Priority: 1 || Dependency on TaskId: [831]
=> New Task ID: 831 || Description: Complex Task 831 || Developer: Developer831 || Priority: 2 || Dependency on TaskId: [832]
=> New Task ID: 832 || Description: Complex Task 832 || Developer: Developer832 || Priority: 3 || Dependency on TaskId: [833]
=> New Task ID: 833 || Description: Complex Task 833 || Developer: Developer833 || Priority: 4 || Dependency on TaskId: [834]
=> New Task ID: 834 || Description: Complex Task 834 || Developer: Developer834 || Priority: 5 || Dependency on TaskId: [835]
=> New Task ID: 835 || Description: Complex Task 835 || Developer: Developer835 || Priority: 1 || Dependency on TaskId: [836]
=> New Task ID: 836 || Description: Complex Task 836 || Developer: Developer836 || Priority: 2 || Dependency on TaskId: [837]
=> New Task ID: 837 || Description: Complex Task 837 || Developer: Developer837 || Priority: 3 || Dependency on TaskId: [838]
=> New Task ID: 838 || Description: Complex Task 838 || Developer: Developer838 || Priority: 4 || Dependency on TaskId: [839]
=> New Task ID: 839 || Description: Complex Task 839 || Developer: Developer839 || Priority: 5 || Dependency on TaskId: [840]
=> New Task ID: 840 || Description: Complex Task 840 || Developer: Developer840 || Priority: 1 || Dependency on TaskId: [841]
=> New Task ID: 841 || Description: Complex Task 841 || Developer: Developer841 || Priority: 2 || Dependency on TaskId: [842]
=> New Task ID: 842 || Description: Complex Task 842 || Developer: Developer842 || Priority: 3 || Dependency on TaskId: [843]
=> New Task ID: 843 || Description: Complex Task 843 || Developer: Developer843 || Priority: 4 || Dependency on TaskId: [844]
=> New Task ID: 844 || Description: Complex Task 844 || Developer: Developer844 || Priority: 5 || Dependency on TaskId: [845]
=> New Task ID: 845 || Description: Complex Task 845 || Developer: Developer845 || Priority: 1 || Dependency on TaskId: [846]
=> New Task ID: 846 || Description: Complex Task 846 || Developer: Developer846 || Priority: 2 || Dependency on TaskId: [847]
=> New Task ID: 847 || Description: Complex Task 847 || Developer: Developer847 || Priority: 3 || Dependency on TaskId: [848]
=> New Task ID: 848 || Description: Complex Task 848 || Developer: Developer848 || Priority: 4 || Dependency on TaskId: [849]
=> New Task ID: 849 || Description: Complex Task 849 || Developer: Developer849 || Priority: 5 || Dependency on TaskId: [850]
=> New Task ID: 850 || Description: Complex Task 850 || Developer: Developer850 || Priority: 1 || Dependency on TaskId: [851]
=> New Task ID: 851 || Description: Complex Task 851 || Developer: Developer851 || Priority: 2 || Dependency on TaskId: [852]
=> New Task ID: 852 || Description: Complex Task 852 || Developer: Developer852 || Priority: 3 || Dependency on TaskId: [853]
=> New Task ID: 853 || Description: Complex Task 853 || Developer: Developer853 || Priority: 4 || Dependency on TaskId: [854]
=> New Task ID: 854 || Description: Complex Task 854 || Developer: Developer854 || Priority: 5 || Dependency on TaskId: [855]
=> New Task ID: 855 || Description: Complex Task 855 || Developer: Developer855 || Priority: 1 || Dependency on TaskId: [856]
=> New Task ID: 856 || Description: Complex Task 856 || Developer: Developer856 || Priority: 2 || Dependency on TaskId: [857]
=> New Task ID: 857 || Description: Complex Task 857 || Developer: Developer857 || Priority: 3 || Dependency on TaskId: [858]
=> New Task ID: 858 || Description: Complex Task 858 || Developer: Developer858 || Priority: 4 || Dependency on TaskId: [859]
=> New Task ID: 859 || Description: Complex Task 859 || Developer: Developer859 || Priority: 5 || Dependency on TaskId: [860]
=> New Task ID: 860 || Description: Complex Task 860 || Developer: Developer860 || Priority: 1 || Dependency on TaskId: [861]
=> New Task ID: 861 || Description: Complex Task 861 || Developer: Developer861 || Priority: 2 || Dependency on TaskId: [862]
=> New Task ID: 862 || Description: Complex Task 862 || Developer: Developer862 || Priority: 3 || Dependency on TaskId: [863]
=> New Task ID: 863 || Description: Complex Task 863 || Developer: Developer863 || Priority: 4 || Dependency on TaskId: [864]
=> New Task ID: 864 || Description: Complex Task 864 || Developer: Developer864 || Priority: 5 || Dependency on TaskId: [865]
=> New Task ID: 865 || Description: Complex Task 865 || Developer: Developer865 || Priority: 1 || Dependency on TaskId: [866]
=> New Task ID: 866 || Description: Complex Task 866 || Developer: Developer866 || Priority: 2 || Dependency on TaskId: [867]
=> New Task ID: 867 || Description: Complex Task 867 || Developer: Developer867 || Priority: 3 || Dependency on TaskId: [868]
=> New Task ID: 868 || Description: Complex Task 868 || Developer: Developer868 || Priority: 4 || Dependency on TaskId: [869]
=> New Task ID: 869 || Description: Complex Task 869 || Developer: Developer869 || Priority: 5 || Dependency on TaskId: [870]
=> New Task ID: 870 || Description: Complex Task 870 || Developer: Developer870 || Priority: 1 || Dependency on TaskId: [871]
=> New Task ID: 871 || Description: Complex Task 871 || Developer: Developer871 || Priority: 2 || Dependency on TaskId: [872]
=> New Task ID: 872 || Description: Complex Task 872 || Developer: Developer872 || Priority: 3 || Dependency on TaskId: [873]
=> New Task ID: 873 || Description: Complex Task 873 || Developer: Developer873 || Priority: 4 || Dependency on TaskId: [874]
=> New Task ID: 874 || Description: Complex Task 874 || Developer: Developer874 || Priority: 5 || Dependency on TaskId: [875]
=> New Task ID: 875 || Description: Complex Task 875 || Developer: Developer875 || Priority: 1 || Dependency on TaskId: [876]
=> New Task ID: 876 || Description: Complex Task 876 || Developer: Developer876 || Priority: 2 || Dependency on TaskId: [877]
=> New Task ID: 877 || Description: Complex Task 877 || Developer: Developer877 || Priority: 3 || Dependency on TaskId: [878]
=> New Task ID: 878 || Description: Complex Task 878 || Developer: Developer878 || Priority: 4 || Dependency on TaskId: [879]
=> New Task ID: 879 || Description: Complex Task 879 || Developer: Developer879 || Priority: 5 || Dependency on TaskId: [880]
=> New Task ID: 880 || Description: Complex Task 880 || Developer: Developer880 || Priority: 1 || Dependency on TaskId: [881]
=> New Task ID: 881 || Description: Complex Task 881 || Developer: Developer881 || Priority: 2 || Dependency on TaskId: [882]
=> New Task ID: 882 || Description: Complex Task 882 || Developer: Developer882 || Priority: 3 || Dependency on TaskId: [883]
=> New Task ID: 883 || Description: Complex Task 883 || Developer: Developer883 || Priority: 4 || Dependency on TaskId: [884]
=> New Task ID: 884 || Description: Complex Task 884 || Developer: Developer884 || Priority: 5 || Dependency on TaskId: [885]
=> New Task ID: 885 || Description: Complex Task 885 || Developer: Developer885 || Priority: 1 || Dependency on TaskId: [886]
=> New Task ID: 886 || Description: Complex Task 886 || Developer: Developer886 || Priority: 2 || Dependency on TaskId: [887]
=> New Task ID: 887 || Description: Complex Task 887 || Developer: Developer887 || Priority: 3 || Dependency on TaskId: [888]
=> New Task ID: 888 || Description: Complex Task 888 || Developer: Developer888 || Priority: 4 || Dependency on TaskId: [889]
=> New Task ID: 889 || Description: Complex Task 889 || Developer: Developer889 || Priority: 5 || Dependency on TaskId: [890]
=> New Task ID: 890 || Description: Complex Task 890 || Developer: Developer890 || Priority: 1 || Dependency on TaskId: [891]
=> New Task ID: 891 || Description: Complex Task 891 || Developer: Developer891 || Priority: 2 || Dependency on TaskId: [892]
=> New Task ID: 892 || Description: Complex Task 892 || Developer: Developer892 || Priority: 3 || Dependency on TaskId: [893]
=> New Task ID: 893 || Description: Complex Task 893 || Developer: Developer893 || Priority: 4 || Dependency on TaskId: [894]
=> New Task ID: 894 || Description: Complex Task 894 || Developer: Developer894 || Priority: 5 || Dependency on TaskId: [895]
=> New Task ID: 895 || Description: Complex Task 895 || Developer: Developer895 || Priority: 1 || Dependency on TaskId: [896]
=> New Task ID: 896 || Description: Complex Task 896 || Developer: Developer896 || Priority: 2 || Dependency on TaskId: [897]
=> New Task ID: 897 || Description: Complex Task 897 || Developer: Developer897 || Priority: 3 || Dependency on TaskId: [898]
=> New Task ID: 898 || Description: Complex Task 898 || Developer: Developer898 || Priority: 4 || Dependency on TaskId: [899]
=> New Task ID: 899 || Description: Complex Task 899 || Developer: Developer899 || Priority: 5 || Dependency on TaskId: [900]
=> New Task ID: 900 || Description: Complex Task 900 || Developer: Developer900 || Priority: 1 || Dependency on TaskId: [901]
=> New Task ID: 901 || Description: Complex Task 901 || Developer: Developer901 || Priority: 2 || Dependency on TaskId: [902]
=> New Task ID: 902 || Description: Complex Task 902 || Developer: Developer902 || Priority: 3 || Dependency on TaskId: [903]
=> New Task ID: 903 || Description: Complex Task 903 || Developer: Developer903 || Priority: 4 || Dependency on TaskId: [904]
=> New Task ID: 904 || Description: Complex Task 904 || Developer: Developer904 || Priority: 5 || Dependency on TaskId: [905]
=> New Task ID: 905 || Description: Complex Task 905 || Developer: Developer905 || Priority: 1 || Dependency on TaskId: [906]
=> New Task ID: 906 || Description: Complex Task 906 || Developer: Developer906 || Priority: 2 || Dependency on TaskId: [907]
=> New Task ID: 907 || Description: Complex Task 907 || Developer: Developer907 || Priority: 3 || Dependency on TaskId: [908]
=> New Task ID: 908 || Description: Complex Task 908 || Developer: Developer908 || Priority: 4 || Dependency on TaskId: [909]
=> New Task ID: 909 || Description: Complex Task 909 || Developer: Developer909 || Priority: 5 || Dependency on TaskId: [910]
=> New Task ID: 910 || Description: Complex Task 910 || Developer: Developer910 || Priority: 1 || Dependency on TaskId: [911]
=> New Task ID: 911 || Description: Complex Task 911 || Developer: Developer911 || Priority: 2 || Dependency on TaskId: [912]
=> New Task ID: 912 || Description: Complex Task 912 || Developer: Developer912 || Priority: 3 || Dependency on TaskId: [913]
=> New Task ID: 913 || Description: Complex Task 913 || Developer: Developer913 || Priority: 4 || Dependency on TaskId: [914]
=> New Task ID: 914 || Description: Complex Task 914 || Developer: Developer914 || Priority: 5 || Dependency on TaskId: [915]
=> New Task ID: 915 || Description: Complex Task 915 || Developer: Developer915 || Priority: 1 || Dependency on TaskId: [916]
=> New Task ID: 916 || Description: Complex Task 916 || Developer: Developer916 || Priority: 2 || Dependency on TaskId: [917]
=> New Task ID: 917 || Description: Complex Task 917 || Developer: Developer917 || Priority: 3 || Dependency on TaskId: [918]
=> New Task ID: 918 || Description: Complex Task 918 || Developer: Developer918 || Priority: 4 || Dependency on TaskId: [919]
=> New Task ID: 919 || Description: Complex Task 919 || Developer: Developer919 || Priority: 5 || Dependency on TaskId: [920]
=> New Task ID: 920 || Description: Complex Task 920 || Developer: Developer920 || Priority: 1 || Dependency on TaskId: [921]
=> New Task ID: 921 || Description: Complex Task 921 || Developer: Developer921 || Priority: 2 || Dependency on TaskId: [922]
=> New Task ID: 922 || Description: Complex Task 922 || Developer: Developer922 || Priority: 3 || Dependency on TaskId: [923]
=> New Task ID: 923 || Description: Complex Task 923 || Developer: Developer923 || Priority: 4 || Dependency on TaskId: [924]
=> New Task ID: 924 || Description: Complex Task 924 || Developer: Developer924 || Priority: 5 || Dependency on TaskId: [925]
=> New Task ID: 925 || Description: Complex Task 925 || Developer: Developer925 || Priority: 1 || Dependency on TaskId: [926]
=> New Task ID: 926 || Description: Complex Task 926 || Developer: Developer926 || Priority: 2 || Dependency on TaskId: [927]
=> New Task ID: 927 || Description: Complex Task 927 || Developer: Developer927 || Priority: 3 || Dependency on TaskId: [928]
=> New Task ID: 928 || Description: Complex Task 928 || Developer: Developer928 || Priority: 4 || Dependency on TaskId: [929]
=> New Task ID: 929 || Description: Complex Task 929 || Developer: Developer929 || Priority: 5 || Dependency on TaskId: [930]
=> New Task ID: 930 || Description: Complex Task 930 || Developer: Developer930 || Priority: 1 || Dependency on TaskId: [931]
=> New Task ID: 931 || Description: Complex Task 931 || Developer: Developer931 || Priority: 2 || Dependency on TaskId: [932]
=> New Task ID: 932 || Description: Complex Task 932 || Developer: Developer932 || Priority: 3 || Dependency on TaskId: [933]
=> New Task ID: 933 || Description: Complex Task 933 || Developer: Developer933 || Priority: 4 || Dependency on TaskId: [934]
=> New Task ID: 934 || Description: Complex Task 934 || Developer: Developer934 || Priority: 5 || Dependency on TaskId: [935]
=> New Task ID: 935 || Description: Complex Task 935 || Developer: Developer935 || Priority: 1 || Dependency on TaskId: [936]
=> New Task ID: 936 || Description: Complex Task 936 || Developer: Developer936 || Priority: 2 || Dependency on TaskId: [937]
=> New Task ID: 937 || Description: Complex Task 937 || Developer: Developer937 || Priority: 3 || Dependency on TaskId: [938]
=> New Task ID: 938 || Description: Complex Task 938 || Developer: Developer938 || Priority: 4 || Dependency on TaskId: [939]
=> New Task ID: 939 || Description: Complex Task 939 || Developer: Developer939 || Priority: 5 || Dependency on TaskId: [940]
=> New Task ID: 940 || Description: Complex Task 940 || Developer: Developer940 || Priority: 1 || Dependency on TaskId: [941]
=> New Task ID: 941 || Description: Complex Task 941 || Developer: Developer941 || Priority: 2 || Dependency on TaskId: [942]
=> New Task ID: 942 || Description: Complex Task 942 || Developer: Developer942 || Priority: 3 || Dependency on TaskId: [943]
=> New Task ID: 943 || Description: Complex Task 943 || Developer: Developer943 || Priority: 4 || Dependency on TaskId: [944]
=> New Task ID: 944 || Description: Complex Task 944 || Developer: Developer944 || Priority: 5 || Dependency on TaskId: [945]
=> New Task ID: 945 || Description: Complex Task 945 || Developer: Developer945 || Priority: 1 || Dependency on TaskId: [946]
=> New Task ID: 946 || Description: Complex Task 946 || Developer: Developer946 || Priority: 2 || Dependency on TaskId: [947]
=> New Task ID: 947 || Description: Complex Task 947 || Developer: Developer947 || Priority: 3 || Dependency on TaskId: [948]
=> New Task ID: 948 || Description: Complex Task 948 || Developer: Developer948 || Priority: 4 || Dependency on TaskId: [949]
=> New Task ID: 949 || Description: Complex Task 949 || Developer: Developer949 || Priority: 5 || Dependency on TaskId: [950]
=> New Task ID: 950 || Description: Complex Task 950 || Developer: Developer950 || Priority: 1 || Dependency on TaskId: [951]
=> New Task ID: 951 || Description: Complex Task 951 || Developer: Developer951 || Priority: 2 || Dependency on TaskId: [952]
=> New Task ID: 952 || Description: Complex Task 952 || Developer: Developer952 || Priority: 3 || Dependency on TaskId: [953]
=> New Task ID: 953 || Description: Complex Task 953 || Developer: Developer953 || Priority: 4 || Dependency on TaskId: [954]
=> New Task ID: 954 || Description: Complex Task 954 || Developer: Developer954 || Priority: 5 || Dependency on TaskId: [955]
=> New Task ID: 955 || Description: Complex Task 955 || Developer: Developer955 || Priority: 1 || Dependency on TaskId: [956]
=> New Task ID: 956 || Description: Complex Task 956 || Developer: Developer956 || Priority: 2 || Dependency on TaskId: [957]
=> New Task ID: 957 || Description: Complex Task 957 || Developer: Developer957 || Priority: 3 || Dependency on TaskId: [958]
=> New Task ID: 958 || Description: Complex Task 958 || Developer: Developer958 || Priority: 4 || Dependency on TaskId: [959]
=> New Task ID: 959 || Description: Complex Task 959 || Developer: Developer959 || Priority: 5 || Dependency on TaskId: [960]
=> New Task ID: 960 || Description: Complex Task 960 || Developer: Developer960 || Priority: 1 || Dependency on TaskId: [961]
=> New Task ID: 961 || Description: Complex Task 961 || Developer: Developer961 || Priority: 2 || Dependency on TaskId: [962]
=> New Task ID: 962 || Description: Complex Task 962 || Developer: Developer962 || Priority: 3 || Dependency on TaskId: [963]
=> New Task ID: 963 || Description: Complex Task 963 || Developer: Developer963 || Priority: 4 || Dependency on TaskId: [964]
=> New Task ID: 964 || Description: Complex Task 964 || Developer: Developer964 || Priority: 5 || Dependency on TaskId: [965]
=> New Task ID: 965 || Description: Complex Task 965 || Developer: Developer965 || Priority: 1 || Dependency on TaskId: [966]
=> New Task ID: 966 || Description: Complex Task 966 || Developer: Developer966 || Priority: 2 || Dependency on TaskId: [967]
=> New Task ID: 967 || Description: Complex Task 967 || Developer: Developer967 || Priority: 3 || Dependency on TaskId: [968]
=> New Task ID: 968 || Description: Complex Task 968 || Developer: Developer968 || Priority: 4 || Dependency on TaskId: [969]
=> New Task ID: 969 || Description: Complex Task 969 || Developer: Developer969 || Priority: 5 || Dependency on TaskId: [970]
=> New Task ID: 970 || Description: Complex Task 970 || Developer: Developer970 || Priority: 1 || Dependency on TaskId: [971]
=> New Task ID: 971 || Description: Complex Task 971 || Developer: Developer971 || Priority: 2 || Dependency on TaskId: [972]
=> New Task ID: 972 || Description: Complex Task 972 || Developer: Developer972 || Priority: 3 || Dependency on TaskId: [973]
=> New Task ID: 973 || Description: Complex Task 973 || Developer: Developer973 || Priority: 4 || Dependency on TaskId: [974]
=> New Task ID: 974 || Description: Complex Task 974 || Developer: Developer974 || Priority: 5 || Dependency on TaskId: [975]
=> New Task ID: 975 || Description: Complex Task 975 || Developer: Developer975 || Priority: 1 || Dependency on TaskId: [976]
=> New Task ID: 976 || Description: Complex Task 976 || Developer: Developer976 || Priority: 2 || Dependency on TaskId: [977]
=> New Task ID: 977 || Description: Complex Task 977 || Developer: Developer977 || Priority: 3 || Dependency on TaskId: [978]
=> New Task ID: 978 || Description: Complex Task 978 || Developer: Developer978 || Priority: 4 || Dependency on TaskId: [979]
=> New Task ID: 979 || Description: Complex Task 979 || Developer: Developer979 || Priority: 5 || Dependency on TaskId: [980]
=> New Task ID: 980 || Description: Complex Task 980 || Developer: Developer980 || Priority: 1 || Dependency on TaskId: [981]
=> New Task ID: 981 || Description: Complex Task 981 || Developer: Developer981 || Priority: 2 || Dependency on TaskId: [982]
=> New Task ID: 982 || Description: Complex Task 982 || Developer: Developer982 || Priority: 3 || Dependency on TaskId: [983]
=> New Task ID: 983 || Description: Complex Task 983 || Developer: Developer983 || Priority: 4 || Dependency on TaskId: [984]
=> New Task ID: 984 || Description: Complex Task 984 || Developer: Developer984 || Priority: 5 || Dependency on TaskId: [985]
=> New Task ID: 985 || Description: Complex Task 985 || Developer: Developer985 || Priority: 1 || Dependency on TaskId: [986]
=> New Task ID: 986 || Description: Complex Task 986 || Developer: Developer986 || Priority: 2 || Dependency on TaskId: [987]
=> New Task ID: 987 || Description: Complex Task 987 || Developer: Developer987 || Priority: 3 || Dependency on TaskId: [988]
=> New Task ID: 988 || Description: Complex Task 988 || Developer: Developer988 || Priority: 4 || Dependency on TaskId: [989]
=> New Task ID: 989 || Description: Complex Task 989 || Developer: Developer989 || Priority: 5 || Dependency on TaskId: [990]
=> New Task ID: 990 || Description: Complex Task 990 || Developer: Developer990 || Priority: 1 || Dependency on TaskId: [991]
=> New Task ID: 991 || Description: Complex Task 991 || Developer: Developer991 || Priority: 2 || Dependency on TaskId: [992]
=> New Task ID: 992 || Description: Complex Task 992 || Developer: Developer992 || Priority: 3 || Dependency on TaskId: [993]
=> New Task ID: 993 || Description: Complex Task 993 || Developer: Developer993 || Priority: 4 || Dependency on TaskId: [994]
=> New Task ID: 994 || Description: Complex Task 994 || Developer: Developer994 || Priority: 5 || Dependency on TaskId: [995]
=> New Task ID: 995 || Description: Complex Task 995 || Developer: Developer995 || Priority: 1 || Dependency on TaskId: [996]
=> New Task ID: 996 || Description: Complex Task 996 || Developer: Developer996 || Priority: 2 || Dependency on TaskId: [997]
=> New Task ID: 997 || Description: Complex Task 997 || Developer: Developer997 || Priority: 3 || Dependency on TaskId: [998]
=> New Task ID: 998 || Description: Complex Task 998 || Developer: Developer998 || Priority: 4 || Dependency on TaskId: [999]
=> New Task ID: 999 || Description: Complex Task 999 || Developer: Developer999 || Priority: 5 || Dependency on TaskId: [1000]
=> New Task ID: 1000 || Description: Complex Task 1000 || Developer: Developer0 || Priority: 1 || Dependency on TaskId: [1001]
=> New Task ID: 1001 || Description: Complex Task 1001 || Developer: Developer1 || Priority: 2 || Dependency on TaskId: [1002]
=> New Task ID: 1002 || Description: Complex Task 1002 || Developer: Developer2 || Priority: 3 || Dependency on TaskId: [1003]
=> New Task ID: 1003 || Description: Complex Task 1003 || Developer: Developer3 || Priority: 4 || Dependency on TaskId: [1004]
=> New Task ID: 1004 || Description: Complex Task 1004 || Developer: Developer4 || Priority: 5 || Dependency on TaskId: [1005]
=> New Task ID: 1005 || Description: Complex Task 1005 || Developer: Developer5 || Priority: 1 || Dependency on TaskId: [1006]
=> New Task ID: 1006 || Description: Complex Task 1006 || Developer: Developer6 || Priority: 2 || Dependency on TaskId: [1007]
=> New Task ID: 1007 || Description: Complex Task 1007 || Developer: Developer7 || Priority: 3 || Dependency on TaskId: [1008]
=> New Task ID: 1008 || Description: Complex Task 1008 || Developer: Developer8 || Priority: 4 || Dependency on TaskId: [1009]
=> New Task ID: 1009 || Description: Complex Task 1009 || Developer: Developer9 || Priority: 5 || Dependency on TaskId: [1010]
=> New Task ID: 1010 || Description: Complex Task 1010 || Developer: Developer10 || Priority: 1 || Dependency on TaskId: [1011]
=> New Task ID: 1011 || Description: Complex Task 1011 || Developer: Developer11 || Priority: 2 || Dependency on TaskId: [1012]
=> New Task ID: 1012 || Description: Complex Task 1012 || Developer: Developer12 || Priority: 3 || Dependency on TaskId: [1013]
=> New Task ID: 1013 || Description: Complex Task 1013 || Developer: Developer13 || Priority: 4 || Dependency on TaskId: [1014]
=> New Task ID: 1014 || Description: Complex Task 1014 || Developer: Developer14 || Priority: 5 || Dependency on TaskId: [1015]
=> New Task ID: 1015 || Description: Complex Task 1015 || Developer: Developer15 || Priority: 1 || Dependency on TaskId: [1016]
=> New Task ID: 1016 || Description: Complex Task 1016 || Developer: Developer16 || Priority: 2 || Dependency on TaskId: [1017]
=> New Task ID: 1017 || Description: Complex Task 1017 || Developer: Developer17 || Priority: 3 || Dependency on TaskId: [1018]
=> New Task ID: 1018 || Description: Complex Task 1018 || Developer: Developer18 || Priority: 4 || Dependency on TaskId: [1019]
=> New Task ID: 1019 || Description: Complex Task 1019 || Developer: Developer19 || Priority: 5 || Dependency on TaskId: [1020]
=> New Task ID: 1020 || Description: Complex Task 1020 || Developer: Developer20 || Priority: 1 || Dependency on TaskId: [1021]
=> New Task ID: 1021 || Description: Complex Task 1021 || Developer: Developer21 || Priority: 2 || Dependency on TaskId: [1022]
=> New Task ID: 1022 || Description: Complex Task 1022 || Developer: Developer22 || Priority: 3 || Dependency on TaskId: [1023]
=> New Task ID: 1023 || Description: Complex Task 1023 || Developer: Developer23 || Priority: 4 || Dependency on TaskId: [1024]
=> New Task ID: 1024 || Description: Complex Task 1024 || Developer: Developer24 || Priority: 5 || Dependency on TaskId: [1025]
=> New Task ID: 1025 || Description: Complex Task 1025 || Developer: Developer25 || Priority: 1 || Dependency on TaskId: [1026]
=> New Task ID: 1026 || Description: Complex Task 1026 || Developer: Developer26 || Priority: 2 || Dependency on TaskId: [1027]
=> New Task ID: 1027 || Description: Complex Task 1027 || Developer: Developer27 || Priority: 3 || Dependency on TaskId: [1028]
=> New Task ID: 1028 || Description: Complex Task 1028 || Developer: Developer28 || Priority: 4 || Dependency on TaskId: [1029]
=> New Task ID: 1029 || Description: Complex Task 1029 || Developer: Developer29 || Priority: 5 || Dependency on TaskId: [1030]
=> New Task ID: 1030 || Description: Complex Task 1030 || Developer: Developer30 || Priority: 1 || Dependency on TaskId: [1031]
=> New Task ID: 1031 || Description: Complex Task 1031 || Developer: Developer31 || Priority: 2 || Dependency on TaskId: [1032]
=> New Task ID: 1032 || Description: Complex Task 1032 || Developer: Developer32 || Priority: 3 || Dependency on TaskId: [1033]
=> New Task ID: 1033 || Description: Complex Task 1033 || Developer: Developer33 || Priority: 4 || Dependency on TaskId: [1034]
=> New Task ID: 1034 || Description: Complex Task 1034 || Developer: Developer34 || Priority: 5 || Dependency on TaskId: [1035]
=> New Task ID: 1035 || Description: Complex Task 1035 || Developer: Developer35 || Priority: 1 || Dependency on TaskId: [1036]
=> New Task ID: 1036 || Description: Complex Task 1036 || Developer: Developer36 || Priority: 2 || Dependency on TaskId: [1037]
=> New Task ID: 1037 || Description: Complex Task 1037 || Developer: Developer37 || Priority: 3 || Dependency on TaskId: [1038]
=> New Task ID: 1038 || Description: Complex Task 1038 || Developer: Developer38 || Priority: 4 || Dependency on TaskId: [1039]
=> New Task ID: 1039 || Description: Complex Task 1039 || Developer: Developer39 || Priority: 5 || Dependency on TaskId: [1040]
=> New Task ID: 1040 || Description: Complex Task 1040 || Developer: Developer40 || Priority: 1 || Dependency on TaskId: [1041]
=> New Task ID: 1041 || Description: Complex Task 1041 || Developer: Developer41 || Priority: 2 || Dependency on TaskId: [1042]
=> New Task ID: 1042 || Description: Complex Task 1042 || Developer: Developer42 || Priority: 3 || Dependency on TaskId: [1043]
=> New Task ID: 1043 || Description: Complex Task 1043 || Developer: Developer43 || Priority: 4 || Dependency on TaskId: [1044]
=> New Task ID: 1044 || Description: Complex Task 1044 || Developer: Developer44 || Priority: 5 || Dependency on TaskId: [1045]
=> New Task ID: 1045 || Description: Complex Task 1045 || Developer: Developer45 || Priority: 1 || Dependency on TaskId: [1046]
=> New Task ID: 1046 || Description: Complex Task 1046 || Developer: Developer46 || Priority: 2 || Dependency on TaskId: [1047]
=> New Task ID: 1047 || Description: Complex Task 1047 || Developer: Developer47 || Priority: 3 || Dependency on TaskId: [1048]
=> New Task ID: 1048 || Description: Complex Task 1048 || Developer: Developer48 || Priority: 4 || Dependency on TaskId: [1049]
=> New Task ID: 1049 || Description: Complex Task 1049 || Developer: Developer49 || Priority: 5 || Dependency on TaskId: [1050]
=> New Task ID: 1050 || Description: Complex Task 1050 || Developer: Developer50 || Priority: 1 || Dependency on TaskId: [1051]
=> New Task ID: 1051 || Description: Complex Task 1051 || Developer: Developer51 || Priority: 2 || Dependency on TaskId: [1052]
=> New Task ID: 1052 || Description: Complex Task 1052 || Developer: Developer52 || Priority: 3 || Dependency on TaskId: [1053]
=> New Task ID: 1053 || Description: Complex Task 1053 || Developer: Developer53 || Priority: 4 || Dependency on TaskId: [1054]
=> New Task ID: 1054 || Description: Complex Task 1054 || Developer: Developer54 || Priority: 5 || Dependency on TaskId: [1055]
=> New Task ID: 1055 || Description: Complex Task 1055 || Developer: Developer55 || Priority: 1 || Dependency on TaskId: [1056]
=> New Task ID: 1056 || Description: Complex Task 1056 || Developer: Developer56 || Priority: 2 || Dependency on TaskId: [1057]
=> New Task ID: 1057 || Description: Complex Task 1057 || Developer: Developer57 || Priority: 3 || Dependency on TaskId: [1058]
=> New Task ID: 1058 || Description: Complex Task 1058 || Developer: Developer58 || Priority: 4 || Dependency on TaskId: [1059]
=> New Task ID: 1059 || Description: Complex Task 1059 || Developer: Developer59 || Priority: 5 || Dependency on TaskId: [1060]
=> New Task ID: 1060 || Description: Complex Task 1060 || Developer: Developer60 || Priority: 1 || Dependency on TaskId: [1061]
=> New Task ID: 1061 || Description: Complex Task 1061 || Developer: Developer61 || Priority: 2 || Dependency on TaskId: [1062]
=> New Task ID: 1062 || Description: Complex Task 1062 || Developer: Developer62 || Priority: 3 || Dependency on TaskId: [1063]
=> New Task ID: 1063 || Description: Complex Task 1063 || Developer: Developer63 || Priority: 4 || Dependency on TaskId: [1064]
=> New Task ID: 1064 || Description: Complex Task 1064 || Developer: Developer64 || Priority: 5 || Dependency on TaskId: [1065]
=> New Task ID: 1065 || Description: Complex Task 1065 || Developer: Developer65 || Priority: 1 || Dependency on TaskId: [1066]
=> New Task ID: 1066 || Description: Complex Task 1066 || Developer: Developer66 || Priority: 2 || Dependency on TaskId: [1067]
=> New Task ID: 1067 || Description: Complex Task 1067 || Developer: Developer67 || Priority: 3 || Dependency on TaskId: [1068]
=> New Task ID: 1068 || Description: Complex Task 1068 || Developer: Developer68 || Priority: 4 || Dependency on TaskId: [1069]
=> New Task ID: 1069 || Description: Complex Task 1069 || Developer: Developer69 || Priority: 5 || Dependency on TaskId: [1070]
=> New Task ID: 1070 || Description: Complex Task 1070 || Developer: Developer70 || Priority: 1 || Dependency on TaskId: [1071]
=> New Task ID: 1071 || Description: Complex Task 1071 || Developer: Developer71 || Priority: 2 || Dependency on TaskId: [1072]
=> New Task ID: 1072 || Description: Complex Task 1072 || Developer: Developer72 || Priority: 3 || Dependency on TaskId: [1073]
=> New Task ID: 1073 || Description: Complex Task 1073 || Developer: Developer73 || Priority: 4 || Dependency on TaskId: [1074]
=> New Task ID: 1074 || Description: Complex Task 1074 || Developer: Developer74 || Priority: 5 || Dependency on TaskId: [1075]
=> New Task ID: 1075 || Description: Complex Task 1075 || Developer: Developer75 || Priority: 1 || Dependency on TaskId: [1076]
=> New Task ID: 1076 || Description: Complex Task 1076 || Developer: Developer76 || Priority: 2 || Dependency on TaskId: [1077]
=> New Task ID: 1077 || Description: Complex Task 1077 || Developer: Developer77 || Priority: 3 || Dependency on TaskId: [1078]
=> New Task ID: 1078 || Description: Complex Task 1078 || Developer: Developer78 || Priority: 4 || Dependency on TaskId: [1079]
=> New Task ID: 1079 || Description: Complex Task 1079 || Developer: Developer79 || Priority: 5 || Dependency on TaskId: [1080]
=> New Task ID: 1080 || Description: Complex Task 1080 || Developer: Developer80 || Priority: 1 || Dependency on TaskId: [1081]
=> New Task ID: 1081 || Description: Complex Task 1081 || Developer: Developer81 || Priority: 2 || Dependency on TaskId: [1082]
=> New Task ID: 1082 || Description: Complex Task 1082 || Developer: Developer82 || Priority: 3 || Dependency on TaskId: [1083]
=> New Task ID: 1083 || Description: Complex Task 1083 || Developer: Developer83 || Priority: 4 || Dependency on TaskId: [1084]
=> New Task ID: 1084 || Description: Complex Task 1084 || Developer: Developer84 || Priority: 5 || Dependency on TaskId: [1085]
=> New Task ID: 1085 || Description: Complex Task 1085 || Developer: Developer85 || Priority: 1 || Dependency on TaskId: [1086]
=> New Task ID: 1086 || Description: Complex Task 1086 || Developer: Developer86 || Priority: 2 || Dependency on TaskId: [1087]
=> New Task ID: 1087 || Description: Complex Task 1087 || Developer: Developer87 || Priority: 3 || Dependency on TaskId: [1088]
=> New Task ID: 1088 || Description: Complex Task 1088 || Developer: Developer88 || Priority: 4 || Dependency on TaskId: [1089]
=> New Task ID: 1089 || Description: Complex Task 1089 || Developer: Developer89 || Priority: 5 || Dependency on TaskId: [1090]
=> New Task ID: 1090 || Description: Complex Task 1090 || Developer: Developer90 || Priority: 1 || Dependency on TaskId: [1091]
=> New Task ID: 1091 || Description: Complex Task 1091 || Developer: Developer91 || Priority: 2 || Dependency on TaskId: [1092]
=> New Task ID: 1092 || Description: Complex Task 1092 || Developer: Developer92 || Priority: 3 || Dependency on TaskId: [1093]
=> New Task ID: 1093 || Description: Complex Task 1093 || Developer: Developer93 || Priority: 4 || Dependency on TaskId: [1094]
=> New Task ID: 1094 || Description: Complex Task 1094 || Developer: Developer94 || Priority: 5 || Dependency on TaskId: [1095]
=> New Task ID: 1095 || Description: Complex Task 1095 || Developer: Developer95 || Priority: 1 || Dependency on TaskId: [1096]
=> New Task ID: 1096 || Description: Complex Task 1096 || Developer: Developer96 || Priority: 2 || Dependency on TaskId: [1097]
=> New Task ID: 1097 || Description: Complex Task 1097 || Developer: Developer97 || Priority: 3 || Dependency on TaskId: [1098]
=> New Task ID: 1098 || Description: Complex Task 1098 || Developer: Developer98 || Priority: 4 || Dependency on TaskId: [1099]
=> New Task ID: 1099 || Description: Complex Task 1099 || Developer: Developer99 || Priority: 5 || Dependency on TaskId: [1100]
=> New Task ID: 1100 || Description: Complex Task 1100 || Developer: Developer100 || Priority: 1 || Dependency on TaskId: [1101]
=> New Task ID: 1101 || Description: Complex Task 1101 || Developer: Developer101 || Priority: 2 || Dependency on TaskId: [1102]
=> New Task ID: 1102 || Description: Complex Task 1102 || Developer: Developer102 || Priority: 3 || Dependency on TaskId: [1103]
=> New Task ID: 1103 || Description: Complex Task 1103 || Developer: Developer103 || Priority: 4 || Dependency on TaskId: [1104]
=> New Task ID: 1104 || Description: Complex Task 1104 || Developer: Developer104 || Priority: 5 || Dependency on TaskId: [1105]
=> New Task ID: 1105 || Description: Complex Task 1105 || Developer: Developer105 || Priority: 1 || Dependency on TaskId: [1106]
=> New Task ID: 1106 || Description: Complex Task 1106 || Developer: Developer106 || Priority: 2 || Dependency on TaskId: [1107]
=> New Task ID: 1107 || Description: Complex Task 1107 || Developer: Developer107 || Priority: 3 || Dependency on TaskId: [1108]
=> New Task ID: 1108 || Description: Complex Task 1108 || Developer: Developer108 || Priority: 4 || Dependency on TaskId: [1109]
=> New Task ID: 1109 || Description: Complex Task 1109 || Developer: Developer109 || Priority: 5 || Dependency on TaskId: [1110]
=> New Task ID: 1110 || Description: Complex Task 1110 || Developer: Developer110 || Priority: 1 || Dependency on TaskId: [1111]
=> New Task ID: 1111 || Description: Complex Task 1111 || Developer: Developer111 || Priority: 2 || Dependency on TaskId: [1112]
=> New Task ID: 1112 || Description: Complex Task 1112 || Developer: Developer112 || Priority: 3 || Dependency on TaskId: [1113]
=> New Task ID: 1113 || Description: Complex Task 1113 || Developer: Developer113 || Priority: 4 || Dependency on TaskId: [1114]
=> New Task ID: 1114 || Description: Complex Task 1114 || Developer: Developer114 || Priority: 5 || Dependency on TaskId: [1115]
=> New Task ID: 1115 || Description: Complex Task 1115 || Developer: Developer115 || Priority: 1 || Dependency on TaskId: [1116]
=> New Task ID: 1116 || Description: Complex Task 1116 || Developer: Developer116 || Priority: 2 || Dependency on TaskId: [1117]
=> New Task ID: 1117 || Description: Complex Task 1117 || Developer: Developer117 || Priority: 3 || Dependency on TaskId: [1118]
=> New Task ID: 1118 || Description: Complex Task 1118 || Developer: Developer118 || Priority: 4 || Dependency on TaskId: [1119]
=> New Task ID: 1119 || Description: Complex Task 1119 || Developer: Developer119 || Priority: 5 || Dependency on TaskId: [1120]
=> New Task ID: 1120 || Description: Complex Task 1120 || Developer: Developer120 || Priority: 1 || Dependency on TaskId: [1121]
=> New Task ID: 1121 || Description: Complex Task 1121 || Developer: Developer121 || Priority: 2 || Dependency on TaskId: [1122]
=> New Task ID: 1122 || Description: Complex Task 1122 || Developer: Developer122 || Priority: 3 || Dependency on TaskId: [1123]
=> New Task ID: 1123 || Description: Complex Task 1123 || Developer: Developer123 || Priority: 4 || Dependency on TaskId: [1124]
=> New Task ID: 1124 || Description: Complex Task 1124 || Developer: Developer124 || Priority: 5 || Dependency on TaskId: [1125]
=> New Task ID: 1125 || Description: Complex Task 1125 || Developer: Developer125 || Priority: 1 || Dependency on TaskId: [1126]
=> New Task ID: 1126 || Description: Complex Task 1126 || Developer: Developer126 || Priority: 2 || Dependency on TaskId: [1127]
=> New Task ID: 1127 || Description: Complex Task 1127 || Developer: Developer127 || Priority: 3 || Dependency on TaskId: [1128]
=> New Task ID: 1128 || Description: Complex Task 1128 || Developer: Developer128 || Priority: 4 || Dependency on TaskId: [1129]
=> New Task ID: 1129 || Description: Complex Task 1129 || Developer: Developer129 || Priority: 5 || Dependency on TaskId: [1130]
=> New Task ID: 1130 || Description: Complex Task 1130 || Developer: Developer130 || Priority: 1 || Dependency on TaskId: [1131]
=> New Task ID: 1131 || Description: Complex Task 1131 || Developer: Developer131 || Priority: 2 || Dependency on TaskId: [1132]
=> New Task ID: 1132 || Description: Complex Task 1132 || Developer: Developer132 || Priority: 3 || Dependency on TaskId: [1133]
=> New Task ID: 1133 || Description: Complex Task 1133 || Developer: Developer133 || Priority: 4 || Dependency on TaskId: [1134]
=> New Task ID: 1134 || Description: Complex Task 1134 || Developer: Developer134 || Priority: 5 || Dependency on TaskId: [1135]
=> New Task ID: 1135 || Description: Complex Task 1135 || Developer: Developer135 || Priority: 1 || Dependency on TaskId: [1136]
=> New Task ID: 1136 || Description: Complex Task 1136 || Developer: Developer136 || Priority: 2 || Dependency on TaskId: [1137]
=> New Task ID: 1137 || Description: Complex Task 1137 || Developer: Developer137 || Priority: 3 || Dependency on TaskId: [1138]
=> New Task ID: 1138 || Description: Complex Task 1138 || Developer: Developer138 || Priority: 4 || Dependency on TaskId: [1139]
=> New Task ID: 1139 || Description: Complex Task 1139 || Developer: Developer139 || Priority: 5 || Dependency on TaskId: [1140]
=> New Task ID: 1140 || Description: Complex Task 1140 || Developer: Developer140 || Priority: 1 || Dependency on TaskId: [1141]
=> New Task ID: 1141 || Description: Complex Task 1141 || Developer: Developer141 || Priority: 2 || Dependency on TaskId: [1142]
=> New Task ID: 1142 || Description: Complex Task 1142 || Developer: Developer142 || Priority: 3 || Dependency on TaskId: [1143]
=> New Task ID: 1143 || Description: Complex Task 1143 || Developer: Developer143 || Priority: 4 || Dependency on TaskId: [1144]
=> New Task ID: 1144 || Description: Complex Task 1144 || Developer: Developer144 || Priority: 5 || Dependency on TaskId: [1145]
=> New Task ID: 1145 || Description: Complex Task 1145 || Developer: Developer145 || Priority: 1 || Dependency on TaskId: [1146]
=> New Task ID: 1146 || Description: Complex Task 1146 || Developer: Developer146 || Priority: 2 || Dependency on TaskId: [1147]
=> New Task ID: 1147 || Description: Complex Task 1147 || Developer: Developer147 || Priority: 3 || Dependency on TaskId: [1148]
=> New Task ID: 1148 || Description: Complex Task 1148 || Developer: Developer148 || Priority: 4 || Dependency on TaskId: [1149]
=> New Task ID: 1149 || Description: Complex Task 1149 || Developer: Developer149 || Priority: 5 || Dependency on TaskId: [1150]
=> New Task ID: 1150 || Description: Complex Task 1150 || Developer: Developer150 || Priority: 1 || Dependency on TaskId: [1151]
=> New Task ID: 1151 || Description: Complex Task 1151 || Developer: Developer151 || Priority: 2 || Dependency on TaskId: [1152]
=> New Task ID: 1152 || Description: Complex Task 1152 || Developer: Developer152 || Priority: 3 || Dependency on TaskId: [1153]
=> New Task ID: 1153 || Description: Complex Task 1153 || Developer: Developer153 || Priority: 4 || Dependency on TaskId: [1154]
=> New Task ID: 1154 || Description: Complex Task 1154 || Developer: Developer154 || Priority: 5 || Dependency on TaskId: [1155]
=> New Task ID: 1155 || Description: Complex Task 1155 || Developer: Developer155 || Priority: 1 || Dependency on TaskId: [1156]
=> New Task ID: 1156 || Description: Complex Task 1156 || Developer: Developer156 || Priority: 2 || Dependency on TaskId: [1157]
=> New Task ID: 1157 || Description: Complex Task 1157 || Developer: Developer157 || Priority: 3 || Dependency on TaskId: [1158]
=> New Task ID: 1158 || Description: Complex Task 1158 || Developer: Developer158 || Priority: 4 || Dependency on TaskId: [1159]
=> New Task ID: 1159 || Description: Complex Task 1159 || Developer: Developer159 || Priority: 5 || Dependency on TaskId: [1160]
=> New Task ID: 1160 || Description: Complex Task 1160 || Developer: Developer160 || Priority: 1 || Dependency on TaskId: [1161]
=> New Task ID: 1161 || Description: Complex Task 1161 || Developer: Developer161 || Priority: 2 || Dependency on TaskId: [1162]
=> New Task ID: 1162 || Description: Complex Task 1162 || Developer: Developer162 || Priority: 3 || Dependency on TaskId: [1163]
=> New Task ID: 1163 || Description: Complex Task 1163 || Developer: Developer163 || Priority: 4 || Dependency on TaskId: [1164]
=> New Task ID: 1164 || Description: Complex Task 1164 || Developer: Developer164 || Priority: 5 || Dependency on TaskId: [1165]
=> New Task ID: 1165 || Description: Complex Task 1165 || Developer: Developer165 || Priority: 1 || Dependency on TaskId: [1166]
=> New Task ID: 1166 || Description: Complex Task 1166 || Developer: Developer166 || Priority: 2 || Dependency on TaskId: [1167]
=> New Task ID: 1167 || Description: Complex Task 1167 || Developer: Developer167 || Priority: 3 || Dependency on TaskId: [1168]
=> New Task ID: 1168 || Description: Complex Task 1168 || Developer: Developer168 || Priority: 4 || Dependency on TaskId: [1169]
=> New Task ID: 1169 || Description: Complex Task 1169 || Developer: Developer169 || Priority: 5 || Dependency on TaskId: [1170]
=> New Task ID: 1170 || Description: Complex Task 1170 || Developer: Developer170 || Priority: 1 || Dependency on TaskId: [1171]
=> New Task ID: 1171 || Description: Complex Task 1171 || Developer: Developer171 || Priority: 2 || Dependency on TaskId: [1172]
=> New Task ID: 1172 || Description: Complex Task 1172 || Developer: Developer172 || Priority: 3 || Dependency on TaskId: [1173]
=> New Task ID: 1173 || Description: Complex Task 1173 || Developer: Developer173 || Priority: 4 || Dependency on TaskId: [1174]
=> New Task ID: 1174 || Description: Complex Task 1174 || Developer: Developer174 || Priority: 5 || Dependency on TaskId: [1175]
=> New Task ID: 1175 || Description: Complex Task 1175 || Developer: Developer175 || Priority: 1 || Dependency on TaskId: [1176]
=> New Task ID: 1176 || Description: Complex Task 1176 || Developer: Developer176 || Priority: 2 || Dependency on TaskId: [1177]
=> New Task ID: 1177 || Description: Complex Task 1177 || Developer: Developer177 || Priority: 3 || Dependency on TaskId: [1178]
=> New Task ID: 1178 || Description: Complex Task 1178 || Developer: Developer178 || Priority: 4 || Dependency on TaskId: [1179]
=> New Task ID: 1179 || Description: Complex Task 1179 || Developer: Developer179 || Priority: 5 || Dependency on TaskId: [1180]
=> New Task ID: 1180 || Description: Complex Task 1180 || Developer: Developer180 || Priority: 1 || Dependency on TaskId: [1181]
=> New Task ID: 1181 || Description: Complex Task 1181 || Developer: Developer181 || Priority: 2 || Dependency on TaskId: [1182]
=> New Task ID: 1182 || Description: Complex Task 1182 || Developer: Developer182 || Priority: 3 || Dependency on TaskId: [1183]
=> New Task ID: 1183 || Description: Complex Task 1183 || Developer: Developer183 || Priority: 4 || Dependency on TaskId: [1184]
=> New Task ID: 1184 || Description: Complex Task 1184 || Developer: Developer184 || Priority: 5 || Dependency on TaskId: [1185]
=> New Task ID: 1185 || Description: Complex Task 1185 || Developer: Developer185 || Priority: 1 || Dependency on TaskId: [1186]
=> New Task ID: 1186 || Description: Complex Task 1186 || Developer: Developer186 || Priority: 2 || Dependency on TaskId: [1187]
=> New Task ID: 1187 || Description: Complex Task 1187 || Developer: Developer187 || Priority: 3 || Dependency on TaskId: [1188]
=> New Task ID: 1188 || Description: Complex Task 1188 || Developer: Developer188 || Priority: 4 || Dependency on TaskId: [1189]
=> New Task ID: 1189 || Description: Complex Task 1189 || Developer: Developer189 || Priority: 5 || Dependency on TaskId: [1190]
=> New Task ID: 1190 || Description: Complex Task 1190 || Developer: Developer190 || Priority: 1 || Dependency on TaskId: [1191]
=> New Task ID: 1191 || Description: Complex Task 1191 || Developer: Developer191 || Priority: 2 || Dependency on TaskId: [1192]
=> New Task ID: 1192 || Description: Complex Task 1192 || Developer: Developer192 || Priority: 3 || Dependency on TaskId: [1193]
=> New Task ID: 1193 || Description: Complex Task 1193 || Developer: Developer193 || Priority: 4 || Dependency on TaskId: [1194]
=> New Task ID: 1194 || Description: Complex Task 1194 || Developer: Developer194 || Priority: 5 || Dependency on TaskId: [1195]
=> New Task ID: 1195 || Description: Complex Task 1195 || Developer: Developer195 || Priority: 1 || Dependency on TaskId: [1196]
=> New Task ID: 1196 || Description: Complex Task 1196 || Developer: Developer196 || Priority: 2 || Dependency on TaskId: [1197]
=> New Task ID: 1197 || Description: Complex Task 1197 || Developer: Developer197 || Priority: 3 || Dependency on TaskId: [1198]
=> New Task ID: 1198 || Description: Complex Task 1198 || Developer: Developer198 || Priority: 4 || Dependency on TaskId: [1199]
=> New Task ID: 1199 || Description: Complex Task 1199 || Developer: Developer199 || Priority: 5 || Dependency on TaskId: [1200]
=> New Task ID: 1200 || Description: Complex Task 1200 || Developer: Developer200 || Priority: 1 || Dependency on TaskId: [1201]
=> New Task ID: 1201 || Description: Complex Task 1201 || Developer: Developer201 || Priority: 2 || Dependency on TaskId: [1202]
=> New Task ID: 1202 || Description: Complex Task 1202 || Developer: Developer202 || Priority: 3 || Dependency on TaskId: [1203]
=> New Task ID: 1203 || Description: Complex Task 1203 || Developer: Developer203 || Priority: 4 || Dependency on TaskId: [1204]
=> New Task ID: 1204 || Description: Complex Task 1204 || Developer: Developer204 || Priority: 5 || Dependency on TaskId: [1205]
=> New Task ID: 1205 || Description: Complex Task 1205 || Developer: Developer205 || Priority: 1 || Dependency on TaskId: [1206]
=> New Task ID: 1206 || Description: Complex Task 1206 || Developer: Developer206 || Priority: 2 || Dependency on TaskId: [1207]
=> New Task ID: 1207 || Description: Complex Task 1207 || Developer: Developer207 || Priority: 3 || Dependency on TaskId: [1208]
=> New Task ID: 1208 || Description: Complex Task 1208 || Developer: Developer208 || Priority: 4 || Dependency on TaskId: [1209]
=> New Task ID: 1209 || Description: Complex Task 1209 || Developer: Developer209 || Priority: 5 || Dependency on TaskId: [1210]
=> New Task ID: 1210 || Description: Complex Task 1210 || Developer: Developer210 || Priority: 1 || Dependency on TaskId: [1211]
=> New Task ID: 1211 || Description: Complex Task 1211 || Developer: Developer211 || Priority: 2 || Dependency on TaskId: [1212]
=> New Task ID: 1212 || Description: Complex Task 1212 || Developer: Developer212 || Priority: 3 || Dependency on TaskId: [1213]
=> New Task ID: 1213 || Description: Complex Task 1213 || Developer: Developer213 || Priority: 4 || Dependency on TaskId: [1214]
=> New Task ID: 1214 || Description: Complex Task 1214 || Developer: Developer214 || Priority: 5 || Dependency on TaskId: [1215]
=> New Task ID: 1215 || Description: Complex Task 1215 || Developer: Developer215 || Priority: 1 || Dependency on TaskId: [1216]
=> New Task ID: 1216 || Description: Complex Task 1216 || Developer: Developer216 || Priority: 2 || Dependency on TaskId: [1217]
=> New Task ID: 1217 || Description: Complex Task 1217 || Developer: Developer217 || Priority: 3 || Dependency on TaskId: [1218]
=> New Task ID: 1218 || Description: Complex Task 1218 || Developer: Developer218 || Priority: 4 || Dependency on TaskId: [1219]
=> New Task ID: 1219 || Description: Complex Task 1219 || Developer: Developer219 || Priority: 5 || Dependency on TaskId: [1220]
=> New Task ID: 1220 || Description: Complex Task 1220 || Developer: Developer220 || Priority: 1 || Dependency on TaskId: [1221]
=> New Task ID: 1221 || Description: Complex Task 1221 || Developer: Developer221 || Priority: 2 || Dependency on TaskId: [1222]
=> New Task ID: 1222 || Description: Complex Task 1222 || Developer: Developer222 || Priority: 3 || Dependency on TaskId: [1223]
=> New Task ID: 1223 || Description: Complex Task 1223 || Developer: Developer223 || Priority: 4 || Dependency on TaskId: [1224]
=> New Task ID: 1224 || Description: Complex Task 1224 || Developer: Developer224 || Priority: 5 || Dependency on TaskId: [1225]
=> New Task ID: 1225 || Description: Complex Task 1225 || Developer: Developer225 || Priority: 1 || Dependency on TaskId: [1226]
=> New Task ID: 1226 || Description: Complex Task 1226 || Developer: Developer226 || Priority: 2 || Dependency on TaskId: [1227]
=> New Task ID: 1227 || Description: Complex Task 1227 || Developer: Developer227 || Priority: 3 || Dependency on TaskId: [1228]
=> New Task ID: 1228 || Description: Complex Task 1228 || Developer: Developer228 || Priority: 4 || Dependency on TaskId: [1229]
=> New Task ID: 1229 || Description: Complex Task 1229 || Developer: Developer229 || Priority: 5 || Dependency on TaskId: [1230]
=> New Task ID: 1230 || Description: Complex Task 1230 || Developer: Developer230 || Priority: 1 || Dependency on TaskId: [1231]
=> New Task ID: 1231 || Description: Complex Task 1231 || Developer: Developer231 || Priority: 2 || Dependency on TaskId: [1232]
=> New Task ID: 1232 || Description: Complex Task 1232 || Developer: Developer232 || Priority: 3 || Dependency on TaskId: [1233]
=> New Task ID: 1233 || Description: Complex Task 1233 || Developer: Developer233 || Priority: 4 || Dependency on TaskId: [1234]
=> New Task ID: 1234 || Description: Complex Task 1234 || Developer: Developer234 || Priority: 5 || Dependency on TaskId: [1235]
=> New Task ID: 1235 || Description: Complex Task 1235 || Developer: Developer235 || Priority: 1 || Dependency on TaskId: [1236]
=> New Task ID: 1236 || Description: Complex Task 1236 || Developer: Developer236 || Priority: 2 || Dependency on TaskId: [1237]
=> New Task ID: 1237 || Description: Complex Task 1237 || Developer: Developer237 || Priority: 3 || Dependency on TaskId: [1238]
=> New Task ID: 1238 || Description: Complex Task 1238 || Developer: Developer238 || Priority: 4 || Dependency on TaskId: [1239]
=> New Task ID: 1239 || Description: Complex Task 1239 || Developer: Developer239 || Priority: 5 || Dependency on TaskId: [1240]
=> New Task ID: 1240 || Description: Complex Task 1240 || Developer: Developer240 || Priority: 1 || Dependency on TaskId: [1241]
=> New Task ID: 1241 || Description: Complex Task 1241 || Developer: Developer241 || Priority: 2 || Dependency on TaskId: [1242]
=> New Task ID: 1242 || Description: Complex Task 1242 || Developer: Developer242 || Priority: 3 || Dependency on TaskId: [1243]
=> New Task ID: 1243 || Description: Complex Task 1243 || Developer: Developer243 || Priority: 4 || Dependency on TaskId: [1244]
=> New Task ID: 1244 || Description: Complex Task 1244 || Developer: Developer244 || Priority: 5 || Dependency on TaskId: [1245]
=> New Task ID: 1245 || Description: Complex Task 1245 || Developer: Developer245 || Priority: 1 || Dependency on TaskId: [1246]
=> New Task ID: 1246 || Description: Complex Task 1246 || Developer: Developer246 || Priority: 2 || Dependency on TaskId: [1247]
=> New Task ID: 1247 || Description: Complex Task 1247 || Developer: Developer247 || Priority: 3 || Dependency on TaskId: [1248]
=> New Task ID: 1248 || Description: Complex Task 1248 || Developer: Developer248 || Priority: 4 || Dependency on TaskId: [1249]
=> New Task ID: 1249 || Description: Complex Task 1249 || Developer: Developer249 || Priority: 5 || Dependency on TaskId: [1250]
=> New Task ID: 1250 || Description: Complex Task 1250 || Developer: Developer250 || Priority: 1 || Dependency on TaskId: [1251]
=> New Task ID: 1251 || Description: Complex Task 1251 || Developer: Developer251 || Priority: 2 || Dependency on TaskId: [1252]
=> New Task ID: 1252 || Description: Complex Task 1252 || Developer: Developer252 || Priority: 3 || Dependency on TaskId: [1253]
=> New Task ID: 1253 || Description: Complex Task 1253 || Developer: Developer253 || Priority: 4 || Dependency on TaskId: [1254]
=> New Task ID: 1254 || Description: Complex Task 1254 || Developer: Developer254 || Priority: 5 || Dependency on TaskId: [1255]
=> New Task ID: 1255 || Description: Complex Task 1255 || Developer: Developer255 || Priority: 1 || Dependency on TaskId: [1256]
=> New Task ID: 1256 || Description: Complex Task 1256 || Developer: Developer256 || Priority: 2 || Dependency on TaskId: [1257]
=> New Task ID: 1257 || Description: Complex Task 1257 || Developer: Developer257 || Priority: 3 || Dependency on TaskId: [1258]
=> New Task ID: 1258 || Description: Complex Task 1258 || Developer: Developer258 || Priority: 4 || Dependency on TaskId: [1259]
=> New Task ID: 1259 || Description: Complex Task 1259 || Developer: Developer259 || Priority: 5 || Dependency on TaskId: [1260]
=> New Task ID: 1260 || Description: Complex Task 1260 || Developer: Developer260 || Priority: 1 || Dependency on TaskId: [1261]
=> New Task ID: 1261 || Description: Complex Task 1261 || Developer: Developer261 || Priority: 2 || Dependency on TaskId: [1262]
=> New Task ID: 1262 || Description: Complex Task 1262 || Developer: Developer262 || Priority: 3 || Dependency on TaskId: [1263]
=> New Task ID: 1263 || Description: Complex Task 1263 || Developer: Developer263 || Priority: 4 || Dependency on TaskId: [1264]
=> New Task ID: 1264 || Description: Complex Task 1264 || Developer: Developer264 || Priority: 5 || Dependency on TaskId: [1265]
=> New Task ID: 1265 || Description: Complex Task 1265 || Developer: Developer265 || Priority: 1 || Dependency on TaskId: [1266]
=> New Task ID: 1266 || Description: Complex Task 1266 || Developer: Developer266 || Priority: 2 || Dependency on TaskId: [1267]
=> New Task ID: 1267 || Description: Complex Task 1267 || Developer: Developer267 || Priority: 3 || Dependency on TaskId: [1268]
=> New Task ID: 1268 || Description: Complex Task 1268 || Developer: Developer268 || Priority: 4 || Dependency on TaskId: [1269]
=> New Task ID: 1269 || Description: Complex Task 1269 || Developer: Developer269 || Priority: 5 || Dependency on TaskId: [1270]
=> New Task ID: 1270 || Description: Complex Task 1270 || Developer: Developer270 || Priority: 1 || Dependency on TaskId: [1271]
=> New Task ID: 1271 || Description: Complex Task 1271 || Developer: Developer271 || Priority: 2 || Dependency on TaskId: [1272]
=> New Task ID: 1272 || Description: Complex Task 1272 || Developer: Developer272 || Priority: 3 || Dependency on TaskId: [1273]
=> New Task ID: 1273 || Description: Complex Task 1273 || Developer: Developer273 || Priority: 4 || Dependency on TaskId: [1274]
=> New Task ID: 1274 || Description: Complex Task 1274 || Developer: Developer274 || Priority: 5 || Dependency on TaskId: [1275]
=> New Task ID: 1275 || Description: Complex Task 1275 || Developer: Developer275 || Priority: 1 || Dependency on TaskId: [1276]
=> New Task ID: 1276 || Description: Complex Task 1276 || Developer: Developer276 || Priority: 2 || Dependency on TaskId: [1277]
=> New Task ID: 1277 || Description: Complex Task 1277 || Developer: Developer277 || Priority: 3 || Dependency on TaskId: [1278]
=> New Task ID: 1278 || Description: Complex Task 1278 || Developer: Developer278 || Priority: 4 || Dependency on TaskId: [1279]
=> New Task ID: 1279 || Description: Complex Task 1279 || Developer: Developer279 || Priority: 5 || Dependency on TaskId: [1280]
=> New Task ID: 1280 || Description: Complex Task 1280 || Developer: Developer280 || Priority: 1 || Dependency on TaskId: [1281]
=> New Task ID: 1281 || Description: Complex Task 1281 || Developer: Developer281 || Priority: 2 || Dependency on TaskId: [1282]
=> New Task ID: 1282 || Description: Complex Task 1282 || Developer: Developer282 || Priority: 3 || Dependency on TaskId: [1283]
=> New Task ID: 1283 || Description: Complex Task 1283 || Developer: Developer283 || Priority: 4 || Dependency on TaskId: [1284]
=> New Task ID: 1284 || Description: Complex Task 1284 || Developer: Developer284 || Priority: 5 || Dependency on TaskId: [1285]
=> New Task ID: 1285 || Description: Complex Task 1285 || Developer: Developer285 || Priority: 1 || Dependency on TaskId: [1286]
=> New Task ID: 1286 || Description: Complex Task 1286 || Developer: Developer286 || Priority: 2 || Dependency on TaskId: [1287]
=> New Task ID: 1287 || Description: Complex Task 1287 || Developer: Developer287 || Priority: 3 || Dependency on TaskId: [1288]
=> New Task ID: 1288 || Description: Complex Task 1288 || Developer: Developer288 || Priority: 4 || Dependency on TaskId: [1289]
=> New Task ID: 1289 || Description: Complex Task 1289 || Developer: Developer289 || Priority: 5 || Dependency on TaskId: [1290]
=> New Task ID: 1290 || Description: Complex Task 1290 || Developer: Developer290 || Priority: 1 || Dependency on TaskId: [1291]
=> New Task ID: 1291 || Description: Complex Task 1291 || Developer: Developer291 || Priority: 2 || Dependency on TaskId: [1292]
=> New Task ID: 1292 || Description: Complex Task 1292 || Developer: Developer292 || Priority: 3 || Dependency on TaskId: [1293]
=> New Task ID: 1293 || Description: Complex Task 1293 || Developer: Developer293 || Priority: 4 || Dependency on TaskId: [1294]
=> New Task ID: 1294 || Description: Complex Task 1294 || Developer: Developer294 || Priority: 5 || Dependency on TaskId: [1295]
=> New Task ID: 1295 || Description: Complex Task 1295 || Developer: Developer295 || Priority: 1 || Dependency on TaskId: [1296]
=> New Task ID: 1296 || Description: Complex Task 1296 || Developer: Developer296 || Priority: 2 || Dependency on TaskId: [1297]
=> New Task ID: 1297 || Description: Complex Task 1297 || Developer: Developer297 || Priority: 3 || Dependency on TaskId: [1298]
=> New Task ID: 1298 || Description: Complex Task 1298 || Developer: Developer298 || Priority: 4 || Dependency on TaskId: [1299]
=> New Task ID: 1299 || Description: Complex Task 1299 || Developer: Developer299 || Priority: 5 || Dependency on TaskId: [1300]
=> New Task ID: 1300 || Description: Complex Task 1300 || Developer: Developer300 || Priority: 1 || Dependency on TaskId: [1301]
=> New Task ID: 1301 || Description: Complex Task 1301 || Developer: Developer301 || Priority: 2 || Dependency on TaskId: [1302]
=> New Task ID: 1302 || Description: Complex Task 1302 || Developer: Developer302 || Priority: 3 || Dependency on TaskId: [1303]
=> New Task ID: 1303 || Description: Complex Task 1303 || Developer: Developer303 || Priority: 4 || Dependency on TaskId: [1304]
=> New Task ID: 1304 || Description: Complex Task 1304 || Developer: Developer304 || Priority: 5 || Dependency on TaskId: [1305]
=> New Task ID: 1305 || Description: Complex Task 1305 || Developer: Developer305 || Priority: 1 || Dependency on TaskId: [1306]
=> New Task ID: 1306 || Description: Complex Task 1306 || Developer: Developer306 || Priority: 2 || Dependency on TaskId: [1307]
=> New Task ID: 1307 || Description: Complex Task 1307 || Developer: Developer307 || Priority: 3 || Dependency on TaskId: [1308]
=> New Task ID: 1308 || Description: Complex Task 1308 || Developer: Developer308 || Priority: 4 || Dependency on TaskId: [1309]
=> New Task ID: 1309 || Description: Complex Task 1309 || Developer: Developer309 || Priority: 5 || Dependency on TaskId: [1310]
=> New Task ID: 1310 || Description: Complex Task 1310 || Developer: Developer310 || Priority: 1 || Dependency on TaskId: [1311]
=> New Task ID: 1311 || Description: Complex Task 1311 || Developer: Developer311 || Priority: 2 || Dependency on TaskId: [1312]
=> New Task ID: 1312 || Description: Complex Task 1312 || Developer: Developer312 || Priority: 3 || Dependency on TaskId: [1313]
=> New Task ID: 1313 || Description: Complex Task 1313 || Developer: Developer313 || Priority: 4 || Dependency on TaskId: [1314]
=> New Task ID: 1314 || Description: Complex Task 1314 || Developer: Developer314 || Priority: 5 || Dependency on TaskId: [1315]
=> New Task ID: 1315 || Description: Complex Task 1315 || Developer: Developer315 || Priority: 1 || Dependency on TaskId: [1316]
=> New Task ID: 1316 || Description: Complex Task 1316 || Developer: Developer316 || Priority: 2 || Dependency on TaskId: [1317]
=> New Task ID: 1317 || Description: Complex Task 1317 || Developer: Developer317 || Priority: 3 || Dependency on TaskId: [1318]
=> New Task ID: 1318 || Description: Complex Task 1318 || Developer: Developer318 || Priority: 4 || Dependency on TaskId: [1319]
=> New Task ID: 1319 || Description: Complex Task 1319 || Developer: Developer319 || Priority: 5 || Dependency on TaskId: [1320]
=> New Task ID: 1320 || Description: Complex Task 1320 || Developer: Developer320 || Priority: 1 || Dependency on TaskId: [1321]
=> New Task ID: 1321 || Description: Complex Task 1321 || Developer: Developer321 || Priority: 2 || Dependency on TaskId: [1322]
=> New Task ID: 1322 || Description: Complex Task 1322 || Developer: Developer322 || Priority: 3 || Dependency on TaskId: [1323]
=> New Task ID: 1323 || Description: Complex Task 1323 || Developer: Developer323 || Priority: 4 || Dependency on TaskId: [1324]
=> New Task ID: 1324 || Description: Complex Task 1324 || Developer: Developer324 || Priority: 5 || Dependency on TaskId: [1325]
=> New Task ID: 1325 || Description: Complex Task 1325 || Developer: Developer325 || Priority: 1 || Dependency on TaskId: [1326]
=> New Task ID: 1326 || Description: Complex Task 1326 || Developer: Developer326 || Priority: 2 || Dependency on TaskId: [1327]
=> New Task ID: 1327 || Description: Complex Task 1327 || Developer: Developer327 || Priority: 3 || Dependency on TaskId: [1328]
=> New Task ID: 1328 || Description: Complex Task 1328 || Developer: Developer328 || Priority: 4 || Dependency on TaskId: [1329]
=> New Task ID: 1329 || Description: Complex Task 1329 || Developer: Developer329 || Priority: 5 || Dependency on TaskId: [1330]
=> New Task ID: 1330 || Description: Complex Task 1330 || Developer: Developer330 || Priority: 1 || Dependency on TaskId: [1331]
=> New Task ID: 1331 || Description: Complex Task 1331 || Developer: Developer331 || Priority: 2 || Dependency on TaskId: [1332]
=> New Task ID: 1332 || Description: Complex Task 1332 || Developer: Developer332 || Priority: 3 || Dependency on TaskId: [1333]
=> New Task ID: 1333 || Description: Complex Task 1333 || Developer: Developer333 || Priority: 4 || Dependency on TaskId: [1334]
=> New Task ID: 1334 || Description: Complex Task 1334 || Developer: Developer334 || Priority: 5 || Dependency on TaskId: [1335]
=> New Task ID: 1335 || Description: Complex Task 1335 || Developer: Developer335 || Priority: 1 || Dependency on TaskId: [1336]
=> New Task ID: 1336 || Description: Complex Task 1336 || Developer: Developer336 || Priority: 2 || Dependency on TaskId: [1337]
=> New Task ID: 1337 || Description: Complex Task 1337 || Developer: Developer337 || Priority: 3 || Dependency on TaskId: [1338]
=> New Task ID: 1338 || Description: Complex Task 1338 || Developer: Developer338 || Priority: 4 || Dependency on TaskId: [1339]
=> New Task ID: 1339 || Description: Complex Task 1339 || Developer: Developer339 || Priority: 5 || Dependency on TaskId: [1340]
=> New Task ID: 1340 || Description: Complex Task 1340 || Developer: Developer340 || Priority: 1 || Dependency on TaskId: [1341]
=> New Task ID: 1341 || Description: Complex Task 1341 || Developer: Developer341 || Priority: 2 || Dependency on TaskId: [1342]
=> New Task ID: 1342 || Description: Complex Task 1342 || Developer: Developer342 || Priority: 3 || Dependency on TaskId: [1343]
=> New Task ID: 1343 || Description: Complex Task 1343 || Developer: Developer343 || Priority: 4 || Dependency on TaskId: [1344]
=> New Task ID: 1344 || Description: Complex Task 1344 || Developer: Developer344 || Priority: 5 || Dependency on TaskId: [1345]
=> New Task ID: 1345 || Description: Complex Task 1345 || Developer: Developer345 || Priority: 1 || Dependency on TaskId: [1346]
=> New Task ID: 1346 || Description: Complex Task 1346 || Developer: Developer346 || Priority: 2 || Dependency on TaskId: [1347]
=> New Task ID: 1347 || Description: Complex Task 1347 || Developer: Developer347 || Priority: 3 || Dependency on TaskId: [1348]
=> New Task ID: 1348 || Description: Complex Task 1348 || Developer: Developer348 || Priority: 4 || Dependency on TaskId: [1349]
=> New Task ID: 1349 || Description: Complex Task 1349 || Developer: Developer349 || Priority: 5 || Dependency on TaskId: [1350]
=> New Task ID: 1350 || Description: Complex Task 1350 || Developer: Developer350 || Priority: 1 || Dependency on TaskId: [1351]
=> New Task ID: 1351 || Description: Complex Task 1351 || Developer: Developer351 || Priority: 2 || Dependency on TaskId: [1352]
=> New Task ID: 1352 || Description: Complex Task 1352 || Developer: Developer352 || Priority: 3 || Dependency on TaskId: [1353]
=> New Task ID: 1353 || Description: Complex Task 1353 || Developer: Developer353 || Priority: 4 || Dependency on TaskId: [1354]
=> New Task ID: 1354 || Description: Complex Task 1354 || Developer: Developer354 || Priority: 5 || Dependency on TaskId: [1355]
=> New Task ID: 1355 || Description: Complex Task 1355 || Developer: Developer355 || Priority: 1 || Dependency on TaskId: [1356]
=> New Task ID: 1356 || Description: Complex Task 1356 || Developer: Developer356 || Priority: 2 || Dependency on TaskId: [1357]
=> New Task ID: 1357 || Description: Complex Task 1357 || Developer: Developer357 || Priority: 3 || Dependency on TaskId: [1358]
=> New Task ID: 1358 || Description: Complex Task 1358 || Developer: Developer358 || Priority: 4 || Dependency on TaskId: [1359]
=> New Task ID: 1359 || Description: Complex Task 1359 || Developer: Developer359 || Priority: 5 || Dependency on TaskId: [1360]
=> New Task ID: 1360 || Description: Complex Task 1360 || Developer: Developer360 || Priority: 1 || Dependency on TaskId: [1361]
=> New Task ID: 1361 || Description: Complex Task 1361 || Developer: Developer361 || Priority: 2 || Dependency on TaskId: [1362]
=> New Task ID: 1362 || Description: Complex Task 1362 || Developer: Developer362 || Priority: 3 || Dependency on TaskId: [1363]
=> New Task ID: 1363 || Description: Complex Task 1363 || Developer: Developer363 || Priority: 4 || Dependency on TaskId: [1364]
=> New Task ID: 1364 || Description: Complex Task 1364 || Developer: Developer364 || Priority: 5 || Dependency on TaskId: [1365]
=> New Task ID: 1365 || Description: Complex Task 1365 || Developer: Developer365 || Priority: 1 || Dependency on TaskId: [1366]
=> New Task ID: 1366 || Description: Complex Task 1366 || Developer: Developer366 || Priority: 2 || Dependency on TaskId: [1367]
=> New Task ID: 1367 || Description: Complex Task 1367 || Developer: Developer367 || Priority: 3 || Dependency on TaskId: [1368]
=> New Task ID: 1368 || Description: Complex Task 1368 || Developer: Developer368 || Priority: 4 || Dependency on TaskId: [1369]
=> New Task ID: 1369 || Description: Complex Task 1369 || Developer: Developer369 || Priority: 5 || Dependency on TaskId: [1370]
=> New Task ID: 1370 || Description: Complex Task 1370 || Developer: Developer370 || Priority: 1 || Dependency on TaskId: [1371]
=> New Task ID: 1371 || Description: Complex Task 1371 || Developer: Developer371 || Priority: 2 || Dependency on TaskId: [1372]
=> New Task ID: 1372 || Description: Complex Task 1372 || Developer: Developer372 || Priority: 3 || Dependency on TaskId: [1373]
=> New Task ID: 1373 || Description: Complex Task 1373 || Developer: Developer373 || Priority: 4 || Dependency on TaskId: [1374]
=> New Task ID: 1374 || Description: Complex Task 1374 || Developer: Developer374 || Priority: 5 || Dependency on TaskId: [1375]
=> New Task ID: 1375 || Description: Complex Task 1375 || Developer: Developer375 || Priority: 1 || Dependency on TaskId: [1376]
=> New Task ID: 1376 || Description: Complex Task 1376 || Developer: Developer376 || Priority: 2 || Dependency on TaskId: [1377]
=> New Task ID: 1377 || Description: Complex Task 1377 || Developer: Developer377 || Priority: 3 || Dependency on TaskId: [1378]
=> New Task ID: 1378 || Description: Complex Task 1378 || Developer: Developer378 || Priority: 4 || Dependency on TaskId: [1379]
=> New Task ID: 1379 || Description: Complex Task 1379 || Developer: Developer379 || Priority: 5 || Dependency on TaskId: [1380]
=> New Task ID: 1380 || Description: Complex Task 1380 || Developer: Developer380 || Priority: 1 || Dependency on TaskId: [1381]
=> New Task ID: 1381 || Description: Complex Task 1381 || Developer: Developer381 || Priority: 2 || Dependency on TaskId: [1382]
=> New Task ID: 1382 || Description: Complex Task 1382 || Developer: Developer382 || Priority: 3 || Dependency on TaskId: [1383]
=> New Task ID: 1383 || Description: Complex Task 1383 || Developer: Developer383 || Priority: 4 || Dependency on TaskId: [1384]
=> New Task ID: 1384 || Description: Complex Task 1384 || Developer: Developer384 || Priority: 5 || Dependency on TaskId: [1385]
=> New Task ID: 1385 || Description: Complex Task 1385 || Developer: Developer385 || Priority: 1 || Dependency on TaskId: [1386]
=> New Task ID: 1386 || Description: Complex Task 1386 || Developer: Developer386 || Priority: 2 || Dependency on TaskId: [1387]
=> New Task ID: 1387 || Description: Complex Task 1387 || Developer: Developer387 || Priority: 3 || Dependency on TaskId: [1388]
=> New Task ID: 1388 || Description: Complex Task 1388 || Developer: Developer388 || Priority: 4 || Dependency on TaskId: [1389]
=> New Task ID: 1389 || Description: Complex Task 1389 || Developer: Developer389 || Priority: 5 || Dependency on TaskId: [1390]
=> New Task ID: 1390 || Description: Complex Task 1390 || Developer: Developer390 || Priority: 1 || Dependency on TaskId: [1391]
=> New Task ID: 1391 || Description: Complex Task 1391 || Developer: Developer391 || Priority: 2 || Dependency on TaskId: [1392]
=> New Task ID: 1392 || Description: Complex Task 1392 || Developer: Developer392 || Priority: 3 || Dependency on TaskId: [1393]
=> New Task ID: 1393 || Description: Complex Task 1393 || Developer: Developer393 || Priority: 4 || Dependency on TaskId: [1394]
=> New Task ID: 1394 || Description: Complex Task 1394 || Developer: Developer394 || Priority: 5 || Dependency on TaskId: [1395]
=> New Task ID: 1395 || Description: Complex Task 1395 || Developer: Developer395 || Priority: 1 || Dependency on TaskId: [1396]
=> New Task ID: 1396 || Description: Complex Task 1396 || Developer: Developer396 || Priority: 2 || Dependency on TaskId: [1397]
=> New Task ID: 1397 || Description: Complex Task 1397 || Developer: Developer397 || Priority: 3 || Dependency on TaskId: [1398]
=> New Task ID: 1398 || Description: Complex Task 1398 || Developer: Developer398 || Priority: 4 || Dependency on TaskId: [1399]
=> New Task ID: 1399 || Description: Complex Task 1399 || Developer: Developer399 || Priority: 5 || Dependency on TaskId: [1400]
=> New Task ID: 1400 || Description: Complex Task 1400 || Developer: Developer400 || Priority: 1 || Dependency on TaskId: [1401]
=> New Task ID: 1401 || Description: Complex Task 1401 || Developer: Developer401 || Priority: 2 || Dependency on TaskId: [1402]
=> New Task ID: 1402 || Description: Complex Task 1402 || Developer: Developer402 || Priority: 3 || Dependency on TaskId: [1403]
=> New Task ID: 1403 || Description: Complex Task 1403 || Developer: Developer403 || Priority: 4 || Dependency on TaskId: [1404]
=> New Task ID: 1404 || Description: Complex Task 1404 || Developer: Developer404 || Priority: 5 || Dependency on TaskId: [1405]
=> New Task ID: 1405 || Description: Complex Task 1405 || Developer: Developer405 || Priority: 1 || Dependency on TaskId: [1406]
=> New Task ID: 1406 || Description: Complex Task 1406 || Developer: Developer406 || Priority: 2 || Dependency on TaskId: [1407]
=> New Task ID: 1407 || Description: Complex Task 1407 || Developer: Developer407 || Priority: 3 || Dependency on TaskId: [1408]
=> New Task ID: 1408 || Description: Complex Task 1408 || Developer: Developer408 || Priority: 4 || Dependency on TaskId: [1409]
=> New Task ID: 1409 || Description: Complex Task 1409 || Developer: Developer409 || Priority: 5 || Dependency on TaskId: [1410]
=> New Task ID: 1410 || Description: Complex Task 1410 || Developer: Developer410 || Priority: 1 || Dependency on TaskId: [1411]
=> New Task ID: 1411 || Description: Complex Task 1411 || Developer: Developer411 || Priority: 2 || Dependency on TaskId: [1412]
=> New Task ID: 1412 || Description: Complex Task 1412 || Developer: Developer412 || Priority: 3 || Dependency on TaskId: [1413]
=> New Task ID: 1413 || Description: Complex Task 1413 || Developer: Developer413 || Priority: 4 || Dependency on TaskId: [1414]
=> New Task ID: 1414 || Description: Complex Task 1414 || Developer: Developer414 || Priority: 5 || Dependency on TaskId: [1415]
=> New Task ID: 1415 || Description: Complex Task 1415 || Developer: Developer415 || Priority: 1 || Dependency on TaskId: [1416]
=> New Task ID: 1416 || Description: Complex Task 1416 || Developer: Developer416 || Priority: 2 || Dependency on TaskId: [1417]
=> New Task ID: 1417 || Description: Complex Task 1417 || Developer: Developer417 || Priority: 3 || Dependency on TaskId: [1418]
=> New Task ID: 1418 || Description: Complex Task 1418 || Developer: Developer418 || Priority: 4 || Dependency on TaskId: [1419]
=> New Task ID: 1419 || Description: Complex Task 1419 || Developer: Developer419 || Priority: 5 || Dependency on TaskId: [1420]
=> New Task ID: 1420 || Description: Complex Task 1420 || Developer: Developer420 || Priority: 1 || Dependency on TaskId: [1421]
=> New Task ID: 1421 || Description: Complex Task 1421 || Developer: Developer421 || Priority: 2 || Dependency on TaskId: [1422]
=> New Task ID: 1422 || Description: Complex Task 1422 || Developer: Developer422 || Priority: 3 || Dependency on TaskId: [1423]
=> New Task ID: 1423 || Description: Complex Task 1423 || Developer: Developer423 || Priority: 4 || Dependency on TaskId: [1424]
=> New Task ID: 1424 || Description: Complex Task 1424 || Developer: Developer424 || Priority: 5 || Dependency on TaskId: [1425]
=> New Task ID: 1425 || Description: Complex Task 1425 || Developer: Developer425 || Priority: 1 || Dependency on TaskId: [1426]
=> New Task ID: 1426 || Description: Complex Task 1426 || Developer: Developer426 || Priority: 2 || Dependency on TaskId: [1427]
=> New Task ID: 1427 || Description: Complex Task 1427 || Developer: Developer427 || Priority: 3 || Dependency on TaskId: [1428]
=> New Task ID: 1428 || Description: Complex Task 1428 || Developer: Developer428 || Priority: 4 || Dependency on TaskId: [1429]
=> New Task ID: 1429 || Description: Complex Task 1429 || Developer: Developer429 || Priority: 5 || Dependency on TaskId: [1430]
=> New Task ID: 1430 || Description: Complex Task 1430 || Developer: Developer430 || Priority: 1 || Dependency on TaskId: [1431]
=> New Task ID: 1431 || Description: Complex Task 1431 || Developer: Developer431 || Priority: 2 || Dependency on TaskId: [1432]
=> New Task ID: 1432 || Description: Complex Task 1432 || Developer: Developer432 || Priority: 3 || Dependency on TaskId: [1433]
=> New Task ID: 1433 || Description: Complex Task 1433 || Developer: Developer433 || Priority: 4 || Dependency on TaskId: [1434]
=> New Task ID: 1434 || Description: Complex Task 1434 || Developer: Developer434 || Priority: 5 || Dependency on TaskId: [1435]
=> New Task ID: 1435 || Description: Complex Task 1435 || Developer: Developer435 || Priority: 1 || Dependency on TaskId: [1436]
=> New Task ID: 1436 || Description: Complex Task 1436 || Developer: Developer436 || Priority: 2 || Dependency on TaskId: [1437]
=> New Task ID: 1437 || Description: Complex Task 1437 || Developer: Developer437 || Priority: 3 || Dependency on TaskId: [1438]
=> New Task ID: 1438 || Description: Complex Task 1438 || Developer: Developer438 || Priority: 4 || Dependency on TaskId: [1439]
=> New Task ID: 1439 || Description: Complex Task 1439 || Developer: Developer439 || Priority: 5 || Dependency on TaskId: [1440]
=> New Task ID: 1440 || Description: Complex Task 1440 || Developer: Developer440 || Priority: 1 || Dependency on TaskId: [1441]
=> New Task ID: 1441 || Description: Complex Task 1441 || Developer: Developer441 || Priority: 2 || Dependency on TaskId: [1442]
=> New Task ID: 1442 || Description: Complex Task 1442 || Developer: Developer442 || Priority: 3 || Dependency on TaskId: [1443]
=> New Task ID: 1443 || Description: Complex Task 1443 || Developer: Developer443 || Priority: 4 || Dependency on TaskId: [1444]
=> New Task ID: 1444 || Description: Complex Task 1444 || Developer: Developer444 || Priority: 5 || Dependency on TaskId: [1445]
=> New Task ID: 1445 || Description: Complex Task 1445 || Developer: Developer445 || Priority: 1 || Dependency on TaskId: [1446]
=> New Task ID: 1446 || Description: Complex Task 1446 || Developer: Developer446 || Priority: 2 || Dependency on TaskId: [1447]
=> New Task ID: 1447 || Description: Complex Task 1447 || Developer: Developer447 || Priority: 3 || Dependency on TaskId: [1448]
=> New Task ID: 1448 || Description: Complex Task 1448 || Developer: Developer448 || Priority: 4 || Dependency on TaskId: [1449]
=> New Task ID: 1449 || Description: Complex Task 1449 || Developer: Developer449 || Priority: 5 || Dependency on TaskId: [1450]
=> New Task ID: 1450 || Description: Complex Task 1450 || Developer: Developer450 || Priority: 1 || Dependency on TaskId: [1451]
=> New Task ID: 1451 || Description: Complex Task 1451 || Developer: Developer451 || Priority: 2 || Dependency on TaskId: [1452]
=> New Task ID: 1452 || Description: Complex Task 1452 || Developer: Developer452 || Priority: 3 || Dependency on TaskId: [1453]
=> New Task ID: 1453 || Description: Complex Task 1453 || Developer: Developer453 || Priority: 4 || Dependency on TaskId: [1454]
=> New Task ID: 1454 || Description: Complex Task 1454 || Developer: Developer454 || Priority: 5 || Dependency on TaskId: [1455]
=> New Task ID: 1455 || Description: Complex Task 1455 || Developer: Developer455 || Priority: 1 || Dependency on TaskId: [1456]
=> New Task ID: 1456 || Description: Complex Task 1456 || Developer: Developer456 || Priority: 2 || Dependency on TaskId: [1457]
=> New Task ID: 1457 || Description: Complex Task 1457 || Developer: Developer457 || Priority: 3 || Dependency on TaskId: [1458]
=> New Task ID: 1458 || Description: Complex Task 1458 || Developer: Developer458 || Priority: 4 || Dependency on TaskId: [1459]
=> New Task ID: 1459 || Description: Complex Task 1459 || Developer: Developer459 || Priority: 5 || Dependency on TaskId: [1460]
=> New Task ID: 1460 || Description: Complex Task 1460 || Developer: Developer460 || Priority: 1 || Dependency on TaskId: [1461]
=> New Task ID: 1461 || Description: Complex Task 1461 || Developer: Developer461 || Priority: 2 || Dependency on TaskId: [1462]
=> New Task ID: 1462 || Description: Complex Task 1462 || Developer: Developer462 || Priority: 3 || Dependency on TaskId: [1463]
=> New Task ID: 1463 || Description: Complex Task 1463 || Developer: Developer463 || Priority: 4 || Dependency on TaskId: [1464]
=> New Task ID: 1464 || Description: Complex Task 1464 || Developer: Developer464 || Priority: 5 || Dependency on TaskId: [1465]
=> New Task ID: 1465 || Description: Complex Task 1465 || Developer: Developer465 || Priority: 1 || Dependency on TaskId: [1466]
=> New Task ID: 1466 || Description: Complex Task 1466 || Developer: Developer466 || Priority: 2 || Dependency on TaskId: [1467]
=> New Task ID: 1467 || Description: Complex Task 1467 || Developer: Developer467 || Priority: 3 || Dependency on TaskId: [1468]
=> New Task ID: 1468 || Description: Complex Task 1468 || Developer: Developer468 || Priority: 4 || Dependency on TaskId: [1469]
=> New Task ID: 1469 || Description: Complex Task 1469 || Developer: Developer469 || Priority: 5 || Dependency on TaskId: [1470]
=> New Task ID: 1470 || Description: Complex Task 1470 || Developer: Developer470 || Priority: 1 || Dependency on TaskId: [1471]
=> New Task ID: 1471 || Description: Complex Task 1471 || Developer: Developer471 || Priority: 2 || Dependency on TaskId: [1472]
=> New Task ID: 1472 || Description: Complex Task 1472 || Developer: Developer472 || Priority: 3 || Dependency on TaskId: [1473]
=> New Task ID: 1473 || Description: Complex Task 1473 || Developer: Developer473 || Priority: 4 || Dependency on TaskId: [1474]
=> New Task ID: 1474 || Description: Complex Task 1474 || Developer: Developer474 || Priority: 5 || Dependency on TaskId: [1475]
=> New Task ID: 1475 || Description: Complex Task 1475 || Developer: Developer475 || Priority: 1 || Dependency on TaskId: [1476]
=> New Task ID: 1476 || Description: Complex Task 1476 || Developer: Developer476 || Priority: 2 || Dependency on TaskId: [1477]
=> New Task ID: 1477 || Description: Complex Task 1477 || Developer: Developer477 || Priority: 3 || Dependency on TaskId: [1478]
=> New Task ID: 1478 || Description: Complex Task 1478 || Developer: Developer478 || Priority: 4 || Dependency on TaskId: [1479]
=> New Task ID: 1479 || Description: Complex Task 1479 || Developer: Developer479 || Priority: 5 || Dependency on TaskId: [1480]
=> New Task ID: 1480 || Description: Complex Task 1480 || Developer: Developer480 || Priority: 1 || Dependency on TaskId: [1481]
=> New Task ID: 1481 || Description: Complex Task 1481 || Developer: Developer481 || Priority: 2 || Dependency on TaskId: [1482]
=> New Task ID: 1482 || Description: Complex Task 1482 || Developer: Developer482 || Priority: 3 || Dependency on TaskId: [1483]
=> New Task ID: 1483 || Description: Complex Task 1483 || Developer: Developer483 || Priority: 4 || Dependency on TaskId: [1484]
=> New Task ID: 1484 || Description: Complex Task 1484 || Developer: Developer484 || Priority: 5 || Dependency on TaskId: [1485]
=> New Task ID: 1485 || Description: Complex Task 1485 || Developer: Developer485 || Priority: 1 || Dependency on TaskId: [1486]
=> New Task ID: 1486 || Description: Complex Task 1486 || Developer: Developer486 || Priority: 2 || Dependency on TaskId: [1487]
=> New Task ID: 1487 || Description: Complex Task 1487 || Developer: Developer487 || Priority: 3 || Dependency on TaskId: [1488]
=> New Task ID: 1488 || Description: Complex Task 1488 || Developer: Developer488 || Priority: 4 || Dependency on TaskId: [1489]
=> New Task ID: 1489 || Description: Complex Task 1489 || Developer: Developer489 || Priority: 5 || Dependency on TaskId: [1490]
=> New Task ID: 1490 || Description: Complex Task 1490 || Developer: Developer490 || Priority: 1 || Dependency on TaskId: [1491]
=> New Task ID: 1491 || Description: Complex Task 1491 || Developer: Developer491 || Priority: 2 || Dependency on TaskId: [1492]
=> New Task ID: 1492 || Description: Complex Task 1492 || Developer: Developer492 || Priority: 3 || Dependency on TaskId: [1493]
=> New Task ID: 1493 || Description: Complex Task 1493 || Developer: Developer493 || Priority: 4 || Dependency on TaskId: [1494]
=> New Task ID: 1494 || Description: Complex Task 1494 || Developer: Developer494 || Priority: 5 || Dependency on TaskId: [1495]
=> New Task ID: 1495 || Description: Complex Task 1495 || Developer: Developer495 || Priority: 1 || Dependency on TaskId: [1496]
=> New Task ID: 1496 || Description: Complex Task 1496 || Developer: Developer496 || Priority: 2 || Dependency on TaskId: [1497]
=> New Task ID: 1497 || Description: Complex Task 1497 || Developer: Developer497 || Priority: 3 || Dependency on TaskId: [1498]
=> New Task ID: 1498 || Description: Complex Task 1498 || Developer: Developer498 || Priority: 4 || Dependency on TaskId: [1499]
=> New Task ID: 1499 || Description: Complex Task 1499 || Developer: Developer499 || Priority: 5 || Dependency on TaskId: [1500]
=> New Task ID: 1500 || Description: Complex Task 1500 || Developer: Developer500 || Priority: 1 || Dependency on TaskId: [1501]
=> New Task ID: 1501 || Description: Complex Task 1501 || Developer: Developer501 || Priority: 2 || Dependency on TaskId: [1502]
=> New Task ID: 1502 || Description: Complex Task 1502 || Developer: Developer502 || Priority: 3 || Dependency on TaskId: [1503]
=> New Task ID: 1503 || Description: Complex Task 1503 || Developer: Developer503 || Priority: 4 || Dependency on TaskId: [1504]
=> New Task ID: 1504 || Description: Complex Task 1504 || Developer: Developer504 || Priority: 5 || Dependency on TaskId: [1505]
=> New Task ID: 1505 || Description: Complex Task 1505 || Developer: Developer505 || Priority: 1 || Dependency on TaskId: [1506]
=> New Task ID: 1506 || Description: Complex Task 1506 || Developer: Developer506 || Priority: 2 || Dependency on TaskId: [1507]
=> New Task ID: 1507 || Description: Complex Task 1507 || Developer: Developer507 || Priority: 3 || Dependency on TaskId: [1508]
=> New Task ID: 1508 || Description: Complex Task 1508 || Developer: Developer508 || Priority: 4 || Dependency on TaskId: [1509]
=> New Task ID: 1509 || Description: Complex Task 1509 || Developer: Developer509 || Priority: 5 || Dependency on TaskId: [1510]
=> New Task ID: 1510 || Description: Complex Task 1510 || Developer: Developer510 || Priority: 1 || Dependency on TaskId: [1511]
=> New Task ID: 1511 || Description: Complex Task 1511 || Developer: Developer511 || Priority: 2 || Dependency on TaskId: [1512]
=> New Task ID: 1512 || Description: Complex Task 1512 || Developer: Developer512 || Priority: 3 || Dependency on TaskId: [1513]
=> New Task ID: 1513 || Description: Complex Task 1513 || Developer: Developer513 || Priority: 4 || Dependency on TaskId: [1514]
=> New Task ID: 1514 || Description: Complex Task 1514 || Developer: Developer514 || Priority: 5 || Dependency on TaskId: [1515]
=> New Task ID: 1515 || Description: Complex Task 1515 || Developer: Developer515 || Priority: 1 || Dependency on TaskId: [1516]
=> New Task ID: 1516 || Description: Complex Task 1516 || Developer: Developer516 || Priority: 2 || Dependency on TaskId: [1517]
=> New Task ID: 1517 || Description: Complex Task 1517 || Developer: Developer517 || Priority: 3 || Dependency on TaskId: [1518]
=> New Task ID: 1518 || Description: Complex Task 1518 || Developer: Developer518 || Priority: 4 || Dependency on TaskId: [1519]
=> New Task ID: 1519 || Description: Complex Task 1519 || Developer: Developer519 || Priority: 5 || Dependency on TaskId: [1520]
=> New Task ID: 1520 || Description: Complex Task 1520 || Developer: Developer520 || Priority: 1 || Dependency on TaskId: [1521]
=> New Task ID: 1521 || Description: Complex Task 1521 || Developer: Developer521 || Priority: 2 || Dependency on TaskId: [1522]
=> New Task ID: 1522 || Description: Complex Task 1522 || Developer: Developer522 || Priority: 3 || Dependency on TaskId: [1523]
=> New Task ID: 1523 || Description: Complex Task 1523 || Developer: Developer523 || Priority: 4 || Dependency on TaskId: [1524]
=> New Task ID: 1524 || Description: Complex Task 1524 || Developer: Developer524 || Priority: 5 || Dependency on TaskId: [1525]
=> New Task ID: 1525 || Description: Complex Task 1525 || Developer: Developer525 || Priority: 1 || Dependency on TaskId: [1526]
=> New Task ID: 1526 || Description: Complex Task 1526 || Developer: Developer526 || Priority: 2 || Dependency on TaskId: [1527]
=> New Task ID: 1527 || Description: Complex Task 1527 || Developer: Developer527 || Priority: 3 || Dependency on TaskId: [1528]
=> New Task ID: 1528 || Description: Complex Task 1528 || Developer: Developer528 || Priority: 4 || Dependency on TaskId: [1529]
=> New Task ID: 1529 || Description: Complex Task 1529 || Developer: Developer529 || Priority: 5 || Dependency on TaskId: [1530]
=> New Task ID: 1530 || Description: Complex Task 1530 || Developer: Developer530 || Priority: 1 || Dependency on TaskId: [1531]
=> New Task ID: 1531 || Description: Complex Task 1531 || Developer: Developer531 || Priority: 2 || Dependency on TaskId: [1532]
=> New Task ID: 1532 || Description: Complex Task 1532 || Developer: Developer532 || Priority: 3 || Dependency on TaskId: [1533]
=> New Task ID: 1533 || Description: Complex Task 1533 || Developer: Developer533 || Priority: 4 || Dependency on TaskId: [1534]
=> New Task ID: 1534 || Description: Complex Task 1534 || Developer: Developer534 || Priority: 5 || Dependency on TaskId: [1535]
=> New Task ID: 1535 || Description: Complex Task 1535 || Developer: Developer535 || Priority: 1 || Dependency on TaskId: [1536]
=> New Task ID: 1536 || Description: Complex Task 1536 || Developer: Developer536 || Priority: 2 || Dependency on TaskId: [1537]
=> New Task ID: 1537 || Description: Complex Task 1537 || Developer: Developer537 || Priority: 3 || Dependency on TaskId: [1538]
=> New Task ID: 1538 || Description: Complex Task 1538 || Developer: Developer538 || Priority: 4 || Dependency on TaskId: [1539]
=> New Task ID: 1539 || Description: Complex Task 1539 || Developer: Developer539 || Priority: 5 || Dependency on TaskId: [1540]
=> New Task ID: 1540 || Description: Complex Task 1540 || Developer: Developer540 || Priority: 1 || Dependency on TaskId: [1541]
=> New Task ID: 1541 || Description: Complex Task 1541 || Developer: Developer541 || Priority: 2 || Dependency on TaskId: [1542]
=> New Task ID: 1542 || Description: Complex Task 1542 || Developer: Developer542 || Priority: 3 || Dependency on TaskId: [1543]
=> New Task ID: 1543 || Description: Complex Task 1543 || Developer: Developer543 || Priority: 4 || Dependency on TaskId: [1544]
=> New Task ID: 1544 || Description: Complex Task 1544 || Developer: Developer544 || Priority: 5 || Dependency on TaskId: [1545]
=> New Task ID: 1545 || Description: Complex Task 1545 || Developer: Developer545 || Priority: 1 || Dependency on TaskId: [1546]
=> New Task ID: 1546 || Description: Complex Task 1546 || Developer: Developer546 || Priority: 2 || Dependency on TaskId: [1547]
=> New Task ID: 1547 || Description: Complex Task 1547 || Developer: Developer547 || Priority: 3 || Dependency on TaskId: [1548]
=> New Task ID: 1548 || Description: Complex Task 1548 || Developer: Developer548 || Priority: 4 || Dependency on TaskId: [1549]
=> New Task ID: 1549 || Description: Complex Task 1549 || Developer: Developer549 || Priority: 5 || Dependency on TaskId: [1550]
=> New Task ID: 1550 || Description: Complex Task 1550 || Developer: Developer550 || Priority: 1 || Dependency on TaskId: [1551]
=> New Task ID: 1551 || Description: Complex Task 1551 || Developer: Developer551 || Priority: 2 || Dependency on TaskId: [1552]
=> New Task ID: 1552 || Description: Complex Task 1552 || Developer: Developer552 || Priority: 3 || Dependency on TaskId: [1553]
=> New Task ID: 1553 || Description: Complex Task 1553 || Developer: Developer553 || Priority: 4 || Dependency on TaskId: [1554]
=> New Task ID: 1554 || Description: Complex Task 1554 || Developer: Developer554 || Priority: 5 || Dependency on TaskId: [1555]
=> New Task ID: 1555 || Description: Complex Task 1555 || Developer: Developer555 || Priority: 1 || Dependency on TaskId: [1556]
=> New Task ID: 1556 || Description: Complex Task 1556 || Developer: Developer556 || Priority: 2 || Dependency on TaskId: [1557]
=> New Task ID: 1557 || Description: Complex Task 1557 || Developer: Developer557 || Priority: 3 || Dependency on TaskId: [1558]
=> New Task ID: 1558 || Description: Complex Task 1558 || Developer: Developer558 || Priority: 4 || Dependency on TaskId: [1559]
=> New Task ID: 1559 || Description: Complex Task 1559 || Developer: Developer559 || Priority: 5 || Dependency on TaskId: [1560]
=> New Task ID: 1560 || Description: Complex Task 1560 || Developer: Developer560 || Priority: 1 || Dependency on TaskId: [1561]
=> New Task ID: 1561 || Description: Complex Task 1561 || Developer: Developer561 || Priority: 2 || Dependency on TaskId: [1562]
=> New Task ID: 1562 || Description: Complex Task 1562 || Developer: Developer562 || Priority: 3 || Dependency on TaskId: [1563]
=> New Task ID: 1563 || Description: Complex Task 1563 || Developer: Developer563 || Priority: 4 || Dependency on TaskId: [1564]
=> New Task ID: 1564 || Description: Complex Task 1564 || Developer: Developer564 || Priority: 5 || Dependency on TaskId: [1565]
=> New Task ID: 1565 || Description: Complex Task 1565 || Developer: Developer565 || Priority: 1 || Dependency on TaskId: [1566]
=> New Task ID: 1566 || Description: Complex Task 1566 || Developer: Developer566 || Priority: 2 || Dependency on TaskId: [1567]
=> New Task ID: 1567 || Description: Complex Task 1567 || Developer: Developer567 || Priority: 3 || Dependency on TaskId: [1568]
=> New Task ID: 1568 || Description: Complex Task 1568 || Developer: Developer568 || Priority: 4 || Dependency on TaskId: [1569]
=> New Task ID: 1569 || Description: Complex Task 1569 || Developer: Developer569 || Priority: 5 || Dependency on TaskId: [1570]
=> New Task ID: 1570 || Description: Complex Task 1570 || Developer: Developer570 || Priority: 1 || Dependency on TaskId: [1571]
=> New Task ID: 1571 || Description: Complex Task 1571 || Developer: Developer571 || Priority: 2 || Dependency on TaskId: [1572]
=> New Task ID: 1572 || Description: Complex Task 1572 || Developer: Developer572 || Priority: 3 || Dependency on TaskId: [1573]
=> New Task ID: 1573 || Description: Complex Task 1573 || Developer: Developer573 || Priority: 4 || Dependency on TaskId: [1574]
=> New Task ID: 1574 || Description: Complex Task 1574 || Developer: Developer574 || Priority: 5 || Dependency on TaskId: [1575]
=> New Task ID: 1575 || Description: Complex Task 1575 || Developer: Developer575 || Priority: 1 || Dependency on TaskId: [1576]
=> New Task ID: 1576 || Description: Complex Task 1576 || Developer: Developer576 || Priority: 2 || Dependency on TaskId: [1577]
=> New Task ID: 1577 || Description: Complex Task 1577 || Developer: Developer577 || Priority: 3 || Dependency on TaskId: [1578]
=> New Task ID: 1578 || Description: Complex Task 1578 || Developer: Developer578 || Priority: 4 || Dependency on TaskId: [1579]
=> New Task ID: 1579 || Description: Complex Task 1579 || Developer: Developer579 || Priority: 5 || Dependency on TaskId: [1580]
=> New Task ID: 1580 || Description: Complex Task 1580 || Developer: Developer580 || Priority: 1 || Dependency on TaskId: [1581]
=> New Task ID: 1581 || Description: Complex Task 1581 || Developer: Developer581 || Priority: 2 || Dependency on TaskId: [1582]
=> New Task ID: 1582 || Description: Complex Task 1582 || Developer: Developer582 || Priority: 3 || Dependency on TaskId: [1583]
=> New Task ID: 1583 || Description: Complex Task 1583 || Developer: Developer583 || Priority: 4 || Dependency on TaskId: [1584]
=> New Task ID: 1584 || Description: Complex Task 1584 || Developer: Developer584 || Priority: 5 || Dependency on TaskId: [1585]
=> New Task ID: 1585 || Description: Complex Task 1585 || Developer: Developer585 || Priority: 1 || Dependency on TaskId: [1586]
=> New Task ID: 1586 || Description: Complex Task 1586 || Developer: Developer586 || Priority: 2 || Dependency on TaskId: [1587]
=> New Task ID: 1587 || Description: Complex Task 1587 || Developer: Developer587 || Priority: 3 || Dependency on TaskId: [1588]
=> New Task ID: 1588 || Description: Complex Task 1588 || Developer: Developer588 || Priority: 4 || Dependency on TaskId: [1589]
=> New Task ID: 1589 || Description: Complex Task 1589 || Developer: Developer589 || Priority: 5 || Dependency on TaskId: [1590]
=> New Task ID: 1590 || Description: Complex Task 1590 || Developer: Developer590 || Priority: 1 || Dependency on TaskId: [1591]
=> New Task ID: 1591 || Description: Complex Task 1591 || Developer: Developer591 || Priority: 2 || Dependency on TaskId: [1592]
=> New Task ID: 1592 || Description: Complex Task 1592 || Developer: Developer592 || Priority: 3 || Dependency on TaskId: [1593]
=> New Task ID: 1593 || Description: Complex Task 1593 || Developer: Developer593 || Priority: 4 || Dependency on TaskId: [1594]
=> New Task ID: 1594 || Description: Complex Task 1594 || Developer: Developer594 || Priority: 5 || Dependency on TaskId: [1595]
=> New Task ID: 1595 || Description: Complex Task 1595 || Developer: Developer595 || Priority: 1 || Dependency on TaskId: [1596]
=> New Task ID: 1596 || Description: Complex Task 1596 || Developer: Developer596 || Priority: 2 || Dependency on TaskId: [1597]
=> New Task ID: 1597 || Description: Complex Task 1597 || Developer: Developer597 || Priority: 3 || Dependency on TaskId: [1598]
=> New Task ID: 1598 || Description: Complex Task 1598 || Developer: Developer598 || Priority: 4 || Dependency on TaskId: [1599]
=> New Task ID: 1599 || Description: Complex Task 1599 || Developer: Developer599 || Priority: 5 || Dependency on TaskId: [1600]
=> New Task ID: 1600 || Description: Complex Task 1600 || Developer: Developer600 || Priority: 1 || Dependency on TaskId: [1601]
=> New Task ID: 1601 || Description: Complex Task 1601 || Developer: Developer601 || Priority: 2 || Dependency on TaskId: [1602]
=> New Task ID: 1602 || Description: Complex Task 1602 || Developer: Developer602 || Priority: 3 || Dependency on TaskId: [1603]
=> New Task ID: 1603 || Description: Complex Task 1603 || Developer: Developer603 || Priority: 4 || Dependency on TaskId: [1604]
=> New Task ID: 1604 || Description: Complex Task 1604 || Developer: Developer604 || Priority: 5 || Dependency on TaskId: [1605]
=> New Task ID: 1605 || Description: Complex Task 1605 || Developer: Developer605 || Priority: 1 || Dependency on TaskId: [1606]
=> New Task ID: 1606 || Description: Complex Task 1606 || Developer: Developer606 || Priority: 2 || Dependency on TaskId: [1607]
=> New Task ID: 1607 || Description: Complex Task 1607 || Developer: Developer607 || Priority: 3 || Dependency on TaskId: [1608]
=> New Task ID: 1608 || Description: Complex Task 1608 || Developer: Developer608 || Priority: 4 || Dependency on TaskId: [1609]
=> New Task ID: 1609 || Description: Complex Task 1609 || Developer: Developer609 || Priority: 5 || Dependency on TaskId: [1610]
=> New Task ID: 1610 || Description: Complex Task 1610 || Developer: Developer610 || Priority: 1 || Dependency on TaskId: [1611]
=> New Task ID: 1611 || Description: Complex Task 1611 || Developer: Developer611 || Priority: 2 || Dependency on TaskId: [1612]
=> New Task ID: 1612 || Description: Complex Task 1612 || Developer: Developer612 || Priority: 3 || Dependency on TaskId: [1613]
=> New Task ID: 1613 || Description: Complex Task 1613 || Developer: Developer613 || Priority: 4 || Dependency on TaskId: [1614]
=> New Task ID: 1614 || Description: Complex Task 1614 || Developer: Developer614 || Priority: 5 || Dependency on TaskId: [1615]
=> New Task ID: 1615 || Description: Complex Task 1615 || Developer: Developer615 || Priority: 1 || Dependency on TaskId: [1616]
=> New Task ID: 1616 || Description: Complex Task 1616 || Developer: Developer616 || Priority: 2 || Dependency on TaskId: [1617]
=> New Task ID: 1617 || Description: Complex Task 1617 || Developer: Developer617 || Priority: 3 || Dependency on TaskId: [1618]
=> New Task ID: 1618 || Description: Complex Task 1618 || Developer: Developer618 || Priority: 4 || Dependency on TaskId: [1619]
=> New Task ID: 1619 || Description: Complex Task 1619 || Developer: Developer619 || Priority: 5 || Dependency on TaskId: [1620]
=> New Task ID: 1620 || Description: Complex Task 1620 || Developer: Developer620 || Priority: 1 || Dependency on TaskId: [1621]
=> New Task ID: 1621 || Description: Complex Task 1621 || Developer: Developer621 || Priority: 2 || Dependency on TaskId: [1622]
=> New Task ID: 1622 || Description: Complex Task 1622 || Developer: Developer622 || Priority: 3 || Dependency on TaskId: [1623]
=> New Task ID: 1623 || Description: Complex Task 1623 || Developer: Developer623 || Priority: 4 || Dependency on TaskId: [1624]
=> New Task ID: 1624 || Description: Complex Task 1624 || Developer: Developer624 || Priority: 5 || Dependency on TaskId: [1625]
=> New Task ID: 1625 || Description: Complex Task 1625 || Developer: Developer625 || Priority: 1 || Dependency on TaskId: [1626]
=> New Task ID: 1626 || Description: Complex Task 1626 || Developer: Developer626 || Priority: 2 || Dependency on TaskId: [1627]
=> New Task ID: 1627 || Description: Complex Task 1627 || Developer: Developer627 || Priority: 3 || Dependency on TaskId: [1628]
=> New Task ID: 1628 || Description: Complex Task 1628 || Developer: Developer628 || Priority: 4 || Dependency on TaskId: [1629]
=> New Task ID: 1629 || Description: Complex Task 1629 || Developer: Developer629 || Priority: 5 || Dependency on TaskId: [1630]
=> New Task ID: 1630 || Description: Complex Task 1630 || Developer: Developer630 || Priority: 1 || Dependency on TaskId: [1631]
=> New Task ID: 1631 || Description: Complex Task 1631 || Developer: Developer631 || Priority: 2 || Dependency on TaskId: [1632]
=> New Task ID: 1632 || Description: Complex Task 1632 || Developer: Developer632 || Priority: 3 || Dependency on TaskId: [1633]
=> New Task ID: 1633 || Description: Complex Task 1633 || Developer: Developer633 || Priority: 4 || Dependency on TaskId: [1634]
=> New Task ID: 1634 || Description: Complex Task 1634 || Developer: Developer634 || Priority: 5 || Dependency on TaskId: [1635]
=> New Task ID: 1635 || Description: Complex Task 1635 || Developer: Developer635 || Priority: 1 || Dependency on TaskId: [1636]
=> New Task ID: 1636 || Description: Complex Task 1636 || Developer: Developer636 || Priority: 2 || Dependency on TaskId: [1637]
=> New Task ID: 1637 || Description: Complex Task 1637 || Developer: Developer637 || Priority: 3 || Dependency on TaskId: [1638]
=> New Task ID: 1638 || Description: Complex Task 1638 || Developer: Developer638 || Priority: 4 || Dependency on TaskId: [1639]
=> New Task ID: 1639 || Description: Complex Task 1639 || Developer: Developer639 || Priority: 5 || Dependency on TaskId: [1640]
=> New Task ID: 1640 || Description: Complex Task 1640 || Developer: Developer640 || Priority: 1 || Dependency on TaskId: [1641]
=> New Task ID: 1641 || Description: Complex Task 1641 || Developer: Developer641 || Priority: 2 || Dependency on TaskId: [1642]
=> New Task ID: 1642 || Description: Complex Task 1642 || Developer: Developer642 || Priority: 3 || Dependency on TaskId: [1643]
=> New Task ID: 1643 || Description: Complex Task 1643 || Developer: Developer643 || Priority: 4 || Dependency on TaskId: [1644]
=> New Task ID: 1644 || Description: Complex Task 1644 || Developer: Developer644 || Priority: 5 || Dependency on TaskId: [1645]
=> New Task ID: 1645 || Description: Complex Task 1645 || Developer: Developer645 || Priority: 1 || Dependency on TaskId: [1646]
=> New Task ID: 1646 || Description: Complex Task 1646 || Developer: Developer646 || Priority: 2 || Dependency on TaskId: [1647]
=> New Task ID: 1647 || Description: Complex Task 1647 || Developer: Developer647 || Priority: 3 || Dependency on TaskId: [1648]
=> New Task ID: 1648 || Description: Complex Task 1648 || Developer: Developer648 || Priority: 4 || Dependency on TaskId: [1649]
=> New Task ID: 1649 || Description: Complex Task 1649 || Developer: Developer649 || Priority: 5 || Dependency on TaskId: [1650]
=> New Task ID: 1650 || Description: Complex Task 1650 || Developer: Developer650 || Priority: 1 || Dependency on TaskId: [1651]
=> New Task ID: 1651 || Description: Complex Task 1651 || Developer: Developer651 || Priority: 2 || Dependency on TaskId: [1652]
=> New Task ID: 1652 || Description: Complex Task 1652 || Developer: Developer652 || Priority: 3 || Dependency on TaskId: [1653]
=> New Task ID: 1653 || Description: Complex Task 1653 || Developer: Developer653 || Priority: 4 || Dependency on TaskId: [1654]
=> New Task ID: 1654 || Description: Complex Task 1654 || Developer: Developer654 || Priority: 5 || Dependency on TaskId: [1655]
=> New Task ID: 1655 || Description: Complex Task 1655 || Developer: Developer655 || Priority: 1 || Dependency on TaskId: [1656]
=> New Task ID: 1656 || Description: Complex Task 1656 || Developer: Developer656 || Priority: 2 || Dependency on TaskId: [1657]
=> New Task ID: 1657 || Description: Complex Task 1657 || Developer: Developer657 || Priority: 3 || Dependency on TaskId: [1658]
=> New Task ID: 1658 || Description: Complex Task 1658 || Developer: Developer658 || Priority: 4 || Dependency on TaskId: [1659]
=> New Task ID: 1659 || Description: Complex Task 1659 || Developer: Developer659 || Priority: 5 || Dependency on TaskId: [1660]
=> New Task ID: 1660 || Description: Complex Task 1660 || Developer: Developer660 || Priority: 1 || Dependency on TaskId: [1661]
=> New Task ID: 1661 || Description: Complex Task 1661 || Developer: Developer661 || Priority: 2 || Dependency on TaskId: [1662]
=> New Task ID: 1662 || Description: Complex Task 1662 || Developer: Developer662 || Priority: 3 || Dependency on TaskId: [1663]
=> New Task ID: 1663 || Description: Complex Task 1663 || Developer: Developer663 || Priority: 4 || Dependency on TaskId: [1664]
=> New Task ID: 1664 || Description: Complex Task 1664 || Developer: Developer664 || Priority: 5 || Dependency on TaskId: [1665]
=> New Task ID: 1665 || Description: Complex Task 1665 || Developer: Developer665 || Priority: 1 || Dependency on TaskId: [1666]
=> New Task ID: 1666 || Description: Complex Task 1666 || Developer: Developer666 || Priority: 2 || Dependency on TaskId: [1667]
=> New Task ID: 1667 || Description: Complex Task 1667 || Developer: Developer667 || Priority: 3 || Dependency on TaskId: [1668]
=> New Task ID: 1668 || Description: Complex Task 1668 || Developer: Developer668 || Priority: 4 || Dependency on TaskId: [1669]
=> New Task ID: 1669 || Description: Complex Task 1669 || Developer: Developer669 || Priority: 5 || Dependency on TaskId: [1670]
=> New Task ID: 1670 || Description: Complex Task 1670 || Developer: Developer670 || Priority: 1 || Dependency on TaskId: [1671]
=> New Task ID: 1671 || Description: Complex Task 1671 || Developer: Developer671 || Priority: 2 || Dependency on TaskId: [1672]
=> New Task ID: 1672 || Description: Complex Task 1672 || Developer: Developer672 || Priority: 3 || Dependency on TaskId: [1673]
=> New Task ID: 1673 || Description: Complex Task 1673 || Developer: Developer673 || Priority: 4 || Dependency on TaskId: [1674]
=> New Task ID: 1674 || Description: Complex Task 1674 || Developer: Developer674 || Priority: 5 || Dependency on TaskId: [1675]
=> New Task ID: 1675 || Description: Complex Task 1675 || Developer: Developer675 || Priority: 1 || Dependency on TaskId: [1676]
=> New Task ID: 1676 || Description: Complex Task 1676 || Developer: Developer676 || Priority: 2 || Dependency on TaskId: [1677]
=> New Task ID: 1677 || Description: Complex Task 1677 || Developer: Developer677 || Priority: 3 || Dependency on TaskId: [1678]
=> New Task ID: 1678 || Description: Complex Task 1678 || Developer: Developer678 || Priority: 4 || Dependency on TaskId: [1679]
=> New Task ID: 1679 || Description: Complex Task 1679 || Developer: Developer679 || Priority: 5 || Dependency on TaskId: [1680]
=> New Task ID: 1680 || Description: Complex Task 1680 || Developer: Developer680 || Priority: 1 || Dependency on TaskId: [1681]
=> New Task ID: 1681 || Description: Complex Task 1681 || Developer: Developer681 || Priority: 2 || Dependency on TaskId: [1682]
=> New Task ID: 1682 || Description: Complex Task 1682 || Developer: Developer682 || Priority: 3 || Dependency on TaskId: [1683]
=> New Task ID: 1683 || Description: Complex Task 1683 || Developer: Developer683 || Priority: 4 || Dependency on TaskId: [1684]
=> New Task ID: 1684 || Description: Complex Task 1684 || Developer: Developer684 || Priority: 5 || Dependency on TaskId: [1685]
=> New Task ID: 1685 || Description: Complex Task 1685 || Developer: Developer685 || Priority: 1 || Dependency on TaskId: [1686]
=> New Task ID: 1686 || Description: Complex Task 1686 || Developer: Developer686 || Priority: 2 || Dependency on TaskId: [1687]
=> New Task ID: 1687 || Description: Complex Task 1687 || Developer: Developer687 || Priority: 3 || Dependency on TaskId: [1688]
=> New Task ID: 1688 || Description: Complex Task 1688 || Developer: Developer688 || Priority: 4 || Dependency on TaskId: [1689]
=> New Task ID: 1689 || Description: Complex Task 1689 || Developer: Developer689 || Priority: 5 || Dependency on TaskId: [1690]
=> New Task ID: 1690 || Description: Complex Task 1690 || Developer: Developer690 || Priority: 1 || Dependency on TaskId: [1691]
=> New Task ID: 1691 || Description: Complex Task 1691 || Developer: Developer691 || Priority: 2 || Dependency on TaskId: [1692]
=> New Task ID: 1692 || Description: Complex Task 1692 || Developer: Developer692 || Priority: 3 || Dependency on TaskId: [1693]
=> New Task ID: 1693 || Description: Complex Task 1693 || Developer: Developer693 || Priority: 4 || Dependency on TaskId: [1694]
=> New Task ID: 1694 || Description: Complex Task 1694 || Developer: Developer694 || Priority: 5 || Dependency on TaskId: [1695]
=> New Task ID: 1695 || Description: Complex Task 1695 || Developer: Developer695 || Priority: 1 || Dependency on TaskId: [1696]
=> New Task ID: 1696 || Description: Complex Task 1696 || Developer: Developer696 || Priority: 2 || Dependency on TaskId: [1697]
=> New Task ID: 1697 || Description: Complex Task 1697 || Developer: Developer697 || Priority: 3 || Dependency on TaskId: [1698]
=> New Task ID: 1698 || Description: Complex Task 1698 || Developer: Developer698 || Priority: 4 || Dependency on TaskId: [1699]
=> New Task ID: 1699 || Description: Complex Task 1699 || Developer: Developer699 || Priority: 5 || Dependency on TaskId: [1700]
=> New Task ID: 1700 || Description: Complex Task 1700 || Developer: Developer700 || Priority: 1 || Dependency on TaskId: [1701]
=> New Task ID: 1701 || Description: Complex Task 1701 || Developer: Developer701 || Priority: 2 || Dependency on TaskId: [1702]
=> New Task ID: 1702 || Description: Complex Task 1702 || Developer: Developer702 || Priority: 3 || Dependency on TaskId: [1703]
=> New Task ID: 1703 || Description: Complex Task 1703 || Developer: Developer703 || Priority: 4 || Dependency on TaskId: [1704]
=> New Task ID: 1704 || Description: Complex Task 1704 || Developer: Developer704 || Priority: 5 || Dependency on TaskId: [1705]
=> New Task ID: 1705 || Description: Complex Task 1705 || Developer: Developer705 || Priority: 1 || Dependency on TaskId: [1706]
=> New Task ID: 1706 || Description: Complex Task 1706 || Developer: Developer706 || Priority: 2 || Dependency on TaskId: [1707]
=> New Task ID: 1707 || Description: Complex Task 1707 || Developer: Developer707 || Priority: 3 || Dependency on TaskId: [1708]
=> New Task ID: 1708 || Description: Complex Task 1708 || Developer: Developer708 || Priority: 4 || Dependency on TaskId: [1709]
=> New Task ID: 1709 || Description: Complex Task 1709 || Developer: Developer709 || Priority: 5 || Dependency on TaskId: [1710]
=> New Task ID: 1710 || Description: Complex Task 1710 || Developer: Developer710 || Priority: 1 || Dependency on TaskId: [1711]
=> New Task ID: 1711 || Description: Complex Task 1711 || Developer: Developer711 || Priority: 2 || Dependency on TaskId: [1712]
=> New Task ID: 1712 || Description: Complex Task 1712 || Developer: Developer712 || Priority: 3 || Dependency on TaskId: [1713]
=> New Task ID: 1713 || Description: Complex Task 1713 || Developer: Developer713 || Priority: 4 || Dependency on TaskId: [1714]
=> New Task ID: 1714 || Description: Complex Task 1714 || Developer: Developer714 || Priority: 5 || Dependency on TaskId: [1715]
=> New Task ID: 1715 || Description: Complex Task 1715 || Developer: Developer715 || Priority: 1 || Dependency on TaskId: [1716]
=> New Task ID: 1716 || Description: Complex Task 1716 || Developer: Developer716 || Priority: 2 || Dependency on TaskId: [1717]
=> New Task ID: 1717 || Description: Complex Task 1717 || Developer: Developer717 || Priority: 3 || Dependency on TaskId: [1718]
=> New Task ID: 1718 || Description: Complex Task 1718 || Developer: Developer718 || Priority: 4 || Dependency on TaskId: [1719]
=> New Task ID: 1719 || Description: Complex Task 1719 || Developer: Developer719 || Priority: 5 || Dependency on TaskId: [1720]
=> New Task ID: 1720 || Description: Complex Task 1720 || Developer: Developer720 || Priority: 1 || Dependency on TaskId: [1721]
=> New Task ID: 1721 || Description: Complex Task 1721 || Developer: Developer721 || Priority: 2 || Dependency on TaskId: [1722]
=> New Task ID: 1722 || Description: Complex Task 1722 || Developer: Developer722 || Priority: 3 || Dependency on TaskId: [1723]
=> New Task ID: 1723 || Description: Complex Task 1723 || Developer: Developer723 || Priority: 4 || Dependency on TaskId: [1724]
=> New Task ID: 1724 || Description: Complex Task 1724 || Developer: Developer724 || Priority: 5 || Dependency on TaskId: [1725]
=> New Task ID: 1725 || Description: Complex Task 1725 || Developer: Developer725 || Priority: 1 || Dependency on TaskId: [1726]
=> New Task ID: 1726 || Description: Complex Task 1726 || Developer: Developer726 || Priority: 2 || Dependency on TaskId: [1727]
=> New Task ID: 1727 || Description: Complex Task 1727 || Developer: Developer727 || Priority: 3 || Dependency on TaskId: [1728]
=> New Task ID: 1728 || Description: Complex Task 1728 || Developer: Developer728 || Priority: 4 || Dependency on TaskId: [1729]
=> New Task ID: 1729 || Description: Complex Task 1729 || Developer: Developer729 || Priority: 5 || Dependency on TaskId: [1730]
=> New Task ID: 1730 || Description: Complex Task 1730 || Developer: Developer730 || Priority: 1 || Dependency on TaskId: [1731]
=> New Task ID: 1731 || Description: Complex Task 1731 || Developer: Developer731 || Priority: 2 || Dependency on TaskId: [1732]
=> New Task ID: 1732 || Description: Complex Task 1732 || Developer: Developer732 || Priority: 3 || Dependency on TaskId: [1733]
=> New Task ID: 1733 || Description: Complex Task 1733 || Developer: Developer733 || Priority: 4 || Dependency on TaskId: [1734]
=> New Task ID: 1734 || Description: Complex Task 1734 || Developer: Developer734 || Priority: 5 || Dependency on TaskId: [1735]
=> New Task ID: 1735 || Description: Complex Task 1735 || Developer: Developer735 || Priority: 1 || Dependency on TaskId: [1736]
=> New Task ID: 1736 || Description: Complex Task 1736 || Developer: Developer736 || Priority: 2 || Dependency on TaskId: [1737]
=> New Task ID: 1737 || Description: Complex Task 1737 || Developer: Developer737 || Priority: 3 || Dependency on TaskId: [1738]
=> New Task ID: 1738 || Description: Complex Task 1738 || Developer: Developer738 || Priority: 4 || Dependency on TaskId: [1739]
=> New Task ID: 1739 || Description: Complex Task 1739 || Developer: Developer739 || Priority: 5 || Dependency on TaskId: [1740]
=> New Task ID: 1740 || Description: Complex Task 1740 || Developer: Developer740 || Priority: 1 || Dependency on TaskId: [1741]
=> New Task ID: 1741 || Description: Complex Task 1741 || Developer: Developer741 || Priority: 2 || Dependency on TaskId: [1742]
=> New Task ID: 1742 || Description: Complex Task 1742 || Developer: Developer742 || Priority: 3 || Dependency on TaskId: [1743]
=> New Task ID: 1743 || Description: Complex Task 1743 || Developer: Developer743 || Priority: 4 || Dependency on TaskId: [1744]
=> New Task ID: 1744 || Description: Complex Task 1744 || Developer: Developer744 || Priority: 5 || Dependency on TaskId: [1745]
=> New Task ID: 1745 || Description: Complex Task 1745 || Developer: Developer745 || Priority: 1 || Dependency on TaskId: [1746]
=> New Task ID: 1746 || Description: Complex Task 1746 || Developer: Developer746 || Priority: 2 || Dependency on TaskId: [1747]
=> New Task ID: 1747 || Description: Complex Task 1747 || Developer: Developer747 || Priority: 3 || Dependency on TaskId: [1748]
=> New Task ID: 1748 || Description: Complex Task 1748 || Developer: Developer748 || Priority: 4 || Dependency on TaskId: [1749]
=> New Task ID: 1749 || Description: Complex Task 1749 || Developer: Developer749 || Priority: 5 || Dependency on TaskId: [1750]
=> New Task ID: 1750 || Description: Complex Task 1750 || Developer: Developer750 || Priority: 1 || Dependency on TaskId: [1751]
=> New Task ID: 1751 || Description: Complex Task 1751 || Developer: Developer751 || Priority: 2 || Dependency on TaskId: [1752]
=> New Task ID: 1752 || Description: Complex Task 1752 || Developer: Developer752 || Priority: 3 || Dependency on TaskId: [1753]
=> New Task ID: 1753 || Description: Complex Task 1753 || Developer: Developer753 || Priority: 4 || Dependency on TaskId: [1754]
=> New Task ID: 1754 || Description: Complex Task 1754 || Developer: Developer754 || Priority: 5 || Dependency on TaskId: [1755]
=> New Task ID: 1755 || Description: Complex Task 1755 || Developer: Developer755 || Priority: 1 || Dependency on TaskId: [1756]
=> New Task ID: 1756 || Description: Complex Task 1756 || Developer: Developer756 || Priority: 2 || Dependency on TaskId: [1757]
=> New Task ID: 1757 || Description: Complex Task 1757 || Developer: Developer757 || Priority: 3 || Dependency on TaskId: [1758]
=> New Task ID: 1758 || Description: Complex Task 1758 || Developer: Developer758 || Priority: 4 || Dependency on TaskId: [1759]
=> New Task ID: 1759 || Description: Complex Task 1759 || Developer: Developer759 || Priority: 5 || Dependency on TaskId: [1760]
=> New Task ID: 1760 || Description: Complex Task 1760 || Developer: Developer760 || Priority: 1 || Dependency on TaskId: [1761]
=> New Task ID: 1761 || Description: Complex Task 1761 || Developer: Developer761 || Priority: 2 || Dependency on TaskId: [1762]
=> New Task ID: 1762 || Description: Complex Task 1762 || Developer: Developer762 || Priority: 3 || Dependency on TaskId: [1763]
=> New Task ID: 1763 || Description: Complex Task 1763 || Developer: Developer763 || Priority: 4 || Dependency on TaskId: [1764]
=> New Task ID: 1764 || Description: Complex Task 1764 || Developer: Developer764 || Priority: 5 || Dependency on TaskId: [1765]
=> New Task ID: 1765 || Description: Complex Task 1765 || Developer: Developer765 || Priority: 1 || Dependency on TaskId: [1766]
=> New Task ID: 1766 || Description: Complex Task 1766 || Developer: Developer766 || Priority: 2 || Dependency on TaskId: [1767]
=> New Task ID: 1767 || Description: Complex Task 1767 || Developer: Developer767 || Priority: 3 || Dependency on TaskId: [1768]
=> New Task ID: 1768 || Description: Complex Task 1768 || Developer: Developer768 || Priority: 4 || Dependency on TaskId: [1769]
=> New Task ID: 1769 || Description: Complex Task 1769 || Developer: Developer769 || Priority: 5 || Dependency on TaskId: [1770]
=> New Task ID: 1770 || Description: Complex Task 1770 || Developer: Developer770 || Priority: 1 || Dependency on TaskId: [1771]
=> New Task ID: 1771 || Description: Complex Task 1771 || Developer: Developer771 || Priority: 2 || Dependency on TaskId: [1772]
=> New Task ID: 1772 || Description: Complex Task 1772 || Developer: Developer772 || Priority: 3 || Dependency on TaskId: [1773]
=> New Task ID: 1773 || Description: Complex Task 1773 || Developer: Developer773 || Priority: 4 || Dependency on TaskId: [1774]
=> New Task ID: 1774 || Description: Complex Task 1774 || Developer: Developer774 || Priority: 5 || Dependency on TaskId: [1775]
=> New Task ID: 1775 || Description: Complex Task 1775 || Developer: Developer775 || Priority: 1 || Dependency on TaskId: [1776]
=> New Task ID: 1776 || Description: Complex Task 1776 || Developer: Developer776 || Priority: 2 || Dependency on TaskId: [1777]
=> New Task ID: 1777 || Description: Complex Task 1777 || Developer: Developer777 || Priority: 3 || Dependency on TaskId: [1778]
=> New Task ID: 1778 || Description: Complex Task 1778 || Developer: Developer778 || Priority: 4 || Dependency on TaskId: [1779]
=> New Task ID: 1779 || Description: Complex Task 1779 || Developer: Developer779 || Priority: 5 || Dependency on TaskId: [1780]
=> New Task ID: 1780 || Description: Complex Task 1780 || Developer: Developer780 || Priority: 1 || Dependency on TaskId: [1781]
=> New Task ID: 1781 || Description: Complex Task 1781 || Developer: Developer781 || Priority: 2 || Dependency on TaskId: [1782]
=> New Task ID: 1782 || Description: Complex Task 1782 || Developer: Developer782 || Priority: 3 || Dependency on TaskId: [1783]
=> New Task ID: 1783 || Description: Complex Task 1783 || Developer: Developer783 || Priority: 4 || Dependency on TaskId: [1784]
=> New Task ID: 1784 || Description: Complex Task 1784 || Developer: Developer784 || Priority: 5 || Dependency on TaskId: [1785]
=> New Task ID: 1785 || Description: Complex Task 1785 || Developer: Developer785 || Priority: 1 || Dependency on TaskId: [1786]
=> New Task ID: 1786 || Description: Complex Task 1786 || Developer: Developer786 || Priority: 2 || Dependency on TaskId: [1787]
=> New Task ID: 1787 || Description: Complex Task 1787 || Developer: Developer787 || Priority: 3 || Dependency on TaskId: [1788]
=> New Task ID: 1788 || Description: Complex Task 1788 || Developer: Developer788 || Priority: 4 || Dependency on TaskId: [1789]
=> New Task ID: 1789 || Description: Complex Task 1789 || Developer: Developer789 || Priority: 5 || Dependency on TaskId: [1790]
=> New Task ID: 1790 || Description: Complex Task 1790 || Developer: Developer790 || Priority: 1 || Dependency on TaskId: [1791]
=> New Task ID: 1791 || Description: Complex Task 1791 || Developer: Developer791 || Priority: 2 || Dependency on TaskId: [1792]
=> New Task ID: 1792 || Description: Complex Task 1792 || Developer: Developer792 || Priority: 3 || Dependency on TaskId: [1793]
=> New Task ID: 1793 || Description: Complex Task 1793 || Developer: Developer793 || Priority: 4 || Dependency on TaskId: [1794]
=> New Task ID: 1794 || Description: Complex Task 1794 || Developer: Developer794 || Priority: 5 || Dependency on TaskId: [1795]
=> New Task ID: 1795 || Description: Complex Task 1795 || Developer: Developer795 || Priority: 1 || Dependency on TaskId: [1796]
=> New Task ID: 1796 || Description: Complex Task 1796 || Developer: Developer796 || Priority: 2 || Dependency on TaskId: [1797]
=> New Task ID: 1797 || Description: Complex Task 1797 || Developer: Developer797 || Priority: 3 || Dependency on TaskId: [1798]
=> New Task ID: 1798 || Description: Complex Task 1798 || Developer: Developer798 || Priority: 4 || Dependency on TaskId: [1799]
=> New Task ID: 1799 || Description: Complex Task 1799 || Developer: Developer799 || Priority: 5 || Dependency on TaskId: [1800]
=> New Task ID: 1800 || Description: Complex Task 1800 || Developer: Developer800 || Priority: 1 || Dependency on TaskId: [1801]
=> New Task ID: 1801 || Description: Complex Task 1801 || Developer: Developer801 || Priority: 2 || Dependency on TaskId: [1802]
=> New Task ID: 1802 || Description: Complex Task 1802 || Developer: Developer802 || Priority: 3 || Dependency on TaskId: [1803]
=> New Task ID: 1803 || Description: Complex Task 1803 || Developer: Developer803 || Priority: 4 || Dependency on TaskId: [1804]
=> New Task ID: 1804 || Description: Complex Task 1804 || Developer: Developer804 || Priority: 5 || Dependency on TaskId: [1805]
=> New Task ID: 1805 || Description: Complex Task 1805 || Developer: Developer805 || Priority: 1 || Dependency on TaskId: [1806]
=> New Task ID: 1806 || Description: Complex Task 1806 || Developer: Developer806 || Priority: 2 || Dependency on TaskId: [1807]
=> New Task ID: 1807 || Description: Complex Task 1807 || Developer: Developer807 || Priority: 3 || Dependency on TaskId: [1808]
=> New Task ID: 1808 || Description: Complex Task 1808 || Developer: Developer808 || Priority: 4 || Dependency on TaskId: [1809]
=> New Task ID: 1809 || Description: Complex Task 1809 || Developer: Developer809 || Priority: 5 || Dependency on TaskId: [1810]
=> New Task ID: 1810 || Description: Complex Task 1810 || Developer: Developer810 || Priority: 1 || Dependency on TaskId: [1811]
=> New Task ID: 1811 || Description: Complex Task 1811 || Developer: Developer811 || Priority: 2 || Dependency on TaskId: [1812]
=> New Task ID: 1812 || Description: Complex Task 1812 || Developer: Developer812 || Priority: 3 || Dependency on TaskId: [1813]
=> New Task ID: 1813 || Description: Complex Task 1813 || Developer: Developer813 || Priority: 4 || Dependency on TaskId: [1814]
=> New Task ID: 1814 || Description: Complex Task 1814 || Developer: Developer814 || Priority: 5 || Dependency on TaskId: [1815]
=> New Task ID: 1815 || Description: Complex Task 1815 || Developer: Developer815 || Priority: 1 || Dependency on TaskId: [1816]
=> New Task ID: 1816 || Description: Complex Task 1816 || Developer: Developer816 || Priority: 2 || Dependency on TaskId: [1817]
=> New Task ID: 1817 || Description: Complex Task 1817 || Developer: Developer817 || Priority: 3 || Dependency on TaskId: [1818]
=> New Task ID: 1818 || Description: Complex Task 1818 || Developer: Developer818 || Priority: 4 || Dependency on TaskId: [1819]
=> New Task ID: 1819 || Description: Complex Task 1819 || Developer: Developer819 || Priority: 5 || Dependency on TaskId: [1820]
=> New Task ID: 1820 || Description: Complex Task 1820 || Developer: Developer820 || Priority: 1 || Dependency on TaskId: [1821]
=> New Task ID: 1821 || Description: Complex Task 1821 || Developer: Developer821 || Priority: 2 || Dependency on TaskId: [1822]
=> New Task ID: 1822 || Description: Complex Task 1822 || Developer: Developer822 || Priority: 3 || Dependency on TaskId: [1823]
=> New Task ID: 1823 || Description: Complex Task 1823 || Developer: Developer823 || Priority: 4 || Dependency on TaskId: [1824]
=> New Task ID: 1824 || Description: Complex Task 1824 || Developer: Developer824 || Priority: 5 || Dependency on TaskId: [1825]
=> New Task ID: 1825 || Description: Complex Task 1825 || Developer: Developer825 || Priority: 1 || Dependency on TaskId: [1826]
=> New Task ID: 1826 || Description: Complex Task 1826 || Developer: Developer826 || Priority: 2 || Dependency on TaskId: [1827]
=> New Task ID: 1827 || Description: Complex Task 1827 || Developer: Developer827 || Priority: 3 || Dependency on TaskId: [1828]
=> New Task ID: 1828 || Description: Complex Task 1828 || Developer: Developer828 || Priority: 4 || Dependency on TaskId: [1829]
=> New Task ID: 1829 || Description: Complex Task 1829 || Developer: Developer829 || Priority: 5 || Dependency on TaskId: [1830]
=> New Task ID: 1830 || Description: Complex Task 1830 || Developer: Developer830 || Priority: 1 || Dependency on TaskId: [1831]
=> New Task ID: 1831 || Description: Complex Task 1831 || Developer: Developer831 || Priority: 2 || Dependency on TaskId: [1832]
=> New Task ID: 1832 || Description: Complex Task 1832 || Developer: Developer832 || Priority: 3 || Dependency on TaskId: [1833]
=> New Task ID: 1833 || Description: Complex Task 1833 || Developer: Developer833 || Priority: 4 || Dependency on TaskId: [1834]
=> New Task ID: 1834 || Description: Complex Task 1834 || Developer: Developer834 || Priority: 5 || Dependency on TaskId: [1835]
=> New Task ID: 1835 || Description: Complex Task 1835 || Developer: Developer835 || Priority: 1 || Dependency on TaskId: [1836]
=> New Task ID: 1836 || Description: Complex Task 1836 || Developer: Developer836 || Priority: 2 || Dependency on TaskId: [1837]
=> New Task ID: 1837 || Description: Complex Task 1837 || Developer: Developer837 || Priority: 3 || Dependency on TaskId: [1838]
=> New Task ID: 1838 || Description: Complex Task 1838 || Developer: Developer838 || Priority: 4 || Dependency on TaskId: [1839]
=> New Task ID: 1839 || Description: Complex Task 1839 || Developer: Developer839 || Priority: 5 || Dependency on TaskId: [1840]
=> New Task ID: 1840 || Description: Complex Task 1840 || Developer: Developer840 || Priority: 1 || Dependency on TaskId: [1841]
=> New Task ID: 1841 || Description: Complex Task 1841 || Developer: Developer841 || Priority: 2 || Dependency on TaskId: [1842]
=> New Task ID: 1842 || Description: Complex Task 1842 || Developer: Developer842 || Priority: 3 || Dependency on TaskId: [1843]
=> New Task ID: 1843 || Description: Complex Task 1843 || Developer: Developer843 || Priority: 4 || Dependency on TaskId: [1844]
=> New Task ID: 1844 || Description: Complex Task 1844 || Developer: Developer844 || Priority: 5 || Dependency on TaskId: [1845]
=> New Task ID: 1845 || Description: Complex Task 1845 || Developer: Developer845 || Priority: 1 || Dependency on TaskId: [1846]
=> New Task ID: 1846 || Description: Complex Task 1846 || Developer: Developer846 || Priority: 2 || Dependency on TaskId: [1847]
=> New Task ID: 1847 || Description: Complex Task 1847 || Developer: Developer847 || Priority: 3 || Dependency on TaskId: [1848]
=> New Task ID: 1848 || Description: Complex Task 1848 || Developer: Developer848 || Priority: 4 || Dependency on TaskId: [1849]
=> New Task ID: 1849 || Description: Complex Task 1849 || Developer: Developer849 || Priority: 5 || Dependency on TaskId: [1850]
=> New Task ID: 1850 || Description: Complex Task 1850 || Developer: Developer850 || Priority: 1 || Dependency on TaskId: [1851]
=> New Task ID: 1851 || Description: Complex Task 1851 || Developer: Developer851 || Priority: 2 || Dependency on TaskId: [1852]
=> New Task ID: 1852 || Description: Complex Task 1852 || Developer: Developer852 || Priority: 3 || Dependency on TaskId: [1853]
=> New Task ID: 1853 || Description: Complex Task 1853 || Developer: Developer853 || Priority: 4 || Dependency on TaskId: [1854]
=> New Task ID: 1854 || Description: Complex Task 1854 || Developer: Developer854 || Priority: 5 || Dependency on TaskId: [1855]
=> New Task ID: 1855 || Description: Complex Task 1855 || Developer: Developer855 || Priority: 1 || Dependency on TaskId: [1856]
=> New Task ID: 1856 || Description: Complex Task 1856 || Developer: Developer856 || Priority: 2 || Dependency on TaskId: [1857]
=> New Task ID: 1857 || Description: Complex Task 1857 || Developer: Developer857 || Priority: 3 || Dependency on TaskId: [1858]
=> New Task ID: 1858 || Description: Complex Task 1858 || Developer: Developer858 || Priority: 4 || Dependency on TaskId: [1859]
=> New Task ID: 1859 || Description: Complex Task 1859 || Developer: Developer859 || Priority: 5 || Dependency on TaskId: [1860]
=> New Task ID: 1860 || Description: Complex Task 1860 || Developer: Developer860 || Priority: 1 || Dependency on TaskId: [1861]
=> New Task ID: 1861 || Description: Complex Task 1861 || Developer: Developer861 || Priority: 2 || Dependency on TaskId: [1862]
=> New Task ID: 1862 || Description: Complex Task 1862 || Developer: Developer862 || Priority: 3 || Dependency on TaskId: [1863]
=> New Task ID: 1863 || Description: Complex Task 1863 || Developer: Developer863 || Priority: 4 || Dependency on TaskId: [1864]
=> New Task ID: 1864 || Description: Complex Task 1864 || Developer: Developer864 || Priority: 5 || Dependency on TaskId: [1865]
=> New Task ID: 1865 || Description: Complex Task 1865 || Developer: Developer865 || Priority: 1 || Dependency on TaskId: [1866]
=> New Task ID: 1866 || Description: Complex Task 1866 || Developer: Developer866 || Priority: 2 || Dependency on TaskId: [1867]
=> New Task ID: 1867 || Description: Complex Task 1867 || Developer: Developer867 || Priority: 3 || Dependency on TaskId: [1868]
=> New Task ID: 1868 || Description: Complex Task 1868 || Developer: Developer868 || Priority: 4 || Dependency on TaskId: [1869]
=> New Task ID: 1869 || Description: Complex Task 1869 || Developer: Developer869 || Priority: 5 || Dependency on TaskId: [1870]
=> New Task ID: 1870 || Description: Complex Task 1870 || Developer: Developer870 || Priority: 1 || Dependency on TaskId: [1871]
=> New Task ID: 1871 || Description: Complex Task 1871 || Developer: Developer871 || Priority: 2 || Dependency on TaskId: [1872]
=> New Task ID: 1872 || Description: Complex Task 1872 || Developer: Developer872 || Priority: 3 || Dependency on TaskId: [1873]
=> New Task ID: 1873 || Description: Complex Task 1873 || Developer: Developer873 || Priority: 4 || Dependency on TaskId: [1874]
=> New Task ID: 1874 || Description: Complex Task 1874 || Developer: Developer874 || Priority: 5 || Dependency on TaskId: [1875]
=> New Task ID: 1875 || Description: Complex Task 1875 || Developer: Developer875 || Priority: 1 || Dependency on TaskId: [1876]
=> New Task ID: 1876 || Description: Complex Task 1876 || Developer: Developer876 || Priority: 2 || Dependency on TaskId: [1877]
=> New Task ID: 1877 || Description: Complex Task 1877 || Developer: Developer877 || Priority: 3 || Dependency on TaskId: [1878]
=> New Task ID: 1878 || Description: Complex Task 1878 || Developer: Developer878 || Priority: 4 || Dependency on TaskId: [1879]
=> New Task ID: 1879 || Description: Complex Task 1879 || Developer: Developer879 || Priority: 5 || Dependency on TaskId: [1880]
=> New Task ID: 1880 || Description: Complex Task 1880 || Developer: Developer880 || Priority: 1 || Dependency on TaskId: [1881]
=> New Task ID: 1881 || Description: Complex Task 1881 || Developer: Developer881 || Priority: 2 || Dependency on TaskId: [1882]
=> New Task ID: 1882 || Description: Complex Task 1882 || Developer: Developer882 || Priority: 3 || Dependency on TaskId: [1883]
=> New Task ID: 1883 || Description: Complex Task 1883 || Developer: Developer883 || Priority: 4 || Dependency on TaskId: [1884]
=> New Task ID: 1884 || Description: Complex Task 1884 || Developer: Developer884 || Priority: 5 || Dependency on TaskId: [1885]
=> New Task ID: 1885 || Description: Complex Task 1885 || Developer: Developer885 || Priority: 1 || Dependency on TaskId: [1886]
=> New Task ID: 1886 || Description: Complex Task 1886 || Developer: Developer886 || Priority: 2 || Dependency on TaskId: [1887]
=> New Task ID: 1887 || Description: Complex Task 1887 || Developer: Developer887 || Priority: 3 || Dependency on TaskId: [1888]
=> New Task ID: 1888 || Description: Complex Task 1888 || Developer: Developer888 || Priority: 4 || Dependency on TaskId: [1889]
=> New Task ID: 1889 || Description: Complex Task 1889 || Developer: Developer889 || Priority: 5 || Dependency on TaskId: [1890]
=> New Task ID: 1890 || Description: Complex Task 1890 || Developer: Developer890 || Priority: 1 || Dependency on TaskId: [1891]
=> New Task ID: 1891 || Description: Complex Task 1891 || Developer: Developer891 || Priority: 2 || Dependency on TaskId: [1892]
=> New Task ID: 1892 || Description: Complex Task 1892 || Developer: Developer892 || Priority: 3 || Dependency on TaskId: [1893]
=> New Task ID: 1893 || Description: Complex Task 1893 || Developer: Developer893 || Priority: 4 || Dependency on TaskId: [1894]
=> New Task ID: 1894 || Description: Complex Task 1894 || Developer: Developer894 || Priority: 5 || Dependency on TaskId: [1895]
=> New Task ID: 1895 || Description: Complex Task 1895 || Developer: Developer895 || Priority: 1 || Dependency on TaskId: [1896]
=> New Task ID: 1896 || Description: Complex Task 1896 || Developer: Developer896 || Priority: 2 || Dependency on TaskId: [1897]
=> New Task ID: 1897 || Description: Complex Task 1897 || Developer: Developer897 || Priority: 3 || Dependency on TaskId: [1898]
=> New Task ID: 1898 || Description: Complex Task 1898 || Developer: Developer898 || Priority: 4 || Dependency on TaskId: [1899]
=> New Task ID: 1899 || Description: Complex Task 1899 || Developer: Developer899 || Priority: 5 || Dependency on TaskId: [1900]
=> New Task ID: 1900 || Description: Complex Task 1900 || Developer: Developer900 || Priority: 1 || Dependency on TaskId: [1901]
=> New Task ID: 1901 || Description: Complex Task 1901 || Developer: Developer901 || Priority: 2 || Dependency on TaskId: [1902]
=> New Task ID: 1902 || Description: Complex Task 1902 || Developer: Developer902 || Priority: 3 || Dependency on TaskId: [1903]
=> New Task ID: 1903 || Description: Complex Task 1903 || Developer: Developer903 || Priority: 4 || Dependency on TaskId: [1904]
=> New Task ID: 1904 || Description: Complex Task 1904 || Developer: Developer904 || Priority: 5 || Dependency on TaskId: [1905]
=> New Task ID: 1905 || Description: Complex Task 1905 || Developer: Developer905 || Priority: 1 || Dependency on TaskId: [1906]
=> New Task ID: 1906 || Description: Complex Task 1906 || Developer: Developer906 || Priority: 2 || Dependency on TaskId: [1907]
=> New Task ID: 1907 || Description: Complex Task 1907 || Developer: Developer907 || Priority: 3 || Dependency on TaskId: [1908]
=> New Task ID: 1908 || Description: Complex Task 1908 || Developer: Developer908 || Priority: 4 || Dependency on TaskId: [1909]
=> New Task ID: 1909 || Description: Complex Task 1909 || Developer: Developer909 || Priority: 5 || Dependency on TaskId: [1910]
=> New Task ID: 1910 || Description: Complex Task 1910 || Developer: Developer910 || Priority: 1 || Dependency on TaskId: [1911]
=> New Task ID: 1911 || Description: Complex Task 1911 || Developer: Developer911 || Priority: 2 || Dependency on TaskId: [1912]
=> New Task ID: 1912 || Description: Complex Task 1912 || Developer: Developer912 || Priority: 3 || Dependency on TaskId: [1913]
=> New Task ID: 1913 || Description: Complex Task 1913 || Developer: Developer913 || Priority: 4 || Dependency on TaskId: [1914]
=> New Task ID: 1914 || Description: Complex Task 1914 || Developer: Developer914 || Priority: 5 || Dependency on TaskId: [1915]
=> New Task ID: 1915 || Description: Complex Task 1915 || Developer: Developer915 || Priority: 1 || Dependency on TaskId: [1916]
=> New Task ID: 1916 || Description: Complex Task 1916 || Developer: Developer916 || Priority: 2 || Dependency on TaskId: [1917]
=> New Task ID: 1917 || Description: Complex Task 1917 || Developer: Developer917 || Priority: 3 || Dependency on TaskId: [1918]
=> New Task ID: 1918 || Description: Complex Task 1918 || Developer: Developer918 || Priority: 4 || Dependency on TaskId: [1919]
=> New Task ID: 1919 || Description: Complex Task 1919 || Developer: Developer919 || Priority: 5 || Dependency on TaskId: [1920]
=> New Task ID: 1920 || Description: Complex Task 1920 || Developer: Developer920 || Priority: 1 || Dependency on TaskId: [1921]
=> New Task ID: 1921 || Description: Complex Task 1921 || Developer: Developer921 || Priority: 2 || Dependency on TaskId: [1922]
=> New Task ID: 1922 || Description: Complex Task 1922 || Developer: Developer922 || Priority: 3 || Dependency on TaskId: [1923]
=> New Task ID: 1923 || Description: Complex Task 1923 || Developer: Developer923 || Priority: 4 || Dependency on TaskId: [1924]
=> New Task ID: 1924 || Description: Complex Task 1924 || Developer: Developer924 || Priority: 5 || Dependency on TaskId: [1925]
=> New Task ID: 1925 || Description: Complex Task 1925 || Developer: Developer925 || Priority: 1 || Dependency on TaskId: [1926]
=> New Task ID: 1926 || Description: Complex Task 1926 || Developer: Developer926 || Priority: 2 || Dependency on TaskId: [1927]
=> New Task ID: 1927 || Description: Complex Task 1927 || Developer: Developer927 || Priority: 3 || Dependency on TaskId: [1928]
=> New Task ID: 1928 || Description: Complex Task 1928 || Developer: Developer928 || Priority: 4 || Dependency on TaskId: [1929]
=> New Task ID: 1929 || Description: Complex Task 1929 || Developer: Developer929 || Priority: 5 || Dependency on TaskId: [1930]
=> New Task ID: 1930 || Description: Complex Task 1930 || Developer: Developer930 || Priority: 1 || Dependency on TaskId: [1931]
=> New Task ID: 1931 || Description: Complex Task 1931 || Developer: Developer931 || Priority: 2 || Dependency on TaskId: [1932]
=> New Task ID: 1932 || Description: Complex Task 1932 || Developer: Developer932 || Priority: 3 || Dependency on TaskId: [1933]
=> New Task ID: 1933 || Description: Complex Task 1933 || Developer: Developer933 || Priority: 4 || Dependency on TaskId: [1934]
=> New Task ID: 1934 || Description: Complex Task 1934 || Developer: Developer934 || Priority: 5 || Dependency on TaskId: [1935]
=> New Task ID: 1935 || Description: Complex Task 1935 || Developer: Developer935 || Priority: 1 || Dependency on TaskId: [1936]
=> New Task ID: 1936 || Description: Complex Task 1936 || Developer: Developer936 || Priority: 2 || Dependency on TaskId: [1937]
=> New Task ID: 1937 || Description: Complex Task 1937 || Developer: Developer937 || Priority: 3 || Dependency on TaskId: [1938]
=> New Task ID: 1938 || Description: Complex Task 1938 || Developer: Developer938 || Priority: 4 || Dependency on TaskId: [1939]
=> New Task ID: 1939 || Description: Complex Task 1939 || Developer: Developer939 || Priority: 5 || Dependency on TaskId: [1940]
=> New Task ID: 1940 || Description: Complex Task 1940 || Developer: Developer940 || Priority: 1 || Dependency on TaskId: [1941]
=> New Task ID: 1941 || Description: Complex Task 1941 || Developer: Developer941 || Priority: 2 || Dependency on TaskId: [1942]
=> New Task ID: 1942 || Description: Complex Task 1942 || Developer: Developer942 || Priority: 3 || Dependency on TaskId: [1943]
=> New Task ID: 1943 || Description: Complex Task 1943 || Developer: Developer943 || Priority: 4 || Dependency on TaskId: [1944]
=> New Task ID: 1944 || Description: Complex Task 1944 || Developer: Developer944 || Priority: 5 || Dependency on TaskId: [1945]
=> New Task ID: 1945 || Description: Complex Task 1945 || Developer: Developer945 || Priority: 1 || Dependency on TaskId: [1946]
=> New Task ID: 1946 || Description: Complex Task 1946 || Developer: Developer946 || Priority: 2 || Dependency on TaskId: [1947]
=> New Task ID: 1947 || Description: Complex Task 1947 || Developer: Developer947 || Priority: 3 || Dependency on TaskId: [1948]
=> New Task ID: 1948 || Description: Complex Task 1948 || Developer: Developer948 || Priority: 4 || Dependency on TaskId: [1949]
=> New Task ID: 1949 || Description: Complex Task 1949 || Developer: Developer949 || Priority: 5 || Dependency on TaskId: [1950]
=> New Task ID: 1950 || Description: Complex Task 1950 || Developer: Developer950 || Priority: 1 || Dependency on TaskId: [1951]
=> New Task ID: 1951 || Description: Complex Task 1951 || Developer: Developer951 || Priority: 2 || Dependency on TaskId: [1952]
=> New Task ID: 1952 || Description: Complex Task 1952 || Developer: Developer952 || Priority: 3 || Dependency on TaskId: [1953]
=> New Task ID: 1953 || Description: Complex Task 1953 || Developer: Developer953 || Priority: 4 || Dependency on TaskId: [1954]
=> New Task ID: 1954 || Description: Complex Task 1954 || Developer: Developer954 || Priority: 5 || Dependency on TaskId: [1955]
=> New Task ID: 1955 || Description: Complex Task 1955 || Developer: Developer955 || Priority: 1 || Dependency on TaskId: [1956]
=> New Task ID: 1956 || Description: Complex Task 1956 || Developer: Developer956 || Priority: 2 || Dependency on TaskId: [1957]
=> New Task ID: 1957 || Description: Complex Task 1957 || Developer: Developer957 || Priority: 3 || Dependency on TaskId: [1958]
=> New Task ID: 1958 || Description: Complex Task 1958 || Developer: Developer958 || Priority: 4 || Dependency on TaskId: [1959]
=> New Task ID: 1959 || Description: Complex Task 1959 || Developer: Developer959 || Priority: 5 || Dependency on TaskId: [1960]
=> New Task ID: 1960 || Description: Complex Task 1960 || Developer: Developer960 || Priority: 1 || Dependency on TaskId: [1961]
=> New Task ID: 1961 || Description: Complex Task 1961 || Developer: Developer961 || Priority: 2 || Dependency on TaskId: [1962]
=> New Task ID: 1962 || Description: Complex Task 1962 || Developer: Developer962 || Priority: 3 || Dependency on TaskId: [1963]
=> New Task ID: 1963 || Description: Complex Task 1963 || Developer: Developer963 || Priority: 4 || Dependency on TaskId: [1964]
=> New Task ID: 1964 || Description: Complex Task 1964 || Developer: Developer964 || Priority: 5 || Dependency on TaskId: [1965]
=> New Task ID: 1965 || Description: Complex Task 1965 || Developer: Developer965 || Priority: 1 || Dependency on TaskId: [1966]
=> New Task ID: 1966 || Description: Complex Task 1966 || Developer: Developer966 || Priority: 2 || Dependency on TaskId: [1967]
=> New Task ID: 1967 || Description: Complex Task 1967 || Developer: Developer967 || Priority: 3 || Dependency on TaskId: [1968]
=> New Task ID: 1968 || Description: Complex Task 1968 || Developer: Developer968 || Priority: 4 || Dependency on TaskId: [1969]
=> New Task ID: 1969 || Description: Complex Task 1969 || Developer: Developer969 || Priority: 5 || Dependency on TaskId: [1970]
=> New Task ID: 1970 || Description: Complex Task 1970 || Developer: Developer970 || Priority: 1 || Dependency on TaskId: [1971]
=> New Task ID: 1971 || Description: Complex Task 1971 || Developer: Developer971 || Priority: 2 || Dependency on TaskId: [1972]
=> New Task ID: 1972 || Description: Complex Task 1972 || Developer: Developer972 || Priority: 3 || Dependency on TaskId: [1973]
=> New Task ID: 1973 || Description: Complex Task 1973 || Developer: Developer973 || Priority: 4 || Dependency on TaskId: [1974]
=> New Task ID: 1974 || Description: Complex Task 1974 || Developer: Developer974 || Priority: 5 || Dependency on TaskId: [1975]
=> New Task ID: 1975 || Description: Complex Task 1975 || Developer: Developer975 || Priority: 1 || Dependency on TaskId: [1976]
=> New Task ID: 1976 || Description: Complex Task 1976 || Developer: Developer976 || Priority: 2 || Dependency on TaskId: [1977]
=> New Task ID: 1977 || Description: Complex Task 1977 || Developer: Developer977 || Priority: 3 || Dependency on TaskId: [1978]
=> New Task ID: 1978 || Description: Complex Task 1978 || Developer: Developer978 || Priority: 4 || Dependency on TaskId: [1979]
=> New Task ID: 1979 || Description: Complex Task 1979 || Developer: Developer979 || Priority: 5 || Dependency on TaskId: [1980]
=> New Task ID: 1980 || Description: Complex Task 1980 || Developer: Developer980 || Priority: 1 || Dependency on TaskId: [1981]
=> New Task ID: 1981 || Description: Complex Task 1981 || Developer: Developer981 || Priority: 2 || Dependency on TaskId: [1982]
=> New Task ID: 1982 || Description: Complex Task 1982 || Developer: Developer982 || Priority: 3 || Dependency on TaskId: [1983]
=> New Task ID: 1983 || Description: Complex Task 1983 || Developer: Developer983 || Priority: 4 || Dependency on TaskId: [1984]
=> New Task ID: 1984 || Description: Complex Task 1984 || Developer: Developer984 || Priority: 5 || Dependency on TaskId: [1985]
=> New Task ID: 1985 || Description: Complex Task 1985 || Developer: Developer985 || Priority: 1 || Dependency on TaskId: [1986]
=> New Task ID: 1986 || Description: Complex Task 1986 || Developer: Developer986 || Priority: 2 || Dependency on TaskId: [1987]
=> New Task ID: 1987 || Description: Complex Task 1987 || Developer: Developer987 || Priority: 3 || Dependency on TaskId: [1988]
=> New Task ID: 1988 || Description: Complex Task 1988 || Developer: Developer988 || Priority: 4 || Dependency on TaskId: [1989]
=> New Task ID: 1989 || Description: Complex Task 1989 || Developer: Developer989 || Priority: 5 || Dependency on TaskId: [1990]
=> New Task ID: 1990 || Description: Complex Task 1990 || Developer: Developer990 || Priority: 1 || Dependency on TaskId: [1991]
=> New Task ID: 1991 || Description: Complex Task 1991 || Developer: Developer991 || Priority: 2 || Dependency on TaskId: [1992]
=> New Task ID: 1992 || Description: Complex Task 1992 || Developer: Developer992 || Priority: 3 || Dependency on TaskId: [1993]
=> New Task ID: 1993 || Description: Complex Task 1993 || Developer: Developer993 || Priority: 4 || Dependency on TaskId: [1994]
=> New Task ID: 1994 || Description: Complex Task 1994 || Developer: Developer994 || Priority: 5 || Dependency on TaskId: [1995]
=> New Task ID: 1995 || Description: Complex Task 1995 || Developer: Developer995 || Priority: 1 || Dependency on TaskId: [1996]
=> New Task ID: 1996 || Description: Complex Task 1996 || Developer: Developer996 || Priority: 2 || Dependency on TaskId: [1997]
=> New Task ID: 1997 || Description: Complex Task 1997 || Developer: Developer997 || Priority: 3 || Dependency on TaskId: [1998]
=> New Task ID: 1998 || Description: Complex Task 1998 || Developer: Developer998 || Priority: 4 || Dependency on TaskId: [1999]
=> New Task ID: 1999 || Description: Complex Task 1999 || Developer: Developer999 || Priority: 5 || Dependency on TaskId: [2000]
=> New Task ID: 2000 || Description: Complex Task 2000 || Developer: Developer0 || Priority: 1 || Dependency on TaskId: [2001]
=> New Task ID: 2001 || Description: Complex Task 2001 || Developer: Developer1 || Priority: 2 || Dependency on TaskId: [2002]
=> New Task ID: 2002 || Description: Complex Task 2002 || Developer: Developer2 || Priority: 3 || Dependency on TaskId: [2003]
=> New Task ID: 2003 || Description: Complex Task 2003 || Developer: Developer3 || Priority: 4 || Dependency on TaskId: [2004]
=> New Task ID: 2004 || Description: Complex Task 2004 || Developer: Developer4 || Priority: 5 || Dependency on TaskId: [2005]
=> New Task ID: 2005 || Description: Complex Task 2005 || Developer: Developer5 || Priority: 1 || Dependency on TaskId: [2006]
=> New Task ID: 2006 || Description: Complex Task 2006 || Developer: Developer6 || Priority: 2 || Dependency on TaskId: [2007]
=> New Task ID: 2007 || Description: Complex Task 2007 || Developer: Developer7 || Priority: 3 || Dependency on TaskId: [2008]
=> New Task ID: 2008 || Description: Complex Task 2008 || Developer: Developer8 || Priority: 4 || Dependency on TaskId: [2009]
=> New Task ID: 2009 || Description: Complex Task 2009 || Developer: Developer9 || Priority: 5 || Dependency on TaskId: [2010]
=> New Task ID: 2010 || Description: Complex Task 2010 || Developer: Developer10 || Priority: 1 || Dependency on TaskId: [2011]
=> New Task ID: 2011 || Description: Complex Task 2011 || Developer: Developer11 || Priority: 2 || Dependency on TaskId: [2012]
=> New Task ID: 2012 || Description: Complex Task 2012 || Developer: Developer12 || Priority: 3 || Dependency on TaskId: [2013]
=> New Task ID: 2013 || Description: Complex Task 2013 || Developer: Developer13 || Priority: 4 || Dependency on TaskId: [2014]
=> New Task ID: 2014 || Description: Complex Task 2014 || Developer: Developer14 || Priority: 5 || Dependency on TaskId: [2015]
=> New Task ID: 2015 || Description: Complex Task 2015 || Developer: Developer15 || Priority: 1 || Dependency on TaskId: [2016]
=> New Task ID: 2016 || Description: Complex Task 2016 || Developer: Developer16 || Priority: 2 || Dependency on TaskId: [2017]
=> New Task ID: 2017 || Description: Complex Task 2017 || Developer: Developer17 || Priority: 3 || Dependency on TaskId: [2018]
=> New Task ID: 2018 || Description: Complex Task 2018 || Developer: Developer18 || Priority: 4 || Dependency on TaskId: [2019]
=> New Task ID: 2019 || Description: Complex Task 2019 || Developer: Developer19 || Priority: 5 || Dependency on TaskId: [2020]
=> New Task ID: 2020 || Description: Complex Task 2020 || Developer: Developer20 || Priority: 1 || Dependency on TaskId: [2021]
=> New Task ID: 2021 || Description: Complex Task 2021 || Developer: Developer21 || Priority: 2 || Dependency on TaskId: [2022]
=> New Task ID: 2022 || Description: Complex Task 2022 || Developer: Developer22 || Priority: 3 || Dependency on TaskId: [2023]
=> New Task ID: 2023 || Description: Complex Task 2023 || Developer: Developer23 || Priority: 4 || Dependency on TaskId: [2024]
=> New Task ID: 2024 || Description: Complex Task 2024 || Developer: Developer24 || Priority: 5 || Dependency on TaskId: [2025]
=> New Task ID: 2025 || Description: Complex Task 2025 || Developer: Developer25 || Priority: 1 || Dependency on TaskId: [2026]
=> New Task ID: 2026 || Description: Complex Task 2026 || Developer: Developer26 || Priority: 2 || Dependency on TaskId: [2027]
=> New Task ID: 2027 || Description: Complex Task 2027 || Developer: Developer27 || Priority: 3 || Dependency on TaskId: [2028]
=> New Task ID: 2028 || Description: Complex Task 2028 || Developer: Developer28 || Priority: 4 || Dependency on TaskId: [2029]
=> New Task ID: 2029 || Description: Complex Task 2029 || Developer: Developer29 || Priority: 5 || Dependency on TaskId: [2030]
=> New Task ID: 2030 || Description: Complex Task 2030 || Developer: Developer30 || Priority: 1 || Dependency on TaskId: [2031]
=> New Task ID: 2031 || Description: Complex Task 2031 || Developer: Developer31 || Priority: 2 || Dependency on TaskId: [2032]
=> New Task ID: 2032 || Description: Complex Task 2032 || Developer: Developer32 || Priority: 3 || Dependency on TaskId: [2033]
=> New Task ID: 2033 || Description: Complex Task 2033 || Developer: Developer33 || Priority: 4 || Dependency on TaskId: [2034]
=> New Task ID: 2034 || Description: Complex Task 2034 || Developer: Developer34 || Priority: 5 || Dependency on TaskId: [2035]
=> New Task ID: 2035 || Description: Complex Task 2035 || Developer: Developer35 || Priority: 1 || Dependency on TaskId: [2036]
=> New Task ID: 2036 || Description: Complex Task 2036 || Developer: Developer36 || Priority: 2 || Dependency on TaskId: [2037]
=> New Task ID: 2037 || Description: Complex Task 2037 || Developer: Developer37 || Priority: 3 || Dependency on TaskId: [2038]
=> New Task ID: 2038 || Description: Complex Task 2038 || Developer: Developer38 || Priority: 4 || Dependency on TaskId: [2039]
=> New Task ID: 2039 || Description: Complex Task 2039 || Developer: Developer39 || Priority: 5 || Dependency on TaskId: [2040]
=> New Task ID: 2040 || Description: Complex Task 2040 || Developer: Developer40 || Priority: 1 || Dependency on TaskId: [2041]
=> New Task ID: 2041 || Description: Complex Task 2041 || Developer: Developer41 || Priority: 2 || Dependency on TaskId: [2042]
=> New Task ID: 2042 || Description: Complex Task 2042 || Developer: Developer42 || Priority: 3 || Dependency on TaskId: [2043]
=> New Task ID: 2043 || Description: Complex Task 2043 || Developer: Developer43 || Priority: 4 || Dependency on TaskId: [2044]
=> New Task ID: 2044 || Description: Complex Task 2044 || Developer: Developer44 || Priority: 5 || Dependency on TaskId: [2045]
=> New Task ID: 2045 || Description: Complex Task 2045 || Developer: Developer45 || Priority: 1 || Dependency on TaskId: [2046]
=> New Task ID: 2046 || Description: Complex Task 2046 || Developer: Developer46 || Priority: 2 || Dependency on TaskId: [2047]
=> New Task ID: 2047 || Description: Complex Task 2047 || Developer: Developer47 || Priority: 3 || Dependency on TaskId: [2048]
=> New Task ID: 2048 || Description: Complex Task 2048 || Developer: Developer48 || Priority: 4 || Dependency on TaskId: [2049]
=> New Task ID: 2049 || Description: Complex Task 2049 || Developer: Developer49 || Priority: 5 || Dependency on TaskId: [2050]
=> New Task ID: 2050 || Description: Complex Task 2050 || Developer: Developer50 || Priority: 1 || Dependency on TaskId: [2051]
=> New Task ID: 2051 || Description: Complex Task 2051 || Developer: Developer51 || Priority: 2 || Dependency on TaskId: [2052]
=> New Task ID: 2052 || Description: Complex Task 2052 || Developer: Developer52 || Priority: 3 || Dependency on TaskId: [2053]
=> New Task ID: 2053 || Description: Complex Task 2053 || Developer: Developer53 || Priority: 4 || Dependency on TaskId: [2054]
=> New Task ID: 2054 || Description: Complex Task 2054 || Developer: Developer54 || Priority: 5 || Dependency on TaskId: [2055]
=> New Task ID: 2055 || Description: Complex Task 2055 || Developer: Developer55 || Priority: 1 || Dependency on TaskId: [2056]
=> New Task ID: 2056 || Description: Complex Task 2056 || Developer: Developer56 || Priority: 2 || Dependency on TaskId: [2057]
=> New Task ID: 2057 || Description: Complex Task 2057 || Developer: Developer57 || Priority: 3 || Dependency on TaskId: [2058]
=> New Task ID: 2058 || Description: Complex Task 2058 || Developer: Developer58 || Priority: 4 || Dependency on TaskId: [2059]
=> New Task ID: 2059 || Description: Complex Task 2059 || Developer: Developer59 || Priority: 5 || Dependency on TaskId: [2060]
=> New Task ID: 2060 || Description: Complex Task 2060 || Developer: Developer60 || Priority: 1 || Dependency on TaskId: [2061]
=> New Task ID: 2061 || Description: Complex Task 2061 || Developer: Developer61 || Priority: 2 || Dependency on TaskId: [2062]
=> New Task ID: 2062 || Description: Complex Task 2062 || Developer: Developer62 || Priority: 3 || Dependency on TaskId: [2063]
=> New Task ID: 2063 || Description: Complex Task 2063 || Developer: Developer63 || Priority: 4 || Dependency on TaskId: [2064]
=> New Task ID: 2064 || Description: Complex Task 2064 || Developer: Developer64 || Priority: 5 || Dependency on TaskId: [2065]
=> New Task ID: 2065 || Description: Complex Task 2065 || Developer: Developer65 || Priority: 1 || Dependency on TaskId: [2066]
=> New Task ID: 2066 || Description: Complex Task 2066 || Developer: Developer66 || Priority: 2 || Dependency on TaskId: [2067]
=> New Task ID: 2067 || Description: Complex Task 2067 || Developer: Developer67 || Priority: 3 || Dependency on TaskId: [2068]
=> New Task ID: 2068 || Description: Complex Task 2068 || Developer: Developer68 || Priority: 4 || Dependency on TaskId: [2069]
=> New Task ID: 2069 || Description: Complex Task 2069 || Developer: Developer69 || Priority: 5 || Dependency on TaskId: [2070]
=> New Task ID: 2070 || Description: Complex Task 2070 || Developer: Developer70 || Priority: 1 || Dependency on TaskId: [2071]
=> New Task ID: 2071 || Description: Complex Task 2071 || Developer: Developer71 || Priority: 2 || Dependency on TaskId: [2072]
=> New Task ID: 2072 || Description: Complex Task 2072 || Developer: Developer72 || Priority: 3 || Dependency on TaskId: [2073]
=> New Task ID: 2073 || Description: Complex Task 2073 || Developer: Developer73 || Priority: 4 || Dependency on TaskId: [2074]
=> New Task ID: 2074 || Description: Complex Task 2074 || Developer: Developer74 || Priority: 5 || Dependency on TaskId: [2075]
=> New Task ID: 2075 || Description: Complex Task 2075 || Developer: Developer75 || Priority: 1 || Dependency on TaskId: [2076]
=> New Task ID: 2076 || Description: Complex Task 2076 || Developer: Developer76 || Priority: 2 || Dependency on TaskId: [2077]
=> New Task ID: 2077 || Description: Complex Task 2077 || Developer: Developer77 || Priority: 3 || Dependency on TaskId: [2078]
=> New Task ID: 2078 || Description: Complex Task 2078 || Developer: Developer78 || Priority: 4 || Dependency on TaskId: [2079]
=> New Task ID: 2079 || Description: Complex Task 2079 || Developer: Developer79 || Priority: 5 || Dependency on TaskId: [2080]
=> New Task ID: 2080 || Description: Complex Task 2080 || Developer: Developer80 || Priority: 1 || Dependency on TaskId: [2081]
=> New Task ID: 2081 || Description: Complex Task 2081 || Developer: Developer81 || Priority: 2 || Dependency on TaskId: [2082]
=> New Task ID: 2082 || Description: Complex Task 2082 || Developer: Developer82 || Priority: 3 || Dependency on TaskId: [2083]
=> New Task ID: 2083 || Description: Complex Task 2083 || Developer: Developer83 || Priority: 4 || Dependency on TaskId: [2084]
=> New Task ID: 2084 || Description: Complex Task 2084 || Developer: Developer84 || Priority: 5 || Dependency on TaskId: [2085]
=> New Task ID: 2085 || Description: Complex Task 2085 || Developer: Developer85 || Priority: 1 || Dependency on TaskId: [2086]
=> New Task ID: 2086 || Description: Complex Task 2086 || Developer: Developer86 || Priority: 2 || Dependency on TaskId: [2087]
=> New Task ID: 2087 || Description: Complex Task 2087 || Developer: Developer87 || Priority: 3 || Dependency on TaskId: [2088]
=> New Task ID: 2088 || Description: Complex Task 2088 || Developer: Developer88 || Priority: 4 || Dependency on TaskId: [2089]
=> New Task ID: 2089 || Description: Complex Task 2089 || Developer: Developer89 || Priority: 5 || Dependency on TaskId: [2090]
=> New Task ID: 2090 || Description: Complex Task 2090 || Developer: Developer90 || Priority: 1 || Dependency on TaskId: [2091]
=> New Task ID: 2091 || Description: Complex Task 2091 || Developer: Developer91 || Priority: 2 || Dependency on TaskId: [2092]
=> New Task ID: 2092 || Description: Complex Task 2092 || Developer: Developer92 || Priority: 3 || Dependency on TaskId: [2093]
=> New Task ID: 2093 || Description: Complex Task 2093 || Developer: Developer93 || Priority: 4 || Dependency on TaskId: [2094]
=> New Task ID: 2094 || Description: Complex Task 2094 || Developer: Developer94 || Priority: 5 || Dependency on TaskId: [2095]
=> New Task ID: 2095 || Description: Complex Task 2095 || Developer: Developer95 || Priority: 1 || Dependency on TaskId: [2096]
=> New Task ID: 2096 || Description: Complex Task 2096 || Developer: Developer96 || Priority: 2 || Dependency on TaskId: [2097]
=> New Task ID: 2097 || Description: Complex Task 2097 || Developer: Developer97 || Priority: 3 || Dependency on TaskId: [2098]
=> New Task ID: 2098 || Description: Complex Task 2098 || Developer: Developer98 || Priority: 4 || Dependency on TaskId: [2099]
=> New Task ID: 2099 || Description: Complex Task 2099 || Developer: Developer99 || Priority: 5 || Dependency on TaskId: [2100]
=> New Task ID: 2100 || Description: Complex Task 2100 || Developer: Developer100 || Priority: 1 || Dependency on TaskId: [2101]
=> New Task ID: 2101 || Description: Complex Task 2101 || Developer: Developer101 || Priority: 2 || Dependency on TaskId: [2102]
=> New Task ID: 2102 || Description: Complex Task 2102 || Developer: Developer102 || Priority: 3 || Dependency on TaskId: [2103]
=> New Task ID: 2103 || Description: Complex Task 2103 || Developer: Developer103 || Priority: 4 || Dependency on TaskId: [2104]
=> New Task ID: 2104 || Description: Complex Task 2104 || Developer: Developer104 || Priority: 5 || Dependency on TaskId: [2105]
=> New Task ID: 2105 || Description: Complex Task 2105 || Developer: Developer105 || Priority: 1 || Dependency on TaskId: [2106]
=> New Task ID: 2106 || Description: Complex Task 2106 || Developer: Developer106 || Priority: 2 || Dependency on TaskId: [2107]
=> New Task ID: 2107 || Description: Complex Task 2107 || Developer: Developer107 || Priority: 3 || Dependency on TaskId: [2108]
=> New Task ID: 2108 || Description: Complex Task 2108 || Developer: Developer108 || Priority: 4 || Dependency on TaskId: [2109]
=> New Task ID: 2109 || Description: Complex Task 2109 || Developer: Developer109 || Priority: 5 || Dependency on TaskId: [2110]
=> New Task ID: 2110 || Description: Complex Task 2110 || Developer: Developer110 || Priority: 1 || Dependency on TaskId: [2111]
=> New Task ID: 2111 || Description: Complex Task 2111 || Developer: Developer111 || Priority: 2 || Dependency on TaskId: [2112]
=> New Task ID: 2112 || Description: Complex Task 2112 || Developer: Developer112 || Priority: 3 || Dependency on TaskId: [2113]
=> New Task ID: 2113 || Description: Complex Task 2113 || Developer: Developer113 || Priority: 4 || Dependency on TaskId: [2114]
=> New Task ID: 2114 || Description: Complex Task 2114 || Developer: Developer114 || Priority: 5 || Dependency on TaskId: [2115]
=> New Task ID: 2115 || Description: Complex Task 2115 || Developer: Developer115 || Priority: 1 || Dependency on TaskId: [2116]
=> New Task ID: 2116 || Description: Complex Task 2116 || Developer: Developer116 || Priority: 2 || Dependency on TaskId: [2117]
=> New Task ID: 2117 || Description: Complex Task 2117 || Developer: Developer117 || Priority: 3 || Dependency on TaskId: [2118]
=> New Task ID: 2118 || Description: Complex Task 2118 || Developer: Developer118 || Priority: 4 || Dependency on TaskId: [2119]
=> New Task ID: 2119 || Description: Complex Task 2119 || Developer: Developer119 || Priority: 5 || Dependency on TaskId: [2120]
=> New Task ID: 2120 || Description: Complex Task 2120 || Developer: Developer120 || Priority: 1 || Dependency on TaskId: [2121]
=> New Task ID: 2121 || Description: Complex Task 2121 || Developer: Developer121 || Priority: 2 || Dependency on TaskId: [2122]
=> New Task ID: 2122 || Description: Complex Task 2122 || Developer: Developer122 || Priority: 3 || Dependency on TaskId: [2123]
=> New Task ID: 2123 || Description: Complex Task 2123 || Developer: Developer123 || Priority: 4 || Dependency on TaskId: [2124]
=> New Task ID: 2124 || Description: Complex Task 2124 || Developer: Developer124 || Priority: 5 || Dependency on TaskId: [2125]
=> New Task ID: 2125 || Description: Complex Task 2125 || Developer: Developer125 || Priority: 1 || Dependency on TaskId: [2126]
=> New Task ID: 2126 || Description: Complex Task 2126 || Developer: Developer126 || Priority: 2 || Dependency on TaskId: [2127]
=> New Task ID: 2127 || Description: Complex Task 2127 || Developer: Developer127 || Priority: 3 || Dependency on TaskId: [2128]
=> New Task ID: 2128 || Description: Complex Task 2128 || Developer: Developer128 || Priority: 4 || Dependency on TaskId: [2129]
=> New Task ID: 2129 || Description: Complex Task 2129 || Developer: Developer129 || Priority: 5 || Dependency on TaskId: [2130]
=> New Task ID: 2130 || Description: Complex Task 2130 || Developer: Developer130 || Priority: 1 || Dependency on TaskId: [2131]
=> New Task ID: 2131 || Description: Complex Task 2131 || Developer: Developer131 || Priority: 2 || Dependency on TaskId: [2132]
=> New Task ID: 2132 || Description: Complex Task 2132 || Developer: Developer132 || Priority: 3 || Dependency on TaskId: [2133]
=> New Task ID: 2133 || Description: Complex Task 2133 || Developer: Developer133 || Priority: 4 || Dependency on TaskId: [2134]
=> New Task ID: 2134 || Description: Complex Task 2134 || Developer: Developer134 || Priority: 5 || Dependency on TaskId: [2135]
=> New Task ID: 2135 || Description: Complex Task 2135 || Developer: Developer135 || Priority: 1 || Dependency on TaskId: [2136]
=> New Task ID: 2136 || Description: Complex Task 2136 || Developer: Developer136 || Priority: 2 || Dependency on TaskId: [2137]
=> New Task ID: 2137 || Description: Complex Task 2137 || Developer: Developer137 || Priority: 3 || Dependency on TaskId: [2138]
=> New Task ID: 2138 || Description: Complex Task 2138 || Developer: Developer138 || Priority: 4 || Dependency on TaskId: [2139]
=> New Task ID: 2139 || Description: Complex Task 2139 || Developer: Developer139 || Priority: 5 || Dependency on TaskId: [2140]
=> New Task ID: 2140 || Description: Complex Task 2140 || Developer: Developer140 || Priority: 1 || Dependency on TaskId: [2141]
=> New Task ID: 2141 || Description: Complex Task 2141 || Developer: Developer141 || Priority: 2 || Dependency on TaskId: [2142]
=> New Task ID: 2142 || Description: Complex Task 2142 || Developer: Developer142 || Priority: 3 || Dependency on TaskId: [2143]
=> New Task ID: 2143 || Description: Complex Task 2143 || Developer: Developer143 || Priority: 4 || Dependency on TaskId: [2144]
=> New Task ID: 2144 || Description: Complex Task 2144 || Developer: Developer144 || Priority: 5 || Dependency on TaskId: [2145]
=> New Task ID: 2145 || Description: Complex Task 2145 || Developer: Developer145 || Priority: 1 || Dependency on TaskId: [2146]
=> New Task ID: 2146 || Description: Complex Task 2146 || Developer: Developer146 || Priority: 2 || Dependency on TaskId: [2147]
=> New Task ID: 2147 || Description: Complex Task 2147 || Developer: Developer147 || Priority: 3 || Dependency on TaskId: [2148]
=> New Task ID: 2148 || Description: Complex Task 2148 || Developer: Developer148 || Priority: 4 || Dependency on TaskId: [2149]
=> New Task ID: 2149 || Description: Complex Task 2149 || Developer: Developer149 || Priority: 5 || Dependency on TaskId: [2150]
=> New Task ID: 2150 || Description: Complex Task 2150 || Developer: Developer150 || Priority: 1 || Dependency on TaskId: [2151]
=> New Task ID: 2151 || Description: Complex Task 2151 || Developer: Developer151 || Priority: 2 || Dependency on TaskId: [2152]
=> New Task ID: 2152 || Description: Complex Task 2152 || Developer: Developer152 || Priority: 3 || Dependency on TaskId: [2153]
=> New Task ID: 2153 || Description: Complex Task 2153 || Developer: Developer153 || Priority: 4 || Dependency on TaskId: [2154]
=> New Task ID: 2154 || Description: Complex Task 2154 || Developer: Developer154 || Priority: 5 || Dependency on TaskId: [2155]
=> New Task ID: 2155 || Description: Complex Task 2155 || Developer: Developer155 || Priority: 1 || Dependency on TaskId: [2156]
=> New Task ID: 2156 || Description: Complex Task 2156 || Developer: Developer156 || Priority: 2 || Dependency on TaskId: [2157]
=> New Task ID: 2157 || Description: Complex Task 2157 || Developer: Developer157 || Priority: 3 || Dependency on TaskId: [2158]
=> New Task ID: 2158 || Description: Complex Task 2158 || Developer: Developer158 || Priority: 4 || Dependency on TaskId: [2159]
=> New Task ID: 2159 || Description: Complex Task 2159 || Developer: Developer159 || Priority: 5 || Dependency on TaskId: [2160]
=> New Task ID: 2160 || Description: Complex Task 2160 || Developer: Developer160 || Priority: 1 || Dependency on TaskId: [2161]
=> New Task ID: 2161 || Description: Complex Task 2161 || Developer: Developer161 || Priority: 2 || Dependency on TaskId: [2162]
=> New Task ID: 2162 || Description: Complex Task 2162 || Developer: Developer162 || Priority: 3 || Dependency on TaskId: [2163]
=> New Task ID: 2163 || Description: Complex Task 2163 || Developer: Developer163 || Priority: 4 || Dependency on TaskId: [2164]
=> New Task ID: 2164 || Description: Complex Task 2164 || Developer: Developer164 || Priority: 5 || Dependency on TaskId: [2165]
=> New Task ID: 2165 || Description: Complex Task 2165 || Developer: Developer165 || Priority: 1 || Dependency on TaskId: [2166]
=> New Task ID: 2166 || Description: Complex Task 2166 || Developer: Developer166 || Priority: 2 || Dependency on TaskId: [2167]
=> New Task ID: 2167 || Description: Complex Task 2167 || Developer: Developer167 || Priority: 3 || Dependency on TaskId: [2168]
=> New Task ID: 2168 || Description: Complex Task 2168 || Developer: Developer168 || Priority: 4 || Dependency on TaskId: [2169]
=> New Task ID: 2169 || Description: Complex Task 2169 || Developer: Developer169 || Priority: 5 || Dependency on TaskId: [2170]
=> New Task ID: 2170 || Description: Complex Task 2170 || Developer: Developer170 || Priority: 1 || Dependency on TaskId: [2171]
=> New Task ID: 2171 || Description: Complex Task 2171 || Developer: Developer171 || Priority: 2 || Dependency on TaskId: [2172]
=> New Task ID: 2172 || Description: Complex Task 2172 || Developer: Developer172 || Priority: 3 || Dependency on TaskId: [2173]
=> New Task ID: 2173 || Description: Complex Task 2173 || Developer: Developer173 || Priority: 4 || Dependency on TaskId: [2174]
=> New Task ID: 2174 || Description: Complex Task 2174 || Developer: Developer174 || Priority: 5 || Dependency on TaskId: [2175]
=> New Task ID: 2175 || Description: Complex Task 2175 || Developer: Developer175 || Priority: 1 || Dependency on TaskId: [2176]
=> New Task ID: 2176 || Description: Complex Task 2176 || Developer: Developer176 || Priority: 2 || Dependency on TaskId: [2177]
=> New Task ID: 2177 || Description: Complex Task 2177 || Developer: Developer177 || Priority: 3 || Dependency on TaskId: [2178]
=> New Task ID: 2178 || Description: Complex Task 2178 || Developer: Developer178 || Priority: 4 || Dependency on TaskId: [2179]
=> New Task ID: 2179 || Description: Complex Task 2179 || Developer: Developer179 || Priority: 5 || Dependency on TaskId: [2180]
=> New Task ID: 2180 || Description: Complex Task 2180 || Developer: Developer180 || Priority: 1 || Dependency on TaskId: [2181]
=> New Task ID: 2181 || Description: Complex Task 2181 || Developer: Developer181 || Priority: 2 || Dependency on TaskId: [2182]
=> New Task ID: 2182 || Description: Complex Task 2182 || Developer: Developer182 || Priority: 3 || Dependency on TaskId: [2183]
=> New Task ID: 2183 || Description: Complex Task 2183 || Developer: Developer183 || Priority: 4 || Dependency on TaskId: [2184]
=> New Task ID: 2184 || Description: Complex Task 2184 || Developer: Developer184 || Priority: 5 || Dependency on TaskId: [2185]
=> New Task ID: 2185 || Description: Complex Task 2185 || Developer: Developer185 || Priority: 1 || Dependency on TaskId: [2186]
=> New Task ID: 2186 || Description: Complex Task 2186 || Developer: Developer186 || Priority: 2 || Dependency on TaskId: [2187]
=> New Task ID: 2187 || Description: Complex Task 2187 || Developer: Developer187 || Priority: 3 || Dependency on TaskId: [2188]
=> New Task ID: 2188 || Description: Complex Task 2188 || Developer: Developer188 || Priority: 4 || Dependency on TaskId: [2189]
=> New Task ID: 2189 || Description: Complex Task 2189 || Developer: Developer189 || Priority: 5 || Dependency on TaskId: [2190]
=> New Task ID: 2190 || Description: Complex Task 2190 || Developer: Developer190 || Priority: 1 || Dependency on TaskId: [2191]
=> New Task ID: 2191 || Description: Complex Task 2191 || Developer: Developer191 || Priority: 2 || Dependency on TaskId: [2192]
=> New Task ID: 2192 || Description: Complex Task 2192 || Developer: Developer192 || Priority: 3 || Dependency on TaskId: [2193]
=> New Task ID: 2193 || Description: Complex Task 2193 || Developer: Developer193 || Priority: 4 || Dependency on TaskId: [2194]
=> New Task ID: 2194 || Description: Complex Task 2194 || Developer: Developer194 || Priority: 5 || Dependency on TaskId: [2195]
=> New Task ID: 2195 || Description: Complex Task 2195 || Developer: Developer195 || Priority: 1 || Dependency on TaskId: [2196]
=> New Task ID: 2196 || Description: Complex Task 2196 || Developer: Developer196 || Priority: 2 || Dependency on TaskId: [2197]
=> New Task ID: 2197 || Description: Complex Task 2197 || Developer: Developer197 || Priority: 3 || Dependency on TaskId: [2198]
=> New Task ID: 2198 || Description: Complex Task 2198 || Developer: Developer198 || Priority: 4 || Dependency on TaskId: [2199]
=> New Task ID: 2199 || Description: Complex Task 2199 || Developer: Developer199 || Priority: 5 || Dependency on TaskId: [2200]
=> New Task ID: 2200 || Description: Complex Task 2200 || Developer: Developer200 || Priority: 1 || Dependency on TaskId: [2201]
=> New Task ID: 2201 || Description: Complex Task 2201 || Developer: Developer201 || Priority: 2 || Dependency on TaskId: [2202]
=> New Task ID: 2202 || Description: Complex Task 2202 || Developer: Developer202 || Priority: 3 || Dependency on TaskId: [2203]
=> New Task ID: 2203 || Description: Complex Task 2203 || Developer: Developer203 || Priority: 4 || Dependency on TaskId: [2204]
=> New Task ID: 2204 || Description: Complex Task 2204 || Developer: Developer204 || Priority: 5 || Dependency on TaskId: [2205]
=> New Task ID: 2205 || Description: Complex Task 2205 || Developer: Developer205 || Priority: 1 || Dependency on TaskId: [2206]
=> New Task ID: 2206 || Description: Complex Task 2206 || Developer: Developer206 || Priority: 2 || Dependency on TaskId: [2207]
=> New Task ID: 2207 || Description: Complex Task 2207 || Developer: Developer207 || Priority: 3 || Dependency on TaskId: [2208]
=> New Task ID: 2208 || Description: Complex Task 2208 || Developer: Developer208 || Priority: 4 || Dependency on TaskId: [2209]
=> New Task ID: 2209 || Description: Complex Task 2209 || Developer: Developer209 || Priority: 5 || Dependency on TaskId: [2210]
=> New Task ID: 2210 || Description: Complex Task 2210 || Developer: Developer210 || Priority: 1 || Dependency on TaskId: [2211]
=> New Task ID: 2211 || Description: Complex Task 2211 || Developer: Developer211 || Priority: 2 || Dependency on TaskId: [2212]
=> New Task ID: 2212 || Description: Complex Task 2212 || Developer: Developer212 || Priority: 3 || Dependency on TaskId: [2213]
=> New Task ID: 2213 || Description: Complex Task 2213 || Developer: Developer213 || Priority: 4 || Dependency on TaskId: [2214]
=> New Task ID: 2214 || Description: Complex Task 2214 || Developer: Developer214 || Priority: 5 || Dependency on TaskId: [2215]
=> New Task ID: 2215 || Description: Complex Task 2215 || Developer: Developer215 || Priority: 1 || Dependency on TaskId: [2216]
=> New Task ID: 2216 || Description: Complex Task 2216 || Developer: Developer216 || Priority: 2 || Dependency on TaskId: [2217]
=> New Task ID: 2217 || Description: Complex Task 2217 || Developer: Developer217 || Priority: 3 || Dependency on TaskId: [2218]
=> New Task ID: 2218 || Description: Complex Task 2218 || Developer: Developer218 || Priority: 4 || Dependency on TaskId: [2219]
=> New Task ID: 2219 || Description: Complex Task 2219 || Developer: Developer219 || Priority: 5 || Dependency on TaskId: [2220]
=> New Task ID: 2220 || Description: Complex Task 2220 || Developer: Developer220 || Priority: 1 || Dependency on TaskId: [2221]
=> New Task ID: 2221 || Description: Complex Task 2221 || Developer: Developer221 || Priority: 2 || Dependency on TaskId: [2222]
=> New Task ID: 2222 || Description: Complex Task 2222 || Developer: Developer222 || Priority: 3 || Dependency on TaskId: [2223]
=> New Task ID: 2223 || Description: Complex Task 2223 || Developer: Developer223 || Priority: 4 || Dependency on TaskId: [2224]
=> New Task ID: 2224 || Description: Complex Task 2224 || Developer: Developer224 || Priority: 5 || Dependency on TaskId: [2225]
=> New Task ID: 2225 || Description: Complex Task 2225 || Developer: Developer225 || Priority: 1 || Dependency on TaskId: [2226]
=> New Task ID: 2226 || Description: Complex Task 2226 || Developer: Developer226 || Priority: 2 || Dependency on TaskId: [2227]
=> New Task ID: 2227 || Description: Complex Task 2227 || Developer: Developer227 || Priority: 3 || Dependency on TaskId: [2228]
=> New Task ID: 2228 || Description: Complex Task 2228 || Developer: Developer228 || Priority: 4 || Dependency on TaskId: [2229]
=> New Task ID: 2229 || Description: Complex Task 2229 || Developer: Developer229 || Priority: 5 || Dependency on TaskId: [2230]
=> New Task ID: 2230 || Description: Complex Task 2230 || Developer: Developer230 || Priority: 1 || Dependency on TaskId: [2231]
=> New Task ID: 2231 || Description: Complex Task 2231 || Developer: Developer231 || Priority: 2 || Dependency on TaskId: [2232]
=> New Task ID: 2232 || Description: Complex Task 2232 || Developer: Developer232 || Priority: 3 || Dependency on TaskId: [2233]
=> New Task ID: 2233 || Description: Complex Task 2233 || Developer: Developer233 || Priority: 4 || Dependency on TaskId: [2234]
=> New Task ID: 2234 || Description: Complex Task 2234 || Developer: Developer234 || Priority: 5 || Dependency on TaskId: [2235]
=> New Task ID: 2235 || Description: Complex Task 2235 || Developer: Developer235 || Priority: 1 || Dependency on TaskId: [2236]
=> New Task ID: 2236 || Description: Complex Task 2236 || Developer: Developer236 || Priority: 2 || Dependency on TaskId: [2237]
=> New Task ID: 2237 || Description: Complex Task 2237 || Developer: Developer237 || Priority: 3 || Dependency on TaskId: [2238]
=> New Task ID: 2238 || Description: Complex Task 2238 || Developer: Developer238 || Priority: 4 || Dependency on TaskId: [2239]
=> New Task ID: 2239 || Description: Complex Task 2239 || Developer: Developer239 || Priority: 5 || Dependency on TaskId: [2240]
=> New Task ID: 2240 || Description: Complex Task 2240 || Developer: Developer240 || Priority: 1 || Dependency on TaskId: [2241]
=> New Task ID: 2241 || Description: Complex Task 2241 || Developer: Developer241 || Priority: 2 || Dependency on TaskId: [2242]
=> New Task ID: 2242 || Description: Complex Task 2242 || Developer: Developer242 || Priority: 3 || Dependency on TaskId: [2243]
=> New Task ID: 2243 || Description: Complex Task 2243 || Developer: Developer243 || Priority: 4 || Dependency on TaskId: [2244]
=> New Task ID: 2244 || Description: Complex Task 2244 || Developer: Developer244 || Priority: 5 || Dependency on TaskId: [2245]
=> New Task ID: 2245 || Description: Complex Task 2245 || Developer: Developer245 || Priority: 1 || Dependency on TaskId: [2246]
=> New Task ID: 2246 || Description: Complex Task 2246 || Developer: Developer246 || Priority: 2 || Dependency on TaskId: [2247]
=> New Task ID: 2247 || Description: Complex Task 2247 || Developer: Developer247 || Priority: 3 || Dependency on TaskId: [2248]
=> New Task ID: 2248 || Description: Complex Task 2248 || Developer: Developer248 || Priority: 4 || Dependency on TaskId: [2249]
=> New Task ID: 2249 || Description: Complex Task 2249 || Developer: Developer249 || Priority: 5 || Dependency on TaskId: [2250]
=> New Task ID: 2250 || Description: Complex Task 2250 || Developer: Developer250 || Priority: 1 || Dependency on TaskId: [2251]
=> New Task ID: 2251 || Description: Complex Task 2251 || Developer: Developer251 || Priority: 2 || Dependency on TaskId: [2252]
=> New Task ID: 2252 || Description: Complex Task 2252 || Developer: Developer252 || Priority: 3 || Dependency on TaskId: [2253]
=> New Task ID: 2253 || Description: Complex Task 2253 || Developer: Developer253 || Priority: 4 || Dependency on TaskId: [2254]
=> New Task ID: 2254 || Description: Complex Task 2254 || Developer: Developer254 || Priority: 5 || Dependency on TaskId: [2255]
=> New Task ID: 2255 || Description: Complex Task 2255 || Developer: Developer255 || Priority: 1 || Dependency on TaskId: [2256]
=> New Task ID: 2256 || Description: Complex Task 2256 || Developer: Developer256 || Priority: 2 || Dependency on TaskId: [2257]
=> New Task ID: 2257 || Description: Complex Task 2257 || Developer: Developer257 || Priority: 3 || Dependency on TaskId: [2258]
=> New Task ID: 2258 || Description: Complex Task 2258 || Developer: Developer258 || Priority: 4 || Dependency on TaskId: [2259]
=> New Task ID: 2259 || Description: Complex Task 2259 || Developer: Developer259 || Priority: 5 || Dependency on TaskId: [2260]
=> New Task ID: 2260 || Description: Complex Task 2260 || Developer: Developer260 || Priority: 1 || Dependency on TaskId: [2261]
=> New Task ID: 2261 || Description: Complex Task 2261 || Developer: Developer261 || Priority: 2 || Dependency on TaskId: [2262]
=> New Task ID: 2262 || Description: Complex Task 2262 || Developer: Developer262 || Priority: 3 || Dependency on TaskId: [2263]
=> New Task ID: 2263 || Description: Complex Task 2263 || Developer: Developer263 || Priority: 4 || Dependency on TaskId: [2264]
=> New Task ID: 2264 || Description: Complex Task 2264 || Developer: Developer264 || Priority: 5 || Dependency on TaskId: [2265]
=> New Task ID: 2265 || Description: Complex Task 2265 || Developer: Developer265 || Priority: 1 || Dependency on TaskId: [2266]
=> New Task ID: 2266 || Description: Complex Task 2266 || Developer: Developer266 || Priority: 2 || Dependency on TaskId: [2267]
=> New Task ID: 2267 || Description: Complex Task 2267 || Developer: Developer267 || Priority: 3 || Dependency on TaskId: [2268]
=> New Task ID: 2268 || Description: Complex Task 2268 || Developer: Developer268 || Priority: 4 || Dependency on TaskId: [2269]
=> New Task ID: 2269 || Description: Complex Task 2269 || Developer: Developer269 || Priority: 5 || Dependency on TaskId: [2270]
=> New Task ID: 2270 || Description: Complex Task 2270 || Developer: Developer270 || Priority: 1 || Dependency on TaskId: [2271]
=> New Task ID: 2271 || Description: Complex Task 2271 || Developer: Developer271 || Priority: 2 || Dependency on TaskId: [2272]
=> New Task ID: 2272 || Description: Complex Task 2272 || Developer: Developer272 || Priority: 3 || Dependency on TaskId: [2273]
=> New Task ID: 2273 || Description: Complex Task 2273 || Developer: Developer273 || Priority: 4 || Dependency on TaskId: [2274]
=> New Task ID: 2274 || Description: Complex Task 2274 || Developer: Developer274 || Priority: 5 || Dependency on TaskId: [2275]
=> New Task ID: 2275 || Description: Complex Task 2275 || Developer: Developer275 || Priority: 1 || Dependency on TaskId: [2276]
=> New Task ID: 2276 || Description: Complex Task 2276 || Developer: Developer276 || Priority: 2 || Dependency on TaskId: [2277]
=> New Task ID: 2277 || Description: Complex Task 2277 || Developer: Developer277 || Priority: 3 || Dependency on TaskId: [2278]
=> New Task ID: 2278 || Description: Complex Task 2278 || Developer: Developer278 || Priority: 4 || Dependency on TaskId: [2279]
=> New Task ID: 2279 || Description: Complex Task 2279 || Developer: Developer279 || Priority: 5 || Dependency on TaskId: [2280]
=> New Task ID: 2280 || Description: Complex Task 2280 || Developer: Developer280 || Priority: 1 || Dependency on TaskId: [2281]
=> New Task ID: 2281 || Description: Complex Task 2281 || Developer: Developer281 || Priority: 2 || Dependency on TaskId: [2282]
=> New Task ID: 2282 || Description: Complex Task 2282 || Developer: Developer282 || Priority: 3 || Dependency on TaskId: [2283]
=> New Task ID: 2283 || Description: Complex Task 2283 || Developer: Developer283 || Priority: 4 || Dependency on TaskId: [2284]
=> New Task ID: 2284 || Description: Complex Task 2284 || Developer: Developer284 || Priority: 5 || Dependency on TaskId: [2285]
=> New Task ID: 2285 || Description: Complex Task 2285 || Developer: Developer285 || Priority: 1 || Dependency on TaskId: [2286]
=> New Task ID: 2286 || Description: Complex Task 2286 || Developer: Developer286 || Priority: 2 || Dependency on TaskId: [2287]
=> New Task ID: 2287 || Description: Complex Task 2287 || Developer: Developer287 || Priority: 3 || Dependency on TaskId: [2288]
=> New Task ID: 2288 || Description: Complex Task 2288 || Developer: Developer288 || Priority: 4 || Dependency on TaskId: [2289]
=> New Task ID: 2289 || Description: Complex Task 2289 || Developer: Developer289 || Priority: 5 || Dependency on TaskId: [2290]
=> New Task ID: 2290 || Description: Complex Task 2290 || Developer: Developer290 || Priority: 1 || Dependency on TaskId: [2291]
=> New Task ID: 2291 || Description: Complex Task 2291 || Developer: Developer291 || Priority: 2 || Dependency on TaskId: [2292]
=> New Task ID: 2292 || Description: Complex Task 2292 || Developer: Developer292 || Priority: 3 || Dependency on TaskId: [2293]
=> New Task ID: 2293 || Description: Complex Task 2293 || Developer: Developer293 || Priority: 4 || Dependency on TaskId: [2294]
=> New Task ID: 2294 || Description: Complex Task 2294 || Developer: Developer294 || Priority: 5 || Dependency on TaskId: [2295]
=> New Task ID: 2295 || Description: Complex Task 2295 || Developer: Developer295 || Priority: 1 || Dependency on TaskId: [2296]
=> New Task ID: 2296 || Description: Complex Task 2296 || Developer: Developer296 || Priority: 2 || Dependency on TaskId: [2297]
=> New Task ID: 2297 || Description: Complex Task 2297 || Developer: Developer297 || Priority: 3 || Dependency on TaskId: [2298]
=> New Task ID: 2298 || Description: Complex Task 2298 || Developer: Developer298 || Priority: 4 || Dependency on TaskId: [2299]
=> New Task ID: 2299 || Description: Complex Task 2299 || Developer: Developer299 || Priority: 5 || Dependency on TaskId: [2300]
=> New Task ID: 2300 || Description: Complex Task 2300 || Developer: Developer300 || Priority: 1 || Dependency on TaskId: [2301]
=> New Task ID: 2301 || Description: Complex Task 2301 || Developer: Developer301 || Priority: 2 || Dependency on TaskId: [2302]
=> New Task ID: 2302 || Description: Complex Task 2302 || Developer: Developer302 || Priority: 3 || Dependency on TaskId: [2303]
=> New Task ID: 2303 || Description: Complex Task 2303 || Developer: Developer303 || Priority: 4 || Dependency on TaskId: [2304]
=> New Task ID: 2304 || Description: Complex Task 2304 || Developer: Developer304 || Priority: 5 || Dependency on TaskId: [2305]
=> New Task ID: 2305 || Description: Complex Task 2305 || Developer: Developer305 || Priority: 1 || Dependency on TaskId: [2306]
=> New Task ID: 2306 || Description: Complex Task 2306 || Developer: Developer306 || Priority: 2 || Dependency on TaskId: [2307]
=> New Task ID: 2307 || Description: Complex Task 2307 || Developer: Developer307 || Priority: 3 || Dependency on TaskId: [2308]
=> New Task ID: 2308 || Description: Complex Task 2308 || Developer: Developer308 || Priority: 4 || Dependency on TaskId: [2309]
=> New Task ID: 2309 || Description: Complex Task 2309 || Developer: Developer309 || Priority: 5 || Dependency on TaskId: [2310]
=> New Task ID: 2310 || Description: Complex Task 2310 || Developer: Developer310 || Priority: 1 || Dependency on TaskId: [2311]
=> New Task ID: 2311 || Description: Complex Task 2311 || Developer: Developer311 || Priority: 2 || Dependency on TaskId: [2312]
=> New Task ID: 2312 || Description: Complex Task 2312 || Developer: Developer312 || Priority: 3 || Dependency on TaskId: [2313]
=> New Task ID: 2313 || Description: Complex Task 2313 || Developer: Developer313 || Priority: 4 || Dependency on TaskId: [2314]
=> New Task ID: 2314 || Description: Complex Task 2314 || Developer: Developer314 || Priority: 5 || Dependency on TaskId: [2315]
=> New Task ID: 2315 || Description: Complex Task 2315 || Developer: Developer315 || Priority: 1 || Dependency on TaskId: [2316]
=> New Task ID: 2316 || Description: Complex Task 2316 || Developer: Developer316 || Priority: 2 || Dependency on TaskId: [2317]
=> New Task ID: 2317 || Description: Complex Task 2317 || Developer: Developer317 || Priority: 3 || Dependency on TaskId: [2318]
=> New Task ID: 2318 || Description: Complex Task 2318 || Developer: Developer318 || Priority: 4 || Dependency on TaskId: [2319]
=> New Task ID: 2319 || Description: Complex Task 2319 || Developer: Developer319 || Priority: 5 || Dependency on TaskId: [2320]
=> New Task ID: 2320 || Description: Complex Task 2320 || Developer: Developer320 || Priority: 1 || Dependency on TaskId: [2321]
=> New Task ID: 2321 || Description: Complex Task 2321 || Developer: Developer321 || Priority: 2 || Dependency on TaskId: [2322]
=> New Task ID: 2322 || Description: Complex Task 2322 || Developer: Developer322 || Priority: 3 || Dependency on TaskId: [2323]
=> New Task ID: 2323 || Description: Complex Task 2323 || Developer: Developer323 || Priority: 4 || Dependency on TaskId: [2324]
=> New Task ID: 2324 || Description: Complex Task 2324 || Developer: Developer324 || Priority: 5 || Dependency on TaskId: [2325]
=> New Task ID: 2325 || Description: Complex Task 2325 || Developer: Developer325 || Priority: 1 || Dependency on TaskId: [2326]
=> New Task ID: 2326 || Description: Complex Task 2326 || Developer: Developer326 || Priority: 2 || Dependency on TaskId: [2327]
=> New Task ID: 2327 || Description: Complex Task 2327 || Developer: Developer327 || Priority: 3 || Dependency on TaskId: [2328]
=> New Task ID: 2328 || Description: Complex Task 2328 || Developer: Developer328 || Priority: 4 || Dependency on TaskId: [2329]
=> New Task ID: 2329 || Description: Complex Task 2329 || Developer: Developer329 || Priority: 5 || Dependency on TaskId: [2330]
=> New Task ID: 2330 || Description: Complex Task 2330 || Developer: Developer330 || Priority: 1 || Dependency on TaskId: [2331]
=> New Task ID: 2331 || Description: Complex Task 2331 || Developer: Developer331 || Priority: 2 || Dependency on TaskId: [2332]
=> New Task ID: 2332 || Description: Complex Task 2332 || Developer: Developer332 || Priority: 3 || Dependency on TaskId: [2333]
=> New Task ID: 2333 || Description: Complex Task 2333 || Developer: Developer333 || Priority: 4 || Dependency on TaskId: [2334]
=> New Task ID: 2334 || Description: Complex Task 2334 || Developer: Developer334 || Priority: 5 || Dependency on TaskId: [2335]
=> New Task ID: 2335 || Description: Complex Task 2335 || Developer: Developer335 || Priority: 1 || Dependency on TaskId: [2336]
=> New Task ID: 2336 || Description: Complex Task 2336 || Developer: Developer336 || Priority: 2 || Dependency on TaskId: [2337]
=> New Task ID: 2337 || Description: Complex Task 2337 || Developer: Developer337 || Priority: 3 || Dependency on TaskId: [2338]
=> New Task ID: 2338 || Description: Complex Task 2338 || Developer: Developer338 || Priority: 4 || Dependency on TaskId: [2339]
=> New Task ID: 2339 || Description: Complex Task 2339 || Developer: Developer339 || Priority: 5 || Dependency on TaskId: [2340]
=> New Task ID: 2340 || Description: Complex Task 2340 || Developer: Developer340 || Priority: 1 || Dependency on TaskId: [2341]
=> New Task ID: 2341 || Description: Complex Task 2341 || Developer: Developer341 || Priority: 2 || Dependency on TaskId: [2342]
=> New Task ID: 2342 || Description: Complex Task 2342 || Developer: Developer342 || Priority: 3 || Dependency on TaskId: [2343]
=> New Task ID: 2343 || Description: Complex Task 2343 || Developer: Developer343 || Priority: 4 || Dependency on TaskId: [2344]
=> New Task ID: 2344 || Description: Complex Task 2344 || Developer: Developer344 || Priority: 5 || Dependency on TaskId: [2345]
=> New Task ID: 2345 || Description: Complex Task 2345 || Developer: Developer345 || Priority: 1 || Dependency on TaskId: [2346]
=> New Task ID: 2346 || Description: Complex Task 2346 || Developer: Developer346 || Priority: 2 || Dependency on TaskId: [2347]
=> New Task ID: 2347 || Description: Complex Task 2347 || Developer: Developer347 || Priority: 3 || Dependency on TaskId: [2348]
=> New Task ID: 2348 || Description: Complex Task 2348 || Developer: Developer348 || Priority: 4 || Dependency on TaskId: [2349]
=> New Task ID: 2349 || Description: Complex Task 2349 || Developer: Developer349 || Priority: 5 || Dependency on TaskId: [2350]
=> New Task ID: 2350 || Description: Complex Task 2350 || Developer: Developer350 || Priority: 1 || Dependency on TaskId: [2351]
=> New Task ID: 2351 || Description: Complex Task 2351 || Developer: Developer351 || Priority: 2 || Dependency on TaskId: [2352]
=> New Task ID: 2352 || Description: Complex Task 2352 || Developer: Developer352 || Priority: 3 || Dependency on TaskId: [2353]
=> New Task ID: 2353 || Description: Complex Task 2353 || Developer: Developer353 || Priority: 4 || Dependency on TaskId: [2354]
=> New Task ID: 2354 || Description: Complex Task 2354 || Developer: Developer354 || Priority: 5 || Dependency on TaskId: [2355]
=> New Task ID: 2355 || Description: Complex Task 2355 || Developer: Developer355 || Priority: 1 || Dependency on TaskId: [2356]
=> New Task ID: 2356 || Description: Complex Task 2356 || Developer: Developer356 || Priority: 2 || Dependency on TaskId: [2357]
=> New Task ID: 2357 || Description: Complex Task 2357 || Developer: Developer357 || Priority: 3 || Dependency on TaskId: [2358]
=> New Task ID: 2358 || Description: Complex Task 2358 || Developer: Developer358 || Priority: 4 || Dependency on TaskId: [2359]
=> New Task ID: 2359 || Description: Complex Task 2359 || Developer: Developer359 || Priority: 5 || Dependency on TaskId: [2360]
=> New Task ID: 2360 || Description: Complex Task 2360 || Developer: Developer360 || Priority: 1 || Dependency on TaskId: [2361]
=> New Task ID: 2361 || Description: Complex Task 2361 || Developer: Developer361 || Priority: 2 || Dependency on TaskId: [2362]
=> New Task ID: 2362 || Description: Complex Task 2362 || Developer: Developer362 || Priority: 3 || Dependency on TaskId: [2363]
=> New Task ID: 2363 || Description: Complex Task 2363 || Developer: Developer363 || Priority: 4 || Dependency on TaskId: [2364]
=> New Task ID: 2364 || Description: Complex Task 2364 || Developer: Developer364 || Priority: 5 || Dependency on TaskId: [2365]
=> New Task ID: 2365 || Description: Complex Task 2365 || Developer: Developer365 || Priority: 1 || Dependency on TaskId: [2366]
=> New Task ID: 2366 || Description: Complex Task 2366 || Developer: Developer366 || Priority: 2 || Dependency on TaskId: [2367]
=> New Task ID: 2367 || Description: Complex Task 2367 || Developer: Developer367 || Priority: 3 || Dependency on TaskId: [2368]
=> New Task ID: 2368 || Description: Complex Task 2368 || Developer: Developer368 || Priority: 4 || Dependency on TaskId: [2369]
=> New Task ID: 2369 || Description: Complex Task 2369 || Developer: Developer369 || Priority: 5 || Dependency on TaskId: [2370]
=> New Task ID: 2370 || Description: Complex Task 2370 || Developer: Developer370 || Priority: 1 || Dependency on TaskId: [2371]
=> New Task ID: 2371 || Description: Complex Task 2371 || Developer: Developer371 || Priority: 2 || Dependency on TaskId: [2372]
=> New Task ID: 2372 || Description: Complex Task 2372 || Developer: Developer372 || Priority: 3 || Dependency on TaskId: [2373]
=> New Task ID: 2373 || Description: Complex Task 2373 || Developer: Developer373 || Priority: 4 || Dependency on TaskId: [2374]
=> New Task ID: 2374 || Description: Complex Task 2374 || Developer: Developer374 || Priority: 5 || Dependency on TaskId: [2375]
=> New Task ID: 2375 || Description: Complex Task 2375 || Developer: Developer375 || Priority: 1 || Dependency on TaskId: [2376]
=> New Task ID: 2376 || Description: Complex Task 2376 || Developer: Developer376 || Priority: 2 || Dependency on TaskId: [2377]
=> New Task ID: 2377 || Description: Complex Task 2377 || Developer: Developer377 || Priority: 3 || Dependency on TaskId: [2378]
=> New Task ID: 2378 || Description: Complex Task 2378 || Developer: Developer378 || Priority: 4 || Dependency on TaskId: [2379]
=> New Task ID: 2379 || Description: Complex Task 2379 || Developer: Developer379 || Priority: 5 || Dependency on TaskId: [2380]
=> New Task ID: 2380 || Description: Complex Task 2380 || Developer: Developer380 || Priority: 1 || Dependency on TaskId: [2381]
=> New Task ID: 2381 || Description: Complex Task 2381 || Developer: Developer381 || Priority: 2 || Dependency on TaskId: [2382]
=> New Task ID: 2382 || Description: Complex Task 2382 || Developer: Developer382 || Priority: 3 || Dependency on TaskId: [2383]
=> New Task ID: 2383 || Description: Complex Task 2383 || Developer: Developer383 || Priority: 4 || Dependency on TaskId: [2384]
=> New Task ID: 2384 || Description: Complex Task 2384 || Developer: Developer384 || Priority: 5 || Dependency on TaskId: [2385]
=> New Task ID: 2385 || Description: Complex Task 2385 || Developer: Developer385 || Priority: 1 || Dependency on TaskId: [2386]
=> New Task ID: 2386 || Description: Complex Task 2386 || Developer: Developer386 || Priority: 2 || Dependency on TaskId: [2387]
=> New Task ID: 2387 || Description: Complex Task 2387 || Developer: Developer387 || Priority: 3 || Dependency on TaskId: [2388]
=> New Task ID: 2388 || Description: Complex Task 2388 || Developer: Developer388 || Priority: 4 || Dependency on TaskId: [2389]
=> New Task ID: 2389 || Description: Complex Task 2389 || Developer: Developer389 || Priority: 5 || Dependency on TaskId: [2390]
=> New Task ID: 2390 || Description: Complex Task 2390 || Developer: Developer390 || Priority: 1 || Dependency on TaskId: [2391]
=> New Task ID: 2391 || Description: Complex Task 2391 || Developer: Developer391 || Priority: 2 || Dependency on TaskId: [2392]
=> New Task ID: 2392 || Description: Complex Task 2392 || Developer: Developer392 || Priority: 3 || Dependency on TaskId: [2393]
=> New Task ID: 2393 || Description: Complex Task 2393 || Developer: Developer393 || Priority: 4 || Dependency on TaskId: [2394]
=> New Task ID: 2394 || Description: Complex Task 2394 || Developer: Developer394 || Priority: 5 || Dependency on TaskId: [2395]
=> New Task ID: 2395 || Description: Complex Task 2395 || Developer: Developer395 || Priority: 1 || Dependency on TaskId: [2396]
=> New Task ID: 2396 || Description: Complex Task 2396 || Developer: Developer396 || Priority: 2 || Dependency on TaskId: [2397]
=> New Task ID: 2397 || Description: Complex Task 2397 || Developer: Developer397 || Priority: 3 || Dependency on TaskId: [2398]
=> New Task ID: 2398 || Description: Complex Task 2398 || Developer: Developer398 || Priority: 4 || Dependency on TaskId: [2399]
=> New Task ID: 2399 || Description: Complex Task 2399 || Developer: Developer399 || Priority: 5 || Dependency on TaskId: [2400]
=> New Task ID: 2400 || Description: Complex Task 2400 || Developer: Developer400 || Priority: 1 || Dependency on TaskId: [2401]
=> New Task ID: 2401 || Description: Complex Task 2401 || Developer: Developer401 || Priority: 2 || Dependency on TaskId: [2402]
=> New Task ID: 2402 || Description: Complex Task 2402 || Developer: Developer402 || Priority: 3 || Dependency on TaskId: [2403]
=> New Task ID: 2403 || Description: Complex Task 2403 || Developer: Developer403 || Priority: 4 || Dependency on TaskId: [2404]
=> New Task ID: 2404 || Description: Complex Task 2404 || Developer: Developer404 || Priority: 5 || Dependency on TaskId: [2405]
=> New Task ID: 2405 || Description: Complex Task 2405 || Developer: Developer405 || Priority: 1 || Dependency on TaskId: [2406]
=> New Task ID: 2406 || Description: Complex Task 2406 || Developer: Developer406 || Priority: 2 || Dependency on TaskId: [2407]
=> New Task ID: 2407 || Description: Complex Task 2407 || Developer: Developer407 || Priority: 3 || Dependency on TaskId: [2408]
=> New Task ID: 2408 || Description: Complex Task 2408 || Developer: Developer408 || Priority: 4 || Dependency on TaskId: [2409]
=> New Task ID: 2409 || Description: Complex Task 2409 || Developer: Developer409 || Priority: 5 || Dependency on TaskId: [2410]
=> New Task ID: 2410 || Description: Complex Task 2410 || Developer: Developer410 || Priority: 1 || Dependency on TaskId: [2411]
=> New Task ID: 2411 || Description: Complex Task 2411 || Developer: Developer411 || Priority: 2 || Dependency on TaskId: [2412]
=> New Task ID: 2412 || Description: Complex Task 2412 || Developer: Developer412 || Priority: 3 || Dependency on TaskId: [2413]
=> New Task ID: 2413 || Description: Complex Task 2413 || Developer: Developer413 || Priority: 4 || Dependency on TaskId: [2414]
=> New Task ID: 2414 || Description: Complex Task 2414 || Developer: Developer414 || Priority: 5 || Dependency on TaskId: [2415]
=> New Task ID: 2415 || Description: Complex Task 2415 || Developer: Developer415 || Priority: 1 || Dependency on TaskId: [2416]
=> New Task ID: 2416 || Description: Complex Task 2416 || Developer: Developer416 || Priority: 2 || Dependency on TaskId: [2417]
=> New Task ID: 2417 || Description: Complex Task 2417 || Developer: Developer417 || Priority: 3 || Dependency on TaskId: [2418]
=> New Task ID: 2418 || Description: Complex Task 2418 || Developer: Developer418 || Priority: 4 || Dependency on TaskId: [2419]
=> New Task ID: 2419 || Description: Complex Task 2419 || Developer: Developer419 || Priority: 5 || Dependency on TaskId: [2420]
=> New Task ID: 2420 || Description: Complex Task 2420 || Developer: Developer420 || Priority: 1 || Dependency on TaskId: [2421]
=> New Task ID: 2421 || Description: Complex Task 2421 || Developer: Developer421 || Priority: 2 || Dependency on TaskId: [2422]
=> New Task ID: 2422 || Description: Complex Task 2422 || Developer: Developer422 || Priority: 3 || Dependency on TaskId: [2423]
=> New Task ID: 2423 || Description: Complex Task 2423 || Developer: Developer423 || Priority: 4 || Dependency on TaskId: [2424]
=> New Task ID: 2424 || Description: Complex Task 2424 || Developer: Developer424 || Priority: 5 || Dependency on TaskId: [2425]
=> New Task ID: 2425 || Description: Complex Task 2425 || Developer: Developer425 || Priority: 1 || Dependency on TaskId: [2426]
=> New Task ID: 2426 || Description: Complex Task 2426 || Developer: Developer426 || Priority: 2 || Dependency on TaskId: [2427]
=> New Task ID: 2427 || Description: Complex Task 2427 || Developer: Developer427 || Priority: 3 || Dependency on TaskId: [2428]
=> New Task ID: 2428 || Description: Complex Task 2428 || Developer: Developer428 || Priority: 4 || Dependency on TaskId: [2429]
=> New Task ID: 2429 || Description: Complex Task 2429 || Developer: Developer429 || Priority: 5 || Dependency on TaskId: [2430]
=> New Task ID: 2430 || Description: Complex Task 2430 || Developer: Developer430 || Priority: 1 || Dependency on TaskId: [2431]
=> New Task ID: 2431 || Description: Complex Task 2431 || Developer: Developer431 || Priority: 2 || Dependency on TaskId: [2432]
=> New Task ID: 2432 || Description: Complex Task 2432 || Developer: Developer432 || Priority: 3 || Dependency on TaskId: [2433]
=> New Task ID: 2433 || Description: Complex Task 2433 || Developer: Developer433 || Priority: 4 || Dependency on TaskId: [2434]
=> New Task ID: 2434 || Description: Complex Task 2434 || Developer: Developer434 || Priority: 5 || Dependency on TaskId: [2435]
=> New Task ID: 2435 || Description: Complex Task 2435 || Developer: Developer435 || Priority: 1 || Dependency on TaskId: [2436]
=> New Task ID: 2436 || Description: Complex Task 2436 || Developer: Developer436 || Priority: 2 || Dependency on TaskId: [2437]
=> New Task ID: 2437 || Description: Complex Task 2437 || Developer: Developer437 || Priority: 3 || Dependency on TaskId: [2438]
=> New Task ID: 2438 || Description: Complex Task 2438 || Developer: Developer438 || Priority: 4 || Dependency on TaskId: [2439]
=> New Task ID: 2439 || Description: Complex Task 2439 || Developer: Developer439 || Priority: 5 || Dependency on TaskId: [2440]
=> New Task ID: 2440 || Description: Complex Task 2440 || Developer: Developer440 || Priority: 1 || Dependency on TaskId: [2441]
=> New Task ID: 2441 || Description: Complex Task 2441 || Developer: Developer441 || Priority: 2 || Dependency on TaskId: [2442]
=> New Task ID: 2442 || Description: Complex Task 2442 || Developer: Developer442 || Priority: 3 || Dependency on TaskId: [2443]
=> New Task ID: 2443 || Description: Complex Task 2443 || Developer: Developer443 || Priority: 4 || Dependency on TaskId: [2444]
=> New Task ID: 2444 || Description: Complex Task 2444 || Developer: Developer444 || Priority: 5 || Dependency on TaskId: [2445]
=> New Task ID: 2445 || Description: Complex Task 2445 || Developer: Developer445 || Priority: 1 || Dependency on TaskId: [2446]
=> New Task ID: 2446 || Description: Complex Task 2446 || Developer: Developer446 || Priority: 2 || Dependency on TaskId: [2447]
=> New Task ID: 2447 || Description: Complex Task 2447 || Developer: Developer447 || Priority: 3 || Dependency on TaskId: [2448]
=> New Task ID: 2448 || Description: Complex Task 2448 || Developer: Developer448 || Priority: 4 || Dependency on TaskId: [2449]
=> New Task ID: 2449 || Description: Complex Task 2449 || Developer: Developer449 || Priority: 5 || Dependency on TaskId: [2450]
=> New Task ID: 2450 || Description: Complex Task 2450 || Developer: Developer450 || Priority: 1 || Dependency on TaskId: [2451]
=> New Task ID: 2451 || Description: Complex Task 2451 || Developer: Developer451 || Priority: 2 || Dependency on TaskId: [2452]
=> New Task ID: 2452 || Description: Complex Task 2452 || Developer: Developer452 || Priority: 3 || Dependency on TaskId: [2453]
=> New Task ID: 2453 || Description: Complex Task 2453 || Developer: Developer453 || Priority: 4 || Dependency on TaskId: [2454]
=> New Task ID: 2454 || Description: Complex Task 2454 || Developer: Developer454 || Priority: 5 || Dependency on TaskId: [2455]
=> New Task ID: 2455 || Description: Complex Task 2455 || Developer: Developer455 || Priority: 1 || Dependency on TaskId: [2456]
=> New Task ID: 2456 || Description: Complex Task 2456 || Developer: Developer456 || Priority: 2 || Dependency on TaskId: [2457]
=> New Task ID: 2457 || Description: Complex Task 2457 || Developer: Developer457 || Priority: 3 || Dependency on TaskId: [2458]
=> New Task ID: 2458 || Description: Complex Task 2458 || Developer: Developer458 || Priority: 4 || Dependency on TaskId: [2459]
=> New Task ID: 2459 || Description: Complex Task 2459 || Developer: Developer459 || Priority: 5 || Dependency on TaskId: [2460]
=> New Task ID: 2460 || Description: Complex Task 2460 || Developer: Developer460 || Priority: 1 || Dependency on TaskId: [2461]
=> New Task ID: 2461 || Description: Complex Task 2461 || Developer: Developer461 || Priority: 2 || Dependency on TaskId: [2462]
=> New Task ID: 2462 || Description: Complex Task 2462 || Developer: Developer462 || Priority: 3 || Dependency on TaskId: [2463]
=> New Task ID: 2463 || Description: Complex Task 2463 || Developer: Developer463 || Priority: 4 || Dependency on TaskId: [2464]
=> New Task ID: 2464 || Description: Complex Task 2464 || Developer: Developer464 || Priority: 5 || Dependency on TaskId: [2465]
=> New Task ID: 2465 || Description: Complex Task 2465 || Developer: Developer465 || Priority: 1 || Dependency on TaskId: [2466]
=> New Task ID: 2466 || Description: Complex Task 2466 || Developer: Developer466 || Priority: 2 || Dependency on TaskId: [2467]
=> New Task ID: 2467 || Description: Complex Task 2467 || Developer: Developer467 || Priority: 3 || Dependency on TaskId: [2468]
=> New Task ID: 2468 || Description: Complex Task 2468 || Developer: Developer468 || Priority: 4 || Dependency on TaskId: [2469]
=> New Task ID: 2469 || Description: Complex Task 2469 || Developer: Developer469 || Priority: 5 || Dependency on TaskId: [2470]
=> New Task ID: 2470 || Description: Complex Task 2470 || Developer: Developer470 || Priority: 1 || Dependency on TaskId: [2471]
=> New Task ID: 2471 || Description: Complex Task 2471 || Developer: Developer471 || Priority: 2 || Dependency on TaskId: [2472]
=> New Task ID: 2472 || Description: Complex Task 2472 || Developer: Developer472 || Priority: 3 || Dependency on TaskId: [2473]
=> New Task ID: 2473 || Description: Complex Task 2473 || Developer: Developer473 || Priority: 4 || Dependency on TaskId: [2474]
=> New Task ID: 2474 || Description: Complex Task 2474 || Developer: Developer474 || Priority: 5 || Dependency on TaskId: [2475]
=> New Task ID: 2475 || Description: Complex Task 2475 || Developer: Developer475 || Priority: 1 || Dependency on TaskId: [2476]
=> New Task ID: 2476 || Description: Complex Task 2476 || Developer: Developer476 || Priority: 2 || Dependency on TaskId: [2477]
=> New Task ID: 2477 || Description: Complex Task 2477 || Developer: Developer477 || Priority: 3 || Dependency on TaskId: [2478]
=> New Task ID: 2478 || Description: Complex Task 2478 || Developer: Developer478 || Priority: 4 || Dependency on TaskId: [2479]
=> New Task ID: 2479 || Description: Complex Task 2479 || Developer: Developer479 || Priority: 5 || Dependency on TaskId: [2480]
=> New Task ID: 2480 || Description: Complex Task 2480 || Developer: Developer480 || Priority: 1 || Dependency on TaskId: [2481]
=> New Task ID: 2481 || Description: Complex Task 2481 || Developer: Developer481 || Priority: 2 || Dependency on TaskId: [2482]
=> New Task ID: 2482 || Description: Complex Task 2482 || Developer: Developer482 || Priority: 3 || Dependency on TaskId: [2483]
=> New Task ID: 2483 || Description: Complex Task 2483 || Developer: Developer483 || Priority: 4 || Dependency on TaskId: [2484]
=> New Task ID: 2484 || Description: Complex Task 2484 || Developer: Developer484 || Priority: 5 || Dependency on TaskId: [2485]
=> New Task ID: 2485 || Description: Complex Task 2485 || Developer: Developer485 || Priority: 1 || Dependency on TaskId: [2486]
=> New Task ID: 2486 || Description: Complex Task 2486 || Developer: Developer486 || Priority: 2 || Dependency on TaskId: [2487]
=> New Task ID: 2487 || Description: Complex Task 2487 || Developer: Developer487 || Priority: 3 || Dependency on TaskId: [2488]
=> New Task ID: 2488 || Description: Complex Task 2488 || Developer: Developer488 || Priority: 4 || Dependency on TaskId: [2489]
=> New Task ID: 2489 || Description: Complex Task 2489 || Developer: Developer489 || Priority: 5 || Dependency on TaskId: [2490]
=> New Task ID: 2490 || Description: Complex Task 2490 || Developer: Developer490 || Priority: 1 || Dependency on TaskId: [2491]
=> New Task ID: 2491 || Description: Complex Task 2491 || Developer: Developer491 || Priority: 2 || Dependency on TaskId: [2492]
=> New Task ID: 2492 || Description: Complex Task 2492 || Developer: Developer492 || Priority: 3 || Dependency on TaskId: [2493]
=> New Task ID: 2493 || Description: Complex Task 2493 || Developer: Developer493 || Priority: 4 || Dependency on TaskId: [2494]
=> New Task ID: 2494 || Description: Complex Task 2494 || Developer: Developer494 || Priority: 5 || Dependency on TaskId: [2495]
=> New Task ID: 2495 || Description: Complex Task 2495 || Developer: Developer495 || Priority: 1 || Dependency on TaskId: [2496]
=> New Task ID: 2496 || Description: Complex Task 2496 || Developer: Developer496 || Priority: 2 || Dependency on TaskId: [2497]
=> New Task ID: 2497 || Description: Complex Task 2497 || Developer: Developer497 || Priority: 3 || Dependency on TaskId: [2498]
=> New Task ID: 2498 || Description: Complex Task 2498 || Developer: Developer498 || Priority: 4 || Dependency on TaskId: [2499]
=> New Task ID: 2499 || Description: Complex Task 2499 || Developer: Developer499 || Priority: 5 || Dependency on TaskId: [2500]
=> New Task ID: 2500 || Description: Complex Task 2500 || Developer: Developer500 || Priority: 1 || Dependency on TaskId: [2501]
=> New Task ID: 2501 || Description: Complex Task 2501 || Developer: Developer501 || Priority: 2 || Dependency on TaskId: [2502]
=> New Task ID: 2502 || Description: Complex Task 2502 || Developer: Developer502 || Priority: 3 || Dependency on TaskId: [2503]
=> New Task ID: 2503 || Description: Complex Task 2503 || Developer: Developer503 || Priority: 4 || Dependency on TaskId: [2504]
=> New Task ID: 2504 || Description: Complex Task 2504 || Developer: Developer504 || Priority: 5 || Dependency on TaskId: [2505]
=> New Task ID: 2505 || Description: Complex Task 2505 || Developer: Developer505 || Priority: 1 || Dependency on TaskId: [2506]
=> New Task ID: 2506 || Description: Complex Task 2506 || Developer: Developer506 || Priority: 2 || Dependency on TaskId: [2507]
=> New Task ID: 2507 || Description: Complex Task 2507 || Developer: Developer507 || Priority: 3 || Dependency on TaskId: [2508]
=> New Task ID: 2508 || Description: Complex Task 2508 || Developer: Developer508 || Priority: 4 || Dependency on TaskId: [2509]
=> New Task ID: 2509 || Description: Complex Task 2509 || Developer: Developer509 || Priority: 5 || Dependency on TaskId: [2510]
=> New Task ID: 2510 || Description: Complex Task 2510 || Developer: Developer510 || Priority: 1 || Dependency on TaskId: [2511]
=> New Task ID: 2511 || Description: Complex Task 2511 || Developer: Developer511 || Priority: 2 || Dependency on TaskId: [2512]
=> New Task ID: 2512 || Description: Complex Task 2512 || Developer: Developer512 || Priority: 3 || Dependency on TaskId: [2513]
=> New Task ID: 2513 || Description: Complex Task 2513 || Developer: Developer513 || Priority: 4 || Dependency on TaskId: [2514]
=> New Task ID: 2514 || Description: Complex Task 2514 || Developer: Developer514 || Priority: 5 || Dependency on TaskId: [2515]
=> New Task ID: 2515 || Description: Complex Task 2515 || Developer: Developer515 || Priority: 1 || Dependency on TaskId: [2516]
=> New Task ID: 2516 || Description: Complex Task 2516 || Developer: Developer516 || Priority: 2 || Dependency on TaskId: [2517]
=> New Task ID: 2517 || Description: Complex Task 2517 || Developer: Developer517 || Priority: 3 || Dependency on TaskId: [2518]
=> New Task ID: 2518 || Description: Complex Task 2518 || Developer: Developer518 || Priority: 4 || Dependency on TaskId: [2519]
=> New Task ID: 2519 || Description: Complex Task 2519 || Developer: Developer519 || Priority: 5 || Dependency on TaskId: [2520]
=> New Task ID: 2520 || Description: Complex Task 2520 || Developer: Developer520 || Priority: 1 || Dependency on TaskId: [2521]
=> New Task ID: 2521 || Description: Complex Task 2521 || Developer: Developer521 || Priority: 2 || Dependency on TaskId: [2522]
=> New Task ID: 2522 || Description: Complex Task 2522 || Developer: Developer522 || Priority: 3 || Dependency on TaskId: [2523]
=> New Task ID: 2523 || Description: Complex Task 2523 || Developer: Developer523 || Priority: 4 || Dependency on TaskId: [2524]
=> New Task ID: 2524 || Description: Complex Task 2524 || Developer: Developer524 || Priority: 5 || Dependency on TaskId: [2525]
=> New Task ID: 2525 || Description: Complex Task 2525 || Developer: Developer525 || Priority: 1 || Dependency on TaskId: [2526]
=> New Task ID: 2526 || Description: Complex Task 2526 || Developer: Developer526 || Priority: 2 || Dependency on TaskId: [2527]
=> New Task ID: 2527 || Description: Complex Task 2527 || Developer: Developer527 || Priority: 3 || Dependency on TaskId: [2528]
=> New Task ID: 2528 || Description: Complex Task 2528 || Developer: Developer528 || Priority: 4 || Dependency on TaskId: [2529]
=> New Task ID: 2529 || Description: Complex Task 2529 || Developer: Developer529 || Priority: 5 || Dependency on TaskId: [2530]
=> New Task ID: 2530 || Description: Complex Task 2530 || Developer: Developer530 || Priority: 1 || Dependency on TaskId: [2531]
=> New Task ID: 2531 || Description: Complex Task 2531 || Developer: Developer531 || Priority: 2 || Dependency on TaskId: [2532]
=> New Task ID: 2532 || Description: Complex Task 2532 || Developer: Developer532 || Priority: 3 || Dependency on TaskId: [2533]
=> New Task ID: 2533 || Description: Complex Task 2533 || Developer: Developer533 || Priority: 4 || Dependency on TaskId: [2534]
=> New Task ID: 2534 || Description: Complex Task 2534 || Developer: Developer534 || Priority: 5 || Dependency on TaskId: [2535]
=> New Task ID: 2535 || Description: Complex Task 2535 || Developer: Developer535 || Priority: 1 || Dependency on TaskId: [2536]
=> New Task ID: 2536 || Description: Complex Task 2536 || Developer: Developer536 || Priority: 2 || Dependency on TaskId: [2537]
=> New Task ID: 2537 || Description: Complex Task 2537 || Developer: Developer537 || Priority: 3 || Dependency on TaskId: [2538]
=> New Task ID: 2538 || Description: Complex Task 2538 || Developer: Developer538 || Priority: 4 || Dependency on TaskId: [2539]
=> New Task ID: 2539 || Description: Complex Task 2539 || Developer: Developer539 || Priority: 5 || Dependency on TaskId: [2540]
=> New Task ID: 2540 || Description: Complex Task 2540 || Developer: Developer540 || Priority: 1 || Dependency on TaskId: [2541]
=> New Task ID: 2541 || Description: Complex Task 2541 || Developer: Developer541 || Priority: 2 || Dependency on TaskId: [2542]
=> New Task ID: 2542 || Description: Complex Task 2542 || Developer: Developer542 || Priority: 3 || Dependency on TaskId: [2543]
=> New Task ID: 2543 || Description: Complex Task 2543 || Developer: Developer543 || Priority: 4 || Dependency on TaskId: [2544]
=> New Task ID: 2544 || Description: Complex Task 2544 || Developer: Developer544 || Priority: 5 || Dependency on TaskId: [2545]
=> New Task ID: 2545 || Description: Complex Task 2545 || Developer: Developer545 || Priority: 1 || Dependency on TaskId: [2546]
=> New Task ID: 2546 || Description: Complex Task 2546 || Developer: Developer546 || Priority: 2 || Dependency on TaskId: [2547]
=> New Task ID: 2547 || Description: Complex Task 2547 || Developer: Developer547 || Priority: 3 || Dependency on TaskId: [2548]
=> New Task ID: 2548 || Description: Complex Task 2548 || Developer: Developer548 || Priority: 4 || Dependency on TaskId: [2549]
=> New Task ID: 2549 || Description: Complex Task 2549 || Developer: Developer549 || Priority: 5 || Dependency on TaskId: [2550]
=> New Task ID: 2550 || Description: Complex Task 2550 || Developer: Developer550 || Priority: 1 || Dependency on TaskId: [2551]
=> New Task ID: 2551 || Description: Complex Task 2551 || Developer: Developer551 || Priority: 2 || Dependency on TaskId: [2552]
=> New Task ID: 2552 || Description: Complex Task 2552 || Developer: Developer552 || Priority: 3 || Dependency on TaskId: [2553]
=> New Task ID: 2553 || Description: Complex Task 2553 || Developer: Developer553 || Priority: 4 || Dependency on TaskId: [2554]
=> New Task ID: 2554 || Description: Complex Task 2554 || Developer: Developer554 || Priority: 5 || Dependency on TaskId: [2555]
=> New Task ID: 2555 || Description: Complex Task 2555 || Developer: Developer555 || Priority: 1 || Dependency on TaskId: [2556]
=> New Task ID: 2556 || Description: Complex Task 2556 || Developer: Developer556 || Priority: 2 || Dependency on TaskId: [2557]
=> New Task ID: 2557 || Description: Complex Task 2557 || Developer: Developer557 || Priority: 3 || Dependency on TaskId: [2558]
=> New Task ID: 2558 || Description: Complex Task 2558 || Developer: Developer558 || Priority: 4 || Dependency on TaskId: [2559]
=> New Task ID: 2559 || Description: Complex Task 2559 || Developer: Developer559 || Priority: 5 || Dependency on TaskId: [2560]
=> New Task ID: 2560 || Description: Complex Task 2560 || Developer: Developer560 || Priority: 1 || Dependency on TaskId: [2561]
=> New Task ID: 2561 || Description: Complex Task 2561 || Developer: Developer561 || Priority: 2 || Dependency on TaskId: [2562]
=> New Task ID: 2562 || Description: Complex Task 2562 || Developer: Developer562 || Priority: 3 || Dependency on TaskId: [2563]
=> New Task ID: 2563 || Description: Complex Task 2563 || Developer: Developer563 || Priority: 4 || Dependency on TaskId: [2564]
=> New Task ID: 2564 || Description: Complex Task 2564 || Developer: Developer564 || Priority: 5 || Dependency on TaskId: [2565]
=> New Task ID: 2565 || Description: Complex Task 2565 || Developer: Developer565 || Priority: 1 || Dependency on TaskId: [2566]
=> New Task ID: 2566 || Description: Complex Task 2566 || Developer: Developer566 || Priority: 2 || Dependency on TaskId: [2567]
=> New Task ID: 2567 || Description: Complex Task 2567 || Developer: Developer567 || Priority: 3 || Dependency on TaskId: [2568]
=> New Task ID: 2568 || Description: Complex Task 2568 || Developer: Developer568 || Priority: 4 || Dependency on TaskId: [2569]
=> New Task ID: 2569 || Description: Complex Task 2569 || Developer: Developer569 || Priority: 5 || Dependency on TaskId: [2570]
=> New Task ID: 2570 || Description: Complex Task 2570 || Developer: Developer570 || Priority: 1 || Dependency on TaskId: [2571]
=> New Task ID: 2571 || Description: Complex Task 2571 || Developer: Developer571 || Priority: 2 || Dependency on TaskId: [2572]
=> New Task ID: 2572 || Description: Complex Task 2572 || Developer: Developer572 || Priority: 3 || Dependency on TaskId: [2573]
=> New Task ID: 2573 || Description: Complex Task 2573 || Developer: Developer573 || Priority: 4 || Dependency on TaskId: [2574]
=> New Task ID: 2574 || Description: Complex Task 2574 || Developer: Developer574 || Priority: 5 || Dependency on TaskId: [2575]
=> New Task ID: 2575 || Description: Complex Task 2575 || Developer: Developer575 || Priority: 1 || Dependency on TaskId: [2576]
=> New Task ID: 2576 || Description: Complex Task 2576 || Developer: Developer576 || Priority: 2 || Dependency on TaskId: [2577]
=> New Task ID: 2577 || Description: Complex Task 2577 || Developer: Developer577 || Priority: 3 || Dependency on TaskId: [2578]
=> New Task ID: 2578 || Description: Complex Task 2578 || Developer: Developer578 || Priority: 4 || Dependency on TaskId: [2579]
=> New Task ID: 2579 || Description: Complex Task 2579 || Developer: Developer579 || Priority: 5 || Dependency on TaskId: [2580]
=> New Task ID: 2580 || Description: Complex Task 2580 || Developer: Developer580 || Priority: 1 || Dependency on TaskId: [2581]
=> New Task ID: 2581 || Description: Complex Task 2581 || Developer: Developer581 || Priority: 2 || Dependency on TaskId: [2582]
=> New Task ID: 2582 || Description: Complex Task 2582 || Developer: Developer582 || Priority: 3 || Dependency on TaskId: [2583]
=> New Task ID: 2583 || Description: Complex Task 2583 || Developer: Developer583 || Priority: 4 || Dependency on TaskId: [2584]
=> New Task ID: 2584 || Description: Complex Task 2584 || Developer: Developer584 || Priority: 5 || Dependency on TaskId: [2585]
=> New Task ID: 2585 || Description: Complex Task 2585 || Developer: Developer585 || Priority: 1 || Dependency on TaskId: [2586]
=> New Task ID: 2586 || Description: Complex Task 2586 || Developer: Developer586 || Priority: 2 || Dependency on TaskId: [2587]
=> New Task ID: 2587 || Description: Complex Task 2587 || Developer: Developer587 || Priority: 3 || Dependency on TaskId: [2588]
=> New Task ID: 2588 || Description: Complex Task 2588 || Developer: Developer588 || Priority: 4 || Dependency on TaskId: [2589]
=> New Task ID: 2589 || Description: Complex Task 2589 || Developer: Developer589 || Priority: 5 || Dependency on TaskId: [2590]
=> New Task ID: 2590 || Description: Complex Task 2590 || Developer: Developer590 || Priority: 1 || Dependency on TaskId: [2591]
=> New Task ID: 2591 || Description: Complex Task 2591 || Developer: Developer591 || Priority: 2 || Dependency on TaskId: [2592]
=> New Task ID: 2592 || Description: Complex Task 2592 || Developer: Developer592 || Priority: 3 || Dependency on TaskId: [2593]
=> New Task ID: 2593 || Description: Complex Task 2593 || Developer: Developer593 || Priority: 4 || Dependency on TaskId: [2594]
=> New Task ID: 2594 || Description: Complex Task 2594 || Developer: Developer594 || Priority: 5 || Dependency on TaskId: [2595]
=> New Task ID: 2595 || Description: Complex Task 2595 || Developer: Developer595 || Priority: 1 || Dependency on TaskId: [2596]
=> New Task ID: 2596 || Description: Complex Task 2596 || Developer: Developer596 || Priority: 2 || Dependency on TaskId: [2597]
=> New Task ID: 2597 || Description: Complex Task 2597 || Developer: Developer597 || Priority: 3 || Dependency on TaskId: [2598]
=> New Task ID: 2598 || Description: Complex Task 2598 || Developer: Developer598 || Priority: 4 || Dependency on TaskId: [2599]
=> New Task ID: 2599 || Description: Complex Task 2599 || Developer: Developer599 || Priority: 5 || Dependency on TaskId: [2600]
=> New Task ID: 2600 || Description: Complex Task 2600 || Developer: Developer600 || Priority: 1 || Dependency on TaskId: [2601]
=> New Task ID: 2601 || Description: Complex Task 2601 || Developer: Developer601 || Priority: 2 || Dependency on TaskId: [2602]
=> New Task ID: 2602 || Description: Complex Task 2602 || Developer: Developer602 || Priority: 3 || Dependency on TaskId: [2603]
=> New Task ID: 2603 || Description: Complex Task 2603 || Developer: Developer603 || Priority: 4 || Dependency on TaskId: [2604]
=> New Task ID: 2604 || Description: Complex Task 2604 || Developer: Developer604 || Priority: 5 || Dependency on TaskId: [2605]
=> New Task ID: 2605 || Description: Complex Task 2605 || Developer: Developer605 || Priority: 1 || Dependency on TaskId: [2606]
=> New Task ID: 2606 || Description: Complex Task 2606 || Developer: Developer606 || Priority: 2 || Dependency on TaskId: [2607]
=> New Task ID: 2607 || Description: Complex Task 2607 || Developer: Developer607 || Priority: 3 || Dependency on TaskId: [2608]
=> New Task ID: 2608 || Description: Complex Task 2608 || Developer: Developer608 || Priority: 4 || Dependency on TaskId: [2609]
=> New Task ID: 2609 || Description: Complex Task 2609 || Developer: Developer609 || Priority: 5 || Dependency on TaskId: [2610]
=> New Task ID: 2610 || Description: Complex Task 2610 || Developer: Developer610 || Priority: 1 || Dependency on TaskId: [2611]
=> New Task ID: 2611 || Description: Complex Task 2611 || Developer: Developer611 || Priority: 2 || Dependency on TaskId: [2612]
=> New Task ID: 2612 || Description: Complex Task 2612 || Developer: Developer612 || Priority: 3 || Dependency on TaskId: [2613]
=> New Task ID: 2613 || Description: Complex Task 2613 || Developer: Developer613 || Priority: 4 || Dependency on TaskId: [2614]
=> New Task ID: 2614 || Description: Complex Task 2614 || Developer: Developer614 || Priority: 5 || Dependency on TaskId: [2615]
=> New Task ID: 2615 || Description: Complex Task 2615 || Developer: Developer615 || Priority: 1 || Dependency on TaskId: [2616]
=> New Task ID: 2616 || Description: Complex Task 2616 || Developer: Developer616 || Priority: 2 || Dependency on TaskId: [2617]
=> New Task ID: 2617 || Description: Complex Task 2617 || Developer: Developer617 || Priority: 3 || Dependency on TaskId: [2618]
=> New Task ID: 2618 || Description: Complex Task 2618 || Developer: Developer618 || Priority: 4 || Dependency on TaskId: [2619]
=> New Task ID: 2619 || Description: Complex Task 2619 || Developer: Developer619 || Priority: 5 || Dependency on TaskId: [2620]
=> New Task ID: 2620 || Description: Complex Task 2620 || Developer: Developer620 || Priority: 1 || Dependency on TaskId: [2621]
=> New Task ID: 2621 || Description: Complex Task 2621 || Developer: Developer621 || Priority: 2 || Dependency on TaskId: [2622]
=> New Task ID: 2622 || Description: Complex Task 2622 || Developer: Developer622 || Priority: 3 || Dependency on TaskId: [2623]
=> New Task ID: 2623 || Description: Complex Task 2623 || Developer: Developer623 || Priority: 4 || Dependency on TaskId: [2624]
=> New Task ID: 2624 || Description: Complex Task 2624 || Developer: Developer624 || Priority: 5 || Dependency on TaskId: [2625]
=> New Task ID: 2625 || Description: Complex Task 2625 || Developer: Developer625 || Priority: 1 || Dependency on TaskId: [2626]
=> New Task ID: 2626 || Description: Complex Task 2626 || Developer: Developer626 || Priority: 2 || Dependency on TaskId: [2627]
=> New Task ID: 2627 || Description: Complex Task 2627 || Developer: Developer627 || Priority: 3 || Dependency on TaskId: [2628]
=> New Task ID: 2628 || Description: Complex Task 2628 || Developer: Developer628 || Priority: 4 || Dependency on TaskId: [2629]
=> New Task ID: 2629 || Description: Complex Task 2629 || Developer: Developer629 || Priority: 5 || Dependency on TaskId: [2630]
=> New Task ID: 2630 || Description: Complex Task 2630 || Developer: Developer630 || Priority: 1 || Dependency on TaskId: [2631]
=> New Task ID: 2631 || Description: Complex Task 2631 || Developer: Developer631 || Priority: 2 || Dependency on TaskId: [2632]
=> New Task ID: 2632 || Description: Complex Task 2632 || Developer: Developer632 || Priority: 3 || Dependency on TaskId: [2633]
=> New Task ID: 2633 || Description: Complex Task 2633 || Developer: Developer633 || Priority: 4 || Dependency on TaskId: [2634]
=> New Task ID: 2634 || Description: Complex Task 2634 || Developer: Developer634 || Priority: 5 || Dependency on TaskId: [2635]
=> New Task ID: 2635 || Description: Complex Task 2635 || Developer: Developer635 || Priority: 1 || Dependency on TaskId: [2636]
=> New Task ID: 2636 || Description: Complex Task 2636 || Developer: Developer636 || Priority: 2 || Dependency on TaskId: [2637]
=> New Task ID: 2637 || Description: Complex Task 2637 || Developer: Developer637 || Priority: 3 || Dependency on TaskId: [2638]
=> New Task ID: 2638 || Description: Complex Task 2638 || Developer: Developer638 || Priority: 4 || Dependency on TaskId: [2639]
=> New Task ID: 2639 || Description: Complex Task 2639 || Developer: Developer639 || Priority: 5 || Dependency on TaskId: [2640]
=> New Task ID: 2640 || Description: Complex Task 2640 || Developer: Developer640 || Priority: 1 || Dependency on TaskId: [2641]
=> New Task ID: 2641 || Description: Complex Task 2641 || Developer: Developer641 || Priority: 2 || Dependency on TaskId: [2642]
=> New Task ID: 2642 || Description: Complex Task 2642 || Developer: Developer642 || Priority: 3 || Dependency on TaskId: [2643]
=> New Task ID: 2643 || Description: Complex Task 2643 || Developer: Developer643 || Priority: 4 || Dependency on TaskId: [2644]
=> New Task ID: 2644 || Description: Complex Task 2644 || Developer: Developer644 || Priority: 5 || Dependency on TaskId: [2645]
=> New Task ID: 2645 || Description: Complex Task 2645 || Developer: Developer645 || Priority: 1 || Dependency on TaskId: [2646]
=> New Task ID: 2646 || Description: Complex Task 2646 || Developer: Developer646 || Priority: 2 || Dependency on TaskId: [2647]
=> New Task ID: 2647 || Description: Complex Task 2647 || Developer: Developer647 || Priority: 3 || Dependency on TaskId: [2648]
=> New Task ID: 2648 || Description: Complex Task 2648 || Developer: Developer648 || Priority: 4 || Dependency on TaskId: [2649]
=> New Task ID: 2649 || Description: Complex Task 2649 || Developer: Developer649 || Priority: 5 || Dependency on TaskId: [2650]
=> New Task ID: 2650 || Description: Complex Task 2650 || Developer: Developer650 || Priority: 1 || Dependency on TaskId: [2651]
=> New Task ID: 2651 || Description: Complex Task 2651 || Developer: Developer651 || Priority: 2 || Dependency on TaskId: [2652]
=> New Task ID: 2652 || Description: Complex Task 2652 || Developer: Developer652 || Priority: 3 || Dependency on TaskId: [2653]
=> New Task ID: 2653 || Description: Complex Task 2653 || Developer: Developer653 || Priority: 4 || Dependency on TaskId: [2654]
=> New Task ID: 2654 || Description: Complex Task 2654 || Developer: Developer654 || Priority: 5 || Dependency on TaskId: [2655]
=> New Task ID: 2655 || Description: Complex Task 2655 || Developer: Developer655 || Priority: 1 || Dependency on TaskId: [2656]
=> New Task ID: 2656 || Description: Complex Task 2656 || Developer: Developer656 || Priority: 2 || Dependency on TaskId: [2657]
=> New Task ID: 2657 || Description: Complex Task 2657 || Developer: Developer657 || Priority: 3 || Dependency on TaskId: [2658]
=> New Task ID: 2658 || Description: Complex Task 2658 || Developer: Developer658 || Priority: 4 || Dependency on TaskId: [2659]
=> New Task ID: 2659 || Description: Complex Task 2659 || Developer: Developer659 || Priority: 5 || Dependency on TaskId: [2660]
=> New Task ID: 2660 || Description: Complex Task 2660 || Developer: Developer660 || Priority: 1 || Dependency on TaskId: [2661]
=> New Task ID: 2661 || Description: Complex Task 2661 || Developer: Developer661 || Priority: 2 || Dependency on TaskId: [2662]
=> New Task ID: 2662 || Description: Complex Task 2662 || Developer: Developer662 || Priority: 3 || Dependency on TaskId: [2663]
=> New Task ID: 2663 || Description: Complex Task 2663 || Developer: Developer663 || Priority: 4 || Dependency on TaskId: [2664]
=> New Task ID: 2664 || Description: Complex Task 2664 || Developer: Developer664 || Priority: 5 || Dependency on TaskId: [2665]
=> New Task ID: 2665 || Description: Complex Task 2665 || Developer: Developer665 || Priority: 1 || Dependency on TaskId: [2666]
=> New Task ID: 2666 || Description: Complex Task 2666 || Developer: Developer666 || Priority: 2 || Dependency on TaskId: [2667]
=> New Task ID: 2667 || Description: Complex Task 2667 || Developer: Developer667 || Priority: 3 || Dependency on TaskId: [2668]
=> New Task ID: 2668 || Description: Complex Task 2668 || Developer: Developer668 || Priority: 4 || Dependency on TaskId: [2669]
=> New Task ID: 2669 || Description: Complex Task 2669 || Developer: Developer669 || Priority: 5 || Dependency on TaskId: [2670]
=> New Task ID: 2670 || Description: Complex Task 2670 || Developer: Developer670 || Priority: 1 || Dependency on TaskId: [2671]
=> New Task ID: 2671 || Description: Complex Task 2671 || Developer: Developer671 || Priority: 2 || Dependency on TaskId: [2672]
=> New Task ID: 2672 || Description: Complex Task 2672 || Developer: Developer672 || Priority: 3 || Dependency on TaskId: [2673]
=> New Task ID: 2673 || Description: Complex Task 2673 || Developer: Developer673 || Priority: 4 || Dependency on TaskId: [2674]
=> New Task ID: 2674 || Description: Complex Task 2674 || Developer: Developer674 || Priority: 5 || Dependency on TaskId: [2675]
=> New Task ID: 2675 || Description: Complex Task 2675 || Developer: Developer675 || Priority: 1 || Dependency on TaskId: [2676]
=> New Task ID: 2676 || Description: Complex Task 2676 || Developer: Developer676 || Priority: 2 || Dependency on TaskId: [2677]
=> New Task ID: 2677 || Description: Complex Task 2677 || Developer: Developer677 || Priority: 3 || Dependency on TaskId: [2678]
=> New Task ID: 2678 || Description: Complex Task 2678 || Developer: Developer678 || Priority: 4 || Dependency on TaskId: [2679]
=> New Task ID: 2679 || Description: Complex Task 2679 || Developer: Developer679 || Priority: 5 || Dependency on TaskId: [2680]
=> New Task ID: 2680 || Description: Complex Task 2680 || Developer: Developer680 || Priority: 1 || Dependency on TaskId: [2681]
=> New Task ID: 2681 || Description: Complex Task 2681 || Developer: Developer681 || Priority: 2 || Dependency on TaskId: [2682]
=> New Task ID: 2682 || Description: Complex Task 2682 || Developer: Developer682 || Priority: 3 || Dependency on TaskId: [2683]
=> New Task ID: 2683 || Description: Complex Task 2683 || Developer: Developer683 || Priority: 4 || Dependency on TaskId: [2684]
=> New Task ID: 2684 || Description: Complex Task 2684 || Developer: Developer684 || Priority: 5 || Dependency on TaskId: [2685]
=> New Task ID: 2685 || Description: Complex Task 2685 || Developer: Developer685 || Priority: 1 || Dependency on TaskId: [2686]
=> New Task ID: 2686 || Description: Complex Task 2686 || Developer: Developer686 || Priority: 2 || Dependency on TaskId: [2687]
=> New Task ID: 2687 || Description: Complex Task 2687 || Developer: Developer687 || Priority: 3 || Dependency on TaskId: [2688]
=> New Task ID: 2688 || Description: Complex Task 2688 || Developer: Developer688 || Priority: 4 || Dependency on TaskId: [2689]
=> New Task ID: 2689 || Description: Complex Task 2689 || Developer: Developer689 || Priority: 5 || Dependency on TaskId: [2690]
=> New Task ID: 2690 || Description: Complex Task 2690 || Developer: Developer690 || Priority: 1 || Dependency on TaskId: [2691]
=> New Task ID: 2691 || Description: Complex Task 2691 || Developer: Developer691 || Priority: 2 || Dependency on TaskId: [2692]
=> New Task ID: 2692 || Description: Complex Task 2692 || Developer: Developer692 || Priority: 3 || Dependency on TaskId: [2693]
=> New Task ID: 2693 || Description: Complex Task 2693 || Developer: Developer693 || Priority: 4 || Dependency on TaskId: [2694]
=> New Task ID: 2694 || Description: Complex Task 2694 || Developer: Developer694 || Priority: 5 || Dependency on TaskId: [2695]
=> New Task ID: 2695 || Description: Complex Task 2695 || Developer: Developer695 || Priority: 1 || Dependency on TaskId: [2696]
=> New Task ID: 2696 || Description: Complex Task 2696 || Developer: Developer696 || Priority: 2 || Dependency on TaskId: [2697]
=> New Task ID: 2697 || Description: Complex Task 2697 || Developer: Developer697 || Priority: 3 || Dependency on TaskId: [2698]
=> New Task ID: 2698 || Description: Complex Task 2698 || Developer: Developer698 || Priority: 4 || Dependency on TaskId: [2699]
=> New Task ID: 2699 || Description: Complex Task 2699 || Developer: Developer699 || Priority: 5 || Dependency on TaskId: [2700]
=> New Task ID: 2700 || Description: Complex Task 2700 || Developer: Developer700 || Priority: 1 || Dependency on TaskId: [2701]
=> New Task ID: 2701 || Description: Complex Task 2701 || Developer: Developer701 || Priority: 2 || Dependency on TaskId: [2702]
=> New Task ID: 2702 || Description: Complex Task 2702 || Developer: Developer702 || Priority: 3 || Dependency on TaskId: [2703]
=> New Task ID: 2703 || Description: Complex Task 2703 || Developer: Developer703 || Priority: 4 || Dependency on TaskId: [2704]
=> New Task ID: 2704 || Description: Complex Task 2704 || Developer: Developer704 || Priority: 5 || Dependency on TaskId: [2705]
=> New Task ID: 2705 || Description: Complex Task 2705 || Developer: Developer705 || Priority: 1 || Dependency on TaskId: [2706]
=> New Task ID: 2706 || Description: Complex Task 2706 || Developer: Developer706 || Priority: 2 || Dependency on TaskId: [2707]
=> New Task ID: 2707 || Description: Complex Task 2707 || Developer: Developer707 || Priority: 3 || Dependency on TaskId: [2708]
=> New Task ID: 2708 || Description: Complex Task 2708 || Developer: Developer708 || Priority: 4 || Dependency on TaskId: [2709]
=> New Task ID: 2709 || Description: Complex Task 2709 || Developer: Developer709 || Priority: 5 || Dependency on TaskId: [2710]
=> New Task ID: 2710 || Description: Complex Task 2710 || Developer: Developer710 || Priority: 1 || Dependency on TaskId: [2711]
=> New Task ID: 2711 || Description: Complex Task 2711 || Developer: Developer711 || Priority: 2 || Dependency on TaskId: [2712]
=> New Task ID: 2712 || Description: Complex Task 2712 || Developer: Developer712 || Priority: 3 || Dependency on TaskId: [2713]
=> New Task ID: 2713 || Description: Complex Task 2713 || Developer: Developer713 || Priority: 4 || Dependency on TaskId: [2714]
=> New Task ID: 2714 || Description: Complex Task 2714 || Developer: Developer714 || Priority: 5 || Dependency on TaskId: [2715]
=> New Task ID: 2715 || Description: Complex Task 2715 || Developer: Developer715 || Priority: 1 || Dependency on TaskId: [2716]
=> New Task ID: 2716 || Description: Complex Task 2716 || Developer: Developer716 || Priority: 2 || Dependency on TaskId: [2717]
=> New Task ID: 2717 || Description: Complex Task 2717 || Developer: Developer717 || Priority: 3 || Dependency on TaskId: [2718]
=> New Task ID: 2718 || Description: Complex Task 2718 || Developer: Developer718 || Priority: 4 || Dependency on TaskId: [2719]
=> New Task ID: 2719 || Description: Complex Task 2719 || Developer: Developer719 || Priority: 5 || Dependency on TaskId: [2720]
=> New Task ID: 2720 || Description: Complex Task 2720 || Developer: Developer720 || Priority: 1 || Dependency on TaskId: [2721]
=> New Task ID: 2721 || Description: Complex Task 2721 || Developer: Developer721 || Priority: 2 || Dependency on TaskId: [2722]
=> New Task ID: 2722 || Description: Complex Task 2722 || Developer: Developer722 || Priority: 3 || Dependency on TaskId: [2723]
=> New Task ID: 2723 || Description: Complex Task 2723 || Developer: Developer723 || Priority: 4 || Dependency on TaskId: [2724]
=> New Task ID: 2724 || Description: Complex Task 2724 || Developer: Developer724 || Priority: 5 || Dependency on TaskId: [2725]
=> New Task ID: 2725 || Description: Complex Task 2725 || Developer: Developer725 || Priority: 1 || Dependency on TaskId: [2726]
=> New Task ID: 2726 || Description: Complex Task 2726 || Developer: Developer726 || Priority: 2 || Dependency on TaskId: [2727]
=> New Task ID: 2727 || Description: Complex Task 2727 || Developer: Developer727 || Priority: 3 || Dependency on TaskId: [2728]
=> New Task ID: 2728 || Description: Complex Task 2728 || Developer: Developer728 || Priority: 4 || Dependency on TaskId: [2729]
=> New Task ID: 2729 || Description: Complex Task 2729 || Developer: Developer729 || Priority: 5 || Dependency on TaskId: [2730]
=> New Task ID: 2730 || Description: Complex Task 2730 || Developer: Developer730 || Priority: 1 || Dependency on TaskId: [2731]
=> New Task ID: 2731 || Description: Complex Task 2731 || Developer: Developer731 || Priority: 2 || Dependency on TaskId: [2732]
=> New Task ID: 2732 || Description: Complex Task 2732 || Developer: Developer732 || Priority: 3 || Dependency on TaskId: [2733]
=> New Task ID: 2733 || Description: Complex Task 2733 || Developer: Developer733 || Priority: 4 || Dependency on TaskId: [2734]
=> New Task ID: 2734 || Description: Complex Task 2734 || Developer: Developer734 || Priority: 5 || Dependency on TaskId: [2735]
=> New Task ID: 2735 || Description: Complex Task 2735 || Developer: Developer735 || Priority: 1 || Dependency on TaskId: [2736]
=> New Task ID: 2736 || Description: Complex Task 2736 || Developer: Developer736 || Priority: 2 || Dependency on TaskId: [2737]
=> New Task ID: 2737 || Description: Complex Task 2737 || Developer: Developer737 || Priority: 3 || Dependency on TaskId: [2738]
=> New Task ID: 2738 || Description: Complex Task 2738 || Developer: Developer738 || Priority: 4 || Dependency on TaskId: [2739]
=> New Task ID: 2739 || Description: Complex Task 2739 || Developer: Developer739 || Priority: 5 || Dependency on TaskId: [2740]
=> New Task ID: 2740 || Description: Complex Task 2740 || Developer: Developer740 || Priority: 1 || Dependency on TaskId: [2741]
=> New Task ID: 2741 || Description: Complex Task 2741 || Developer: Developer741 || Priority: 2 || Dependency on TaskId: [2742]
=> New Task ID: 2742 || Description: Complex Task 2742 || Developer: Developer742 || Priority: 3 || Dependency on TaskId: [2743]
=> New Task ID: 2743 || Description: Complex Task 2743 || Developer: Developer743 || Priority: 4 || Dependency on TaskId: [2744]
=> New Task ID: 2744 || Description: Complex Task 2744 || Developer: Developer744 || Priority: 5 || Dependency on TaskId: [2745]
=> New Task ID: 2745 || Description: Complex Task 2745 || Developer: Developer745 || Priority: 1 || Dependency on TaskId: [2746]
=> New Task ID: 2746 || Description: Complex Task 2746 || Developer: Developer746 || Priority: 2 || Dependency on TaskId: [2747]
=> New Task ID: 2747 || Description: Complex Task 2747 || Developer: Developer747 || Priority: 3 || Dependency on TaskId: [2748]
=> New Task ID: 2748 || Description: Complex Task 2748 || Developer: Developer748 || Priority: 4 || Dependency on TaskId: [2749]
=> New Task ID: 2749 || Description: Complex Task 2749 || Developer: Developer749 || Priority: 5 || Dependency on TaskId: [2750]
=> New Task ID: 2750 || Description: Complex Task 2750 || Developer: Developer750 || Priority: 1 || Dependency on TaskId: [2751]
=> New Task ID: 2751 || Description: Complex Task 2751 || Developer: Developer751 || Priority: 2 || Dependency on TaskId: [2752]
=> New Task ID: 2752 || Description: Complex Task 2752 || Developer: Developer752 || Priority: 3 || Dependency on TaskId: [2753]
=> New Task ID: 2753 || Description: Complex Task 2753 || Developer: Developer753 || Priority: 4 || Dependency on TaskId: [2754]
=> New Task ID: 2754 || Description: Complex Task 2754 || Developer: Developer754 || Priority: 5 || Dependency on TaskId: [2755]
=> New Task ID: 2755 || Description: Complex Task 2755 || Developer: Developer755 || Priority: 1 || Dependency on TaskId: [2756]
=> New Task ID: 2756 || Description: Complex Task 2756 || Developer: Developer756 || Priority: 2 || Dependency on TaskId: [2757]
=> New Task ID: 2757 || Description: Complex Task 2757 || Developer: Developer757 || Priority: 3 || Dependency on TaskId: [2758]
=> New Task ID: 2758 || Description: Complex Task 2758 || Developer: Developer758 || Priority: 4 || Dependency on TaskId: [2759]
=> New Task ID: 2759 || Description: Complex Task 2759 || Developer: Developer759 || Priority: 5 || Dependency on TaskId: [2760]
=> New Task ID: 2760 || Description: Complex Task 2760 || Developer: Developer760 || Priority: 1 || Dependency on TaskId: [2761]
=> New Task ID: 2761 || Description: Complex Task 2761 || Developer: Developer761 || Priority: 2 || Dependency on TaskId: [2762]
=> New Task ID: 2762 || Description: Complex Task 2762 || Developer: Developer762 || Priority: 3 || Dependency on TaskId: [2763]
=> New Task ID: 2763 || Description: Complex Task 2763 || Developer: Developer763 || Priority: 4 || Dependency on TaskId: [2764]
=> New Task ID: 2764 || Description: Complex Task 2764 || Developer: Developer764 || Priority: 5 || Dependency on TaskId: [2765]
=> New Task ID: 2765 || Description: Complex Task 2765 || Developer: Developer765 || Priority: 1 || Dependency on TaskId: [2766]
=> New Task ID: 2766 || Description: Complex Task 2766 || Developer: Developer766 || Priority: 2 || Dependency on TaskId: [2767]
=> New Task ID: 2767 || Description: Complex Task 2767 || Developer: Developer767 || Priority: 3 || Dependency on TaskId: [2768]
=> New Task ID: 2768 || Description: Complex Task 2768 || Developer: Developer768 || Priority: 4 || Dependency on TaskId: [2769]
=> New Task ID: 2769 || Description: Complex Task 2769 || Developer: Developer769 || Priority: 5 || Dependency on TaskId: [2770]
=> New Task ID: 2770 || Description: Complex Task 2770 || Developer: Developer770 || Priority: 1 || Dependency on TaskId: [2771]
=> New Task ID: 2771 || Description: Complex Task 2771 || Developer: Developer771 || Priority: 2 || Dependency on TaskId: [2772]
=> New Task ID: 2772 || Description: Complex Task 2772 || Developer: Developer772 || Priority: 3 || Dependency on TaskId: [2773]
=> New Task ID: 2773 || Description: Complex Task 2773 || Developer: Developer773 || Priority: 4 || Dependency on TaskId: [2774]
=> New Task ID: 2774 || Description: Complex Task 2774 || Developer: Developer774 || Priority: 5 || Dependency on TaskId: [2775]
=> New Task ID: 2775 || Description: Complex Task 2775 || Developer: Developer775 || Priority: 1 || Dependency on TaskId: [2776]
=> New Task ID: 2776 || Description: Complex Task 2776 || Developer: Developer776 || Priority: 2 || Dependency on TaskId: [2777]
=> New Task ID: 2777 || Description: Complex Task 2777 || Developer: Developer777 || Priority: 3 || Dependency on TaskId: [2778]
=> New Task ID: 2778 || Description: Complex Task 2778 || Developer: Developer778 || Priority: 4 || Dependency on TaskId: [2779]
=> New Task ID: 2779 || Description: Complex Task 2779 || Developer: Developer779 || Priority: 5 || Dependency on TaskId: [2780]
=> New Task ID: 2780 || Description: Complex Task 2780 || Developer: Developer780 || Priority: 1 || Dependency on TaskId: [2781]
=> New Task ID: 2781 || Description: Complex Task 2781 || Developer: Developer781 || Priority: 2 || Dependency on TaskId: [2782]
=> New Task ID: 2782 || Description: Complex Task 2782 || Developer: Developer782 || Priority: 3 || Dependency on TaskId: [2783]
=> New Task ID: 2783 || Description: Complex Task 2783 || Developer: Developer783 || Priority: 4 || Dependency on TaskId: [2784]
=> New Task ID: 2784 || Description: Complex Task 2784 || Developer: Developer784 || Priority: 5 || Dependency on TaskId: [2785]
=> New Task ID: 2785 || Description: Complex Task 2785 || Developer: Developer785 || Priority: 1 || Dependency on TaskId: [2786]
=> New Task ID: 2786 || Description: Complex Task 2786 || Developer: Developer786 || Priority: 2 || Dependency on TaskId: [2787]
=> New Task ID: 2787 || Description: Complex Task 2787 || Developer: Developer787 || Priority: 3 || Dependency on TaskId: [2788]
=> New Task ID: 2788 || Description: Complex Task 2788 || Developer: Developer788 || Priority: 4 || Dependency on TaskId: [2789]
=> New Task ID: 2789 || Description: Complex Task 2789 || Developer: Developer789 || Priority: 5 || Dependency on TaskId: [2790]
=> New Task ID: 2790 || Description: Complex Task 2790 || Developer: Developer790 || Priority: 1 || Dependency on TaskId: [2791]
=> New Task ID: 2791 || Description: Complex Task 2791 || Developer: Developer791 || Priority: 2 || Dependency on TaskId: [2792]
=> New Task ID: 2792 || Description: Complex Task 2792 || Developer: Developer792 || Priority: 3 || Dependency on TaskId: [2793]
=> New Task ID: 2793 || Description: Complex Task 2793 || Developer: Developer793 || Priority: 4 || Dependency on TaskId: [2794]
=> New Task ID: 2794 || Description: Complex Task 2794 || Developer: Developer794 || Priority: 5 || Dependency on TaskId: [2795]
=> New Task ID: 2795 || Description: Complex Task 2795 || Developer: Developer795 || Priority: 1 || Dependency on TaskId: [2796]
=> New Task ID: 2796 || Description: Complex Task 2796 || Developer: Developer796 || Priority: 2 || Dependency on TaskId: [2797]
=> New Task ID: 2797 || Description: Complex Task 2797 || Developer: Developer797 || Priority: 3 || Dependency on TaskId: [2798]
=> New Task ID: 2798 || Description: Complex Task 2798 || Developer: Developer798 || Priority: 4 || Dependency on TaskId: [2799]
=> New Task ID: 2799 || Description: Complex Task 2799 || Developer: Developer799 || Priority: 5 || Dependency on TaskId: [2800]
=> New Task ID: 2800 || Description: Complex Task 2800 || Developer: Developer800 || Priority: 1 || Dependency on TaskId: [2801]
=> New Task ID: 2801 || Description: Complex Task 2801 || Developer: Developer801 || Priority: 2 || Dependency on TaskId: [2802]
=> New Task ID: 2802 || Description: Complex Task 2802 || Developer: Developer802 || Priority: 3 || Dependency on TaskId: [2803]
=> New Task ID: 2803 || Description: Complex Task 2803 || Developer: Developer803 || Priority: 4 || Dependency on TaskId: [2804]
=> New Task ID: 2804 || Description: Complex Task 2804 || Developer: Developer804 || Priority: 5 || Dependency on TaskId: [2805]
=> New Task ID: 2805 || Description: Complex Task 2805 || Developer: Developer805 || Priority: 1 || Dependency on TaskId: [2806]
=> New Task ID: 2806 || Description: Complex Task 2806 || Developer: Developer806 || Priority: 2 || Dependency on TaskId: [2807]
=> New Task ID: 2807 || Description: Complex Task 2807 || Developer: Developer807 || Priority: 3 || Dependency on TaskId: [2808]
=> New Task ID: 2808 || Description: Complex Task 2808 || Developer: Developer808 || Priority: 4 || Dependency on TaskId: [2809]
=> New Task ID: 2809 || Description: Complex Task 2809 || Developer: Developer809 || Priority: 5 || Dependency on TaskId: [2810]
=> New Task ID: 2810 || Description: Complex Task 2810 || Developer: Developer810 || Priority: 1 || Dependency on TaskId: [2811]
=> New Task ID: 2811 || Description: Complex Task 2811 || Developer: Developer811 || Priority: 2 || Dependency on TaskId: [2812]
=> New Task ID: 2812 || Description: Complex Task 2812 || Developer: Developer812 || Priority: 3 || Dependency on TaskId: [2813]
=> New Task ID: 2813 || Description: Complex Task 2813 || Developer: Developer813 || Priority: 4 || Dependency on TaskId: [2814]
=> New Task ID: 2814 || Description: Complex Task 2814 || Developer: Developer814 || Priority: 5 || Dependency on TaskId: [2815]
=> New Task ID: 2815 || Description: Complex Task 2815 || Developer: Developer815 || Priority: 1 || Dependency on TaskId: [2816]
=> New Task ID: 2816 || Description: Complex Task 2816 || Developer: Developer816 || Priority: 2 || Dependency on TaskId: [2817]
=> New Task ID: 2817 || Description: Complex Task 2817 || Developer: Developer817 || Priority: 3 || Dependency on TaskId: [2818]
=> New Task ID: 2818 || Description: Complex Task 2818 || Developer: Developer818 || Priority: 4 || Dependency on TaskId: [2819]
=> New Task ID: 2819 || Description: Complex Task 2819 || Developer: Developer819 || Priority: 5 || Dependency on TaskId: [2820]
=> New Task ID: 2820 || Description: Complex Task 2820 || Developer: Developer820 || Priority: 1 || Dependency on TaskId: [2821]
=> New Task ID: 2821 || Description: Complex Task 2821 || Developer: Developer821 || Priority: 2 || Dependency on TaskId: [2822]
=> New Task ID: 2822 || Description: Complex Task 2822 || Developer: Developer822 || Priority: 3 || Dependency on TaskId: [2823]
=> New Task ID: 2823 || Description: Complex Task 2823 || Developer: Developer823 || Priority: 4 || Dependency on TaskId: [2824]
=> New Task ID: 2824 || Description: Complex Task 2824 || Developer: Developer824 || Priority: 5 || Dependency on TaskId: [2825]
=> New Task ID: 2825 || Description: Complex Task 2825 || Developer: Developer825 || Priority: 1 || Dependency on TaskId: [2826]
=> New Task ID: 2826 || Description: Complex Task 2826 || Developer: Developer826 || Priority: 2 || Dependency on TaskId: [2827]
=> New Task ID: 2827 || Description: Complex Task 2827 || Developer: Developer827 || Priority: 3 || Dependency on TaskId: [2828]
=> New Task ID: 2828 || Description: Complex Task 2828 || Developer: Developer828 || Priority: 4 || Dependency on TaskId: [2829]
=> New Task ID: 2829 || Description: Complex Task 2829 || Developer: Developer829 || Priority: 5 || Dependency on TaskId: [2830]
=> New Task ID: 2830 || Description: Complex Task 2830 || Developer: Developer830 || Priority: 1 || Dependency on TaskId: [2831]
=> New Task ID: 2831 || Description: Complex Task 2831 || Developer: Developer831 || Priority: 2 || Dependency on TaskId: [2832]
=> New Task ID: 2832 || Description: Complex Task 2832 || Developer: Developer832 || Priority: 3 || Dependency on TaskId: [2833]
=> New Task ID: 2833 || Description: Complex Task 2833 || Developer: Developer833 || Priority: 4 || Dependency on TaskId: [2834]
=> New Task ID: 2834 || Description: Complex Task 2834 || Developer: Developer834 || Priority: 5 || Dependency on TaskId: [2835]
=> New Task ID: 2835 || Description: Complex Task 2835 || Developer: Developer835 || Priority: 1 || Dependency on TaskId: [2836]
=> New Task ID: 2836 || Description: Complex Task 2836 || Developer: Developer836 || Priority: 2 || Dependency on TaskId: [2837]
=> New Task ID: 2837 || Description: Complex Task 2837 || Developer: Developer837 || Priority: 3 || Dependency on TaskId: [2838]
=> New Task ID: 2838 || Description: Complex Task 2838 || Developer: Developer838 || Priority: 4 || Dependency on TaskId: [2839]
=> New Task ID: 2839 || Description: Complex Task 2839 || Developer: Developer839 || Priority: 5 || Dependency on TaskId: [2840]
=> New Task ID: 2840 || Description: Complex Task 2840 || Developer: Developer840 || Priority: 1 || Dependency on TaskId: [2841]
=> New Task ID: 2841 || Description: Complex Task 2841 || Developer: Developer841 || Priority: 2 || Dependency on TaskId: [2842]
=> New Task ID: 2842 || Description: Complex Task 2842 || Developer: Developer842 || Priority: 3 || Dependency on TaskId: [2843]
=> New Task ID: 2843 || Description: Complex Task 2843 || Developer: Developer843 || Priority: 4 || Dependency on TaskId: [2844]
=> New Task ID: 2844 || Description: Complex Task 2844 || Developer: Developer844 || Priority: 5 || Dependency on TaskId: [2845]
=> New Task ID: 2845 || Description: Complex Task 2845 || Developer: Developer845 || Priority: 1 || Dependency on TaskId: [2846]
=> New Task ID: 2846 || Description: Complex Task 2846 || Developer: Developer846 || Priority: 2 || Dependency on TaskId: [2847]
=> New Task ID: 2847 || Description: Complex Task 2847 || Developer: Developer847 || Priority: 3 || Dependency on TaskId: [2848]
=> New Task ID: 2848 || Description: Complex Task 2848 || Developer: Developer848 || Priority: 4 || Dependency on TaskId: [2849]
=> New Task ID: 2849 || Description: Complex Task 2849 || Developer: Developer849 || Priority: 5 || Dependency on TaskId: [2850]
=> New Task ID: 2850 || Description: Complex Task 2850 || Developer: Developer850 || Priority: 1 || Dependency on TaskId: [2851]
=> New Task ID: 2851 || Description: Complex Task 2851 || Developer: Developer851 || Priority: 2 || Dependency on TaskId: [2852]
=> New Task ID: 2852 || Description: Complex Task 2852 || Developer: Developer852 || Priority: 3 || Dependency on TaskId: [2853]
=> New Task ID: 2853 || Description: Complex Task 2853 || Developer: Developer853 || Priority: 4 || Dependency on TaskId: [2854]
=> New Task ID: 2854 || Description: Complex Task 2854 || Developer: Developer854 || Priority: 5 || Dependency on TaskId: [2855]
=> New Task ID: 2855 || Description: Complex Task 2855 || Developer: Developer855 || Priority: 1 || Dependency on TaskId: [2856]
=> New Task ID: 2856 || Description: Complex Task 2856 || Developer: Developer856 || Priority: 2 || Dependency on TaskId: [2857]
=> New Task ID: 2857 || Description: Complex Task 2857 || Developer: Developer857 || Priority: 3 || Dependency on TaskId: [2858]
=> New Task ID: 2858 || Description: Complex Task 2858 || Developer: Developer858 || Priority: 4 || Dependency on TaskId: [2859]
=> New Task ID: 2859 || Description: Complex Task 2859 || Developer: Developer859 || Priority: 5 || Dependency on TaskId: [2860]
=> New Task ID: 2860 || Description: Complex Task 2860 || Developer: Developer860 || Priority: 1 || Dependency on TaskId: [2861]
=> New Task ID: 2861 || Description: Complex Task 2861 || Developer: Developer861 || Priority: 2 || Dependency on TaskId: [2862]
=> New Task ID: 2862 || Description: Complex Task 2862 || Developer: Developer862 || Priority: 3 || Dependency on TaskId: [2863]
=> New Task ID: 2863 || Description: Complex Task 2863 || Developer: Developer863 || Priority: 4 || Dependency on TaskId: [2864]
=> New Task ID: 2864 || Description: Complex Task 2864 || Developer: Developer864 || Priority: 5 || Dependency on TaskId: [2865]
=> New Task ID: 2865 || Description: Complex Task 2865 || Developer: Developer865 || Priority: 1 || Dependency on TaskId: [2866]
=> New Task ID: 2866 || Description: Complex Task 2866 || Developer: Developer866 || Priority: 2 || Dependency on TaskId: [2867]
=> New Task ID: 2867 || Description: Complex Task 2867 || Developer: Developer867 || Priority: 3 || Dependency on TaskId: [2868]
=> New Task ID: 2868 || Description: Complex Task 2868 || Developer: Developer868 || Priority: 4 || Dependency on TaskId: [2869]
=> New Task ID: 2869 || Description: Complex Task 2869 || Developer: Developer869 || Priority: 5 || Dependency on TaskId: [2870]
=> New Task ID: 2870 || Description: Complex Task 2870 || Developer: Developer870 || Priority: 1 || Dependency on TaskId: [2871]
=> New Task ID: 2871 || Description: Complex Task 2871 || Developer: Developer871 || Priority: 2 || Dependency on TaskId: [2872]
=> New Task ID: 2872 || Description: Complex Task 2872 || Developer: Developer872 || Priority: 3 || Dependency on TaskId: [2873]
=> New Task ID: 2873 || Description: Complex Task 2873 || Developer: Developer873 || Priority: 4 || Dependency on TaskId: [2874]
=> New Task ID: 2874 || Description: Complex Task 2874 || Developer: Developer874 || Priority: 5 || Dependency on TaskId: [2875]
=> New Task ID: 2875 || Description: Complex Task 2875 || Developer: Developer875 || Priority: 1 || Dependency on TaskId: [2876]
=> New Task ID: 2876 || Description: Complex Task 2876 || Developer: Developer876 || Priority: 2 || Dependency on TaskId: [2877]
=> New Task ID: 2877 || Description: Complex Task 2877 || Developer: Developer877 || Priority: 3 || Dependency on TaskId: [2878]
=> New Task ID: 2878 || Description: Complex Task 2878 || Developer: Developer878 || Priority: 4 || Dependency on TaskId: [2879]
=> New Task ID: 2879 || Description: Complex Task 2879 || Developer: Developer879 || Priority: 5 || Dependency on TaskId: [2880]
=> New Task ID: 2880 || Description: Complex Task 2880 || Developer: Developer880 || Priority: 1 || Dependency on TaskId: [2881]
=> New Task ID: 2881 || Description: Complex Task 2881 || Developer: Developer881 || Priority: 2 || Dependency on TaskId: [2882]
=> New Task ID: 2882 || Description: Complex Task 2882 || Developer: Developer882 || Priority: 3 || Dependency on TaskId: [2883]
=> New Task ID: 2883 || Description: Complex Task 2883 || Developer: Developer883 || Priority: 4 || Dependency on TaskId: [2884]
=> New Task ID: 2884 || Description: Complex Task 2884 || Developer: Developer884 || Priority: 5 || Dependency on TaskId: [2885]
=> New Task ID: 2885 || Description: Complex Task 2885 || Developer: Developer885 || Priority: 1 || Dependency on TaskId: [2886]
=> New Task ID: 2886 || Description: Complex Task 2886 || Developer: Developer886 || Priority: 2 || Dependency on TaskId: [2887]
=> New Task ID: 2887 || Description: Complex Task 2887 || Developer: Developer887 || Priority: 3 || Dependency on TaskId: [2888]
=> New Task ID: 2888 || Description: Complex Task 2888 || Developer: Developer888 || Priority: 4 || Dependency on TaskId: [2889]
=> New Task ID: 2889 || Description: Complex Task 2889 || Developer: Developer889 || Priority: 5 || Dependency on TaskId: [2890]
=> New Task ID: 2890 || Description: Complex Task 2890 || Developer: Developer890 || Priority: 1 || Dependency on TaskId: [2891]
=> New Task ID: 2891 || Description: Complex Task 2891 || Developer: Developer891 || Priority: 2 || Dependency on TaskId: [2892]
=> New Task ID: 2892 || Description: Complex Task 2892 || Developer: Developer892 || Priority: 3 || Dependency on TaskId: [2893]
=> New Task ID: 2893 || Description: Complex Task 2893 || Developer: Developer893 || Priority: 4 || Dependency on TaskId: [2894]
=> New Task ID: 2894 || Description: Complex Task 2894 || Developer: Developer894 || Priority: 5 || Dependency on TaskId: [2895]
=> New Task ID: 2895 || Description: Complex Task 2895 || Developer: Developer895 || Priority: 1 || Dependency on TaskId: [2896]
=> New Task ID: 2896 || Description: Complex Task 2896 || Developer: Developer896 || Priority: 2 || Dependency on TaskId: [2897]
=> New Task ID: 2897 || Description: Complex Task 2897 || Developer: Developer897 || Priority: 3 || Dependency on TaskId: [2898]
=> New Task ID: 2898 || Description: Complex Task 2898 || Developer: Developer898 || Priority: 4 || Dependency on TaskId: [2899]
=> New Task ID: 2899 || Description: Complex Task 2899 || Developer: Developer899 || Priority: 5 || Dependency on TaskId: [2900]
=> New Task ID: 2900 || Description: Complex Task 2900 || Developer: Developer900 || Priority: 1 || Dependency on TaskId: [2901]
=> New Task ID: 2901 || Description: Complex Task 2901 || Developer: Developer901 || Priority: 2 || Dependency on TaskId: [2902]
=> New Task ID: 2902 || Description: Complex Task 2902 || Developer: Developer902 || Priority: 3 || Dependency on TaskId: [2903]
=> New Task ID: 2903 || Description: Complex Task 2903 || Developer: Developer903 || Priority: 4 || Dependency on TaskId: [2904]
=> New Task ID: 2904 || Description: Complex Task 2904 || Developer: Developer904 || Priority: 5 || Dependency on TaskId: [2905]
=> New Task ID: 2905 || Description: Complex Task 2905 || Developer: Developer905 || Priority: 1 || Dependency on TaskId: [2906]
=> New Task ID: 2906 || Description: Complex Task 2906 || Developer: Developer906 || Priority: 2 || Dependency on TaskId: [2907]
=> New Task ID: 2907 || Description: Complex Task 2907 || Developer: Developer907 || Priority: 3 || Dependency on TaskId: [2908]
=> New Task ID: 2908 || Description: Complex Task 2908 || Developer: Developer908 || Priority: 4 || Dependency on TaskId: [2909]
=> New Task ID: 2909 || Description: Complex Task 2909 || Developer: Developer909 || Priority: 5 || Dependency on TaskId: [2910]
=> New Task ID: 2910 || Description: Complex Task 2910 || Developer: Developer910 || Priority: 1 || Dependency on TaskId: [2911]
=> New Task ID: 2911 || Description: Complex Task 2911 || Developer: Developer911 || Priority: 2 || Dependency on TaskId: [2912]
=> New Task ID: 2912 || Description: Complex Task 2912 || Developer: Developer912 || Priority: 3 || Dependency on TaskId: [2913]
=> New Task ID: 2913 || Description: Complex Task 2913 || Developer: Developer913 || Priority: 4 || Dependency on TaskId: [2914]
=> New Task ID: 2914 || Description: Complex Task 2914 || Developer: Developer914 || Priority: 5 || Dependency on TaskId: [2915]
=> New Task ID: 2915 || Description: Complex Task 2915 || Developer: Developer915 || Priority: 1 || Dependency on TaskId: [2916]
=> New Task ID: 2916 || Description: Complex Task 2916 || Developer: Developer916 || Priority: 2 || Dependency on TaskId: [2917]
=> New Task ID: 2917 || Description: Complex Task 2917 || Developer: Developer917 || Priority: 3 || Dependency on TaskId: [2918]
=> New Task ID: 2918 || Description: Complex Task 2918 || Developer: Developer918 || Priority: 4 || Dependency on TaskId: [2919]
=> New Task ID: 2919 || Description: Complex Task 2919 || Developer: Developer919 || Priority: 5 || Dependency on TaskId: [2920]
=> New Task ID: 2920 || Description: Complex Task 2920 || Developer: Developer920 || Priority: 1 || Dependency on TaskId: [2921]
=> New Task ID: 2921 || Description: Complex Task 2921 || Developer: Developer921 || Priority: 2 || Dependency on TaskId: [2922]
=> New Task ID: 2922 || Description: Complex Task 2922 || Developer: Developer922 || Priority: 3 || Dependency on TaskId: [2923]
=> New Task ID: 2923 || Description: Complex Task 2923 || Developer: Developer923 || Priority: 4 || Dependency on TaskId: [2924]
=> New Task ID: 2924 || Description: Complex Task 2924 || Developer: Developer924 || Priority: 5 || Dependency on TaskId: [2925]
=> New Task ID: 2925 || Description: Complex Task 2925 || Developer: Developer925 || Priority: 1 || Dependency on TaskId: [2926]
=> New Task ID: 2926 || Description: Complex Task 2926 || Developer: Developer926 || Priority: 2 || Dependency on TaskId: [2927]
=> New Task ID: 2927 || Description: Complex Task 2927 || Developer: Developer927 || Priority: 3 || Dependency on TaskId: [2928]
=> New Task ID: 2928 || Description: Complex Task 2928 || Developer: Developer928 || Priority: 4 || Dependency on TaskId: [2929]
=> New Task ID: 2929 || Description: Complex Task 2929 || Developer: Developer929 || Priority: 5 || Dependency on TaskId: [2930]
=> New Task ID: 2930 || Description: Complex Task 2930 || Developer: Developer930 || Priority: 1 || Dependency on TaskId: [2931]
=> New Task ID: 2931 || Description: Complex Task 2931 || Developer: Developer931 || Priority: 2 || Dependency on TaskId: [2932]
=> New Task ID: 2932 || Description: Complex Task 2932 || Developer: Developer932 || Priority: 3 || Dependency on TaskId: [2933]
=> New Task ID: 2933 || Description: Complex Task 2933 || Developer: Developer933 || Priority: 4 || Dependency on TaskId: [2934]
=> New Task ID: 2934 || Description: Complex Task 2934 || Developer: Developer934 || Priority: 5 || Dependency on TaskId: [2935]
=> New Task ID: 2935 || Description: Complex Task 2935 || Developer: Developer935 || Priority: 1 || Dependency on TaskId: [2936]
=> New Task ID: 2936 || Description: Complex Task 2936 || Developer: Developer936 || Priority: 2 || Dependency on TaskId: [2937]
=> New Task ID: 2937 || Description: Complex Task 2937 || Developer: Developer937 || Priority: 3 || Dependency on TaskId: [2938]
=> New Task ID: 2938 || Description: Complex Task 2938 || Developer: Developer938 || Priority: 4 || Dependency on TaskId: [2939]
=> New Task ID: 2939 || Description: Complex Task 2939 || Developer: Developer939 || Priority: 5 || Dependency on TaskId: [2940]
=> New Task ID: 2940 || Description: Complex Task 2940 || Developer: Developer940 || Priority: 1 || Dependency on TaskId: [2941]
=> New Task ID: 2941 || Description: Complex Task 2941 || Developer: Developer941 || Priority: 2 || Dependency on TaskId: [2942]
=> New Task ID: 2942 || Description: Complex Task 2942 || Developer: Developer942 || Priority: 3 || Dependency on TaskId: [2943]
=> New Task ID: 2943 || Description: Complex Task 2943 || Developer: Developer943 || Priority: 4 || Dependency on TaskId: [2944]
=> New Task ID: 2944 || Description: Complex Task 2944 || Developer: Developer944 || Priority: 5 || Dependency on TaskId: [2945]
=> New Task ID: 2945 || Description: Complex Task 2945 || Developer: Developer945 || Priority: 1 || Dependency on TaskId: [2946]
=> New Task ID: 2946 || Description: Complex Task 2946 || Developer: Developer946 || Priority: 2 || Dependency on TaskId: [2947]
=> New Task ID: 2947 || Description: Complex Task 2947 || Developer: Developer947 || Priority: 3 || Dependency on TaskId: [2948]
=> New Task ID: 2948 || Description: Complex Task 2948 || Developer: Developer948 || Priority: 4 || Dependency on TaskId: [2949]
=> New Task ID: 2949 || Description: Complex Task 2949 || Developer: Developer949 || Priority: 5 || Dependency on TaskId: [2950]
=> New Task ID: 2950 || Description: Complex Task 2950 || Developer: Developer950 || Priority: 1 || Dependency on TaskId: [2951]
=> New Task ID: 2951 || Description: Complex Task 2951 || Developer: Developer951 || Priority: 2 || Dependency on TaskId: [2952]
=> New Task ID: 2952 || Description: Complex Task 2952 || Developer: Developer952 || Priority: 3 || Dependency on TaskId: [2953]
=> New Task ID: 2953 || Description: Complex Task 2953 || Developer: Developer953 || Priority: 4 || Dependency on TaskId: [2954]
=> New Task ID: 2954 || Description: Complex Task 2954 || Developer: Developer954 || Priority: 5 || Dependency on TaskId: [2955]
=> New Task ID: 2955 || Description: Complex Task 2955 || Developer: Developer955 || Priority: 1 || Dependency on TaskId: [2956]
=> New Task ID: 2956 || Description: Complex Task 2956 || Developer: Developer956 || Priority: 2 || Dependency on TaskId: [2957]
=> New Task ID: 2957 || Description: Complex Task 2957 || Developer: Developer957 || Priority: 3 || Dependency on TaskId: [2958]
=> New Task ID: 2958 || Description: Complex Task 2958 || Developer: Developer958 || Priority: 4 || Dependency on TaskId: [2959]
=> New Task ID: 2959 || Description: Complex Task 2959 || Developer: Developer959 || Priority: 5 || Dependency on TaskId: [2960]
=> New Task ID: 2960 || Description: Complex Task 2960 || Developer: Developer960 || Priority: 1 || Dependency on TaskId: [2961]
=> New Task ID: 2961 || Description: Complex Task 2961 || Developer: Developer961 || Priority: 2 || Dependency on TaskId: [2962]
=> New Task ID: 2962 || Description: Complex Task 2962 || Developer: Developer962 || Priority: 3 || Dependency on TaskId: [2963]
=> New Task ID: 2963 || Description: Complex Task 2963 || Developer: Developer963 || Priority: 4 || Dependency on TaskId: [2964]
=> New Task ID: 2964 || Description: Complex Task 2964 || Developer: Developer964 || Priority: 5 || Dependency on TaskId: [2965]
=> New Task ID: 2965 || Description: Complex Task 2965 || Developer: Developer965 || Priority: 1 || Dependency on TaskId: [2966]
=> New Task ID: 2966 || Description: Complex Task 2966 || Developer: Developer966 || Priority: 2 || Dependency on TaskId: [2967]
=> New Task ID: 2967 || Description: Complex Task 2967 || Developer: Developer967 || Priority: 3 || Dependency on TaskId: [2968]
=> New Task ID: 2968 || Description: Complex Task 2968 || Developer: Developer968 || Priority: 4 || Dependency on TaskId: [2969]
=> New Task ID: 2969 || Description: Complex Task 2969 || Developer: Developer969 || Priority: 5 || Dependency on TaskId: [2970]
=> New Task ID: 2970 || Description: Complex Task 2970 || Developer: Developer970 || Priority: 1 || Dependency on TaskId: [2971]
=> New Task ID: 2971 || Description: Complex Task 2971 || Developer: Developer971 || Priority: 2 || Dependency on TaskId: [2972]
=> New Task ID: 2972 || Description: Complex Task 2972 || Developer: Developer972 || Priority: 3 || Dependency on TaskId: [2973]
=> New Task ID: 2973 || Description: Complex Task 2973 || Developer: Developer973 || Priority: 4 || Dependency on TaskId: [2974]
=> New Task ID: 2974 || Description: Complex Task 2974 || Developer: Developer974 || Priority: 5 || Dependency on TaskId: [2975]
=> New Task ID: 2975 || Description: Complex Task 2975 || Developer: Developer975 || Priority: 1 || Dependency on TaskId: [2976]
=> New Task ID: 2976 || Description: Complex Task 2976 || Developer: Developer976 || Priority: 2 || Dependency on TaskId: [2977]
=> New Task ID: 2977 || Description: Complex Task 2977 || Developer: Developer977 || Priority: 3 || Dependency on TaskId: [2978]
=> New Task ID: 2978 || Description: Complex Task 2978 || Developer: Developer978 || Priority: 4 || Dependency on TaskId: [2979]
=> New Task ID: 2979 || Description: Complex Task 2979 || Developer: Developer979 || Priority: 5 || Dependency on TaskId: [2980]
=> New Task ID: 2980 || Description: Complex Task 2980 || Developer: Developer980 || Priority: 1 || Dependency on TaskId: [2981]
=> New Task ID: 2981 || Description: Complex Task 2981 || Developer: Developer981 || Priority: 2 || Dependency on TaskId: [2982]
=> New Task ID: 2982 || Description: Complex Task 2982 || Developer: Developer982 || Priority: 3 || Dependency on TaskId: [2983]
=> New Task ID: 2983 || Description: Complex Task 2983 || Developer: Developer983 || Priority: 4 || Dependency on TaskId: [2984]
=> New Task ID: 2984 || Description: Complex Task 2984 || Developer: Developer984 || Priority: 5 || Dependency on TaskId: [2985]
=> New Task ID: 2985 || Description: Complex Task 2985 || Developer: Developer985 || Priority: 1 || Dependency on TaskId: [2986]
=> New Task ID: 2986 || Description: Complex Task 2986 || Developer: Developer986 || Priority: 2 || Dependency on TaskId: [2987]
=> New Task ID: 2987 || Description: Complex Task 2987 || Developer: Developer987 || Priority: 3 || Dependency on TaskId: [2988]
=> New Task ID: 2988 || Description: Complex Task 2988 || Developer: Developer988 || Priority: 4 || Dependency on TaskId: [2989]
=> New Task ID: 2989 || Description: Complex Task 2989 || Developer: Developer989 || Priority: 5 || Dependency on TaskId: [2990]
=> New Task ID: 2990 || Description: Complex Task 2990 || Developer: Developer990 || Priority: 1 || Dependency on TaskId: [2991]
=> New Task ID: 2991 || Description: Complex Task 2991 || Developer: Developer991 || Priority: 2 || Dependency on TaskId: [2992]
=> New Task ID: 2992 || Description: Complex Task 2992 || Developer: Developer992 || Priority: 3 || Dependency on TaskId: [2993]
=> New Task ID: 2993 || Description: Complex Task 2993 || Developer: Developer993 || Priority: 4 || Dependency on TaskId: [2994]
=> New Task ID: 2994 || Description: Complex Task 2994 || Developer: Developer994 || Priority: 5 || Dependency on TaskId: [2995]
=> New Task ID: 2995 || Description: Complex Task 2995 || Developer: Developer995 || Priority: 1 || Dependency on TaskId: [2996]
=> New Task ID: 2996 || Description: Complex Task 2996 || Developer: Developer996 || Priority: 2 || Dependency on TaskId: [2997]
=> New Task ID: 2997 || Description: Complex Task 2997 || Developer: Developer997 || Priority: 3 || Dependency on TaskId: [2998]
=> New Task ID: 2998 || Description: Complex Task 2998 || Developer: Developer998 || Priority: 4 || Dependency on TaskId: [2999]
=> New Task ID: 2999 || Description: Complex Task 2999 || Developer: Developer999 || Priority: 5 || Dependency on TaskId: [3000]
=> New Task ID: 3000 || Description: Complex Task 3000 || Developer: Developer0 || Priority: 1 || Dependency on TaskId: [3001]
=> New Task ID: 3001 || Description: Complex Task 3001 || Developer: Developer1 || Priority: 2 || Dependency on TaskId: [3002]
=> New Task ID: 3002 || Description: Complex Task 3002 || Developer: Developer2 || Priority: 3 || Dependency on TaskId: [3003]
=> New Task ID: 3003 || Description: Complex Task 3003 || Developer: Developer3 || Priority: 4 || Dependency on TaskId: [3004]
=> New Task ID: 3004 || Description: Complex Task 3004 || Developer: Developer4 || Priority: 5 || Dependency on TaskId: [3005]
=> New Task ID: 3005 || Description: Complex Task 3005 || Developer: Developer5 || Priority: 1 || Dependency on TaskId: [3006]
=> New Task ID: 3006 || Description: Complex Task 3006 || Developer: Developer6 || Priority: 2 || Dependency on TaskId: [3007]
=> New Task ID: 3007 || Description: Complex Task 3007 || Developer: Developer7 || Priority: 3 || Dependency on TaskId: [3008]
=> New Task ID: 3008 || Description: Complex Task 3008 || Developer: Developer8 || Priority: 4 || Dependency on TaskId: [3009]
=> New Task ID: 3009 || Description: Complex Task 3009 || Developer: Developer9 || Priority: 5 || Dependency on TaskId: [3010]
=> New Task ID: 3010 || Description: Complex Task 3010 || Developer: Developer10 || Priority: 1 || Dependency on TaskId: [3011]
=> New Task ID: 3011 || Description: Complex Task 3011 || Developer: Developer11 || Priority: 2 || Dependency on TaskId: [3012]
=> New Task ID: 3012 || Description: Complex Task 3012 || Developer: Developer12 || Priority: 3 || Dependency on TaskId: [3013]
=> New Task ID: 3013 || Description: Complex Task 3013 || Developer: Developer13 || Priority: 4 || Dependency on TaskId: [3014]
=> New Task ID: 3014 || Description: Complex Task 3014 || Developer: Developer14 || Priority: 5 || Dependency on TaskId: [3015]
=> New Task ID: 3015 || Description: Complex Task 3015 || Developer: Developer15 || Priority: 1 || Dependency on TaskId: [3016]
=> New Task ID: 3016 || Description: Complex Task 3016 || Developer: Developer16 || Priority: 2 || Dependency on TaskId: [3017]
=> New Task ID: 3017 || Description: Complex Task 3017 || Developer: Developer17 || Priority: 3 || Dependency on TaskId: [3018]
=> New Task ID: 3018 || Description: Complex Task 3018 || Developer: Developer18 || Priority: 4 || Dependency on TaskId: [3019]
=> New Task ID: 3019 || Description: Complex Task 3019 || Developer: Developer19 || Priority: 5 || Dependency on TaskId: [3020]
=> New Task ID: 3020 || Description: Complex Task 3020 || Developer: Developer20 || Priority: 1 || Dependency on TaskId: [3021]
=> New Task ID: 3021 || Description: Complex Task 3021 || Developer: Developer21 || Priority: 2 || Dependency on TaskId: [3022]
=> New Task ID: 3022 || Description: Complex Task 3022 || Developer: Developer22 || Priority: 3 || Dependency on TaskId: [3023]
=> New Task ID: 3023 || Description: Complex Task 3023 || Developer: Developer23 || Priority: 4 || Dependency on TaskId: [3024]
=> New Task ID: 3024 || Description: Complex Task 3024 || Developer: Developer24 || Priority: 5 || Dependency on TaskId: [3025]
=> New Task ID: 3025 || Description: Complex Task 3025 || Developer: Developer25 || Priority: 1 || Dependency on TaskId: [3026]
=> New Task ID: 3026 || Description: Complex Task 3026 || Developer: Developer26 || Priority: 2 || Dependency on TaskId: [3027]
=> New Task ID: 3027 || Description: Complex Task 3027 || Developer: Developer27 || Priority: 3 || Dependency on TaskId: [3028]
=> New Task ID: 3028 || Description: Complex Task 3028 || Developer: Developer28 || Priority: 4 || Dependency on TaskId: [3029]
=> New Task ID: 3029 || Description: Complex Task 3029 || Developer: Developer29 || Priority: 5 || Dependency on TaskId: [3030]
=> New Task ID: 3030 || Description: Complex Task 3030 || Developer: Developer30 || Priority: 1 || Dependency on TaskId: [3031]
=> New Task ID: 3031 || Description: Complex Task 3031 || Developer: Developer31 || Priority: 2 || Dependency on TaskId: [3032]
=> New Task ID: 3032 || Description: Complex Task 3032 || Developer: Developer32 || Priority: 3 || Dependency on TaskId: [3033]
=> New Task ID: 3033 || Description: Complex Task 3033 || Developer: Developer33 || Priority: 4 || Dependency on TaskId: [3034]
=> New Task ID: 3034 || Description: Complex Task 3034 || Developer: Developer34 || Priority: 5 || Dependency on TaskId: [3035]
=> New Task ID: 3035 || Description: Complex Task 3035 || Developer: Developer35 || Priority: 1 || Dependency on TaskId: [3036]
=> New Task ID: 3036 || Description: Complex Task 3036 || Developer: Developer36 || Priority: 2 || Dependency on TaskId: [3037]
=> New Task ID: 3037 || Description: Complex Task 3037 || Developer: Developer37 || Priority: 3 || Dependency on TaskId: [3038]
=> New Task ID: 3038 || Description: Complex Task 3038 || Developer: Developer38 || Priority: 4 || Dependency on TaskId: [3039]
=> New Task ID: 3039 || Description: Complex Task 3039 || Developer: Developer39 || Priority: 5 || Dependency on TaskId: [3040]
=> New Task ID: 3040 || Description: Complex Task 3040 || Developer: Developer40 || Priority: 1 || Dependency on TaskId: [3041]
=> New Task ID: 3041 || Description: Complex Task 3041 || Developer: Developer41 || Priority: 2 || Dependency on TaskId: [3042]
=> New Task ID: 3042 || Description: Complex Task 3042 || Developer: Developer42 || Priority: 3 || Dependency on TaskId: [3043]
=> New Task ID: 3043 || Description: Complex Task 3043 || Developer: Developer43 || Priority: 4 || Dependency on TaskId: [3044]
=> New Task ID: 3044 || Description: Complex Task 3044 || Developer: Developer44 || Priority: 5 || Dependency on TaskId: [3045]
=> New Task ID: 3045 || Description: Complex Task 3045 || Developer: Developer45 || Priority: 1 || Dependency on TaskId: [3046]
=> New Task ID: 3046 || Description: Complex Task 3046 || Developer: Developer46 || Priority: 2 || Dependency on TaskId: [3047]
=> New Task ID: 3047 || Description: Complex Task 3047 || Developer: Developer47 || Priority: 3 || Dependency on TaskId: [3048]
=> New Task ID: 3048 || Description: Complex Task 3048 || Developer: Developer48 || Priority: 4 || Dependency on TaskId: [3049]
=> New Task ID: 3049 || Description: Complex Task 3049 || Developer: Developer49 || Priority: 5 || Dependency on TaskId: [3050]
=> New Task ID: 3050 || Description: Complex Task 3050 || Developer: Developer50 || Priority: 1 || Dependency on TaskId: [3051]
=> New Task ID: 3051 || Description: Complex Task 3051 || Developer: Developer51 || Priority: 2 || Dependency on TaskId: [3052]
=> New Task ID: 3052 || Description: Complex Task 3052 || Developer: Developer52 || Priority: 3 || Dependency on TaskId: [3053]
=> New Task ID: 3053 || Description: Complex Task 3053 || Developer: Developer53 || Priority: 4 || Dependency on TaskId: [3054]
=> New Task ID: 3054 || Description: Complex Task 3054 || Developer: Developer54 || Priority: 5 || Dependency on TaskId: [3055]
=> New Task ID: 3055 || Description: Complex Task 3055 || Developer: Developer55 || Priority: 1 || Dependency on TaskId: [3056]
=> New Task ID: 3056 || Description: Complex Task 3056 || Developer: Developer56 || Priority: 2 || Dependency on TaskId: [3057]
=> New Task ID: 3057 || Description: Complex Task 3057 || Developer: Developer57 || Priority: 3 || Dependency on TaskId: [3058]
=> New Task ID: 3058 || Description: Complex Task 3058 || Developer: Developer58 || Priority: 4 || Dependency on TaskId: [3059]
=> New Task ID: 3059 || Description: Complex Task 3059 || Developer: Developer59 || Priority: 5 || Dependency on TaskId: [3060]
=> New Task ID: 3060 || Description: Complex Task 3060 || Developer: Developer60 || Priority: 1 || Dependency on TaskId: [3061]
=> New Task ID: 3061 || Description: Complex Task 3061 || Developer: Developer61 || Priority: 2 || Dependency on TaskId: [3062]
=> New Task ID: 3062 || Description: Complex Task 3062 || Developer: Developer62 || Priority: 3 || Dependency on TaskId: [3063]
=> New Task ID: 3063 || Description: Complex Task 3063 || Developer: Developer63 || Priority: 4 || Dependency on TaskId: [3064]
=> New Task ID: 3064 || Description: Complex Task 3064 || Developer: Developer64 || Priority: 5 || Dependency on TaskId: [3065]
=> New Task ID: 3065 || Description: Complex Task 3065 || Developer: Developer65 || Priority: 1 || Dependency on TaskId: [3066]
=> New Task ID: 3066 || Description: Complex Task 3066 || Developer: Developer66 || Priority: 2 || Dependency on TaskId: [3067]
=> New Task ID: 3067 || Description: Complex Task 3067 || Developer: Developer67 || Priority: 3 || Dependency on TaskId: [3068]
=> New Task ID: 3068 || Description: Complex Task 3068 || Developer: Developer68 || Priority: 4 || Dependency on TaskId: [3069]
=> New Task ID: 3069 || Description: Complex Task 3069 || Developer: Developer69 || Priority: 5 || Dependency on TaskId: [3070]
=> New Task ID: 3070 || Description: Complex Task 3070 || Developer: Developer70 || Priority: 1 || Dependency on TaskId: [3071]
=> New Task ID: 3071 || Description: Complex Task 3071 || Developer: Developer71 || Priority: 2 || Dependency on TaskId: [3072]
=> New Task ID: 3072 || Description: Complex Task 3072 || Developer: Developer72 || Priority: 3 || Dependency on TaskId: [3073]
=> New Task ID: 3073 || Description: Complex Task 3073 || Developer: Developer73 || Priority: 4 || Dependency on TaskId: [3074]
=> New Task ID: 3074 || Description: Complex Task 3074 || Developer: Developer74 || Priority: 5 || Dependency on TaskId: [3075]
=> New Task ID: 3075 || Description: Complex Task 3075 || Developer: Developer75 || Priority: 1 || Dependency on TaskId: [3076]
=> New Task ID: 3076 || Description: Complex Task 3076 || Developer: Developer76 || Priority: 2 || Dependency on TaskId: [3077]
=> New Task ID: 3077 || Description: Complex Task 3077 || Developer: Developer77 || Priority: 3 || Dependency on TaskId: [3078]
=> New Task ID: 3078 || Description: Complex Task 3078 || Developer: Developer78 || Priority: 4 || Dependency on TaskId: [3079]
=> New Task ID: 3079 || Description: Complex Task 3079 || Developer: Developer79 || Priority: 5 || Dependency on TaskId: [3080]
=> New Task ID: 3080 || Description: Complex Task 3080 || Developer: Developer80 || Priority: 1 || Dependency on TaskId: [3081]
=> New Task ID: 3081 || Description: Complex Task 3081 || Developer: Developer81 || Priority: 2 || Dependency on TaskId: [3082]
=> New Task ID: 3082 || Description: Complex Task 3082 || Developer: Developer82 || Priority: 3 || Dependency on TaskId: [3083]
=> New Task ID: 3083 || Description: Complex Task 3083 || Developer: Developer83 || Priority: 4 || Dependency on TaskId: [3084]
=> New Task ID: 3084 || Description: Complex Task 3084 || Developer: Developer84 || Priority: 5 || Dependency on TaskId: [3085]
=> New Task ID: 3085 || Description: Complex Task 3085 || Developer: Developer85 || Priority: 1 || Dependency on TaskId: [3086]
=> New Task ID: 3086 || Description: Complex Task 3086 || Developer: Developer86 || Priority: 2 || Dependency on TaskId: [3087]
=> New Task ID: 3087 || Description: Complex Task 3087 || Developer: Developer87 || Priority: 3 || Dependency on TaskId: [3088]
=> New Task ID: 3088 || Description: Complex Task 3088 || Developer: Developer88 || Priority: 4 || Dependency on TaskId: [3089]
=> New Task ID: 3089 || Description: Complex Task 3089 || Developer: Developer89 || Priority: 5 || Dependency on TaskId: [3090]
=> New Task ID: 3090 || Description: Complex Task 3090 || Developer: Developer90 || Priority: 1 || Dependency on TaskId: [3091]
=> New Task ID: 3091 || Description: Complex Task 3091 || Developer: Developer91 || Priority: 2 || Dependency on TaskId: [3092]
=> New Task ID: 3092 || Description: Complex Task 3092 || Developer: Developer92 || Priority: 3 || Dependency on TaskId: [3093]
=> New Task ID: 3093 || Description: Complex Task 3093 || Developer: Developer93 || Priority: 4 || Dependency on TaskId: [3094]
=> New Task ID: 3094 || Description: Complex Task 3094 || Developer: Developer94 || Priority: 5 || Dependency on TaskId: [3095]
=> New Task ID: 3095 || Description: Complex Task 3095 || Developer: Developer95 || Priority: 1 || Dependency on TaskId: [3096]
=> New Task ID: 3096 || Description: Complex Task 3096 || Developer: Developer96 || Priority: 2 || Dependency on TaskId: [3097]
=> New Task ID: 3097 || Description: Complex Task 3097 || Developer: Developer97 || Priority: 3 || Dependency on TaskId: [3098]
=> New Task ID: 3098 || Description: Complex Task 3098 || Developer: Developer98 || Priority: 4 || Dependency on TaskId: [3099]
=> New Task ID: 3099 || Description: Complex Task 3099 || Developer: Developer99 || Priority: 5 || Dependency on TaskId: [3100]
=> New Task ID: 3100 || Description: Complex Task 3100 || Developer: Developer100 || Priority: 1 || Dependency on TaskId: [3101]
=> New Task ID: 3101 || Description: Complex Task 3101 || Developer: Developer101 || Priority: 2 || Dependency on TaskId: [3102]
=> New Task ID: 3102 || Description: Complex Task 3102 || Developer: Developer102 || Priority: 3 || Dependency on TaskId: [3103]
=> New Task ID: 3103 || Description: Complex Task 3103 || Developer: Developer103 || Priority: 4 || Dependency on TaskId: [3104]
=> New Task ID: 3104 || Description: Complex Task 3104 || Developer: Developer104 || Priority: 5 || Dependency on TaskId: [3105]
=> New Task ID: 3105 || Description: Complex Task 3105 || Developer: Developer105 || Priority: 1 || Dependency on TaskId: [3106]
=> New Task ID: 3106 || Description: Complex Task 3106 || Developer: Developer106 || Priority: 2 || Dependency on TaskId: [3107]
=> New Task ID: 3107 || Description: Complex Task 3107 || Developer: Developer107 || Priority: 3 || Dependency on TaskId: [3108]
=> New Task ID: 3108 || Description: Complex Task 3108 || Developer: Developer108 || Priority: 4 || Dependency on TaskId: [3109]
=> New Task ID: 3109 || Description: Complex Task 3109 || Developer: Developer109 || Priority: 5 || Dependency on TaskId: [3110]
=> New Task ID: 3110 || Description: Complex Task 3110 || Developer: Developer110 || Priority: 1 || Dependency on TaskId: [3111]
=> New Task ID: 3111 || Description: Complex Task 3111 || Developer: Developer111 || Priority: 2 || Dependency on TaskId: [3112]
=> New Task ID: 3112 || Description: Complex Task 3112 || Developer: Developer112 || Priority: 3 || Dependency on TaskId: [3113]
=> New Task ID: 3113 || Description: Complex Task 3113 || Developer: Developer113 || Priority: 4 || Dependency on TaskId: [3114]
=> New Task ID: 3114 || Description: Complex Task 3114 || Developer: Developer114 || Priority: 5 || Dependency on TaskId: [3115]
=> New Task ID: 3115 || Description: Complex Task 3115 || Developer: Developer115 || Priority: 1 || Dependency on TaskId: [3116]
=> New Task ID: 3116 || Description: Complex Task 3116 || Developer: Developer116 || Priority: 2 || Dependency on TaskId: [3117]
=> New Task ID: 3117 || Description: Complex Task 3117 || Developer: Developer117 || Priority: 3 || Dependency on TaskId: [3118]
=> New Task ID: 3118 || Description: Complex Task 3118 || Developer: Developer118 || Priority: 4 || Dependency on TaskId: [3119]
=> New Task ID: 3119 || Description: Complex Task 3119 || Developer: Developer119 || Priority: 5 || Dependency on TaskId: [3120]
=> New Task ID: 3120 || Description: Complex Task 3120 || Developer: Developer120 || Priority: 1 || Dependency on TaskId: [3121]
=> New Task ID: 3121 || Description: Complex Task 3121 || Developer: Developer121 || Priority: 2 || Dependency on TaskId: [3122]
=> New Task ID: 3122 || Description: Complex Task 3122 || Developer: Developer122 || Priority: 3 || Dependency on TaskId: [3123]
=> New Task ID: 3123 || Description: Complex Task 3123 || Developer: Developer123 || Priority: 4 || Dependency on TaskId: [3124]
=> New Task ID: 3124 || Description: Complex Task 3124 || Developer: Developer124 || Priority: 5 || Dependency on TaskId: [3125]
=> New Task ID: 3125 || Description: Complex Task 3125 || Developer: Developer125 || Priority: 1 || Dependency on TaskId: [3126]
=> New Task ID: 3126 || Description: Complex Task 3126 || Developer: Developer126 || Priority: 2 || Dependency on TaskId: [3127]
=> New Task ID: 3127 || Description: Complex Task 3127 || Developer: Developer127 || Priority: 3 || Dependency on TaskId: [3128]
=> New Task ID: 3128 || Description: Complex Task 3128 || Developer: Developer128 || Priority: 4 || Dependency on TaskId: [3129]
=> New Task ID: 3129 || Description: Complex Task 3129 || Developer: Developer129 || Priority: 5 || Dependency on TaskId: [3130]
=> New Task ID: 3130 || Description: Complex Task 3130 || Developer: Developer130 || Priority: 1 || Dependency on TaskId: [3131]
=> New Task ID: 3131 || Description: Complex Task 3131 || Developer: Developer131 || Priority: 2 || Dependency on TaskId: [3132]
=> New Task ID: 3132 || Description: Complex Task 3132 || Developer: Developer132 || Priority: 3 || Dependency on TaskId: [3133]
=> New Task ID: 3133 || Description: Complex Task 3133 || Developer: Developer133 || Priority: 4 || Dependency on TaskId: [3134]
=> New Task ID: 3134 || Description: Complex Task 3134 || Developer: Developer134 || Priority: 5 || Dependency on TaskId: [3135]
=> New Task ID: 3135 || Description: Complex Task 3135 || Developer: Developer135 || Priority: 1 || Dependency on TaskId: [3136]
=> New Task ID: 3136 || Description: Complex Task 3136 || Developer: Developer136 || Priority: 2 || Dependency on TaskId: [3137]
=> New Task ID: 3137 || Description: Complex Task 3137 || Developer: Developer137 || Priority: 3 || Dependency on TaskId: [3138]
=> New Task ID: 3138 || Description: Complex Task 3138 || Developer: Developer138 || Priority: 4 || Dependency on TaskId: [3139]
=> New Task ID: 3139 || Description: Complex Task 3139 || Developer: Developer139 || Priority: 5 || Dependency on TaskId: [3140]
=> New Task ID: 3140 || Description: Complex Task 3140 || Developer: Developer140 || Priority: 1 || Dependency on TaskId: [3141]
=> New Task ID: 3141 || Description: Complex Task 3141 || Developer: Developer141 || Priority: 2 || Dependency on TaskId: [3142]
=> New Task ID: 3142 || Description: Complex Task 3142 || Developer: Developer142 || Priority: 3 || Dependency on TaskId: [3143]
=> New Task ID: 3143 || Description: Complex Task 3143 || Developer: Developer143 || Priority: 4 || Dependency on TaskId: [3144]
=> New Task ID: 3144 || Description: Complex Task 3144 || Developer: Developer144 || Priority: 5 || Dependency on TaskId: [3145]
=> New Task ID: 3145 || Description: Complex Task 3145 || Developer: Developer145 || Priority: 1 || Dependency on TaskId: [3146]
=> New Task ID: 3146 || Description: Complex Task 3146 || Developer: Developer146 || Priority: 2 || Dependency on TaskId: [3147]
=> New Task ID: 3147 || Description: Complex Task 3147 || Developer: Developer147 || Priority: 3 || Dependency on TaskId: [3148]
=> New Task ID: 3148 || Description: Complex Task 3148 || Developer: Developer148 || Priority: 4 || Dependency on TaskId: [3149]
=> New Task ID: 3149 || Description: Complex Task 3149 || Developer: Developer149 || Priority: 5 || Dependency on TaskId: [3150]
=> New Task ID: 3150 || Description: Complex Task 3150 || Developer: Developer150 || Priority: 1 || Dependency on TaskId: [3151]
=> New Task ID: 3151 || Description: Complex Task 3151 || Developer: Developer151 || Priority: 2 || Dependency on TaskId: [3152]
=> New Task ID: 3152 || Description: Complex Task 3152 || Developer: Developer152 || Priority: 3 || Dependency on TaskId: [3153]
=> New Task ID: 3153 || Description: Complex Task 3153 || Developer: Developer153 || Priority: 4 || Dependency on TaskId: [3154]
=> New Task ID: 3154 || Description: Complex Task 3154 || Developer: Developer154 || Priority: 5 || Dependency on TaskId: [3155]
=> New Task ID: 3155 || Description: Complex Task 3155 || Developer: Developer155 || Priority: 1 || Dependency on TaskId: [3156]
=> New Task ID: 3156 || Description: Complex Task 3156 || Developer: Developer156 || Priority: 2 || Dependency on TaskId: [3157]
=> New Task ID: 3157 || Description: Complex Task 3157 || Developer: Developer157 || Priority: 3 || Dependency on TaskId: [3158]
=> New Task ID: 3158 || Description: Complex Task 3158 || Developer: Developer158 || Priority: 4 || Dependency on TaskId: [3159]
=> New Task ID: 3159 || Description: Complex Task 3159 || Developer: Developer159 || Priority: 5 || Dependency on TaskId: [3160]
=> New Task ID: 3160 || Description: Complex Task 3160 || Developer: Developer160 || Priority: 1 || Dependency on TaskId: [3161]
=> New Task ID: 3161 || Description: Complex Task 3161 || Developer: Developer161 || Priority: 2 || Dependency on TaskId: [3162]
=> New Task ID: 3162 || Description: Complex Task 3162 || Developer: Developer162 || Priority: 3 || Dependency on TaskId: [3163]
=> New Task ID: 3163 || Description: Complex Task 3163 || Developer: Developer163 || Priority: 4 || Dependency on TaskId: [3164]
=> New Task ID: 3164 || Description: Complex Task 3164 || Developer: Developer164 || Priority: 5 || Dependency on TaskId: [3165]
=> New Task ID: 3165 || Description: Complex Task 3165 || Developer: Developer165 || Priority: 1 || Dependency on TaskId: [3166]
=> New Task ID: 3166 || Description: Complex Task 3166 || Developer: Developer166 || Priority: 2 || Dependency on TaskId: [3167]
=> New Task ID: 3167 || Description: Complex Task 3167 || Developer: Developer167 || Priority: 3 || Dependency on TaskId: [3168]
=> New Task ID: 3168 || Description: Complex Task 3168 || Developer: Developer168 || Priority: 4 || Dependency on TaskId: [3169]
=> New Task ID: 3169 || Description: Complex Task 3169 || Developer: Developer169 || Priority: 5 || Dependency on TaskId: [3170]
=> New Task ID: 3170 || Description: Complex Task 3170 || Developer: Developer170 || Priority: 1 || Dependency on TaskId: [3171]
=> New Task ID: 3171 || Description: Complex Task 3171 || Developer: Developer171 || Priority: 2 || Dependency on TaskId: [3172]
=> New Task ID: 3172 || Description: Complex Task 3172 || Developer: Developer172 || Priority: 3 || Dependency on TaskId: [3173]
=> New Task ID: 3173 || Description: Complex Task 3173 || Developer: Developer173 || Priority: 4 || Dependency on TaskId: [3174]
=> New Task ID: 3174 || Description: Complex Task 3174 || Developer: Developer174 || Priority: 5 || Dependency on TaskId: [3175]
=> New Task ID: 3175 || Description: Complex Task 3175 || Developer: Developer175 || Priority: 1 || Dependency on TaskId: [3176]
=> New Task ID: 3176 || Description: Complex Task 3176 || Developer: Developer176 || Priority: 2 || Dependency on TaskId: [3177]
=> New Task ID: 3177 || Description: Complex Task 3177 || Developer: Developer177 || Priority: 3 || Dependency on TaskId: [3178]
=> New Task ID: 3178 || Description: Complex Task 3178 || Developer: Developer178 || Priority: 4 || Dependency on TaskId: [3179]
=> New Task ID: 3179 || Description: Complex Task 3179 || Developer: Developer179 || Priority: 5 || Dependency on TaskId: [3180]
=> New Task ID: 3180 || Description: Complex Task 3180 || Developer: Developer180 || Priority: 1 || Dependency on TaskId: [3181]
=> New Task ID: 3181 || Description: Complex Task 3181 || Developer: Developer181 || Priority: 2 || Dependency on TaskId: [3182]
=> New Task ID: 3182 || Description: Complex Task 3182 || Developer: Developer182 || Priority: 3 || Dependency on TaskId: [3183]
=> New Task ID: 3183 || Description: Complex Task 3183 || Developer: Developer183 || Priority: 4 || Dependency on TaskId: [3184]
=> New Task ID: 3184 || Description: Complex Task 3184 || Developer: Developer184 || Priority: 5 || Dependency on TaskId: [3185]
=> New Task ID: 3185 || Description: Complex Task 3185 || Developer: Developer185 || Priority: 1 || Dependency on TaskId: [3186]
=> New Task ID: 3186 || Description: Complex Task 3186 || Developer: Developer186 || Priority: 2 || Dependency on TaskId: [3187]
=> New Task ID: 3187 || Description: Complex Task 3187 || Developer: Developer187 || Priority: 3 || Dependency on TaskId: [3188]
=> New Task ID: 3188 || Description: Complex Task 3188 || Developer: Developer188 || Priority: 4 || Dependency on TaskId: [3189]
=> New Task ID: 3189 || Description: Complex Task 3189 || Developer: Developer189 || Priority: 5 || Dependency on TaskId: [3190]
=> New Task ID: 3190 || Description: Complex Task 3190 || Developer: Developer190 || Priority: 1 || Dependency on TaskId: [3191]
=> New Task ID: 3191 || Description: Complex Task 3191 || Developer: Developer191 || Priority: 2 || Dependency on TaskId: [3192]
=> New Task ID: 3192 || Description: Complex Task 3192 || Developer: Developer192 || Priority: 3 || Dependency on TaskId: [3193]
=> New Task ID: 3193 || Description: Complex Task 3193 || Developer: Developer193 || Priority: 4 || Dependency on TaskId: [3194]
=> New Task ID: 3194 || Description: Complex Task 3194 || Developer: Developer194 || Priority: 5 || Dependency on TaskId: [3195]
=> New Task ID: 3195 || Description: Complex Task 3195 || Developer: Developer195 || Priority: 1 || Dependency on TaskId: [3196]
=> New Task ID: 3196 || Description: Complex Task 3196 || Developer: Developer196 || Priority: 2 || Dependency on TaskId: [3197]
=> New Task ID: 3197 || Description: Complex Task 3197 || Developer: Developer197 || Priority: 3 || Dependency on TaskId: [3198]
=> New Task ID: 3198 || Description: Complex Task 3198 || Developer: Developer198 || Priority: 4 || Dependency on TaskId: [3199]
=> New Task ID: 3199 || Description: Complex Task 3199 || Developer: Developer199 || Priority: 5 || Dependency on TaskId: [3200]
=> New Task ID: 3200 || Description: Complex Task 3200 || Developer: Developer200 || Priority: 1 || Dependency on TaskId: [3201]
=> New Task ID: 3201 || Description: Complex Task 3201 || Developer: Developer201 || Priority: 2 || Dependency on TaskId: [3202]
=> New Task ID: 3202 || Description: Complex Task 3202 || Developer: Developer202 || Priority: 3 || Dependency on TaskId: [3203]
=> New Task ID: 3203 || Description: Complex Task 3203 || Developer: Developer203 || Priority: 4 || Dependency on TaskId: [3204]
=> New Task ID: 3204 || Description: Complex Task 3204 || Developer: Developer204 || Priority: 5 || Dependency on TaskId: [3205]
=> New Task ID: 3205 || Description: Complex Task 3205 || Developer: Developer205 || Priority: 1 || Dependency on TaskId: [3206]
=> New Task ID: 3206 || Description: Complex Task 3206 || Developer: Developer206 || Priority: 2 || Dependency on TaskId: [3207]
=> New Task ID: 3207 || Description: Complex Task 3207 || Developer: Developer207 || Priority: 3 || Dependency on TaskId: [3208]
=> New Task ID: 3208 || Description: Complex Task 3208 || Developer: Developer208 || Priority: 4 || Dependency on TaskId: [3209]
=> New Task ID: 3209 || Description: Complex Task 3209 || Developer: Developer209 || Priority: 5 || Dependency on TaskId: [3210]
=> New Task ID: 3210 || Description: Complex Task 3210 || Developer: Developer210 || Priority: 1 || Dependency on TaskId: [3211]
=> New Task ID: 3211 || Description: Complex Task 3211 || Developer: Developer211 || Priority: 2 || Dependency on TaskId: [3212]
=> New Task ID: 3212 || Description: Complex Task 3212 || Developer: Developer212 || Priority: 3 || Dependency on TaskId: [3213]
=> New Task ID: 3213 || Description: Complex Task 3213 || Developer: Developer213 || Priority: 4 || Dependency on TaskId: [3214]
=> New Task ID: 3214 || Description: Complex Task 3214 || Developer: Developer214 || Priority: 5 || Dependency on TaskId: [3215]
=> New Task ID: 3215 || Description: Complex Task 3215 || Developer: Developer215 || Priority: 1 || Dependency on TaskId: [3216]
=> New Task ID: 3216 || Description: Complex Task 3216 || Developer: Developer216 || Priority: 2 || Dependency on TaskId: [3217]
=> New Task ID: 3217 || Description: Complex Task 3217 || Developer: Developer217 || Priority: 3 || Dependency on TaskId: [3218]
=> New Task ID: 3218 || Description: Complex Task 3218 || Developer: Developer218 || Priority: 4 || Dependency on TaskId: [3219]
=> New Task ID: 3219 || Description: Complex Task 3219 || Developer: Developer219 || Priority: 5 || Dependency on TaskId: [3220]
=> New Task ID: 3220 || Description: Complex Task 3220 || Developer: Developer220 || Priority: 1 || Dependency on TaskId: [3221]
=> New Task ID: 3221 || Description: Complex Task 3221 || Developer: Developer221 || Priority: 2 || Dependency on TaskId: [3222]
=> New Task ID: 3222 || Description: Complex Task 3222 || Developer: Developer222 || Priority: 3 || Dependency on TaskId: [3223]
=> New Task ID: 3223 || Description: Complex Task 3223 || Developer: Developer223 || Priority: 4 || Dependency on TaskId: [3224]
=> New Task ID: 3224 || Description: Complex Task 3224 || Developer: Developer224 || Priority: 5 || Dependency on TaskId: [3225]
=> New Task ID: 3225 || Description: Complex Task 3225 || Developer: Developer225 || Priority: 1 || Dependency on TaskId: [3226]
=> New Task ID: 3226 || Description: Complex Task 3226 || Developer: Developer226 || Priority: 2 || Dependency on TaskId: [3227]
=> New Task ID: 3227 || Description: Complex Task 3227 || Developer: Developer227 || Priority: 3 || Dependency on TaskId: [3228]
=> New Task ID: 3228 || Description: Complex Task 3228 || Developer: Developer228 || Priority: 4 || Dependency on TaskId: [3229]
=> New Task ID: 3229 || Description: Complex Task 3229 || Developer: Developer229 || Priority: 5 || Dependency on TaskId: [3230]
=> New Task ID: 3230 || Description: Complex Task 3230 || Developer: Developer230 || Priority: 1 || Dependency on TaskId: [3231]
=> New Task ID: 3231 || Description: Complex Task 3231 || Developer: Developer231 || Priority: 2 || Dependency on TaskId: [3232]
=> New Task ID: 3232 || Description: Complex Task 3232 || Developer: Developer232 || Priority: 3 || Dependency on TaskId: [3233]
=> New Task ID: 3233 || Description: Complex Task 3233 || Developer: Developer233 || Priority: 4 || Dependency on TaskId: [3234]
=> New Task ID: 3234 || Description: Complex Task 3234 || Developer: Developer234 || Priority: 5 || Dependency on TaskId: [3235]
=> New Task ID: 3235 || Description: Complex Task 3235 || Developer: Developer235 || Priority: 1 || Dependency on TaskId: [3236]
=> New Task ID: 3236 || Description: Complex Task 3236 || Developer: Developer236 || Priority: 2 || Dependency on TaskId: [3237]
=> New Task ID: 3237 || Description: Complex Task 3237 || Developer: Developer237 || Priority: 3 || Dependency on TaskId: [3238]
=> New Task ID: 3238 || Description: Complex Task 3238 || Developer: Developer238 || Priority: 4 || Dependency on TaskId: [3239]
=> New Task ID: 3239 || Description: Complex Task 3239 || Developer: Developer239 || Priority: 5 || Dependency on TaskId: [3240]
=> New Task ID: 3240 || Description: Complex Task 3240 || Developer: Developer240 || Priority: 1 || Dependency on TaskId: [3241]
=> New Task ID: 3241 || Description: Complex Task 3241 || Developer: Developer241 || Priority: 2 || Dependency on TaskId: [3242]
=> New Task ID: 3242 || Description: Complex Task 3242 || Developer: Developer242 || Priority: 3 || Dependency on TaskId: [3243]
=> New Task ID: 3243 || Description: Complex Task 3243 || Developer: Developer243 || Priority: 4 || Dependency on TaskId: [3244]
=> New Task ID: 3244 || Description: Complex Task 3244 || Developer: Developer244 || Priority: 5 || Dependency on TaskId: [3245]
=> New Task ID: 3245 || Description: Complex Task 3245 || Developer: Developer245 || Priority: 1 || Dependency on TaskId: [3246]
=> New Task ID: 3246 || Description: Complex Task 3246 || Developer: Developer246 || Priority: 2 || Dependency on TaskId: [3247]
=> New Task ID: 3247 || Description: Complex Task 3247 || Developer: Developer247 || Priority: 3 || Dependency on TaskId: [3248]
=> New Task ID: 3248 || Description: Complex Task 3248 || Developer: Developer248 || Priority: 4 || Dependency on TaskId: [3249]
=> New Task ID: 3249 || Description: Complex Task 3249 || Developer: Developer249 || Priority: 5 || Dependency on TaskId: [3250]
=> New Task ID: 3250 || Description: Complex Task 3250 || Developer: Developer250 || Priority: 1 || Dependency on TaskId: [3251]
=> New Task ID: 3251 || Description: Complex Task 3251 || Developer: Developer251 || Priority: 2 || Dependency on TaskId: [3252]
=> New Task ID: 3252 || Description: Complex Task 3252 || Developer: Developer252 || Priority: 3 || Dependency on TaskId: [3253]
=> New Task ID: 3253 || Description: Complex Task 3253 || Developer: Developer253 || Priority: 4 || Dependency on TaskId: [3254]
=> New Task ID: 3254 || Description: Complex Task 3254 || Developer: Developer254 || Priority: 5 || Dependency on TaskId: [3255]
=> New Task ID: 3255 || Description: Complex Task 3255 || Developer: Developer255 || Priority: 1 || Dependency on TaskId: [3256]
=> New Task ID: 3256 || Description: Complex Task 3256 || Developer: Developer256 || Priority: 2 || Dependency on TaskId: [3257]
=> New Task ID: 3257 || Description: Complex Task 3257 || Developer: Developer257 || Priority: 3 || Dependency on TaskId: [3258]
=> New Task ID: 3258 || Description: Complex Task 3258 || Developer: Developer258 || Priority: 4 || Dependency on TaskId: [3259]
=> New Task ID: 3259 || Description: Complex Task 3259 || Developer: Developer259 || Priority: 5 || Dependency on TaskId: [3260]
=> New Task ID: 3260 || Description: Complex Task 3260 || Developer: Developer260 || Priority: 1 || Dependency on TaskId: [3261]
=> New Task ID: 3261 || Description: Complex Task 3261 || Developer: Developer261 || Priority: 2 || Dependency on TaskId: [3262]
=> New Task ID: 3262 || Description: Complex Task 3262 || Developer: Developer262 || Priority: 3 || Dependency on TaskId: [3263]
=> New Task ID: 3263 || Description: Complex Task 3263 || Developer: Developer263 || Priority: 4 || Dependency on TaskId: [3264]
=> New Task ID: 3264 || Description: Complex Task 3264 || Developer: Developer264 || Priority: 5 || Dependency on TaskId: [3265]
=> New Task ID: 3265 || Description: Complex Task 3265 || Developer: Developer265 || Priority: 1 || Dependency on TaskId: [3266]
=> New Task ID: 3266 || Description: Complex Task 3266 || Developer: Developer266 || Priority: 2 || Dependency on TaskId: [3267]
=> New Task ID: 3267 || Description: Complex Task 3267 || Developer: Developer267 || Priority: 3 || Dependency on TaskId: [3268]
=> New Task ID: 3268 || Description: Complex Task 3268 || Developer: Developer268 || Priority: 4 || Dependency on TaskId: [3269]
=> New Task ID: 3269 || Description: Complex Task 3269 || Developer: Developer269 || Priority: 5 || Dependency on TaskId: [3270]
=> New Task ID: 3270 || Description: Complex Task 3270 || Developer: Developer270 || Priority: 1 || Dependency on TaskId: [3271]
=> New Task ID: 3271 || Description: Complex Task 3271 || Developer: Developer271 || Priority: 2 || Dependency on TaskId: [3272]
=> New Task ID: 3272 || Description: Complex Task 3272 || Developer: Developer272 || Priority: 3 || Dependency on TaskId: [3273]
=> New Task ID: 3273 || Description: Complex Task 3273 || Developer: Developer273 || Priority: 4 || Dependency on TaskId: [3274]
=> New Task ID: 3274 || Description: Complex Task 3274 || Developer: Developer274 || Priority: 5 || Dependency on TaskId: [3275]
=> New Task ID: 3275 || Description: Complex Task 3275 || Developer: Developer275 || Priority: 1 || Dependency on TaskId: [3276]
=> New Task ID: 3276 || Description: Complex Task 3276 || Developer: Developer276 || Priority: 2 || Dependency on TaskId: [3277]
=> New Task ID: 3277 || Description: Complex Task 3277 || Developer: Developer277 || Priority: 3 || Dependency on TaskId: [3278]
=> New Task ID: 3278 || Description: Complex Task 3278 || Developer: Developer278 || Priority: 4 || Dependency on TaskId: [3279]
=> New Task ID: 3279 || Description: Complex Task 3279 || Developer: Developer279 || Priority: 5 || Dependency on TaskId: [3280]
=> New Task ID: 3280 || Description: Complex Task 3280 || Developer: Developer280 || Priority: 1 || Dependency on TaskId: [3281]
=> New Task ID: 3281 || Description: Complex Task 3281 || Developer: Developer281 || Priority: 2 || Dependency on TaskId: [3282]
=> New Task ID: 3282 || Description: Complex Task 3282 || Developer: Developer282 || Priority: 3 || Dependency on TaskId: [3283]
=> New Task ID: 3283 || Description: Complex Task 3283 || Developer: Developer283 || Priority: 4 || Dependency on TaskId: [3284]
=> New Task ID: 3284 || Description: Complex Task 3284 || Developer: Developer284 || Priority: 5 || Dependency on TaskId: [3285]
=> New Task ID: 3285 || Description: Complex Task 3285 || Developer: Developer285 || Priority: 1 || Dependency on TaskId: [3286]
=> New Task ID: 3286 || Description: Complex Task 3286 || Developer: Developer286 || Priority: 2 || Dependency on TaskId: [3287]
=> New Task ID: 3287 || Description: Complex Task 3287 || Developer: Developer287 || Priority: 3 || Dependency on TaskId: [3288]
=> New Task ID: 3288 || Description: Complex Task 3288 || Developer: Developer288 || Priority: 4 || Dependency on TaskId: [3289]
=> New Task ID: 3289 || Description: Complex Task 3289 || Developer: Developer289 || Priority: 5 || Dependency on TaskId: [3290]
=> New Task ID: 3290 || Description: Complex Task 3290 || Developer: Developer290 || Priority: 1 || Dependency on TaskId: [3291]
=> New Task ID: 3291 || Description: Complex Task 3291 || Developer: Developer291 || Priority: 2 || Dependency on TaskId: [3292]
=> New Task ID: 3292 || Description: Complex Task 3292 || Developer: Developer292 || Priority: 3 || Dependency on TaskId: [3293]
=> New Task ID: 3293 || Description: Complex Task 3293 || Developer: Developer293 || Priority: 4 || Dependency on TaskId: [3294]
=> New Task ID: 3294 || Description: Complex Task 3294 || Developer: Developer294 || Priority: 5 || Dependency on TaskId: [3295]
=> New Task ID: 3295 || Description: Complex Task 3295 || Developer: Developer295 || Priority: 1 || Dependency on TaskId: [3296]
=> New Task ID: 3296 || Description: Complex Task 3296 || Developer: Developer296 || Priority: 2 || Dependency on TaskId: [3297]
=> New Task ID: 3297 || Description: Complex Task 3297 || Developer: Developer297 || Priority: 3 || Dependency on TaskId: [3298]
=> New Task ID: 3298 || Description: Complex Task 3298 || Developer: Developer298 || Priority: 4 || Dependency on TaskId: [3299]
=> New Task ID: 3299 || Description: Complex Task 3299 || Developer: Developer299 || Priority: 5 || Dependency on TaskId: [3300]
=> New Task ID: 3300 || Description: Complex Task 3300 || Developer: Developer300 || Priority: 1 || Dependency on TaskId: [3301]
=> New Task ID: 3301 || Description: Complex Task 3301 || Developer: Developer301 || Priority: 2 || Dependency on TaskId: [3302]
=> New Task ID: 3302 || Description: Complex Task 3302 || Developer: Developer302 || Priority: 3 || Dependency on TaskId: [3303]
=> New Task ID: 3303 || Description: Complex Task 3303 || Developer: Developer303 || Priority: 4 || Dependency on TaskId: [3304]
=> New Task ID: 3304 || Description: Complex Task 3304 || Developer: Developer304 || Priority: 5 || Dependency on TaskId: [3305]
=> New Task ID: 3305 || Description: Complex Task 3305 || Developer: Developer305 || Priority: 1 || Dependency on TaskId: [3306]
=> New Task ID: 3306 || Description: Complex Task 3306 || Developer: Developer306 || Priority: 2 || Dependency on TaskId: [3307]
=> New Task ID: 3307 || Description: Complex Task 3307 || Developer: Developer307 || Priority: 3 || Dependency on TaskId: [3308]
=> New Task ID: 3308 || Description: Complex Task 3308 || Developer: Developer308 || Priority: 4 || Dependency on TaskId: [3309]
=> New Task ID: 3309 || Description: Complex Task 3309 || Developer: Developer309 || Priority: 5 || Dependency on TaskId: [3310]
=> New Task ID: 3310 || Description: Complex Task 3310 || Developer: Developer310 || Priority: 1 || Dependency on TaskId: [3311]
=> New Task ID: 3311 || Description: Complex Task 3311 || Developer: Developer311 || Priority: 2 || Dependency on TaskId: [3312]
=> New Task ID: 3312 || Description: Complex Task 3312 || Developer: Developer312 || Priority: 3 || Dependency on TaskId: [3313]
=> New Task ID: 3313 || Description: Complex Task 3313 || Developer: Developer313 || Priority: 4 || Dependency on TaskId: [3314]
=> New Task ID: 3314 || Description: Complex Task 3314 || Developer: Developer314 || Priority: 5 || Dependency on TaskId: [3315]
=> New Task ID: 3315 || Description: Complex Task 3315 || Developer: Developer315 || Priority: 1 || Dependency on TaskId: [3316]
=> New Task ID: 3316 || Description: Complex Task 3316 || Developer: Developer316 || Priority: 2 || Dependency on TaskId: [3317]
=> New Task ID: 3317 || Description: Complex Task 3317 || Developer: Developer317 || Priority: 3 || Dependency on TaskId: [3318]
=> New Task ID: 3318 || Description: Complex Task 3318 || Developer: Developer318 || Priority: 4 || Dependency on TaskId: [3319]
=> New Task ID: 3319 || Description: Complex Task 3319 || Developer: Developer319 || Priority: 5 || Dependency on TaskId: [3320]
=> New Task ID: 3320 || Description: Complex Task 3320 || Developer: Developer320 || Priority: 1 || Dependency on TaskId: [3321]
=> New Task ID: 3321 || Description: Complex Task 3321 || Developer: Developer321 || Priority: 2 || Dependency on TaskId: [3322]
=> New Task ID: 3322 || Description: Complex Task 3322 || Developer: Developer322 || Priority: 3 || Dependency on TaskId: [3323]
=> New Task ID: 3323 || Description: Complex Task 3323 || Developer: Developer323 || Priority: 4 || Dependency on TaskId: [3324]
=> New Task ID: 3324 || Description: Complex Task 3324 || Developer: Developer324 || Priority: 5 || Dependency on TaskId: [3325]
=> New Task ID: 3325 || Description: Complex Task 3325 || Developer: Developer325 || Priority: 1 || Dependency on TaskId: [3326]
=> New Task ID: 3326 || Description: Complex Task 3326 || Developer: Developer326 || Priority: 2 || Dependency on TaskId: [3327]
=> New Task ID: 3327 || Description: Complex Task 3327 || Developer: Developer327 || Priority: 3 || Dependency on TaskId: [3328]
=> New Task ID: 3328 || Description: Complex Task 3328 || Developer: Developer328 || Priority: 4 || Dependency on TaskId: [3329]
=> New Task ID: 3329 || Description: Complex Task 3329 || Developer: Developer329 || Priority: 5 || Dependency on TaskId: [3330]
=> New Task ID: 3330 || Description: Complex Task 3330 || Developer: Developer330 || Priority: 1 || Dependency on TaskId: [3331]
=> New Task ID: 3331 || Description: Complex Task 3331 || Developer: Developer331 || Priority: 2 || Dependency on TaskId: [3332]
=> New Task ID: 3332 || Description: Complex Task 3332 || Developer: Developer332 || Priority: 3 || Dependency on TaskId: [3333]
=> New Task ID: 3333 || Description: Complex Task 3333 || Developer: Developer333 || Priority: 4 || Dependency on TaskId: [3334]
=> New Task ID: 3334 || Description: Complex Task 3334 || Developer: Developer334 || Priority: 5 || Dependency on TaskId: [3335]
=> New Task ID: 3335 || Description: Complex Task 3335 || Developer: Developer335 || Priority: 1 || Dependency on TaskId: [3336]
=> New Task ID: 3336 || Description: Complex Task 3336 || Developer: Developer336 || Priority: 2 || Dependency on TaskId: [3337]
=> New Task ID: 3337 || Description: Complex Task 3337 || Developer: Developer337 || Priority: 3 || Dependency on TaskId: [3338]
=> New Task ID: 3338 || Description: Complex Task 3338 || Developer: Developer338 || Priority: 4 || Dependency on TaskId: [3339]
=> New Task ID: 3339 || Description: Complex Task 3339 || Developer: Developer339 || Priority: 5 || Dependency on TaskId: [3340]
=> New Task ID: 3340 || Description: Complex Task 3340 || Developer: Developer340 || Priority: 1 || Dependency on TaskId: [3341]
=> New Task ID: 3341 || Description: Complex Task 3341 || Developer: Developer341 || Priority: 2 || Dependency on TaskId: [3342]
=> New Task ID: 3342 || Description: Complex Task 3342 || Developer: Developer342 || Priority: 3 || Dependency on TaskId: [3343]
=> New Task ID: 3343 || Description: Complex Task 3343 || Developer: Developer343 || Priority: 4 || Dependency on TaskId: [3344]
=> New Task ID: 3344 || Description: Complex Task 3344 || Developer: Developer344 || Priority: 5 || Dependency on TaskId: [3345]
=> New Task ID: 3345 || Description: Complex Task 3345 || Developer: Developer345 || Priority: 1 || Dependency on TaskId: [3346]
=> New Task ID: 3346 || Description: Complex Task 3346 || Developer: Developer346 || Priority: 2 || Dependency on TaskId: [3347]
=> New Task ID: 3347 || Description: Complex Task 3347 || Developer: Developer347 || Priority: 3 || Dependency on TaskId: [3348]
=> New Task ID: 3348 || Description: Complex Task 3348 || Developer: Developer348 || Priority: 4 || Dependency on TaskId: [3349]
=> New Task ID: 3349 || Description: Complex Task 3349 || Developer: Developer349 || Priority: 5 || Dependency on TaskId: [3350]
=> New Task ID: 3350 || Description: Complex Task 3350 || Developer: Developer350 || Priority: 1 || Dependency on TaskId: [3351]
=> New Task ID: 3351 || Description: Complex Task 3351 || Developer: Developer351 || Priority: 2 || Dependency on TaskId: [3352]
=> New Task ID: 3352 || Description: Complex Task 3352 || Developer: Developer352 || Priority: 3 || Dependency on TaskId: [3353]
=> New Task ID: 3353 || Description: Complex Task 3353 || Developer: Developer353 || Priority: 4 || Dependency on TaskId: [3354]
=> New Task ID: 3354 || Description: Complex Task 3354 || Developer: Developer354 || Priority: 5 || Dependency on TaskId: [3355]
=> New Task ID: 3355 || Description: Complex Task 3355 || Developer: Developer355 || Priority: 1 || Dependency on TaskId: [3356]
=> New Task ID: 3356 || Description: Complex Task 3356 || Developer: Developer356 || Priority: 2 || Dependency on TaskId: [3357]
=> New Task ID: 3357 || Description: Complex Task 3357 || Developer: Developer357 || Priority: 3 || Dependency on TaskId: [3358]
=> New Task ID: 3358 || Description: Complex Task 3358 || Developer: Developer358 || Priority: 4 || Dependency on TaskId: [3359]
=> New Task ID: 3359 || Description: Complex Task 3359 || Developer: Developer359 || Priority: 5 || Dependency on TaskId: [3360]
=> New Task ID: 3360 || Description: Complex Task 3360 || Developer: Developer360 || Priority: 1 || Dependency on TaskId: [3361]
=> New Task ID: 3361 || Description: Complex Task 3361 || Developer: Developer361 || Priority: 2 || Dependency on TaskId: [3362]
=> New Task ID: 3362 || Description: Complex Task 3362 || Developer: Developer362 || Priority: 3 || Dependency on TaskId: [3363]
=> New Task ID: 3363 || Description: Complex Task 3363 || Developer: Developer363 || Priority: 4 || Dependency on TaskId: [3364]
=> New Task ID: 3364 || Description: Complex Task 3364 || Developer: Developer364 || Priority: 5 || Dependency on TaskId: [3365]
=> New Task ID: 3365 || Description: Complex Task 3365 || Developer: Developer365 || Priority: 1 || Dependency on TaskId: [3366]
=> New Task ID: 3366 || Description: Complex Task 3366 || Developer: Developer366 || Priority: 2 || Dependency on TaskId: [3367]
=> New Task ID: 3367 || Description: Complex Task 3367 || Developer: Developer367 || Priority: 3 || Dependency on TaskId: [3368]
=> New Task ID: 3368 || Description: Complex Task 3368 || Developer: Developer368 || Priority: 4 || Dependency on TaskId: [3369]
=> New Task ID: 3369 || Description: Complex Task 3369 || Developer: Developer369 || Priority: 5 || Dependency on TaskId: [3370]
=> New Task ID: 3370 || Description: Complex Task 3370 || Developer: Developer370 || Priority: 1 || Dependency on TaskId: [3371]
=> New Task ID: 3371 || Description: Complex Task 3371 || Developer: Developer371 || Priority: 2 || Dependency on TaskId: [3372]
=> New Task ID: 3372 || Description: Complex Task 3372 || Developer: Developer372 || Priority: 3 || Dependency on TaskId: [3373]
=> New Task ID: 3373 || Description: Complex Task 3373 || Developer: Developer373 || Priority: 4 || Dependency on TaskId: [3374]
=> New Task ID: 3374 || Description: Complex Task 3374 || Developer: Developer374 || Priority: 5 || Dependency on TaskId: [3375]
=> New Task ID: 3375 || Description: Complex Task 3375 || Developer: Developer375 || Priority: 1 || Dependency on TaskId: [3376]
=> New Task ID: 3376 || Description: Complex Task 3376 || Developer: Developer376 || Priority: 2 || Dependency on TaskId: [3377]
=> New Task ID: 3377 || Description: Complex Task 3377 || Developer: Developer377 || Priority: 3 || Dependency on TaskId: [3378]
=> New Task ID: 3378 || Description: Complex Task 3378 || Developer: Developer378 || Priority: 4 || Dependency on TaskId: [3379]
=> New Task ID: 3379 || Description: Complex Task 3379 || Developer: Developer379 || Priority: 5 || Dependency on TaskId: [3380]
=> New Task ID: 3380 || Description: Complex Task 3380 || Developer: Developer380 || Priority: 1 || Dependency on TaskId: [3381]
=> New Task ID: 3381 || Description: Complex Task 3381 || Developer: Developer381 || Priority: 2 || Dependency on TaskId: [3382]
=> New Task ID: 3382 || Description: Complex Task 3382 || Developer: Developer382 || Priority: 3 || Dependency on TaskId: [3383]
=> New Task ID: 3383 || Description: Complex Task 3383 || Developer: Developer383 || Priority: 4 || Dependency on TaskId: [3384]
=> New Task ID: 3384 || Description: Complex Task 3384 || Developer: Developer384 || Priority: 5 || Dependency on TaskId: [3385]
=> New Task ID: 3385 || Description: Complex Task 3385 || Developer: Developer385 || Priority: 1 || Dependency on TaskId: [3386]
=> New Task ID: 3386 || Description: Complex Task 3386 || Developer: Developer386 || Priority: 2 || Dependency on TaskId: [3387]
=> New Task ID: 3387 || Description: Complex Task 3387 || Developer: Developer387 || Priority: 3 || Dependency on TaskId: [3388]
=> New Task ID: 3388 || Description: Complex Task 3388 || Developer: Developer388 || Priority: 4 || Dependency on TaskId: [3389]
=> New Task ID: 3389 || Description: Complex Task 3389 || Developer: Developer389 || Priority: 5 || Dependency on TaskId: [3390]
=> New Task ID: 3390 || Description: Complex Task 3390 || Developer: Developer390 || Priority: 1 || Dependency on TaskId: [3391]
=> New Task ID: 3391 || Description: Complex Task 3391 || Developer: Developer391 || Priority: 2 || Dependency on TaskId: [3392]
=> New Task ID: 3392 || Description: Complex Task 3392 || Developer: Developer392 || Priority: 3 || Dependency on TaskId: [3393]
=> New Task ID: 3393 || Description: Complex Task 3393 || Developer: Developer393 || Priority: 4 || Dependency on TaskId: [3394]
=> New Task ID: 3394 || Description: Complex Task 3394 || Developer: Developer394 || Priority: 5 || Dependency on TaskId: [3395]
=> New Task ID: 3395 || Description: Complex Task 3395 || Developer: Developer395 || Priority: 1 || Dependency on TaskId: [3396]
=> New Task ID: 3396 || Description: Complex Task 3396 || Developer: Developer396 || Priority: 2 || Dependency on TaskId: [3397]
=> New Task ID: 3397 || Description: Complex Task 3397 || Developer: Developer397 || Priority: 3 || Dependency on TaskId: [3398]
=> New Task ID: 3398 || Description: Complex Task 3398 || Developer: Developer398 || Priority: 4 || Dependency on TaskId: [3399]
=> New Task ID: 3399 || Description: Complex Task 3399 || Developer: Developer399 || Priority: 5 || Dependency on TaskId: [3400]
=> New Task ID: 3400 || Description: Complex Task 3400 || Developer: Developer400 || Priority: 1 || Dependency on TaskId: [3401]
=> New Task ID: 3401 || Description: Complex Task 3401 || Developer: Developer401 || Priority: 2 || Dependency on TaskId: [3402]
=> New Task ID: 3402 || Description: Complex Task 3402 || Developer: Developer402 || Priority: 3 || Dependency on TaskId: [3403]
=> New Task ID: 3403 || Description: Complex Task 3403 || Developer: Developer403 || Priority: 4 || Dependency on TaskId: [3404]
=> New Task ID: 3404 || Description: Complex Task 3404 || Developer: Developer404 || Priority: 5 || Dependency on TaskId: [3405]
=> New Task ID: 3405 || Description: Complex Task 3405 || Developer: Developer405 || Priority: 1 || Dependency on TaskId: [3406]
=> New Task ID: 3406 || Description: Complex Task 3406 || Developer: Developer406 || Priority: 2 || Dependency on TaskId: [3407]
=> New Task ID: 3407 || Description: Complex Task 3407 || Developer: Developer407 || Priority: 3 || Dependency on TaskId: [3408]
=> New Task ID: 3408 || Description: Complex Task 3408 || Developer: Developer408 || Priority: 4 || Dependency on TaskId: [3409]
=> New Task ID: 3409 || Description: Complex Task 3409 || Developer: Developer409 || Priority: 5 || Dependency on TaskId: [3410]
=> New Task ID: 3410 || Description: Complex Task 3410 || Developer: Developer410 || Priority: 1 || Dependency on TaskId: [3411]
=> New Task ID: 3411 || Description: Complex Task 3411 || Developer: Developer411 || Priority: 2 || Dependency on TaskId: [3412]
=> New Task ID: 3412 || Description: Complex Task 3412 || Developer: Developer412 || Priority: 3 || Dependency on TaskId: [3413]
=> New Task ID: 3413 || Description: Complex Task 3413 || Developer: Developer413 || Priority: 4 || Dependency on TaskId: [3414]
=> New Task ID: 3414 || Description: Complex Task 3414 || Developer: Developer414 || Priority: 5 || Dependency on TaskId: [3415]
=> New Task ID: 3415 || Description: Complex Task 3415 || Developer: Developer415 || Priority: 1 || Dependency on TaskId: [3416]
=> New Task ID: 3416 || Description: Complex Task 3416 || Developer: Developer416 || Priority: 2 || Dependency on TaskId: [3417]
=> New Task ID: 3417 || Description: Complex Task 3417 || Developer: Developer417 || Priority: 3 || Dependency on TaskId: [3418]
=> New Task ID: 3418 || Description: Complex Task 3418 || Developer: Developer418 || Priority: 4 || Dependency on TaskId: [3419]
=> New Task ID: 3419 || Description: Complex Task 3419 || Developer: Developer419 || Priority: 5 || Dependency on TaskId: [3420]
=> New Task ID: 3420 || Description: Complex Task 3420 || Developer: Developer420 || Priority: 1 || Dependency on TaskId: [3421]
=> New Task ID: 3421 || Description: Complex Task 3421 || Developer: Developer421 || Priority: 2 || Dependency on TaskId: [3422]
=> New Task ID: 3422 || Description: Complex Task 3422 || Developer: Developer422 || Priority: 3 || Dependency on TaskId: [3423]
=> New Task ID: 3423 || Description: Complex Task 3423 || Developer: Developer423 || Priority: 4 || Dependency on TaskId: [3424]
=> New Task ID: 3424 || Description: Complex Task 3424 || Developer: Developer424 || Priority: 5 || Dependency on TaskId: [3425]
=> New Task ID: 3425 || Description: Complex Task 3425 || Developer: Developer425 || Priority: 1 || Dependency on TaskId: [3426]
=> New Task ID: 3426 || Description: Complex Task 3426 || Developer: Developer426 || Priority: 2 || Dependency on TaskId: [3427]
=> New Task ID: 3427 || Description: Complex Task 3427 || Developer: Developer427 || Priority: 3 || Dependency on TaskId: [3428]
=> New Task ID: 3428 || Description: Complex Task 3428 || Developer: Developer428 || Priority: 4 || Dependency on TaskId: [3429]
=> New Task ID: 3429 || Description: Complex Task 3429 || Developer: Developer429 || Priority: 5 || Dependency on TaskId: [3430]
=> New Task ID: 3430 || Description: Complex Task 3430 || Developer: Developer430 || Priority: 1 || Dependency on TaskId: [3431]
=> New Task ID: 3431 || Description: Complex Task 3431 || Developer: Developer431 || Priority: 2 || Dependency on TaskId: [3432]
=> New Task ID: 3432 || Description: Complex Task 3432 || Developer: Developer432 || Priority: 3 || Dependency on TaskId: [3433]
=> New Task ID: 3433 || Description: Complex Task 3433 || Developer: Developer433 || Priority: 4 || Dependency on TaskId: [3434]
=> New Task ID: 3434 || Description: Complex Task 3434 || Developer: Developer434 || Priority: 5 || Dependency on TaskId: [3435]
=> New Task ID: 3435 || Description: Complex Task 3435 || Developer: Developer435 || Priority: 1 || Dependency on TaskId: [3436]
=> New Task ID: 3436 || Description: Complex Task 3436 || Developer: Developer436 || Priority: 2 || Dependency on TaskId: [3437]
=> New Task ID: 3437 || Description: Complex Task 3437 || Developer: Developer437 || Priority: 3 || Dependency on TaskId: [3438]
=> New Task ID: 3438 || Description: Complex Task 3438 || Developer: Developer438 || Priority: 4 || Dependency on TaskId: [3439]
=> New Task ID: 3439 || Description: Complex Task 3439 || Developer: Developer439 || Priority: 5 || Dependency on TaskId: [3440]
=> New Task ID: 3440 || Description: Complex Task 3440 || Developer: Developer440 || Priority: 1 || Dependency on TaskId: [3441]
=> New Task ID: 3441 || Description: Complex Task 3441 || Developer: Developer441 || Priority: 2 || Dependency on TaskId: [3442]
=> New Task ID: 3442 || Description: Complex Task 3442 || Developer: Developer442 || Priority: 3 || Dependency on TaskId: [3443]
=> New Task ID: 3443 || Description: Complex Task 3443 || Developer: Developer443 || Priority: 4 || Dependency on TaskId: [3444]
=> New Task ID: 3444 || Description: Complex Task 3444 || Developer: Developer444 || Priority: 5 || Dependency on TaskId: [3445]
=> New Task ID: 3445 || Description: Complex Task 3445 || Developer: Developer445 || Priority: 1 || Dependency on TaskId: [3446]
=> New Task ID: 3446 || Description: Complex Task 3446 || Developer: Developer446 || Priority: 2 || Dependency on TaskId: [3447]
=> New Task ID: 3447 || Description: Complex Task 3447 || Developer: Developer447 || Priority: 3 || Dependency on TaskId: [3448]
=> New Task ID: 3448 || Description: Complex Task 3448 || Developer: Developer448 || Priority: 4 || Dependency on TaskId: [3449]
=> New Task ID: 3449 || Description: Complex Task 3449 || Developer: Developer449 || Priority: 5 || Dependency on TaskId: [3450]
=> New Task ID: 3450 || Description: Complex Task 3450 || Developer: Developer450 || Priority: 1 || Dependency on TaskId: [3451]
=> New Task ID: 3451 || Description: Complex Task 3451 || Developer: Developer451 || Priority: 2 || Dependency on TaskId: [3452]
=> New Task ID: 3452 || Description: Complex Task 3452 || Developer: Developer452 || Priority: 3 || Dependency on TaskId: [3453]
=> New Task ID: 3453 || Description: Complex Task 3453 || Developer: Developer453 || Priority: 4 || Dependency on TaskId: [3454]
=> New Task ID: 3454 || Description: Complex Task 3454 || Developer: Developer454 || Priority: 5 || Dependency on TaskId: [3455]
=> New Task ID: 3455 || Description: Complex Task 3455 || Developer: Developer455 || Priority: 1 || Dependency on TaskId: [3456]
=> New Task ID: 3456 || Description: Complex Task 3456 || Developer: Developer456 || Priority: 2 || Dependency on TaskId: [3457]
=> New Task ID: 3457 || Description: Complex Task 3457 || Developer: Developer457 || Priority: 3 || Dependency on TaskId: [3458]
=> New Task ID: 3458 || Description: Complex Task 3458 || Developer: Developer458 || Priority: 4 || Dependency on TaskId: [3459]
=> New Task ID: 3459 || Description: Complex Task 3459 || Developer: Developer459 || Priority: 5 || Dependency on TaskId: [3460]
=> New Task ID: 3460 || Description: Complex Task 3460 || Developer: Developer460 || Priority: 1 || Dependency on TaskId: [3461]
=> New Task ID: 3461 || Description: Complex Task 3461 || Developer: Developer461 || Priority: 2 || Dependency on TaskId: [3462]
=> New Task ID: 3462 || Description: Complex Task 3462 || Developer: Developer462 || Priority: 3 || Dependency on TaskId: [3463]
=> New Task ID: 3463 || Description: Complex Task 3463 || Developer: Developer463 || Priority: 4 || Dependency on TaskId: [3464]
=> New Task ID: 3464 || Description: Complex Task 3464 || Developer: Developer464 || Priority: 5 || Dependency on TaskId: [3465]
=> New Task ID: 3465 || Description: Complex Task 3465 || Developer: Developer465 || Priority: 1 || Dependency on TaskId: [3466]
=> New Task ID: 3466 || Description: Complex Task 3466 || Developer: Developer466 || Priority: 2 || Dependency on TaskId: [3467]
=> New Task ID: 3467 || Description: Complex Task 3467 || Developer: Developer467 || Priority: 3 || Dependency on TaskId: [3468]
=> New Task ID: 3468 || Description: Complex Task 3468 || Developer: Developer468 || Priority: 4 || Dependency on TaskId: [3469]
=> New Task ID: 3469 || Description: Complex Task 3469 || Developer: Developer469 || Priority: 5 || Dependency on TaskId: [3470]
=> New Task ID: 3470 || Description: Complex Task 3470 || Developer: Developer470 || Priority: 1 || Dependency on TaskId: [3471]
=> New Task ID: 3471 || Description: Complex Task 3471 || Developer: Developer471 || Priority: 2 || Dependency on TaskId: [3472]
=> New Task ID: 3472 || Description: Complex Task 3472 || Developer: Developer472 || Priority: 3 || Dependency on TaskId: [3473]
=> New Task ID: 3473 || Description: Complex Task 3473 || Developer: Developer473 || Priority: 4 || Dependency on TaskId: [3474]
=> New Task ID: 3474 || Description: Complex Task 3474 || Developer: Developer474 || Priority: 5 || Dependency on TaskId: [3475]
=> New Task ID: 3475 || Description: Complex Task 3475 || Developer: Developer475 || Priority: 1 || Dependency on TaskId: [3476]
=> New Task ID: 3476 || Description: Complex Task 3476 || Developer: Developer476 || Priority: 2 || Dependency on TaskId: [3477]
=> New Task ID: 3477 || Description: Complex Task 3477 || Developer: Developer477 || Priority: 3 || Dependency on TaskId: [3478]
=> New Task ID: 3478 || Description: Complex Task 3478 || Developer: Developer478 || Priority: 4 || Dependency on TaskId: [3479]
=> New Task ID: 3479 || Description: Complex Task 3479 || Developer: Developer479 || Priority: 5 || Dependency on TaskId: [3480]
=> New Task ID: 3480 || Description: Complex Task 3480 || Developer: Developer480 || Priority: 1 || Dependency on TaskId: [3481]
=> New Task ID: 3481 || Description: Complex Task 3481 || Developer: Developer481 || Priority: 2 || Dependency on TaskId: [3482]
=> New Task ID: 3482 || Description: Complex Task 3482 || Developer: Developer482 || Priority: 3 || Dependency on TaskId: [3483]
=> New Task ID: 3483 || Description: Complex Task 3483 || Developer: Developer483 || Priority: 4 || Dependency on TaskId: [3484]
=> New Task ID: 3484 || Description: Complex Task 3484 || Developer: Developer484 || Priority: 5 || Dependency on TaskId: [3485]
=> New Task ID: 3485 || Description: Complex Task 3485 || Developer: Developer485 || Priority: 1 || Dependency on TaskId: [3486]
=> New Task ID: 3486 || Description: Complex Task 3486 || Developer: Developer486 || Priority: 2 || Dependency on TaskId: [3487]
=> New Task ID: 3487 || Description: Complex Task 3487 || Developer: Developer487 || Priority: 3 || Dependency on TaskId: [3488]
=> New Task ID: 3488 || Description: Complex Task 3488 || Developer: Developer488 || Priority: 4 || Dependency on TaskId: [3489]
=> New Task ID: 3489 || Description: Complex Task 3489 || Developer: Developer489 || Priority: 5 || Dependency on TaskId: [3490]
=> New Task ID: 3490 || Description: Complex Task 3490 || Developer: Developer490 || Priority: 1 || Dependency on TaskId: [3491]
=> New Task ID: 3491 || Description: Complex Task 3491 || Developer: Developer491 || Priority: 2 || Dependency on TaskId: [3492]
=> New Task ID: 3492 || Description: Complex Task 3492 || Developer: Developer492 || Priority: 3 || Dependency on TaskId: [3493]
=> New Task ID: 3493 || Description: Complex Task 3493 || Developer: Developer493 || Priority: 4 || Dependency on TaskId: [3494]
=> New Task ID: 3494 || Description: Complex Task 3494 || Developer: Developer494 || Priority: 5 || Dependency on TaskId: [3495]
=> New Task ID: 3495 || Description: Complex Task 3495 || Developer: Developer495 || Priority: 1 || Dependency on TaskId: [3496]
=> New Task ID: 3496 || Description: Complex Task 3496 || Developer: Developer496 || Priority: 2 || Dependency on TaskId: [3497]
=> New Task ID: 3497 || Description: Complex Task 3497 || Developer: Developer497 || Priority: 3 || Dependency on TaskId: [3498]
=> New Task ID: 3498 || Description: Complex Task 3498 || Developer: Developer498 || Priority: 4 || Dependency on TaskId: [3499]
=> New Task ID: 3499 || Description: Complex Task 3499 || Developer: Developer499 || Priority: 5 || Dependency on TaskId: [3500]
=> New Task ID: 3500 || Description: Complex Task 3500 || Developer: Developer500 || Priority: 1 || Dependency on TaskId: [3501]
=> New Task ID: 3501 || Description: Complex Task 3501 || Developer: Developer501 || Priority: 2 || Dependency on TaskId: [3502]
=> New Task ID: 3502 || Description: Complex Task 3502 || Developer: Developer502 || Priority: 3 || Dependency on TaskId: [3503]
=> New Task ID: 3503 || Description: Complex Task 3503 || Developer: Developer503 || Priority: 4 || Dependency on TaskId: [3504]
=> New Task ID: 3504 || Description: Complex Task 3504 || Developer: Developer504 || Priority: 5 || Dependency on TaskId: [3505]
=> New Task ID: 3505 || Description: Complex Task 3505 || Developer: Developer505 || Priority: 1 || Dependency on TaskId: [3506]
=> New Task ID: 3506 || Description: Complex Task 3506 || Developer: Developer506 || Priority: 2 || Dependency on TaskId: [3507]
=> New Task ID: 3507 || Description: Complex Task 3507 || Developer: Developer507 || Priority: 3 || Dependency on TaskId: [3508]
=> New Task ID: 3508 || Description: Complex Task 3508 || Developer: Developer508 || Priority: 4 || Dependency on TaskId: [3509]
=> New Task ID: 3509 || Description: Complex Task 3509 || Developer: Developer509 || Priority: 5 || Dependency on TaskId: [3510]
=> New Task ID: 3510 || Description: Complex Task 3510 || Developer: Developer510 || Priority: 1 || Dependency on TaskId: [3511]
=> New Task ID: 3511 || Description: Complex Task 3511 || Developer: Developer511 || Priority: 2 || Dependency on TaskId: [3512]
=> New Task ID: 3512 || Description: Complex Task 3512 || Developer: Developer512 || Priority: 3 || Dependency on TaskId: [3513]
=> New Task ID: 3513 || Description: Complex Task 3513 || Developer: Developer513 || Priority: 4 || Dependency on TaskId: [3514]
=> New Task ID: 3514 || Description: Complex Task 3514 || Developer: Developer514 || Priority: 5 || Dependency on TaskId: [3515]
=> New Task ID: 3515 || Description: Complex Task 3515 || Developer: Developer515 || Priority: 1 || Dependency on TaskId: [3516]
=> New Task ID: 3516 || Description: Complex Task 3516 || Developer: Developer516 || Priority: 2 || Dependency on TaskId: [3517]
=> New Task ID: 3517 || Description: Complex Task 3517 || Developer: Developer517 || Priority: 3 || Dependency on TaskId: [3518]
=> New Task ID: 3518 || Description: Complex Task 3518 || Developer: Developer518 || Priority: 4 || Dependency on TaskId: [3519]
=> New Task ID: 3519 || Description: Complex Task 3519 || Developer: Developer519 || Priority: 5 || Dependency on TaskId: [3520]
=> New Task ID: 3520 || Description: Complex Task 3520 || Developer: Developer520 || Priority: 1 || Dependency on TaskId: [3521]
=> New Task ID: 3521 || Description: Complex Task 3521 || Developer: Developer521 || Priority: 2 || Dependency on TaskId: [3522]
=> New Task ID: 3522 || Description: Complex Task 3522 || Developer: Developer522 || Priority: 3 || Dependency on TaskId: [3523]
=> New Task ID: 3523 || Description: Complex Task 3523 || Developer: Developer523 || Priority: 4 || Dependency on TaskId: [3524]
=> New Task ID: 3524 || Description: Complex Task 3524 || Developer: Developer524 || Priority: 5 || Dependency on TaskId: [3525]
=> New Task ID: 3525 || Description: Complex Task 3525 || Developer: Developer525 || Priority: 1 || Dependency on TaskId: [3526]
=> New Task ID: 3526 || Description: Complex Task 3526 || Developer: Developer526 || Priority: 2 || Dependency on TaskId: [3527]
=> New Task ID: 3527 || Description: Complex Task 3527 || Developer: Developer527 || Priority: 3 || Dependency on TaskId: [3528]
=> New Task ID: 3528 || Description: Complex Task 3528 || Developer: Developer528 || Priority: 4 || Dependency on TaskId: [3529]
=> New Task ID: 3529 || Description: Complex Task 3529 || Developer: Developer529 || Priority: 5 || Dependency on TaskId: [3530]
=> New Task ID: 3530 || Description: Complex Task 3530 || Developer: Developer530 || Priority: 1 || Dependency on TaskId: [3531]
=> New Task ID: 3531 || Description: Complex Task 3531 || Developer: Developer531 || Priority: 2 || Dependency on TaskId: [3532]
=> New Task ID: 3532 || Description: Complex Task 3532 || Developer: Developer532 || Priority: 3 || Dependency on TaskId: [3533]
=> New Task ID: 3533 || Description: Complex Task 3533 || Developer: Developer533 || Priority: 4 || Dependency on TaskId: [3534]
=> New Task ID: 3534 || Description: Complex Task 3534 || Developer: Developer534 || Priority: 5 || Dependency on TaskId: [3535]
=> New Task ID: 3535 || Description: Complex Task 3535 || Developer: Developer535 || Priority: 1 || Dependency on TaskId: [3536]
=> New Task ID: 3536 || Description: Complex Task 3536 || Developer: Developer536 || Priority: 2 || Dependency on TaskId: [3537]
=> New Task ID: 3537 || Description: Complex Task 3537 || Developer: Developer537 || Priority: 3 || Dependency on TaskId: [3538]
=> New Task ID: 3538 || Description: Complex Task 3538 || Developer: Developer538 || Priority: 4 || Dependency on TaskId: [3539]
=> New Task ID: 3539 || Description: Complex Task 3539 || Developer: Developer539 || Priority: 5 || Dependency on TaskId: [3540]
=> New Task ID: 3540 || Description: Complex Task 3540 || Developer: Developer540 || Priority: 1 || Dependency on TaskId: [3541]
=> New Task ID: 3541 || Description: Complex Task 3541 || Developer: Developer541 || Priority: 2 || Dependency on TaskId: [3542]
=> New Task ID: 3542 || Description: Complex Task 3542 || Developer: Developer542 || Priority: 3 || Dependency on TaskId: [3543]
=> New Task ID: 3543 || Description: Complex Task 3543 || Developer: Developer543 || Priority: 4 || Dependency on TaskId: [3544]
=> New Task ID: 3544 || Description: Complex Task 3544 || Developer: Developer544 || Priority: 5 || Dependency on TaskId: [3545]
=> New Task ID: 3545 || Description: Complex Task 3545 || Developer: Developer545 || Priority: 1 || Dependency on TaskId: [3546]
=> New Task ID: 3546 || Description: Complex Task 3546 || Developer: Developer546 || Priority: 2 || Dependency on TaskId: [3547]
=> New Task ID: 3547 || Description: Complex Task 3547 || Developer: Developer547 || Priority: 3 || Dependency on TaskId: [3548]
=> New Task ID: 3548 || Description: Complex Task 3548 || Developer: Developer548 || Priority: 4 || Dependency on TaskId: [3549]
=> New Task ID: 3549 || Description: Complex Task 3549 || Developer: Developer549 || Priority: 5 || Dependency on TaskId: [3550]
=> New Task ID: 3550 || Description: Complex Task 3550 || Developer: Developer550 || Priority: 1 || Dependency on TaskId: [3551]
=> New Task ID: 3551 || Description: Complex Task 3551 || Developer: Developer551 || Priority: 2 || Dependency on TaskId: [3552]
=> New Task ID: 3552 || Description: Complex Task 3552 || Developer: Developer552 || Priority: 3 || Dependency on TaskId: [3553]
=> New Task ID: 3553 || Description: Complex Task 3553 || Developer: Developer553 || Priority: 4 || Dependency on TaskId: [3554]
=> New Task ID: 3554 || Description: Complex Task 3554 || Developer: Developer554 || Priority: 5 || Dependency on TaskId: [3555]
=> New Task ID: 3555 || Description: Complex Task 3555 || Developer: Developer555 || Priority: 1 || Dependency on TaskId: [3556]
=> New Task ID: 3556 || Description: Complex Task 3556 || Developer: Developer556 || Priority: 2 || Dependency on TaskId: [3557]
=> New Task ID: 3557 || Description: Complex Task 3557 || Developer: Developer557 || Priority: 3 || Dependency on TaskId: [3558]
=> New Task ID: 3558 || Description: Complex Task 3558 || Developer: Developer558 || Priority: 4 || Dependency on TaskId: [3559]
=> New Task ID: 3559 || Description: Complex Task 3559 || Developer: Developer559 || Priority: 5 || Dependency on TaskId: [3560]
=> New Task ID: 3560 || Description: Complex Task 3560 || Developer: Developer560 || Priority: 1 || Dependency on TaskId: [3561]
=> New Task ID: 3561 || Description: Complex Task 3561 || Developer: Developer561 || Priority: 2 || Dependency on TaskId: [3562]
=> New Task ID: 3562 || Description: Complex Task 3562 || Developer: Developer562 || Priority: 3 || Dependency on TaskId: [3563]
=> New Task ID: 3563 || Description: Complex Task 3563 || Developer: Developer563 || Priority: 4 || Dependency on TaskId: [3564]
=> New Task ID: 3564 || Description: Complex Task 3564 || Developer: Developer564 || Priority: 5 || Dependency on TaskId: [3565]
=> New Task ID: 3565 || Description: Complex Task 3565 || Developer: Developer565 || Priority: 1 || Dependency on TaskId: [3566]
=> New Task ID: 3566 || Description: Complex Task 3566 || Developer: Developer566 || Priority: 2 || Dependency on TaskId: [3567]
=> New Task ID: 3567 || Description: Complex Task 3567 || Developer: Developer567 || Priority: 3 || Dependency on TaskId: [3568]
=> New Task ID: 3568 || Description: Complex Task 3568 || Developer: Developer568 || Priority: 4 || Dependency on TaskId: [3569]
=> New Task ID: 3569 || Description: Complex Task 3569 || Developer: Developer569 || Priority: 5 || Dependency on TaskId: [3570]
=> New Task ID: 3570 || Description: Complex Task 3570 || Developer: Developer570 || Priority: 1 || Dependency on TaskId: [3571]
=> New Task ID: 3571 || Description: Complex Task 3571 || Developer: Developer571 || Priority: 2 || Dependency on TaskId: [3572]
=> New Task ID: 3572 || Description: Complex Task 3572 || Developer: Developer572 || Priority: 3 || Dependency on TaskId: [3573]
=> New Task ID: 3573 || Description: Complex Task 3573 || Developer: Developer573 || Priority: 4 || Dependency on TaskId: [3574]
=> New Task ID: 3574 || Description: Complex Task 3574 || Developer: Developer574 || Priority: 5 || Dependency on TaskId: [3575]
=> New Task ID: 3575 || Description: Complex Task 3575 || Developer: Developer575 || Priority: 1 || Dependency on TaskId: [3576]
=> New Task ID: 3576 || Description: Complex Task 3576 || Developer: Developer576 || Priority: 2 || Dependency on TaskId: [3577]
=> New Task ID: 3577 || Description: Complex Task 3577 || Developer: Developer577 || Priority: 3 || Dependency on TaskId: [3578]
=> New Task ID: 3578 || Description: Complex Task 3578 || Developer: Developer578 || Priority: 4 || Dependency on TaskId: [3579]
=> New Task ID: 3579 || Description: Complex Task 3579 || Developer: Developer579 || Priority: 5 || Dependency on TaskId: [3580]
=> New Task ID: 3580 || Description: Complex Task 3580 || Developer: Developer580 || Priority: 1 || Dependency on TaskId: [3581]
=> New Task ID: 3581 || Description: Complex Task 3581 || Developer: Developer581 || Priority: 2 || Dependency on TaskId: [3582]
=> New Task ID: 3582 || Description: Complex Task 3582 || Developer: Developer582 || Priority: 3 || Dependency on TaskId: [3583]
=> New Task ID: 3583 || Description: Complex Task 3583 || Developer: Developer583 || Priority: 4 || Dependency on TaskId: [3584]
=> New Task ID: 3584 || Description: Complex Task 3584 || Developer: Developer584 || Priority: 5 || Dependency on TaskId: [3585]
=> New Task ID: 3585 || Description: Complex Task 3585 || Developer: Developer585 || Priority: 1 || Dependency on TaskId: [3586]
=> New Task ID: 3586 || Description: Complex Task 3586 || Developer: Developer586 || Priority: 2 || Dependency on TaskId: [3587]
=> New Task ID: 3587 || Description: Complex Task 3587 || Developer: Developer587 || Priority: 3 || Dependency on TaskId: [3588]
=> New Task ID: 3588 || Description: Complex Task 3588 || Developer: Developer588 || Priority: 4 || Dependency on TaskId: [3589]
=> New Task ID: 3589 || Description: Complex Task 3589 || Developer: Developer589 || Priority: 5 || Dependency on TaskId: [3590]
=> New Task ID: 3590 || Description: Complex Task 3590 || Developer: Developer590 || Priority: 1 || Dependency on TaskId: [3591]
=> New Task ID: 3591 || Description: Complex Task 3591 || Developer: Developer591 || Priority: 2 || Dependency on TaskId: [3592]
=> New Task ID: 3592 || Description: Complex Task 3592 || Developer: Developer592 || Priority: 3 || Dependency on TaskId: [3593]
=> New Task ID: 3593 || Description: Complex Task 3593 || Developer: Developer593 || Priority: 4 || Dependency on TaskId: [3594]
=> New Task ID: 3594 || Description: Complex Task 3594 || Developer: Developer594 || Priority: 5 || Dependency on TaskId: [3595]
=> New Task ID: 3595 || Description: Complex Task 3595 || Developer: Developer595 || Priority: 1 || Dependency on TaskId: [3596]
=> New Task ID: 3596 || Description: Complex Task 3596 || Developer: Developer596 || Priority: 2 || Dependency on TaskId: [3597]
=> New Task ID: 3597 || Description: Complex Task 3597 || Developer: Developer597 || Priority: 3 || Dependency on TaskId: [3598]
=> New Task ID: 3598 || Description: Complex Task 3598 || Developer: Developer598 || Priority: 4 || Dependency on TaskId: [3599]
=> New Task ID: 3599 || Description: Complex Task 3599 || Developer: Developer599 || Priority: 5 || Dependency on TaskId: [3600]
=> New Task ID: 3600 || Description: Complex Task 3600 || Developer: Developer600 || Priority: 1 || Dependency on TaskId: [3601]
=> New Task ID: 3601 || Description: Complex Task 3601 || Developer: Developer601 || Priority: 2 || Dependency on TaskId: [3602]
=> New Task ID: 3602 || Description: Complex Task 3602 || Developer: Developer602 || Priority: 3 || Dependency on TaskId: [3603]
=> New Task ID: 3603 || Description: Complex Task 3603 || Developer: Developer603 || Priority: 4 || Dependency on TaskId: [3604]
=> New Task ID: 3604 || Description: Complex Task 3604 || Developer: Developer604 || Priority: 5 || Dependency on TaskId: [3605]
=> New Task ID: 3605 || Description: Complex Task 3605 || Developer: Developer605 || Priority: 1 || Dependency on TaskId: [3606]
=> New Task ID: 3606 || Description: Complex Task 3606 || Developer: Developer606 || Priority: 2 || Dependency on TaskId: [3607]
=> New Task ID: 3607 || Description: Complex Task 3607 || Developer: Developer607 || Priority: 3 || Dependency on TaskId: [3608]
=> New Task ID: 3608 || Description: Complex Task 3608 || Developer: Developer608 || Priority: 4 || Dependency on TaskId: [3609]
=> New Task ID: 3609 || Description: Complex Task 3609 || Developer: Developer609 || Priority: 5 || Dependency on TaskId: [3610]
=> New Task ID: 3610 || Description: Complex Task 3610 || Developer: Developer610 || Priority: 1 || Dependency on TaskId: [3611]
=> New Task ID: 3611 || Description: Complex Task 3611 || Developer: Developer611 || Priority: 2 || Dependency on TaskId: [3612]
=> New Task ID: 3612 || Description: Complex Task 3612 || Developer: Developer612 || Priority: 3 || Dependency on TaskId: [3613]
=> New Task ID: 3613 || Description: Complex Task 3613 || Developer: Developer613 || Priority: 4 || Dependency on TaskId: [3614]
=> New Task ID: 3614 || Description: Complex Task 3614 || Developer: Developer614 || Priority: 5 || Dependency on TaskId: [3615]
=> New Task ID: 3615 || Description: Complex Task 3615 || Developer: Developer615 || Priority: 1 || Dependency on TaskId: [3616]
=> New Task ID: 3616 || Description: Complex Task 3616 || Developer: Developer616 || Priority: 2 || Dependency on TaskId: [3617]
=> New Task ID: 3617 || Description: Complex Task 3617 || Developer: Developer617 || Priority: 3 || Dependency on TaskId: [3618]
=> New Task ID: 3618 || Description: Complex Task 3618 || Developer: Developer618 || Priority: 4 || Dependency on TaskId: [3619]
=> New Task ID: 3619 || Description: Complex Task 3619 || Developer: Developer619 || Priority: 5 || Dependency on TaskId: [3620]
=> New Task ID: 3620 || Description: Complex Task 3620 || Developer: Developer620 || Priority: 1 || Dependency on TaskId: [3621]
=> New Task ID: 3621 || Description: Complex Task 3621 || Developer: Developer621 || Priority: 2 || Dependency on TaskId: [3622]
=> New Task ID: 3622 || Description: Complex Task 3622 || Developer: Developer622 || Priority: 3 || Dependency on TaskId: [3623]
=> New Task ID: 3623 || Description: Complex Task 3623 || Developer: Developer623 || Priority: 4 || Dependency on TaskId: [3624]
=> New Task ID: 3624 || Description: Complex Task 3624 || Developer: Developer624 || Priority: 5 || Dependency on TaskId: [3625]
=> New Task ID: 3625 || Description: Complex Task 3625 || Developer: Developer625 || Priority: 1 || Dependency on TaskId: [3626]
=> New Task ID: 3626 || Description: Complex Task 3626 || Developer: Developer626 || Priority: 2 || Dependency on TaskId: [3627]
=> New Task ID: 3627 || Description: Complex Task 3627 || Developer: Developer627 || Priority: 3 || Dependency on TaskId: [3628]
=> New Task ID: 3628 || Description: Complex Task 3628 || Developer: Developer628 || Priority: 4 || Dependency on TaskId: [3629]
=> New Task ID: 3629 || Description: Complex Task 3629 || Developer: Developer629 || Priority: 5 || Dependency on TaskId: [3630]
=> New Task ID: 3630 || Description: Complex Task 3630 || Developer: Developer630 || Priority: 1 || Dependency on TaskId: [3631]
=> New Task ID: 3631 || Description: Complex Task 3631 || Developer: Developer631 || Priority: 2 || Dependency on TaskId: [3632]
=> New Task ID: 3632 || Description: Complex Task 3632 || Developer: Developer632 || Priority: 3 || Dependency on TaskId: [3633]
=> New Task ID: 3633 || Description: Complex Task 3633 || Developer: Developer633 || Priority: 4 || Dependency on TaskId: [3634]
=> New Task ID: 3634 || Description: Complex Task 3634 || Developer: Developer634 || Priority: 5 || Dependency on TaskId: [3635]
=> New Task ID: 3635 || Description: Complex Task 3635 || Developer: Developer635 || Priority: 1 || Dependency on TaskId: [3636]
=> New Task ID: 3636 || Description: Complex Task 3636 || Developer: Developer636 || Priority: 2 || Dependency on TaskId: [3637]
=> New Task ID: 3637 || Description: Complex Task 3637 || Developer: Developer637 || Priority: 3 || Dependency on TaskId: [3638]
=> New Task ID: 3638 || Description: Complex Task 3638 || Developer: Developer638 || Priority: 4 || Dependency on TaskId: [3639]
=> New Task ID: 3639 || Description: Complex Task 3639 || Developer: Developer639 || Priority: 5 || Dependency on TaskId: [3640]
=> New Task ID: 3640 || Description: Complex Task 3640 || Developer: Developer640 || Priority: 1 || Dependency on TaskId: [3641]
=> New Task ID: 3641 || Description: Complex Task 3641 || Developer: Developer641 || Priority: 2 || Dependency on TaskId: [3642]
=> New Task ID: 3642 || Description: Complex Task 3642 || Developer: Developer642 || Priority: 3 || Dependency on TaskId: [3643]
=> New Task ID: 3643 || Description: Complex Task 3643 || Developer: Developer643 || Priority: 4 || Dependency on TaskId: [3644]
=> New Task ID: 3644 || Description: Complex Task 3644 || Developer: Developer644 || Priority: 5 || Dependency on TaskId: [3645]
=> New Task ID: 3645 || Description: Complex Task 3645 || Developer: Developer645 || Priority: 1 || Dependency on TaskId: [3646]
=> New Task ID: 3646 || Description: Complex Task 3646 || Developer: Developer646 || Priority: 2 || Dependency on TaskId: [3647]
=> New Task ID: 3647 || Description: Complex Task 3647 || Developer: Developer647 || Priority: 3 || Dependency on TaskId: [3648]
=> New Task ID: 3648 || Description: Complex Task 3648 || Developer: Developer648 || Priority: 4 || Dependency on TaskId: [3649]
=> New Task ID: 3649 || Description: Complex Task 3649 || Developer: Developer649 || Priority: 5 || Dependency on TaskId: [3650]
=> New Task ID: 3650 || Description: Complex Task 3650 || Developer: Developer650 || Priority: 1 || Dependency on TaskId: [3651]
=> New Task ID: 3651 || Description: Complex Task 3651 || Developer: Developer651 || Priority: 2 || Dependency on TaskId: [3652]
=> New Task ID: 3652 || Description: Complex Task 3652 || Developer: Developer652 || Priority: 3 || Dependency on TaskId: [3653]
=> New Task ID: 3653 || Description: Complex Task 3653 || Developer: Developer653 || Priority: 4 || Dependency on TaskId: [3654]
=> New Task ID: 3654 || Description: Complex Task 3654 || Developer: Developer654 || Priority: 5 || Dependency on TaskId: [3655]
=> New Task ID: 3655 || Description: Complex Task 3655 || Developer: Developer655 || Priority: 1 || Dependency on TaskId: [3656]
=> New Task ID: 3656 || Description: Complex Task 3656 || Developer: Developer656 || Priority: 2 || Dependency on TaskId: [3657]
=> New Task ID: 3657 || Description: Complex Task 3657 || Developer: Developer657 || Priority: 3 || Dependency on TaskId: [3658]
=> New Task ID: 3658 || Description: Complex Task 3658 || Developer: Developer658 || Priority: 4 || Dependency on TaskId: [3659]
=> New Task ID: 3659 || Description: Complex Task 3659 || Developer: Developer659 || Priority: 5 || Dependency on TaskId: [3660]
=> New Task ID: 3660 || Description: Complex Task 3660 || Developer: Developer660 || Priority: 1 || Dependency on TaskId: [3661]
=> New Task ID: 3661 || Description: Complex Task 3661 || Developer: Developer661 || Priority: 2 || Dependency on TaskId: [3662]
=> New Task ID: 3662 || Description: Complex Task 3662 || Developer: Developer662 || Priority: 3 || Dependency on TaskId: [3663]
=> New Task ID: 3663 || Description: Complex Task 3663 || Developer: Developer663 || Priority: 4 || Dependency on TaskId: [3664]
=> New Task ID: 3664 || Description: Complex Task 3664 || Developer: Developer664 || Priority: 5 || Dependency on TaskId: [3665]
=> New Task ID: 3665 || Description: Complex Task 3665 || Developer: Developer665 || Priority: 1 || Dependency on TaskId: [3666]
=> New Task ID: 3666 || Description: Complex Task 3666 || Developer: Developer666 || Priority: 2 || Dependency on TaskId: [3667]
=> New Task ID: 3667 || Description: Complex Task 3667 || Developer: Developer667 || Priority: 3 || Dependency on TaskId: [3668]
=> New Task ID: 3668 || Description: Complex Task 3668 || Developer: Developer668 || Priority: 4 || Dependency on TaskId: [3669]
=> New Task ID: 3669 || Description: Complex Task 3669 || Developer: Developer669 || Priority: 5 || Dependency on TaskId: [3670]
=> New Task ID: 3670 || Description: Complex Task 3670 || Developer: Developer670 || Priority: 1 || Dependency on TaskId: [3671]
=> New Task ID: 3671 || Description: Complex Task 3671 || Developer: Developer671 || Priority: 2 || Dependency on TaskId: [3672]
=> New Task ID: 3672 || Description: Complex Task 3672 || Developer: Developer672 || Priority: 3 || Dependency on TaskId: [3673]
=> New Task ID: 3673 || Description: Complex Task 3673 || Developer: Developer673 || Priority: 4 || Dependency on TaskId: [3674]
=> New Task ID: 3674 || Description: Complex Task 3674 || Developer: Developer674 || Priority: 5 || Dependency on TaskId: [3675]
=> New Task ID: 3675 || Description: Complex Task 3675 || Developer: Developer675 || Priority: 1 || Dependency on TaskId: [3676]
=> New Task ID: 3676 || Description: Complex Task 3676 || Developer: Developer676 || Priority: 2 || Dependency on TaskId: [3677]
=> New Task ID: 3677 || Description: Complex Task 3677 || Developer: Developer677 || Priority: 3 || Dependency on TaskId: [3678]
=> New Task ID: 3678 || Description: Complex Task 3678 || Developer: Developer678 || Priority: 4 || Dependency on TaskId: [3679]
=> New Task ID: 3679 || Description: Complex Task 3679 || Developer: Developer679 || Priority: 5 || Dependency on TaskId: [3680]
=> New Task ID: 3680 || Description: Complex Task 3680 || Developer: Developer680 || Priority: 1 || Dependency on TaskId: [3681]
=> New Task ID: 3681 || Description: Complex Task 3681 || Developer: Developer681 || Priority: 2 || Dependency on TaskId: [3682]
=> New Task ID: 3682 || Description: Complex Task 3682 || Developer: Developer682 || Priority: 3 || Dependency on TaskId: [3683]
=> New Task ID: 3683 || Description: Complex Task 3683 || Developer: Developer683 || Priority: 4 || Dependency on TaskId: [3684]
=> New Task ID: 3684 || Description: Complex Task 3684 || Developer: Developer684 || Priority: 5 || Dependency on TaskId: [3685]
=> New Task ID: 3685 || Description: Complex Task 3685 || Developer: Developer685 || Priority: 1 || Dependency on TaskId: [3686]
=> New Task ID: 3686 || Description: Complex Task 3686 || Developer: Developer686 || Priority: 2 || Dependency on TaskId: [3687]
=> New Task ID: 3687 || Description: Complex Task 3687 || Developer: Developer687 || Priority: 3 || Dependency on TaskId: [3688]
=> New Task ID: 3688 || Description: Complex Task 3688 || Developer: Developer688 || Priority: 4 || Dependency on TaskId: [3689]
=> New Task ID: 3689 || Description: Complex Task 3689 || Developer: Developer689 || Priority: 5 || Dependency on TaskId: [3690]
=> New Task ID: 3690 || Description: Complex Task 3690 || Developer: Developer690 || Priority: 1 || Dependency on TaskId: [3691]
=> New Task ID: 3691 || Description: Complex Task 3691 || Developer: Developer691 || Priority: 2 || Dependency on TaskId: [3692]
=> New Task ID: 3692 || Description: Complex Task 3692 || Developer: Developer692 || Priority: 3 || Dependency on TaskId: [3693]
=> New Task ID: 3693 || Description: Complex Task 3693 || Developer: Developer693 || Priority: 4 || Dependency on TaskId: [3694]
=> New Task ID: 3694 || Description: Complex Task 3694 || Developer: Developer694 || Priority: 5 || Dependency on TaskId: [3695]
=> New Task ID: 3695 || Description: Complex Task 3695 || Developer: Developer695 || Priority: 1 || Dependency on TaskId: [3696]
=> New Task ID: 3696 || Description: Complex Task 3696 || Developer: Developer696 || Priority: 2 || Dependency on TaskId: [3697]
=> New Task ID: 3697 || Description: Complex Task 3697 || Developer: Developer697 || Priority: 3 || Dependency on TaskId: [3698]
=> New Task ID: 3698 || Description: Complex Task 3698 || Developer: Developer698 || Priority: 4 || Dependency on TaskId: [3699]
=> New Task ID: 3699 || Description: Complex Task 3699 || Developer: Developer699 || Priority: 5 || Dependency on TaskId: [3700]
=> New Task ID: 3700 || Description: Complex Task 3700 || Developer: Developer700 || Priority: 1 || Dependency on TaskId: [3701]
=> New Task ID: 3701 || Description: Complex Task 3701 || Developer: Developer701 || Priority: 2 || Dependency on TaskId: [3702]
=> New Task ID: 3702 || Description: Complex Task 3702 || Developer: Developer702 || Priority: 3 || Dependency on TaskId: [3703]
=> New Task ID: 3703 || Description: Complex Task 3703 || Developer: Developer703 || Priority: 4 || Dependency on TaskId: [3704]
=> New Task ID: 3704 || Description: Complex Task 3704 || Developer: Developer704 || Priority: 5 || Dependency on TaskId: [3705]
=> New Task ID: 3705 || Description: Complex Task 3705 || Developer: Developer705 || Priority: 1 || Dependency on TaskId: [3706]
=> New Task ID: 3706 || Description: Complex Task 3706 || Developer: Developer706 || Priority: 2 || Dependency on TaskId: [3707]
=> New Task ID: 3707 || Description: Complex Task 3707 || Developer: Developer707 || Priority: 3 || Dependency on TaskId: [3708]
=> New Task ID: 3708 || Description: Complex Task 3708 || Developer: Developer708 || Priority: 4 || Dependency on TaskId: [3709]
=> New Task ID: 3709 || Description: Complex Task 3709 || Developer: Developer709 || Priority: 5 || Dependency on TaskId: [3710]
=> New Task ID: 3710 || Description: Complex Task 3710 || Developer: Developer710 || Priority: 1 || Dependency on TaskId: [3711]
=> New Task ID: 3711 || Description: Complex Task 3711 || Developer: Developer711 || Priority: 2 || Dependency on TaskId: [3712]
=> New Task ID: 3712 || Description: Complex Task 3712 || Developer: Developer712 || Priority: 3 || Dependency on TaskId: [3713]
=> New Task ID: 3713 || Description: Complex Task 3713 || Developer: Developer713 || Priority: 4 || Dependency on TaskId: [3714]
=> New Task ID: 3714 || Description: Complex Task 3714 || Developer: Developer714 || Priority: 5 || Dependency on TaskId: [3715]
=> New Task ID: 3715 || Description: Complex Task 3715 || Developer: Developer715 || Priority: 1 || Dependency on TaskId: [3716]
=> New Task ID: 3716 || Description: Complex Task 3716 || Developer: Developer716 || Priority: 2 || Dependency on TaskId: [3717]
=> New Task ID: 3717 || Description: Complex Task 3717 || Developer: Developer717 || Priority: 3 || Dependency on TaskId: [3718]
=> New Task ID: 3718 || Description: Complex Task 3718 || Developer: Developer718 || Priority: 4 || Dependency on TaskId: [3719]
=> New Task ID: 3719 || Description: Complex Task 3719 || Developer: Developer719 || Priority: 5 || Dependency on TaskId: [3720]
=> New Task ID: 3720 || Description: Complex Task 3720 || Developer: Developer720 || Priority: 1 || Dependency on TaskId: [3721]
=> New Task ID: 3721 || Description: Complex Task 3721 || Developer: Developer721 || Priority: 2 || Dependency on TaskId: [3722]
=> New Task ID: 3722 || Description: Complex Task 3722 || Developer: Developer722 || Priority: 3 || Dependency on TaskId: [3723]
=> New Task ID: 3723 || Description: Complex Task 3723 || Developer: Developer723 || Priority: 4 || Dependency on TaskId: [3724]
=> New Task ID: 3724 || Description: Complex Task 3724 || Developer: Developer724 || Priority: 5 || Dependency on TaskId: [3725]
=> New Task ID: 3725 || Description: Complex Task 3725 || Developer: Developer725 || Priority: 1 || Dependency on TaskId: [3726]
=> New Task ID: 3726 || Description: Complex Task 3726 || Developer: Developer726 || Priority: 2 || Dependency on TaskId: [3727]
=> New Task ID: 3727 || Description: Complex Task 3727 || Developer: Developer727 || Priority: 3 || Dependency on TaskId: [3728]
=> New Task ID: 3728 || Description: Complex Task 3728 || Developer: Developer728 || Priority: 4 || Dependency on TaskId: [3729]
=> New Task ID: 3729 || Description: Complex Task 3729 || Developer: Developer729 || Priority: 5 || Dependency on TaskId: [3730]
=> New Task ID: 3730 || Description: Complex Task 3730 || Developer: Developer730 || Priority: 1 || Dependency on TaskId: [3731]
=> New Task ID: 3731 || Description: Complex Task 3731 || Developer: Developer731 || Priority: 2 || Dependency on TaskId: [3732]
=> New Task ID: 3732 || Description: Complex Task 3732 || Developer: Developer732 || Priority: 3 || Dependency on TaskId: [3733]
=> New Task ID: 3733 || Description: Complex Task 3733 || Developer: Developer733 || Priority: 4 || Dependency on TaskId: [3734]
=> New Task ID: 3734 || Description: Complex Task 3734 || Developer: Developer734 || Priority: 5 || Dependency on TaskId: [3735]
=> New Task ID: 3735 || Description: Complex Task 3735 || Developer: Developer735 || Priority: 1 || Dependency on TaskId: [3736]
=> New Task ID: 3736 || Description: Complex Task 3736 || Developer: Developer736 || Priority: 2 || Dependency on TaskId: [3737]
=> New Task ID: 3737 || Description: Complex Task 3737 || Developer: Developer737 || Priority: 3 || Dependency on TaskId: [3738]
=> New Task ID: 3738 || Description: Complex Task 3738 || Developer: Developer738 || Priority: 4 || Dependency on TaskId: [3739]
=> New Task ID: 3739 || Description: Complex Task 3739 || Developer: Developer739 || Priority: 5 || Dependency on TaskId: [3740]
=> New Task ID: 3740 || Description: Complex Task 3740 || Developer: Developer740 || Priority: 1 || Dependency on TaskId: [3741]
=> New Task ID: 3741 || Description: Complex Task 3741 || Developer: Developer741 || Priority: 2 || Dependency on TaskId: [3742]
=> New Task ID: 3742 || Description: Complex Task 3742 || Developer: Developer742 || Priority: 3 || Dependency on TaskId: [3743]
=> New Task ID: 3743 || Description: Complex Task 3743 || Developer: Developer743 || Priority: 4 || Dependency on TaskId: [3744]
=> New Task ID: 3744 || Description: Complex Task 3744 || Developer: Developer744 || Priority: 5 || Dependency on TaskId: [3745]
=> New Task ID: 3745 || Description: Complex Task 3745 || Developer: Developer745 || Priority: 1 || Dependency on TaskId: [3746]
=> New Task ID: 3746 || Description: Complex Task 3746 || Developer: Developer746 || Priority: 2 || Dependency on TaskId: [3747]
=> New Task ID: 3747 || Description: Complex Task 3747 || Developer: Developer747 || Priority: 3 || Dependency on TaskId: [3748]
=> New Task ID: 3748 || Description: Complex Task 3748 || Developer: Developer748 || Priority: 4 || Dependency on TaskId: [3749]
=> New Task ID: 3749 || Description: Complex Task 3749 || Developer: Developer749 || Priority: 5 || Dependency on TaskId: [3750]
=> New Task ID: 3750 || Description: Complex Task 3750 || Developer: Developer750 || Priority: 1 || Dependency on TaskId: [3751]
=> New Task ID: 3751 || Description: Complex Task 3751 || Developer: Developer751 || Priority: 2 || Dependency on TaskId: [3752]
=> New Task ID: 3752 || Description: Complex Task 3752 || Developer: Developer752 || Priority: 3 || Dependency on TaskId: [3753]
=> New Task ID: 3753 || Description: Complex Task 3753 || Developer: Developer753 || Priority: 4 || Dependency on TaskId: [3754]
=> New Task ID: 3754 || Description: Complex Task 3754 || Developer: Developer754 || Priority: 5 || Dependency on TaskId: [3755]
=> New Task ID: 3755 || Description: Complex Task 3755 || Developer: Developer755 || Priority: 1 || Dependency on TaskId: [3756]
=> New Task ID: 3756 || Description: Complex Task 3756 || Developer: Developer756 || Priority: 2 || Dependency on TaskId: [3757]
=> New Task ID: 3757 || Description: Complex Task 3757 || Developer: Developer757 || Priority: 3 || Dependency on TaskId: [3758]
=> New Task ID: 3758 || Description: Complex Task 3758 || Developer: Developer758 || Priority: 4 || Dependency on TaskId: [3759]
=> New Task ID: 3759 || Description: Complex Task 3759 || Developer: Developer759 || Priority: 5 || Dependency on TaskId: [3760]
=> New Task ID: 3760 || Description: Complex Task 3760 || Developer: Developer760 || Priority: 1 || Dependency on TaskId: [3761]
=> New Task ID: 3761 || Description: Complex Task 3761 || Developer: Developer761 || Priority: 2 || Dependency on TaskId: [3762]
=> New Task ID: 3762 || Description: Complex Task 3762 || Developer: Developer762 || Priority: 3 || Dependency on TaskId: [3763]
=> New Task ID: 3763 || Description: Complex Task 3763 || Developer: Developer763 || Priority: 4 || Dependency on TaskId: [3764]
=> New Task ID: 3764 || Description: Complex Task 3764 || Developer: Developer764 || Priority: 5 || Dependency on TaskId: [3765]
=> New Task ID: 3765 || Description: Complex Task 3765 || Developer: Developer765 || Priority: 1 || Dependency on TaskId: [3766]
=> New Task ID: 3766 || Description: Complex Task 3766 || Developer: Developer766 || Priority: 2 || Dependency on TaskId: [3767]
=> New Task ID: 3767 || Description: Complex Task 3767 || Developer: Developer767 || Priority: 3 || Dependency on TaskId: [3768]
=> New Task ID: 3768 || Description: Complex Task 3768 || Developer: Developer768 || Priority: 4 || Dependency on TaskId: [3769]
=> New Task ID: 3769 || Description: Complex Task 3769 || Developer: Developer769 || Priority: 5 || Dependency on TaskId: [3770]
=> New Task ID: 3770 || Description: Complex Task 3770 || Developer: Developer770 || Priority: 1 || Dependency on TaskId: [3771]
=> New Task ID: 3771 || Description: Complex Task 3771 || Developer: Developer771 || Priority: 2 || Dependency on TaskId: [3772]
=> New Task ID: 3772 || Description: Complex Task 3772 || Developer: Developer772 || Priority: 3 || Dependency on TaskId: [3773]
=> New Task ID: 3773 || Description: Complex Task 3773 || Developer: Developer773 || Priority: 4 || Dependency on TaskId: [3774]
=> New Task ID: 3774 || Description: Complex Task 3774 || Developer: Developer774 || Priority: 5 || Dependency on TaskId: [3775]
=> New Task ID: 3775 || Description: Complex Task 3775 || Developer: Developer775 || Priority: 1 || Dependency on TaskId: [3776]
=> New Task ID: 3776 || Description: Complex Task 3776 || Developer: Developer776 || Priority: 2 || Dependency on TaskId: [3777]
=> New Task ID: 3777 || Description: Complex Task 3777 || Developer: Developer777 || Priority: 3 || Dependency on TaskId: [3778]
=> New Task ID: 3778 || Description: Complex Task 3778 || Developer: Developer778 || Priority: 4 || Dependency on TaskId: [3779]
=> New Task ID: 3779 || Description: Complex Task 3779 || Developer: Developer779 || Priority: 5 || Dependency on TaskId: [3780]
=> New Task ID: 3780 || Description: Complex Task 3780 || Developer: Developer780 || Priority: 1 || Dependency on TaskId: [3781]
=> New Task ID: 3781 || Description: Complex Task 3781 || Developer: Developer781 || Priority: 2 || Dependency on TaskId: [3782]
=> New Task ID: 3782 || Description: Complex Task 3782 || Developer: Developer782 || Priority: 3 || Dependency on TaskId: [3783]
=> New Task ID: 3783 || Description: Complex Task 3783 || Developer: Developer783 || Priority: 4 || Dependency on TaskId: [3784]
=> New Task ID: 3784 || Description: Complex Task 3784 || Developer: Developer784 || Priority: 5 || Dependency on TaskId: [3785]
=> New Task ID: 3785 || Description: Complex Task 3785 || Developer: Developer785 || Priority: 1 || Dependency on TaskId: [3786]
=> New Task ID: 3786 || Description: Complex Task 3786 || Developer: Developer786 || Priority: 2 || Dependency on TaskId: [3787]
=> New Task ID: 3787 || Description: Complex Task 3787 || Developer: Developer787 || Priority: 3 || Dependency on TaskId: [3788]
=> New Task ID: 3788 || Description: Complex Task 3788 || Developer: Developer788 || Priority: 4 || Dependency on TaskId: [3789]
=> New Task ID: 3789 || Description: Complex Task 3789 || Developer: Developer789 || Priority: 5 || Dependency on TaskId: [3790]
=> New Task ID: 3790 || Description: Complex Task 3790 || Developer: Developer790 || Priority: 1 || Dependency on TaskId: [3791]
=> New Task ID: 3791 || Description: Complex Task 3791 || Developer: Developer791 || Priority: 2 || Dependency on TaskId: [3792]
=> New Task ID: 3792 || Description: Complex Task 3792 || Developer: Developer792 || Priority: 3 || Dependency on TaskId: [3793]
=> New Task ID: 3793 || Description: Complex Task 3793 || Developer: Developer793 || Priority: 4 || Dependency on TaskId: [3794]
=> New Task ID: 3794 || Description: Complex Task 3794 || Developer: Developer794 || Priority: 5 || Dependency on TaskId: [3795]
=> New Task ID: 3795 || Description: Complex Task 3795 || Developer: Developer795 || Priority: 1 || Dependency on TaskId: [3796]
=> New Task ID: 3796 || Description: Complex Task 3796 || Developer: Developer796 || Priority: 2 || Dependency on TaskId: [3797]
=> New Task ID: 3797 || Description: Complex Task 3797 || Developer: Developer797 || Priority: 3 || Dependency on TaskId: [3798]
=> New Task ID: 3798 || Description: Complex Task 3798 || Developer: Developer798 || Priority: 4 || Dependency on TaskId: [3799]
=> New Task ID: 3799 || Description: Complex Task 3799 || Developer: Developer799 || Priority: 5 || Dependency on TaskId: [3800]
=> New Task ID: 3800 || Description: Complex Task 3800 || Developer: Developer800 || Priority: 1 || Dependency on TaskId: [3801]
=> New Task ID: 3801 || Description: Complex Task 3801 || Developer: Developer801 || Priority: 2 || Dependency on TaskId: [3802]
=> New Task ID: 3802 || Description: Complex Task 3802 || Developer: Developer802 || Priority: 3 || Dependency on TaskId: [3803]
=> New Task ID: 3803 || Description: Complex Task 3803 || Developer: Developer803 || Priority: 4 || Dependency on TaskId: [3804]
=> New Task ID: 3804 || Description: Complex Task 3804 || Developer: Developer804 || Priority: 5 || Dependency on TaskId: [3805]
=> New Task ID: 3805 || Description: Complex Task 3805 || Developer: Developer805 || Priority: 1 || Dependency on TaskId: [3806]
=> New Task ID: 3806 || Description: Complex Task 3806 || Developer: Developer806 || Priority: 2 || Dependency on TaskId: [3807]
=> New Task ID: 3807 || Description: Complex Task 3807 || Developer: Developer807 || Priority: 3 || Dependency on TaskId: [3808]
=> New Task ID: 3808 || Description: Complex Task 3808 || Developer: Developer808 || Priority: 4 || Dependency on TaskId: [3809]
=> New Task ID: 3809 || Description: Complex Task 3809 || Developer: Developer809 || Priority: 5 || Dependency on TaskId: [3810]
=> New Task ID: 3810 || Description: Complex Task 3810 || Developer: Developer810 || Priority: 1 || Dependency on TaskId: [3811]
=> New Task ID: 3811 || Description: Complex Task 3811 || Developer: Developer811 || Priority: 2 || Dependency on TaskId: [3812]
=> New Task ID: 3812 || Description: Complex Task 3812 || Developer: Developer812 || Priority: 3 || Dependency on TaskId: [3813]
=> New Task ID: 3813 || Description: Complex Task 3813 || Developer: Developer813 || Priority: 4 || Dependency on TaskId: [3814]
=> New Task ID: 3814 || Description: Complex Task 3814 || Developer: Developer814 || Priority: 5 || Dependency on TaskId: [3815]
=> New Task ID: 3815 || Description: Complex Task 3815 || Developer: Developer815 || Priority: 1 || Dependency on TaskId: [3816]
=> New Task ID: 3816 || Description: Complex Task 3816 || Developer: Developer816 || Priority: 2 || Dependency on TaskId: [3817]
=> New Task ID: 3817 || Description: Complex Task 3817 || Developer: Developer817 || Priority: 3 || Dependency on TaskId: [3818]
=> New Task ID: 3818 || Description: Complex Task 3818 || Developer: Developer818 || Priority: 4 || Dependency on TaskId: [3819]
=> New Task ID: 3819 || Description: Complex Task 3819 || Developer: Developer819 || Priority: 5 || Dependency on TaskId: [3820]
=> New Task ID: 3820 || Description: Complex Task 3820 || Developer: Developer820 || Priority: 1 || Dependency on TaskId: [3821]
=> New Task ID: 3821 || Description: Complex Task 3821 || Developer: Developer821 || Priority: 2 || Dependency on TaskId: [3822]
=> New Task ID: 3822 || Description: Complex Task 3822 || Developer: Developer822 || Priority: 3 || Dependency on TaskId: [3823]
=> New Task ID: 3823 || Description: Complex Task 3823 || Developer: Developer823 || Priority: 4 || Dependency on TaskId: [3824]
=> New Task ID: 3824 || Description: Complex Task 3824 || Developer: Developer824 || Priority: 5 || Dependency on TaskId: [3825]
=> New Task ID: 3825 || Description: Complex Task 3825 || Developer: Developer825 || Priority: 1 || Dependency on TaskId: [3826]
=> New Task ID: 3826 || Description: Complex Task 3826 || Developer: Developer826 || Priority: 2 || Dependency on TaskId: [3827]
=> New Task ID: 3827 || Description: Complex Task 3827 || Developer: Developer827 || Priority: 3 || Dependency on TaskId: [3828]
=> New Task ID: 3828 || Description: Complex Task 3828 || Developer: Developer828 || Priority: 4 || Dependency on TaskId: [3829]
=> New Task ID: 3829 || Description: Complex Task 3829 || Developer: Developer829 || Priority: 5 || Dependency on TaskId: [3830]
=> New Task ID: 3830 || Description: Complex Task 3830 || Developer: Developer830 || Priority: 1 || Dependency on TaskId: [3831]
=> New Task ID: 3831 || Description: Complex Task 3831 || Developer: Developer831 || Priority: 2 || Dependency on TaskId: [3832]
=> New Task ID: 3832 || Description: Complex Task 3832 || Developer: Developer832 || Priority: 3 || Dependency on TaskId: [3833]
=> New Task ID: 3833 || Description: Complex Task 3833 || Developer: Developer833 || Priority: 4 || Dependency on TaskId: [3834]
=> New Task ID: 3834 || Description: Complex Task 3834 || Developer: Developer834 || Priority: 5 || Dependency on TaskId: [3835]
=> New Task ID: 3835 || Description: Complex Task 3835 || Developer: Developer835 || Priority: 1 || Dependency on TaskId: [3836]
=> New Task ID: 3836 || Description: Complex Task 3836 || Developer: Developer836 || Priority: 2 || Dependency on TaskId: [3837]
=> New Task ID: 3837 || Description: Complex Task 3837 || Developer: Developer837 || Priority: 3 || Dependency on TaskId: [3838]
=> New Task ID: 3838 || Description: Complex Task 3838 || Developer: Developer838 || Priority: 4 || Dependency on TaskId: [3839]
=> New Task ID: 3839 || Description: Complex Task 3839 || Developer: Developer839 || Priority: 5 || Dependency on TaskId: [3840]
=> New Task ID: 3840 || Description: Complex Task 3840 || Developer: Developer840 || Priority: 1 || Dependency on TaskId: [3841]
=> New Task ID: 3841 || Description: Complex Task 3841 || Developer: Developer841 || Priority: 2 || Dependency on TaskId: [3842]
=> New Task ID: 3842 || Description: Complex Task 3842 || Developer: Developer842 || Priority: 3 || Dependency on TaskId: [3843]
=> New Task ID: 3843 || Description: Complex Task 3843 || Developer: Developer843 || Priority: 4 || Dependency on TaskId: [3844]
=> New Task ID: 3844 || Description: Complex Task 3844 || Developer: Developer844 || Priority: 5 || Dependency on TaskId: [3845]
=> New Task ID: 3845 || Description: Complex Task 3845 || Developer: Developer845 || Priority: 1 || Dependency on TaskId: [3846]
=> New Task ID: 3846 || Description: Complex Task 3846 || Developer: Developer846 || Priority: 2 || Dependency on TaskId: [3847]
=> New Task ID: 3847 || Description: Complex Task 3847 || Developer: Developer847 || Priority: 3 || Dependency on TaskId: [3848]
=> New Task ID: 3848 || Description: Complex Task 3848 || Developer: Developer848 || Priority: 4 || Dependency on TaskId: [3849]
=> New Task ID: 3849 || Description: Complex Task 3849 || Developer: Developer849 || Priority: 5 || Dependency on TaskId: [3850]
=> New Task ID: 3850 || Description: Complex Task 3850 || Developer: Developer850 || Priority: 1 || Dependency on TaskId: [3851]
=> New Task ID: 3851 || Description: Complex Task 3851 || Developer: Developer851 || Priority: 2 || Dependency on TaskId: [3852]
=> New Task ID: 3852 || Description: Complex Task 3852 || Developer: Developer852 || Priority: 3 || Dependency on TaskId: [3853]
=> New Task ID: 3853 || Description: Complex Task 3853 || Developer: Developer853 || Priority: 4 || Dependency on TaskId: [3854]
=> New Task ID: 3854 || Description: Complex Task 3854 || Developer: Developer854 || Priority: 5 || Dependency on TaskId: [3855]
=> New Task ID: 3855 || Description: Complex Task 3855 || Developer: Developer855 || Priority: 1 || Dependency on TaskId: [3856]
=> New Task ID: 3856 || Description: Complex Task 3856 || Developer: Developer856 || Priority: 2 || Dependency on TaskId: [3857]
=> New Task ID: 3857 || Description: Complex Task 3857 || Developer: Developer857 || Priority: 3 || Dependency on TaskId: [3858]
=> New Task ID: 3858 || Description: Complex Task 3858 || Developer: Developer858 || Priority: 4 || Dependency on TaskId: [3859]
=> New Task ID: 3859 || Description: Complex Task 3859 || Developer: Developer859 || Priority: 5 || Dependency on TaskId: [3860]
=> New Task ID: 3860 || Description: Complex Task 3860 || Developer: Developer860 || Priority: 1 || Dependency on TaskId: [3861]
=> New Task ID: 3861 || Description: Complex Task 3861 || Developer: Developer861 || Priority: 2 || Dependency on TaskId: [3862]
=> New Task ID: 3862 || Description: Complex Task 3862 || Developer: Developer862 || Priority: 3 || Dependency on TaskId: [3863]
=> New Task ID: 3863 || Description: Complex Task 3863 || Developer: Developer863 || Priority: 4 || Dependency on TaskId: [3864]
=> New Task ID: 3864 || Description: Complex Task 3864 || Developer: Developer864 || Priority: 5 || Dependency on TaskId: [3865]
=> New Task ID: 3865 || Description: Complex Task 3865 || Developer: Developer865 || Priority: 1 || Dependency on TaskId: [3866]
=> New Task ID: 3866 || Description: Complex Task 3866 || Developer: Developer866 || Priority: 2 || Dependency on TaskId: [3867]
=> New Task ID: 3867 || Description: Complex Task 3867 || Developer: Developer867 || Priority: 3 || Dependency on TaskId: [3868]
=> New Task ID: 3868 || Description: Complex Task 3868 || Developer: Developer868 || Priority: 4 || Dependency on TaskId: [3869]
=> New Task ID: 3869 || Description: Complex Task 3869 || Developer: Developer869 || Priority: 5 || Dependency on TaskId: [3870]
=> New Task ID: 3870 || Description: Complex Task 3870 || Developer: Developer870 || Priority: 1 || Dependency on TaskId: [3871]
=> New Task ID: 3871 || Description: Complex Task 3871 || Developer: Developer871 || Priority: 2 || Dependency on TaskId: [3872]
=> New Task ID: 3872 || Description: Complex Task 3872 || Developer: Developer872 || Priority: 3 || Dependency on TaskId: [3873]
=> New Task ID: 3873 || Description: Complex Task 3873 || Developer: Developer873 || Priority: 4 || Dependency on TaskId: [3874]
=> New Task ID: 3874 || Description: Complex Task 3874 || Developer: Developer874 || Priority: 5 || Dependency on TaskId: [3875]
=> New Task ID: 3875 || Description: Complex Task 3875 || Developer: Developer875 || Priority: 1 || Dependency on TaskId: [3876]
=> New Task ID: 3876 || Description: Complex Task 3876 || Developer: Developer876 || Priority: 2 || Dependency on TaskId: [3877]
=> New Task ID: 3877 || Description: Complex Task 3877 || Developer: Developer877 || Priority: 3 || Dependency on TaskId: [3878]
=> New Task ID: 3878 || Description: Complex Task 3878 || Developer: Developer878 || Priority: 4 || Dependency on TaskId: [3879]
=> New Task ID: 3879 || Description: Complex Task 3879 || Developer: Developer879 || Priority: 5 || Dependency on TaskId: [3880]
=> New Task ID: 3880 || Description: Complex Task 3880 || Developer: Developer880 || Priority: 1 || Dependency on TaskId: [3881]
=> New Task ID: 3881 || Description: Complex Task 3881 || Developer: Developer881 || Priority: 2 || Dependency on TaskId: [3882]
=> New Task ID: 3882 || Description: Complex Task 3882 || Developer: Developer882 || Priority: 3 || Dependency on TaskId: [3883]
=> New Task ID: 3883 || Description: Complex Task 3883 || Developer: Developer883 || Priority: 4 || Dependency on TaskId: [3884]
=> New Task ID: 3884 || Description: Complex Task 3884 || Developer: Developer884 || Priority: 5 || Dependency on TaskId: [3885]
=> New Task ID: 3885 || Description: Complex Task 3885 || Developer: Developer885 || Priority: 1 || Dependency on TaskId: [3886]
=> New Task ID: 3886 || Description: Complex Task 3886 || Developer: Developer886 || Priority: 2 || Dependency on TaskId: [3887]
=> New Task ID: 3887 || Description: Complex Task 3887 || Developer: Developer887 || Priority: 3 || Dependency on TaskId: [3888]
=> New Task ID: 3888 || Description: Complex Task 3888 || Developer: Developer888 || Priority: 4 || Dependency on TaskId: [3889]
=> New Task ID: 3889 || Description: Complex Task 3889 || Developer: Developer889 || Priority: 5 || Dependency on TaskId: [3890]
=> New Task ID: 3890 || Description: Complex Task 3890 || Developer: Developer890 || Priority: 1 || Dependency on TaskId: [3891]
=> New Task ID: 3891 || Description: Complex Task 3891 || Developer: Developer891 || Priority: 2 || Dependency on TaskId: [3892]
=> New Task ID: 3892 || Description: Complex Task 3892 || Developer: Developer892 || Priority: 3 || Dependency on TaskId: [3893]
=> New Task ID: 3893 || Description: Complex Task 3893 || Developer: Developer893 || Priority: 4 || Dependency on TaskId: [3894]
=> New Task ID: 3894 || Description: Complex Task 3894 || Developer: Developer894 || Priority: 5 || Dependency on TaskId: [3895]
=> New Task ID: 3895 || Description: Complex Task 3895 || Developer: Developer895 || Priority: 1 || Dependency on TaskId: [3896]
=> New Task ID: 3896 || Description: Complex Task 3896 || Developer: Developer896 || Priority: 2 || Dependency on TaskId: [3897]
=> New Task ID: 3897 || Description: Complex Task 3897 || Developer: Developer897 || Priority: 3 || Dependency on TaskId: [3898]
=> New Task ID: 3898 || Description: Complex Task 3898 || Developer: Developer898 || Priority: 4 || Dependency on TaskId: [3899]
=> New Task ID: 3899 || Description: Complex Task 3899 || Developer: Developer899 || Priority: 5 || Dependency on TaskId: [3900]
=> New Task ID: 3900 || Description: Complex Task 3900 || Developer: Developer900 || Priority: 1 || Dependency on TaskId: [3901]
=> New Task ID: 3901 || Description: Complex Task 3901 || Developer: Developer901 || Priority: 2 || Dependency on TaskId: [3902]
=> New Task ID: 3902 || Description: Complex Task 3902 || Developer: Developer902 || Priority: 3 || Dependency on TaskId: [3903]
=> New Task ID: 3903 || Description: Complex Task 3903 || Developer: Developer903 || Priority: 4 || Dependency on TaskId: [3904]
=> New Task ID: 3904 || Description: Complex Task 3904 || Developer: Developer904 || Priority: 5 || Dependency on TaskId: [3905]
=> New Task ID: 3905 || Description: Complex Task 3905 || Developer: Developer905 || Priority: 1 || Dependency on TaskId: [3906]
=> New Task ID: 3906 || Description: Complex Task 3906 || Developer: Developer906 || Priority: 2 || Dependency on TaskId: [3907]
=> New Task ID: 3907 || Description: Complex Task 3907 || Developer: Developer907 || Priority: 3 || Dependency on TaskId: [3908]
=> New Task ID: 3908 || Description: Complex Task 3908 || Developer: Developer908 || Priority: 4 || Dependency on TaskId: [3909]
=> New Task ID: 3909 || Description: Complex Task 3909 || Developer: Developer909 || Priority: 5 || Dependency on TaskId: [3910]
=> New Task ID: 3910 || Description: Complex Task 3910 || Developer: Developer910 || Priority: 1 || Dependency on TaskId: [3911]
=> New Task ID: 3911 || Description: Complex Task 3911 || Developer: Developer911 || Priority: 2 || Dependency on TaskId: [3912]
=> New Task ID: 3912 || Description: Complex Task 3912 || Developer: Developer912 || Priority: 3 || Dependency on TaskId: [3913]
=> New Task ID: 3913 || Description: Complex Task 3913 || Developer: Developer913 || Priority: 4 || Dependency on TaskId: [3914]
=> New Task ID: 3914 || Description: Complex Task 3914 || Developer: Developer914 || Priority: 5 || Dependency on TaskId: [3915]
=> New Task ID: 3915 || Description: Complex Task 3915 || Developer: Developer915 || Priority: 1 || Dependency on TaskId: [3916]
=> New Task ID: 3916 || Description: Complex Task 3916 || Developer: Developer916 || Priority: 2 || Dependency on TaskId: [3917]
=> New Task ID: 3917 || Description: Complex Task 3917 || Developer: Developer917 || Priority: 3 || Dependency on TaskId: [3918]
=> New Task ID: 3918 || Description: Complex Task 3918 || Developer: Developer918 || Priority: 4 || Dependency on TaskId: [3919]
=> New Task ID: 3919 || Description: Complex Task 3919 || Developer: Developer919 || Priority: 5 || Dependency on TaskId: [3920]
=> New Task ID: 3920 || Description: Complex Task 3920 || Developer: Developer920 || Priority: 1 || Dependency on TaskId: [3921]
=> New Task ID: 3921 || Description: Complex Task 3921 || Developer: Developer921 || Priority: 2 || Dependency on TaskId: [3922]
=> New Task ID: 3922 || Description: Complex Task 3922 || Developer: Developer922 || Priority: 3 || Dependency on TaskId: [3923]
=> New Task ID: 3923 || Description: Complex Task 3923 || Developer: Developer923 || Priority: 4 || Dependency on TaskId: [3924]
=> New Task ID: 3924 || Description: Complex Task 3924 || Developer: Developer924 || Priority: 5 || Dependency on TaskId: [3925]
=> New Task ID: 3925 || Description: Complex Task 3925 || Developer: Developer925 || Priority: 1 || Dependency on TaskId: [3926]
=> New Task ID: 3926 || Description: Complex Task 3926 || Developer: Developer926 || Priority: 2 || Dependency on TaskId: [3927]
=> New Task ID: 3927 || Description: Complex Task 3927 || Developer: Developer927 || Priority: 3 || Dependency on TaskId: [3928]
=> New Task ID: 3928 || Description: Complex Task 3928 || Developer: Developer928 || Priority: 4 || Dependency on TaskId: [3929]
=> New Task ID: 3929 || Description: Complex Task 3929 || Developer: Developer929 || Priority: 5 || Dependency on TaskId: [3930]
=> New Task ID: 3930 || Description: Complex Task 3930 || Developer: Developer930 || Priority: 1 || Dependency on TaskId: [3931]
=> New Task ID: 3931 || Description: Complex Task 3931 || Developer: Developer931 || Priority: 2 || Dependency on TaskId: [3932]
=> New Task ID: 3932 || Description: Complex Task 3932 || Developer: Developer932 || Priority: 3 || Dependency on TaskId: [3933]
=> New Task ID: 3933 || Description: Complex Task 3933 || Developer: Developer933 || Priority: 4 || Dependency on TaskId: [3934]
=> New Task ID: 3934 || Description: Complex Task 3934 || Developer: Developer934 || Priority: 5 || Dependency on TaskId: [3935]
=> New Task ID: 3935 || Description: Complex Task 3935 || Developer: Developer935 || Priority: 1 || Dependency on TaskId: [3936]
=> New Task ID: 3936 || Description: Complex Task 3936 || Developer: Developer936 || Priority: 2 || Dependency on TaskId: [3937]
=> New Task ID: 3937 || Description: Complex Task 3937 || Developer: Developer937 || Priority: 3 || Dependency on TaskId: [3938]
=> New Task ID: 3938 || Description: Complex Task 3938 || Developer: Developer938 || Priority: 4 || Dependency on TaskId: [3939]
=> New Task ID: 3939 || Description: Complex Task 3939 || Developer: Developer939 || Priority: 5 || Dependency on TaskId: [3940]
=> New Task ID: 3940 || Description: Complex Task 3940 || Developer: Developer940 || Priority: 1 || Dependency on TaskId: [3941]
=> New Task ID: 3941 || Description: Complex Task 3941 || Developer: Developer941 || Priority: 2 || Dependency on TaskId: [3942]
=> New Task ID: 3942 || Description: Complex Task 3942 || Developer: Developer942 || Priority: 3 || Dependency on TaskId: [3943]
=> New Task ID: 3943 || Description: Complex Task 3943 || Developer: Developer943 || Priority: 4 || Dependency on TaskId: [3944]
=> New Task ID: 3944 || Description: Complex Task 3944 || Developer: Developer944 || Priority: 5 || Dependency on TaskId: [3945]
=> New Task ID: 3945 || Description: Complex Task 3945 || Developer: Developer945 || Priority: 1 || Dependency on TaskId: [3946]
=> New Task ID: 3946 || Description: Complex Task 3946 || Developer: Developer946 || Priority: 2 || Dependency on TaskId: [3947]
=> New Task ID: 3947 || Description: Complex Task 3947 || Developer: Developer947 || Priority: 3 || Dependency on TaskId: [3948]
=> New Task ID: 3948 || Description: Complex Task 3948 || Developer: Developer948 || Priority: 4 || Dependency on TaskId: [3949]
=> New Task ID: 3949 || Description: Complex Task 3949 || Developer: Developer949 || Priority: 5 || Dependency on TaskId: [3950]
=> New Task ID: 3950 || Description: Complex Task 3950 || Developer: Developer950 || Priority: 1 || Dependency on TaskId: [3951]
=> New Task ID: 3951 || Description: Complex Task 3951 || Developer: Developer951 || Priority: 2 || Dependency on TaskId: [3952]
=> New Task ID: 3952 || Description: Complex Task 3952 || Developer: Developer952 || Priority: 3 || Dependency on TaskId: [3953]
=> New Task ID: 3953 || Description: Complex Task 3953 || Developer: Developer953 || Priority: 4 || Dependency on TaskId: [3954]
=> New Task ID: 3954 || Description: Complex Task 3954 || Developer: Developer954 || Priority: 5 || Dependency on TaskId: [3955]
=> New Task ID: 3955 || Description: Complex Task 3955 || Developer: Developer955 || Priority: 1 || Dependency on TaskId: [3956]
=> New Task ID: 3956 || Description: Complex Task 3956 || Developer: Developer956 || Priority: 2 || Dependency on TaskId: [3957]
=> New Task ID: 3957 || Description: Complex Task 3957 || Developer: Developer957 || Priority: 3 || Dependency on TaskId: [3958]
=> New Task ID: 3958 || Description: Complex Task 3958 || Developer: Developer958 || Priority: 4 || Dependency on TaskId: [3959]
=> New Task ID: 3959 || Description: Complex Task 3959 || Developer: Developer959 || Priority: 5 || Dependency on TaskId: [3960]
=> New Task ID: 3960 || Description: Complex Task 3960 || Developer: Developer960 || Priority: 1 || Dependency on TaskId: [3961]
=> New Task ID: 3961 || Description: Complex Task 3961 || Developer: Developer961 || Priority: 2 || Dependency on TaskId: [3962]
=> New Task ID: 3962 || Description: Complex Task 3962 || Developer: Developer962 || Priority: 3 || Dependency on TaskId: [3963]
=> New Task ID: 3963 || Description: Complex Task 3963 || Developer: Developer963 || Priority: 4 || Dependency on TaskId: [3964]
=> New Task ID: 3964 || Description: Complex Task 3964 || Developer: Developer964 || Priority: 5 || Dependency on TaskId: [3965]
=> New Task ID: 3965 || Description: Complex Task 3965 || Developer: Developer965 || Priority: 1 || Dependency on TaskId: [3966]
=> New Task ID: 3966 || Description: Complex Task 3966 || Developer: Developer966 || Priority: 2 || Dependency on TaskId: [3967]
=> New Task ID: 3967 || Description: Complex Task 3967 || Developer: Developer967 || Priority: 3 || Dependency on TaskId: [3968]
=> New Task ID: 3968 || Description: Complex Task 3968 || Developer: Developer968 || Priority: 4 || Dependency on TaskId: [3969]
=> New Task ID: 3969 || Description: Complex Task 3969 || Developer: Developer969 || Priority: 5 || Dependency on TaskId: [3970]
=> New Task ID: 3970 || Description: Complex Task 3970 || Developer: Developer970 || Priority: 1 || Dependency on TaskId: [3971]
=> New Task ID: 3971 || Description: Complex Task 3971 || Developer: Developer971 || Priority: 2 || Dependency on TaskId: [3972]
=> New Task ID: 3972 || Description: Complex Task 3972 || Developer: Developer972 || Priority: 3 || Dependency on TaskId: [3973]
=> New Task ID: 3973 || Description: Complex Task 3973 || Developer: Developer973 || Priority: 4 || Dependency on TaskId: [3974]
=> New Task ID: 3974 || Description: Complex Task 3974 || Developer: Developer974 || Priority: 5 || Dependency on TaskId: [3975]
=> New Task ID: 3975 || Description: Complex Task 3975 || Developer: Developer975 || Priority: 1 || Dependency on TaskId: [3976]
=> New Task ID: 3976 || Description: Complex Task 3976 || Developer: Developer976 || Priority: 2 || Dependency on TaskId: [3977]
=> New Task ID: 3977 || Description: Complex Task 3977 || Developer: Developer977 || Priority: 3 || Dependency on TaskId: [3978]
=> New Task ID: 3978 || Description: Complex Task 3978 || Developer: Developer978 || Priority: 4 || Dependency on TaskId: [3979]
=> New Task ID: 3979 || Description: Complex Task 3979 || Developer: Developer979 || Priority: 5 || Dependency on TaskId: [3980]
=> New Task ID: 3980 || Description: Complex Task 3980 || Developer: Developer980 || Priority: 1 || Dependency on TaskId: [3981]
=> New Task ID: 3981 || Description: Complex Task 3981 || Developer: Developer981 || Priority: 2 || Dependency on TaskId: [3982]
=> New Task ID: 3982 || Description: Complex Task 3982 || Developer: Developer982 || Priority: 3 || Dependency on TaskId: [3983]
=> New Task ID: 3983 || Description: Complex Task 3983 || Developer: Developer983 || Priority: 4 || Dependency on TaskId: [3984]
=> New Task ID: 3984 || Description: Complex Task 3984 || Developer: Developer984 || Priority: 5 || Dependency on TaskId: [3985]
=> New Task ID: 3985 || Description: Complex Task 3985 || Developer: Developer985 || Priority: 1 || Dependency on TaskId: [3986]
=> New Task ID: 3986 || Description: Complex Task 3986 || Developer: Developer986 || Priority: 2 || Dependency on TaskId: [3987]
=> New Task ID: 3987 || Description: Complex Task 3987 || Developer: Developer987 || Priority: 3 || Dependency on TaskId: [3988]
=> New Task ID: 3988 || Description: Complex Task 3988 || Developer: Developer988 || Priority: 4 || Dependency on TaskId: [3989]
=> New Task ID: 3989 || Description: Complex Task 3989 || Developer: Developer989 || Priority: 5 || Dependency on TaskId: [3990]
=> New Task ID: 3990 || Description: Complex Task 3990 || Developer: Developer990 || Priority: 1 || Dependency on TaskId: [3991]
=> New Task ID: 3991 || Description: Complex Task 3991 || Developer: Developer991 || Priority: 2 || Dependency on TaskId: [3992]
=> New Task ID: 3992 || Description: Complex Task 3992 || Developer: Developer992 || Priority: 3 || Dependency on TaskId: [3993]
=> New Task ID: 3993 || Description: Complex Task 3993 || Developer: Developer993 || Priority: 4 || Dependency on TaskId: [3994]
=> New Task ID: 3994 || Description: Complex Task 3994 || Developer: Developer994 || Priority: 5 || Dependency on TaskId: [3995]
=> New Task ID: 3995 || Description: Complex Task 3995 || Developer: Developer995 || Priority: 1 || Dependency on TaskId: [3996]
=> New Task ID: 3996 || Description: Complex Task 3996 || Developer: Developer996 || Priority: 2 || Dependency on TaskId: [3997]
=> New Task ID: 3997 || Description: Complex Task 3997 || Developer: Developer997 || Priority: 3 || Dependency on TaskId: [3998]
=> New Task ID: 3998 || Description: Complex Task 3998 || Developer: Developer998 || Priority: 4 || Dependency on TaskId: [3999]
=> New Task ID: 3999 || Description: Complex Task 3999 || Developer: Developer999 || Priority: 5 || Dependency on TaskId: [4000]
=> New Task ID: 4000 || Description: Complex Task 4000 || Developer: Developer0 || Priority: 1 || Dependency on TaskId: [4001]
=> New Task ID: 4001 || Description: Complex Task 4001 || Developer: Developer1 || Priority: 2 || Dependency on TaskId: [4002]
=> New Task ID: 4002 || Description: Complex Task 4002 || Developer: Developer2 || Priority: 3 || Dependency on TaskId: [4003]
=> New Task ID: 4003 || Description: Complex Task 4003 || Developer: Developer3 || Priority: 4 || Dependency on TaskId: [4004]
=> New Task ID: 4004 || Description: Complex Task 4004 || Developer: Developer4 || Priority: 5 || Dependency on TaskId: [4005]
=> New Task ID: 4005 || Description: Complex Task 4005 || Developer: Developer5 || Priority: 1 || Dependency on TaskId: [4006]
=> New Task ID: 4006 || Description: Complex Task 4006 || Developer: Developer6 || Priority: 2 || Dependency on TaskId: [4007]
=> New Task ID: 4007 || Description: Complex Task 4007 || Developer: Developer7 || Priority: 3 || Dependency on TaskId: [4008]
=> New Task ID: 4008 || Description: Complex Task 4008 || Developer: Developer8 || Priority: 4 || Dependency on TaskId: [4009]
=> New Task ID: 4009 || Description: Complex Task 4009 || Developer: Developer9 || Priority: 5 || Dependency on TaskId: [4010]
=> New Task ID: 4010 || Description: Complex Task 4010 || Developer: Developer10 || Priority: 1 || Dependency on TaskId: [4011]
=> New Task ID: 4011 || Description: Complex Task 4011 || Developer: Developer11 || Priority: 2 || Dependency on TaskId: [4012]
=> New Task ID: 4012 || Description: Complex Task 4012 || Developer: Developer12 || Priority: 3 || Dependency on TaskId: [4013]
=> New Task ID: 4013 || Description: Complex Task 4013 || Developer: Developer13 || Priority: 4 || Dependency on TaskId: [4014]
=> New Task ID: 4014 || Description: Complex Task 4014 || Developer: Developer14 || Priority: 5 || Dependency on TaskId: [4015]
=> New Task ID: 4015 || Description: Complex Task 4015 || Developer: Developer15 || Priority: 1 || Dependency on TaskId: [4016]
=> New Task ID: 4016 || Description: Complex Task 4016 || Developer: Developer16 || Priority: 2 || Dependency on TaskId: [4017]
=> New Task ID: 4017 || Description: Complex Task 4017 || Developer: Developer17 || Priority: 3 || Dependency on TaskId: [4018]
=> New Task ID: 4018 || Description: Complex Task 4018 || Developer: Developer18 || Priority: 4 || Dependency on TaskId: [4019]
=> New Task ID: 4019 || Description: Complex Task 4019 || Developer: Developer19 || Priority: 5 || Dependency on TaskId: [4020]
=> New Task ID: 4020 || Description: Complex Task 4020 || Developer: Developer20 || Priority: 1 || Dependency on TaskId: [4021]
=> New Task ID: 4021 || Description: Complex Task 4021 || Developer: Developer21 || Priority: 2 || Dependency on TaskId: [4022]
=> New Task ID: 4022 || Description: Complex Task 4022 || Developer: Developer22 || Priority: 3 || Dependency on TaskId: [4023]
=> New Task ID: 4023 || Description: Complex Task 4023 || Developer: Developer23 || Priority: 4 || Dependency on TaskId: [4024]
=> New Task ID: 4024 || Description: Complex Task 4024 || Developer: Developer24 || Priority: 5 || Dependency on TaskId: [4025]
=> New Task ID: 4025 || Description: Complex Task 4025 || Developer: Developer25 || Priority: 1 || Dependency on TaskId: [4026]
=> New Task ID: 4026 || Description: Complex Task 4026 || Developer: Developer26 || Priority: 2 || Dependency on TaskId: [4027]
=> New Task ID: 4027 || Description: Complex Task 4027 || Developer: Developer27 || Priority: 3 || Dependency on TaskId: [4028]
=> New Task ID: 4028 || Description: Complex Task 4028 || Developer: Developer28 || Priority: 4 || Dependency on TaskId: [4029]
=> New Task ID: 4029 || Description: Complex Task 4029 || Developer: Developer29 || Priority: 5 || Dependency on TaskId: [4030]
=> New Task ID: 4030 || Description: Complex Task 4030 || Developer: Developer30 || Priority: 1 || Dependency on TaskId: [4031]
=> New Task ID: 4031 || Description: Complex Task 4031 || Developer: Developer31 || Priority: 2 || Dependency on TaskId: [4032]
=> New Task ID: 4032 || Description: Complex Task 4032 || Developer: Developer32 || Priority: 3 || Dependency on TaskId: [4033]
=> New Task ID: 4033 || Description: Complex Task 4033 || Developer: Developer33 || Priority: 4 || Dependency on TaskId: [4034]
=> New Task ID: 4034 || Description: Complex Task 4034 || Developer: Developer34 || Priority: 5 || Dependency on TaskId: [4035]
=> New Task ID: 4035 || Description: Complex Task 4035 || Developer: Developer35 || Priority: 1 || Dependency on TaskId: [4036]
=> New Task ID: 4036 || Description: Complex Task 4036 || Developer: Developer36 || Priority: 2 || Dependency on TaskId: [4037]
=> New Task ID: 4037 || Description: Complex Task 4037 || Developer: Developer37 || Priority: 3 || Dependency on TaskId: [4038]
=> New Task ID: 4038 || Description: Complex Task 4038 || Developer: Developer38 || Priority: 4 || Dependency on TaskId: [4039]
=> New Task ID: 4039 || Description: Complex Task 4039 || Developer: Developer39 || Priority: 5 || Dependency on TaskId: [4040]
=> New Task ID: 4040 || Description: Complex Task 4040 || Developer: Developer40 || Priority: 1 || Dependency on TaskId: [4041]
=> New Task ID: 4041 || Description: Complex Task 4041 || Developer: Developer41 || Priority: 2 || Dependency on TaskId: [4042]
=> New Task ID: 4042 || Description: Complex Task 4042 || Developer: Developer42 || Priority: 3 || Dependency on TaskId: [4043]
=> New Task ID: 4043 || Description: Complex Task 4043 || Developer: Developer43 || Priority: 4 || Dependency on TaskId: [4044]
=> New Task ID: 4044 || Description: Complex Task 4044 || Developer: Developer44 || Priority: 5 || Dependency on TaskId: [4045]
=> New Task ID: 4045 || Description: Complex Task 4045 || Developer: Developer45 || Priority: 1 || Dependency on TaskId: [4046]
=> New Task ID: 4046 || Description: Complex Task 4046 || Developer: Developer46 || Priority: 2 || Dependency on TaskId: [4047]
=> New Task ID: 4047 || Description: Complex Task 4047 || Developer: Developer47 || Priority: 3 || Dependency on TaskId: [4048]
=> New Task ID: 4048 || Description: Complex Task 4048 || Developer: Developer48 || Priority: 4 || Dependency on TaskId: [4049]
=> New Task ID: 4049 || Description: Complex Task 4049 || Developer: Developer49 || Priority: 5 || Dependency on TaskId: [4050]
=> New Task ID: 4050 || Description: Complex Task 4050 || Developer: Developer50 || Priority: 1 || Dependency on TaskId: [4051]
=> New Task ID: 4051 || Description: Complex Task 4051 || Developer: Developer51 || Priority: 2 || Dependency on TaskId: [4052]
=> New Task ID: 4052 || Description: Complex Task 4052 || Developer: Developer52 || Priority: 3 || Dependency on TaskId: [4053]
=> New Task ID: 4053 || Description: Complex Task 4053 || Developer: Developer53 || Priority: 4 || Dependency on TaskId: [4054]
=> New Task ID: 4054 || Description: Complex Task 4054 || Developer: Developer54 || Priority: 5 || Dependency on TaskId: [4055]
=> New Task ID: 4055 || Description: Complex Task 4055 || Developer: Developer55 || Priority: 1 || Dependency on TaskId: [4056]
=> New Task ID: 4056 || Description: Complex Task 4056 || Developer: Developer56 || Priority: 2 || Dependency on TaskId: [4057]
=> New Task ID: 4057 || Description: Complex Task 4057 || Developer: Developer57 || Priority: 3 || Dependency on TaskId: [4058]
=> New Task ID: 4058 || Description: Complex Task 4058 || Developer: Developer58 || Priority: 4 || Dependency on TaskId: [4059]
=> New Task ID: 4059 || Description: Complex Task 4059 || Developer: Developer59 || Priority: 5 || Dependency on TaskId: [4060]
=> New Task ID: 4060 || Description: Complex Task 4060 || Developer: Developer60 || Priority: 1 || Dependency on TaskId: [4061]
=> New Task ID: 4061 || Description: Complex Task 4061 || Developer: Developer61 || Priority: 2 || Dependency on TaskId: [4062]
=> New Task ID: 4062 || Description: Complex Task 4062 || Developer: Developer62 || Priority: 3 || Dependency on TaskId: [4063]
=> New Task ID: 4063 || Description: Complex Task 4063 || Developer: Developer63 || Priority: 4 || Dependency on TaskId: [4064]
=> New Task ID: 4064 || Description: Complex Task 4064 || Developer: Developer64 || Priority: 5 || Dependency on TaskId: [4065]
=> New Task ID: 4065 || Description: Complex Task 4065 || Developer: Developer65 || Priority: 1 || Dependency on TaskId: [4066]
=> New Task ID: 4066 || Description: Complex Task 4066 || Developer: Developer66 || Priority: 2 || Dependency on TaskId: [4067]
=> New Task ID: 4067 || Description: Complex Task 4067 || Developer: Developer67 || Priority: 3 || Dependency on TaskId: [4068]
=> New Task ID: 4068 || Description: Complex Task 4068 || Developer: Developer68 || Priority: 4 || Dependency on TaskId: [4069]
=> New Task ID: 4069 || Description: Complex Task 4069 || Developer: Developer69 || Priority: 5 || Dependency on TaskId: [4070]
=> New Task ID: 4070 || Description: Complex Task 4070 || Developer: Developer70 || Priority: 1 || Dependency on TaskId: [4071]
=> New Task ID: 4071 || Description: Complex Task 4071 || Developer: Developer71 || Priority: 2 || Dependency on TaskId: [4072]
=> New Task ID: 4072 || Description: Complex Task 4072 || Developer: Developer72 || Priority: 3 || Dependency on TaskId: [4073]
=> New Task ID: 4073 || Description: Complex Task 4073 || Developer: Developer73 || Priority: 4 || Dependency on TaskId: [4074]
=> New Task ID: 4074 || Description: Complex Task 4074 || Developer: Developer74 || Priority: 5 || Dependency on TaskId: [4075]
=> New Task ID: 4075 || Description: Complex Task 4075 || Developer: Developer75 || Priority: 1 || Dependency on TaskId: [4076]
=> New Task ID: 4076 || Description: Complex Task 4076 || Developer: Developer76 || Priority: 2 || Dependency on TaskId: [4077]
=> New Task ID: 4077 || Description: Complex Task 4077 || Developer: Developer77 || Priority: 3 || Dependency on TaskId: [4078]
=> New Task ID: 4078 || Description: Complex Task 4078 || Developer: Developer78 || Priority: 4 || Dependency on TaskId: [4079]
=> New Task ID: 4079 || Description: Complex Task 4079 || Developer: Developer79 || Priority: 5 || Dependency on TaskId: [4080]
=> New Task ID: 4080 || Description: Complex Task 4080 || Developer: Developer80 || Priority: 1 || Dependency on TaskId: [4081]
=> New Task ID: 4081 || Description: Complex Task 4081 || Developer: Developer81 || Priority: 2 || Dependency on TaskId: [4082]
=> New Task ID: 4082 || Description: Complex Task 4082 || Developer: Developer82 || Priority: 3 || Dependency on TaskId: [4083]
=> New Task ID: 4083 || Description: Complex Task 4083 || Developer: Developer83 || Priority: 4 || Dependency on TaskId: [4084]
=> New Task ID: 4084 || Description: Complex Task 4084 || Developer: Developer84 || Priority: 5 || Dependency on TaskId: [4085]
=> New Task ID: 4085 || Description: Complex Task 4085 || Developer: Developer85 || Priority: 1 || Dependency on TaskId: [4086]
=> New Task ID: 4086 || Description: Complex Task 4086 || Developer: Developer86 || Priority: 2 || Dependency on TaskId: [4087]
=> New Task ID: 4087 || Description: Complex Task 4087 || Developer: Developer87 || Priority: 3 || Dependency on TaskId: [4088]
=> New Task ID: 4088 || Description: Complex Task 4088 || Developer: Developer88 || Priority: 4 || Dependency on TaskId: [4089]
=> New Task ID: 4089 || Description: Complex Task 4089 || Developer: Developer89 || Priority: 5 || Dependency on TaskId: [4090]
=> New Task ID: 4090 || Description: Complex Task 4090 || Developer: Developer90 || Priority: 1 || Dependency on TaskId: [4091]
=> New Task ID: 4091 || Description: Complex Task 4091 || Developer: Developer91 || Priority: 2 || Dependency on TaskId: [4092]
=> New Task ID: 4092 || Description: Complex Task 4092 || Developer: Developer92 || Priority: 3 || Dependency on TaskId: [4093]
=> New Task ID: 4093 || Description: Complex Task 4093 || Developer: Developer93 || Priority: 4 || Dependency on TaskId: [4094]
=> New Task ID: 4094 || Description: Complex Task 4094 || Developer: Developer94 || Priority: 5 || Dependency on TaskId: [4095]
=> New Task ID: 4095 || Description: Complex Task 4095 || Developer: Developer95 || Priority: 1 || Dependency on TaskId: [4096]
=> New Task ID: 4096 || Description: Complex Task 4096 || Developer: Developer96 || Priority: 2 || Dependency on TaskId: [4097]
=> New Task ID: 4097 || Description: Complex Task 4097 || Developer: Developer97 || Priority: 3 || Dependency on TaskId: [4098]
=> New Task ID: 4098 || Description: Complex Task 4098 || Developer: Developer98 || Priority: 4 || Dependency on TaskId: [4099]
=> New Task ID: 4099 || Description: Complex Task 4099 || Developer: Developer99 || Priority: 5 || Dependency on TaskId: [4100]
=> New Task ID: 4100 || Description: Complex Task 4100 || Developer: Developer100 || Priority: 1 || Dependency on TaskId: [4101]
=> New Task ID: 4101 || Description: Complex Task 4101 || Developer: Developer101 || Priority: 2 || Dependency on TaskId: [4102]
=> New Task ID: 4102 || Description: Complex Task 4102 || Developer: Developer102 || Priority: 3 || Dependency on TaskId: [4103]
=> New Task ID: 4103 || Description: Complex Task 4103 || Developer: Developer103 || Priority: 4 || Dependency on TaskId: [4104]
=> New Task ID: 4104 || Description: Complex Task 4104 || Developer: Developer104 || Priority: 5 || Dependency on TaskId: [4105]
=> New Task ID: 4105 || Description: Complex Task 4105 || Developer: Developer105 || Priority: 1 || Dependency on TaskId: [4106]
=> New Task ID: 4106 || Description: Complex Task 4106 || Developer: Developer106 || Priority: 2 || Dependency on TaskId: [4107]
=> New Task ID: 4107 || Description: Complex Task 4107 || Developer: Developer107 || Priority: 3 || Dependency on TaskId: [4108]
=> New Task ID: 4108 || Description: Complex Task 4108 || Developer: Developer108 || Priority: 4 || Dependency on TaskId: [4109]
=> New Task ID: 4109 || Description: Complex Task 4109 || Developer: Developer109 || Priority: 5 || Dependency on TaskId: [4110]
=> New Task ID: 4110 || Description: Complex Task 4110 || Developer: Developer110 || Priority: 1 || Dependency on TaskId: [4111]
=> New Task ID: 4111 || Description: Complex Task 4111 || Developer: Developer111 || Priority: 2 || Dependency on TaskId: [4112]
=> New Task ID: 4112 || Description: Complex Task 4112 || Developer: Developer112 || Priority: 3 || Dependency on TaskId: [4113]
=> New Task ID: 4113 || Description: Complex Task 4113 || Developer: Developer113 || Priority: 4 || Dependency on TaskId: [4114]
=> New Task ID: 4114 || Description: Complex Task 4114 || Developer: Developer114 || Priority: 5 || Dependency on TaskId: [4115]
=> New Task ID: 4115 || Description: Complex Task 4115 || Developer: Developer115 || Priority: 1 || Dependency on TaskId: [4116]
=> New Task ID: 4116 || Description: Complex Task 4116 || Developer: Developer116 || Priority: 2 || Dependency on TaskId: [4117]
=> New Task ID: 4117 || Description: Complex Task 4117 || Developer: Developer117 || Priority: 3 || Dependency on TaskId: [4118]
=> New Task ID: 4118 || Description: Complex Task 4118 || Developer: Developer118 || Priority: 4 || Dependency on TaskId: [4119]
=> New Task ID: 4119 || Description: Complex Task 4119 || Developer: Developer119 || Priority: 5 || Dependency on TaskId: [4120]
=> New Task ID: 4120 || Description: Complex Task 4120 || Developer: Developer120 || Priority: 1 || Dependency on TaskId: [4121]
=> New Task ID: 4121 || Description: Complex Task 4121 || Developer: Developer121 || Priority: 2 || Dependency on TaskId: [4122]
=> New Task ID: 4122 || Description: Complex Task 4122 || Developer: Developer122 || Priority: 3 || Dependency on TaskId: [4123]
=> New Task ID: 4123 || Description: Complex Task 4123 || Developer: Developer123 || Priority: 4 || Dependency on TaskId: [4124]
=> New Task ID: 4124 || Description: Complex Task 4124 || Developer: Developer124 || Priority: 5 || Dependency on TaskId: [4125]
=> New Task ID: 4125 || Description: Complex Task 4125 || Developer: Developer125 || Priority: 1 || Dependency on TaskId: [4126]
=> New Task ID: 4126 || Description: Complex Task 4126 || Developer: Developer126 || Priority: 2 || Dependency on TaskId: [4127]
=> New Task ID: 4127 || Description: Complex Task 4127 || Developer: Developer127 || Priority: 3 || Dependency on TaskId: [4128]
=> New Task ID: 4128 || Description: Complex Task 4128 || Developer: Developer128 || Priority: 4 || Dependency on TaskId: [4129]
=> New Task ID: 4129 || Description: Complex Task 4129 || Developer: Developer129 || Priority: 5 || Dependency on TaskId: [4130]
=> New Task ID: 4130 || Description: Complex Task 4130 || Developer: Developer130 || Priority: 1 || Dependency on TaskId: [4131]
=> New Task ID: 4131 || Description: Complex Task 4131 || Developer: Developer131 || Priority: 2 || Dependency on TaskId: [4132]
=> New Task ID: 4132 || Description: Complex Task 4132 || Developer: Developer132 || Priority: 3 || Dependency on TaskId: [4133]
=> New Task ID: 4133 || Description: Complex Task 4133 || Developer: Developer133 || Priority: 4 || Dependency on TaskId: [4134]
=> New Task ID: 4134 || Description: Complex Task 4134 || Developer: Developer134 || Priority: 5 || Dependency on TaskId: [4135]
=> New Task ID: 4135 || Description: Complex Task 4135 || Developer: Developer135 || Priority: 1 || Dependency on TaskId: [4136]
=> New Task ID: 4136 || Description: Complex Task 4136 || Developer: Developer136 || Priority: 2 || Dependency on TaskId: [4137]
=> New Task ID: 4137 || Description: Complex Task 4137 || Developer: Developer137 || Priority: 3 || Dependency on TaskId: [4138]
=> New Task ID: 4138 || Description: Complex Task 4138 || Developer: Developer138 || Priority: 4 || Dependency on TaskId: [4139]
=> New Task ID: 4139 || Description: Complex Task 4139 || Developer: Developer139 || Priority: 5 || Dependency on TaskId: [4140]
=> New Task ID: 4140 || Description: Complex Task 4140 || Developer: Developer140 || Priority: 1 || Dependency on TaskId: [4141]
=> New Task ID: 4141 || Description: Complex Task 4141 || Developer: Developer141 || Priority: 2 || Dependency on TaskId: [4142]
=> New Task ID: 4142 || Description: Complex Task 4142 || Developer: Developer142 || Priority: 3 || Dependency on TaskId: [4143]
=> New Task ID: 4143 || Description: Complex Task 4143 || Developer: Developer143 || Priority: 4 || Dependency on TaskId: [4144]
=> New Task ID: 4144 || Description: Complex Task 4144 || Developer: Developer144 || Priority: 5 || Dependency on TaskId: [4145]
=> New Task ID: 4145 || Description: Complex Task 4145 || Developer: Developer145 || Priority: 1 || Dependency on TaskId: [4146]
=> New Task ID: 4146 || Description: Complex Task 4146 || Developer: Developer146 || Priority: 2 || Dependency on TaskId: [4147]
=> New Task ID: 4147 || Description: Complex Task 4147 || Developer: Developer147 || Priority: 3 || Dependency on TaskId: [4148]
=> New Task ID: 4148 || Description: Complex Task 4148 || Developer: Developer148 || Priority: 4 || Dependency on TaskId: [4149]
=> New Task ID: 4149 || Description: Complex Task 4149 || Developer: Developer149 || Priority: 5 || Dependency on TaskId: [4150]
=> New Task ID: 4150 || Description: Complex Task 4150 || Developer: Developer150 || Priority: 1 || Dependency on TaskId: [4151]
=> New Task ID: 4151 || Description: Complex Task 4151 || Developer: Developer151 || Priority: 2 || Dependency on TaskId: [4152]
=> New Task ID: 4152 || Description: Complex Task 4152 || Developer: Developer152 || Priority: 3 || Dependency on TaskId: [4153]
=> New Task ID: 4153 || Description: Complex Task 4153 || Developer: Developer153 || Priority: 4 || Dependency on TaskId: [4154]
=> New Task ID: 4154 || Description: Complex Task 4154 || Developer: Developer154 || Priority: 5 || Dependency on TaskId: [4155]
=> New Task ID: 4155 || Description: Complex Task 4155 || Developer: Developer155 || Priority: 1 || Dependency on TaskId: [4156]
=> New Task ID: 4156 || Description: Complex Task 4156 || Developer: Developer156 || Priority: 2 || Dependency on TaskId: [4157]
=> New Task ID: 4157 || Description: Complex Task 4157 || Developer: Developer157 || Priority: 3 || Dependency on TaskId: [4158]
=> New Task ID: 4158 || Description: Complex Task 4158 || Developer: Developer158 || Priority: 4 || Dependency on TaskId: [4159]
=> New Task ID: 4159 || Description: Complex Task 4159 || Developer: Developer159 || Priority: 5 || Dependency on TaskId: [4160]
=> New Task ID: 4160 || Description: Complex Task 4160 || Developer: Developer160 || Priority: 1 || Dependency on TaskId: [4161]
=> New Task ID: 4161 || Description: Complex Task 4161 || Developer: Developer161 || Priority: 2 || Dependency on TaskId: [4162]
=> New Task ID: 4162 || Description: Complex Task 4162 || Developer: Developer162 || Priority: 3 || Dependency on TaskId: [4163]
=> New Task ID: 4163 || Description: Complex Task 4163 || Developer: Developer163 || Priority: 4 || Dependency on TaskId: [4164]
=> New Task ID: 4164 || Description: Complex Task 4164 || Developer: Developer164 || Priority: 5 || Dependency on TaskId: [4165]
=> New Task ID: 4165 || Description: Complex Task 4165 || Developer: Developer165 || Priority: 1 || Dependency on TaskId: [4166]
=> New Task ID: 4166 || Description: Complex Task 4166 || Developer: Developer166 || Priority: 2 || Dependency on TaskId: [4167]
=> New Task ID: 4167 || Description: Complex Task 4167 || Developer: Developer167 || Priority: 3 || Dependency on TaskId: [4168]
=> New Task ID: 4168 || Description: Complex Task 4168 || Developer: Developer168 || Priority: 4 || Dependency on TaskId: [4169]
=> New Task ID: 4169 || Description: Complex Task 4169 || Developer: Developer169 || Priority: 5 || Dependency on TaskId: [4170]
=> New Task ID: 4170 || Description: Complex Task 4170 || Developer: Developer170 || Priority: 1 || Dependency on TaskId: [4171]
=> New Task ID: 4171 || Description: Complex Task 4171 || Developer: Developer171 || Priority: 2 || Dependency on TaskId: [4172]
=> New Task ID: 4172 || Description: Complex Task 4172 || Developer: Developer172 || Priority: 3 || Dependency on TaskId: [4173]
=> New Task ID: 4173 || Description: Complex Task 4173 || Developer: Developer173 || Priority: 4 || Dependency on TaskId: [4174]
=> New Task ID: 4174 || Description: Complex Task 4174 || Developer: Developer174 || Priority: 5 || Dependency on TaskId: [4175]
=> New Task ID: 4175 || Description: Complex Task 4175 || Developer: Developer175 || Priority: 1 || Dependency on TaskId: [4176]
=> New Task ID: 4176 || Description: Complex Task 4176 || Developer: Developer176 || Priority: 2 || Dependency on TaskId: [4177]
=> New Task ID: 4177 || Description: Complex Task 4177 || Developer: Developer177 || Priority: 3 || Dependency on TaskId: [4178]
=> New Task ID: 4178 || Description: Complex Task 4178 || Developer: Developer178 || Priority: 4 || Dependency on TaskId: [4179]
=> New Task ID: 4179 || Description: Complex Task 4179 || Developer: Developer179 || Priority: 5 || Dependency on TaskId: [4180]
=> New Task ID: 4180 || Description: Complex Task 4180 || Developer: Developer180 || Priority: 1 || Dependency on TaskId: [4181]
=> New Task ID: 4181 || Description: Complex Task 4181 || Developer: Developer181 || Priority: 2 || Dependency on TaskId: [4182]
=> New Task ID: 4182 || Description: Complex Task 4182 || Developer: Developer182 || Priority: 3 || Dependency on TaskId: [4183]
=> New Task ID: 4183 || Description: Complex Task 4183 || Developer: Developer183 || Priority: 4 || Dependency on TaskId: [4184]
=> New Task ID: 4184 || Description: Complex Task 4184 || Developer: Developer184 || Priority: 5 || Dependency on TaskId: [4185]
=> New Task ID: 4185 || Description: Complex Task 4185 || Developer: Developer185 || Priority: 1 || Dependency on TaskId: [4186]
=> New Task ID: 4186 || Description: Complex Task 4186 || Developer: Developer186 || Priority: 2 || Dependency on TaskId: [4187]
=> New Task ID: 4187 || Description: Complex Task 4187 || Developer: Developer187 || Priority: 3 || Dependency on TaskId: [4188]
=> New Task ID: 4188 || Description: Complex Task 4188 || Developer: Developer188 || Priority: 4 || Dependency on TaskId: [4189]
=> New Task ID: 4189 || Description: Complex Task 4189 || Developer: Developer189 || Priority: 5 || Dependency on TaskId: [4190]
=> New Task ID: 4190 || Description: Complex Task 4190 || Developer: Developer190 || Priority: 1 || Dependency on TaskId: [4191]
=> New Task ID: 4191 || Description: Complex Task 4191 || Developer: Developer191 || Priority: 2 || Dependency on TaskId: [4192]
=> New Task ID: 4192 || Description: Complex Task 4192 || Developer: Developer192 || Priority: 3 || Dependency on TaskId: [4193]
=> New Task ID: 4193 || Description: Complex Task 4193 || Developer: Developer193 || Priority: 4 || Dependency on TaskId: [4194]
=> New Task ID: 4194 || Description: Complex Task 4194 || Developer: Developer194 || Priority: 5 || Dependency on TaskId: [4195]
=> New Task ID: 4195 || Description: Complex Task 4195 || Developer: Developer195 || Priority: 1 || Dependency on TaskId: [4196]
=> New Task ID: 4196 || Description: Complex Task 4196 || Developer: Developer196 || Priority: 2 || Dependency on TaskId: [4197]
=> New Task ID: 4197 || Description: Complex Task 4197 || Developer: Developer197 || Priority: 3 || Dependency on TaskId: [4198]
=> New Task ID: 4198 || Description: Complex Task 4198 || Developer: Developer198 || Priority: 4 || Dependency on TaskId: [4199]
=> New Task ID: 4199 || Description: Complex Task 4199 || Developer: Developer199 || Priority: 5 || Dependency on TaskId: [4200]
=> New Task ID: 4200 || Description: Complex Task 4200 || Developer: Developer200 || Priority: 1 || Dependency on TaskId: [4201]
=> New Task ID: 4201 || Description: Complex Task 4201 || Developer: Developer201 || Priority: 2 || Dependency on TaskId: [4202]
=> New Task ID: 4202 || Description: Complex Task 4202 || Developer: Developer202 || Priority: 3 || Dependency on TaskId: [4203]
=> New Task ID: 4203 || Description: Complex Task 4203 || Developer: Developer203 || Priority: 4 || Dependency on TaskId: [4204]
=> New Task ID: 4204 || Description: Complex Task 4204 || Developer: Developer204 || Priority: 5 || Dependency on TaskId: [4205]
=> New Task ID: 4205 || Description: Complex Task 4205 || Developer: Developer205 || Priority: 1 || Dependency on TaskId: [4206]
=> New Task ID: 4206 || Description: Complex Task 4206 || Developer: Developer206 || Priority: 2 || Dependency on TaskId: [4207]
=> New Task ID: 4207 || Description: Complex Task 4207 || Developer: Developer207 || Priority: 3 || Dependency on TaskId: [4208]
=> New Task ID: 4208 || Description: Complex Task 4208 || Developer: Developer208 || Priority: 4 || Dependency on TaskId: [4209]
=> New Task ID: 4209 || Description: Complex Task 4209 || Developer: Developer209 || Priority: 5 || Dependency on TaskId: [4210]
=> New Task ID: 4210 || Description: Complex Task 4210 || Developer: Developer210 || Priority: 1 || Dependency on TaskId: [4211]
=> New Task ID: 4211 || Description: Complex Task 4211 || Developer: Developer211 || Priority: 2 || Dependency on TaskId: [4212]
=> New Task ID: 4212 || Description: Complex Task 4212 || Developer: Developer212 || Priority: 3 || Dependency on TaskId: [4213]
=> New Task ID: 4213 || Description: Complex Task 4213 || Developer: Developer213 || Priority: 4 || Dependency on TaskId: [4214]
=> New Task ID: 4214 || Description: Complex Task 4214 || Developer: Developer214 || Priority: 5 || Dependency on TaskId: [4215]
=> New Task ID: 4215 || Description: Complex Task 4215 || Developer: Developer215 || Priority: 1 || Dependency on TaskId: [4216]
=> New Task ID: 4216 || Description: Complex Task 4216 || Developer: Developer216 || Priority: 2 || Dependency on TaskId: [4217]
=> New Task ID: 4217 || Description: Complex Task 4217 || Developer: Developer217 || Priority: 3 || Dependency on TaskId: [4218]
=> New Task ID: 4218 || Description: Complex Task 4218 || Developer: Developer218 || Priority: 4 || Dependency on TaskId: [4219]
=> New Task ID: 4219 || Description: Complex Task 4219 || Developer: Developer219 || Priority: 5 || Dependency on TaskId: [4220]
=> New Task ID: 4220 || Description: Complex Task 4220 || Developer: Developer220 || Priority: 1 || Dependency on TaskId: [4221]
=> New Task ID: 4221 || Description: Complex Task 4221 || Developer: Developer221 || Priority: 2 || Dependency on TaskId: [4222]
=> New Task ID: 4222 || Description: Complex Task 4222 || Developer: Developer222 || Priority: 3 || Dependency on TaskId: [4223]
=> New Task ID: 4223 || Description: Complex Task 4223 || Developer: Developer223 || Priority: 4 || Dependency on TaskId: [4224]
=> New Task ID: 4224 || Description: Complex Task 4224 || Developer: Developer224 || Priority: 5 || Dependency on TaskId: [4225]
=> New Task ID: 4225 || Description: Complex Task 4225 || Developer: Developer225 || Priority: 1 || Dependency on TaskId: [4226]
=> New Task ID: 4226 || Description: Complex Task 4226 || Developer: Developer226 || Priority: 2 || Dependency on TaskId: [4227]
=> New Task ID: 4227 || Description: Complex Task 4227 || Developer: Developer227 || Priority: 3 || Dependency on TaskId: [4228]
=> New Task ID: 4228 || Description: Complex Task 4228 || Developer: Developer228 || Priority: 4 || Dependency on TaskId: [4229]
=> New Task ID: 4229 || Description: Complex Task 4229 || Developer: Developer229 || Priority: 5 || Dependency on TaskId: [4230]
=> New Task ID: 4230 || Description: Complex Task 4230 || Developer: Developer230 || Priority: 1 || Dependency on TaskId: [4231]
=> New Task ID: 4231 || Description: Complex Task 4231 || Developer: Developer231 || Priority: 2 || Dependency on TaskId: [4232]
=> New Task ID: 4232 || Description: Complex Task 4232 || Developer: Developer232 || Priority: 3 || Dependency on TaskId: [4233]
=> New Task ID: 4233 || Description: Complex Task 4233 || Developer: Developer233 || Priority: 4 || Dependency on TaskId: [4234]
=> New Task ID: 4234 || Description: Complex Task 4234 || Developer: Developer234 || Priority: 5 || Dependency on TaskId: [4235]
=> New Task ID: 4235 || Description: Complex Task 4235 || Developer: Developer235 || Priority: 1 || Dependency on TaskId: [4236]
=> New Task ID: 4236 || Description: Complex Task 4236 || Developer: Developer236 || Priority: 2 || Dependency on TaskId: [4237]
=> New Task ID: 4237 || Description: Complex Task 4237 || Developer: Developer237 || Priority: 3 || Dependency on TaskId: [4238]
=> New Task ID: 4238 || Description: Complex Task 4238 || Developer: Developer238 || Priority: 4 || Dependency on TaskId: [4239]
=> New Task ID: 4239 || Description: Complex Task 4239 || Developer: Developer239 || Priority: 5 || Dependency on TaskId: [4240]
=> New Task ID: 4240 || Description: Complex Task 4240 || Developer: Developer240 || Priority: 1 || Dependency on TaskId: [4241]
=> New Task ID: 4241 || Description: Complex Task 4241 || Developer: Developer241 || Priority: 2 || Dependency on TaskId: [4242]
=> New Task ID: 4242 || Description: Complex Task 4242 || Developer: Developer242 || Priority: 3 || Dependency on TaskId: [4243]
=> New Task ID: 4243 || Description: Complex Task 4243 || Developer: Developer243 || Priority: 4 || Dependency on TaskId: [4244]
=> New Task ID: 4244 || Description: Complex Task 4244 || Developer: Developer244 || Priority: 5 || Dependency on TaskId: [4245]
=> New Task ID: 4245 || Description: Complex Task 4245 || Developer: Developer245 || Priority: 1 || Dependency on TaskId: [4246]
=> New Task ID: 4246 || Description: Complex Task 4246 || Developer: Developer246 || Priority: 2 || Dependency on TaskId: [4247]
=> New Task ID: 4247 || Description: Complex Task 4247 || Developer: Developer247 || Priority: 3 || Dependency on TaskId: [4248]
=> New Task ID: 4248 || Description: Complex Task 4248 || Developer: Developer248 || Priority: 4 || Dependency on TaskId: [4249]
=> New Task ID: 4249 || Description: Complex Task 4249 || Developer: Developer249 || Priority: 5 || Dependency on TaskId: [4250]
=> New Task ID: 4250 || Description: Complex Task 4250 || Developer: Developer250 || Priority: 1 || Dependency on TaskId: [4251]
=> New Task ID: 4251 || Description: Complex Task 4251 || Developer: Developer251 || Priority: 2 || Dependency on TaskId: [4252]
=> New Task ID: 4252 || Description: Complex Task 4252 || Developer: Developer252 || Priority: 3 || Dependency on TaskId: [4253]
=> New Task ID: 4253 || Description: Complex Task 4253 || Developer: Developer253 || Priority: 4 || Dependency on TaskId: [4254]
=> New Task ID: 4254 || Description: Complex Task 4254 || Developer: Developer254 || Priority: 5 || Dependency on TaskId: [4255]
=> New Task ID: 4255 || Description: Complex Task 4255 || Developer: Developer255 || Priority: 1 || Dependency on TaskId: [4256]
=> New Task ID: 4256 || Description: Complex Task 4256 || Developer: Developer256 || Priority: 2 || Dependency on TaskId: [4257]
=> New Task ID: 4257 || Description: Complex Task 4257 || Developer: Developer257 || Priority: 3 || Dependency on TaskId: [4258]
=> New Task ID: 4258 || Description: Complex Task 4258 || Developer: Developer258 || Priority: 4 || Dependency on TaskId: [4259]
=> New Task ID: 4259 || Description: Complex Task 4259 || Developer: Developer259 || Priority: 5 || Dependency on TaskId: [4260]
=> New Task ID: 4260 || Description: Complex Task 4260 || Developer: Developer260 || Priority: 1 || Dependency on TaskId: [4261]
=> New Task ID: 4261 || Description: Complex Task 4261 || Developer: Developer261 || Priority: 2 || Dependency on TaskId: [4262]
=> New Task ID: 4262 || Description: Complex Task 4262 || Developer: Developer262 || Priority: 3 || Dependency on TaskId: [4263]
=> New Task ID: 4263 || Description: Complex Task 4263 || Developer: Developer263 || Priority: 4 || Dependency on TaskId: [4264]
=> New Task ID: 4264 || Description: Complex Task 4264 || Developer: Developer264 || Priority: 5 || Dependency on TaskId: [4265]
=> New Task ID: 4265 || Description: Complex Task 4265 || Developer: Developer265 || Priority: 1 || Dependency on TaskId: [4266]
=> New Task ID: 4266 || Description: Complex Task 4266 || Developer: Developer266 || Priority: 2 || Dependency on TaskId: [4267]
=> New Task ID: 4267 || Description: Complex Task 4267 || Developer: Developer267 || Priority: 3 || Dependency on TaskId: [4268]
=> New Task ID: 4268 || Description: Complex Task 4268 || Developer: Developer268 || Priority: 4 || Dependency on TaskId: [4269]
=> New Task ID: 4269 || Description: Complex Task 4269 || Developer: Developer269 || Priority: 5 || Dependency on TaskId: [4270]
=> New Task ID: 4270 || Description: Complex Task 4270 || Developer: Developer270 || Priority: 1 || Dependency on TaskId: [4271]
=> New Task ID: 4271 || Description: Complex Task 4271 || Developer: Developer271 || Priority: 2 || Dependency on TaskId: [4272]
=> New Task ID: 4272 || Description: Complex Task 4272 || Developer: Developer272 || Priority: 3 || Dependency on TaskId: [4273]
=> New Task ID: 4273 || Description: Complex Task 4273 || Developer: Developer273 || Priority: 4 || Dependency on TaskId: [4274]
=> New Task ID: 4274 || Description: Complex Task 4274 || Developer: Developer274 || Priority: 5 || Dependency on TaskId: [4275]
=> New Task ID: 4275 || Description: Complex Task 4275 || Developer: Developer275 || Priority: 1 || Dependency on TaskId: [4276]
=> New Task ID: 4276 || Description: Complex Task 4276 || Developer: Developer276 || Priority: 2 || Dependency on TaskId: [4277]
=> New Task ID: 4277 || Description: Complex Task 4277 || Developer: Developer277 || Priority: 3 || Dependency on TaskId: [4278]
=> New Task ID: 4278 || Description: Complex Task 4278 || Developer: Developer278 || Priority: 4 || Dependency on TaskId: [4279]
=> New Task ID: 4279 || Description: Complex Task 4279 || Developer: Developer279 || Priority: 5 || Dependency on TaskId: [4280]
=> New Task ID: 4280 || Description: Complex Task 4280 || Developer: Developer280 || Priority: 1 || Dependency on TaskId: [4281]
=> New Task ID: 4281 || Description: Complex Task 4281 || Developer: Developer281 || Priority: 2 || Dependency on TaskId: [4282]
=> New Task ID: 4282 || Description: Complex Task 4282 || Developer: Developer282 || Priority: 3 || Dependency on TaskId: [4283]
=> New Task ID: 4283 || Description: Complex Task 4283 || Developer: Developer283 || Priority: 4 || Dependency on TaskId: [4284]
=> New Task ID: 4284 || Description: Complex Task 4284 || Developer: Developer284 || Priority: 5 || Dependency on TaskId: [4285]
=> New Task ID: 4285 || Description: Complex Task 4285 || Developer: Developer285 || Priority: 1 || Dependency on TaskId: [4286]
=> New Task ID: 4286 || Description: Complex Task 4286 || Developer: Developer286 || Priority: 2 || Dependency on TaskId: [4287]
=> New Task ID: 4287 || Description: Complex Task 4287 || Developer: Developer287 || Priority: 3 || Dependency on TaskId: [4288]
=> New Task ID: 4288 || Description: Complex Task 4288 || Developer: Developer288 || Priority: 4 || Dependency on TaskId: [4289]
=> New Task ID: 4289 || Description: Complex Task 4289 || Developer: Developer289 || Priority: 5 || Dependency on TaskId: [4290]
=> New Task ID: 4290 || Description: Complex Task 4290 || Developer: Developer290 || Priority: 1 || Dependency on TaskId: [4291]
=> New Task ID: 4291 || Description: Complex Task 4291 || Developer: Developer291 || Priority: 2 || Dependency on TaskId: [4292]
=> New Task ID: 4292 || Description: Complex Task 4292 || Developer: Developer292 || Priority: 3 || Dependency on TaskId: [4293]
=> New Task ID: 4293 || Description: Complex Task 4293 || Developer: Developer293 || Priority: 4 || Dependency on TaskId: [4294]
=> New Task ID: 4294 || Description: Complex Task 4294 || Developer: Developer294 || Priority: 5 || Dependency on TaskId: [4295]
=> New Task ID: 4295 || Description: Complex Task 4295 || Developer: Developer295 || Priority: 1 || Dependency on TaskId: [4296]
=> New Task ID: 4296 || Description: Complex Task 4296 || Developer: Developer296 || Priority: 2 || Dependency on TaskId: [4297]
=> New Task ID: 4297 || Description: Complex Task 4297 || Developer: Developer297 || Priority: 3 || Dependency on TaskId: [4298]
=> New Task ID: 4298 || Description: Complex Task 4298 || Developer: Developer298 || Priority: 4 || Dependency on TaskId: [4299]
=> New Task ID: 4299 || Description: Complex Task 4299 || Developer: Developer299 || Priority: 5 || Dependency on TaskId: [4300]
=> New Task ID: 4300 || Description: Complex Task 4300 || Developer: Developer300 || Priority: 1 || Dependency on TaskId: [4301]
=> New Task ID: 4301 || Description: Complex Task 4301 || Developer: Developer301 || Priority: 2 || Dependency on TaskId: [4302]
=> New Task ID: 4302 || Description: Complex Task 4302 || Developer: Developer302 || Priority: 3 || Dependency on TaskId: [4303]
=> New Task ID: 4303 || Description: Complex Task 4303 || Developer: Developer303 || Priority: 4 || Dependency on TaskId: [4304]
=> New Task ID: 4304 || Description: Complex Task 4304 || Developer: Developer304 || Priority: 5 || Dependency on TaskId: [4305]
=> New Task ID: 4305 || Description: Complex Task 4305 || Developer: Developer305 || Priority: 1 || Dependency on TaskId: [4306]
=> New Task ID: 4306 || Description: Complex Task 4306 || Developer: Developer306 || Priority: 2 || Dependency on TaskId: [4307]
=> New Task ID: 4307 || Description: Complex Task 4307 || Developer: Developer307 || Priority: 3 || Dependency on TaskId: [4308]
=> New Task ID: 4308 || Description: Complex Task 4308 || Developer: Developer308 || Priority: 4 || Dependency on TaskId: [4309]
=> New Task ID: 4309 || Description: Complex Task 4309 || Developer: Developer309 || Priority: 5 || Dependency on TaskId: [4310]
=> New Task ID: 4310 || Description: Complex Task 4310 || Developer: Developer310 || Priority: 1 || Dependency on TaskId: [4311]
=> New Task ID: 4311 || Description: Complex Task 4311 || Developer: Developer311 || Priority: 2 || Dependency on TaskId: [4312]
=> New Task ID: 4312 || Description: Complex Task 4312 || Developer: Developer312 || Priority: 3 || Dependency on TaskId: [4313]
=> New Task ID: 4313 || Description: Complex Task 4313 || Developer: Developer313 || Priority: 4 || Dependency on TaskId: [4314]
=> New Task ID: 4314 || Description: Complex Task 4314 || Developer: Developer314 || Priority: 5 || Dependency on TaskId: [4315]
=> New Task ID: 4315 || Description: Complex Task 4315 || Developer: Developer315 || Priority: 1 || Dependency on TaskId: [4316]
=> New Task ID: 4316 || Description: Complex Task 4316 || Developer: Developer316 || Priority: 2 || Dependency on TaskId: [4317]
=> New Task ID: 4317 || Description: Complex Task 4317 || Developer: Developer317 || Priority: 3 || Dependency on TaskId: [4318]
=> New Task ID: 4318 || Description: Complex Task 4318 || Developer: Developer318 || Priority: 4 || Dependency on TaskId: [4319]
=> New Task ID: 4319 || Description: Complex Task 4319 || Developer: Developer319 || Priority: 5 || Dependency on TaskId: [4320]
=> New Task ID: 4320 || Description: Complex Task 4320 || Developer: Developer320 || Priority: 1 || Dependency on TaskId: [4321]
=> New Task ID: 4321 || Description: Complex Task 4321 || Developer: Developer321 || Priority: 2 || Dependency on TaskId: [4322]
=> New Task ID: 4322 || Description: Complex Task 4322 || Developer: Developer322 || Priority: 3 || Dependency on TaskId: [4323]
=> New Task ID: 4323 || Description: Complex Task 4323 || Developer: Developer323 || Priority: 4 || Dependency on TaskId: [4324]
=> New Task ID: 4324 || Description: Complex Task 4324 || Developer: Developer324 || Priority: 5 || Dependency on TaskId: [4325]
=> New Task ID: 4325 || Description: Complex Task 4325 || Developer: Developer325 || Priority: 1 || Dependency on TaskId: [4326]
=> New Task ID: 4326 || Description: Complex Task 4326 || Developer: Developer326 || Priority: 2 || Dependency on TaskId: [4327]
=> New Task ID: 4327 || Description: Complex Task 4327 || Developer: Developer327 || Priority: 3 || Dependency on TaskId: [4328]
=> New Task ID: 4328 || Description: Complex Task 4328 || Developer: Developer328 || Priority: 4 || Dependency on TaskId: [4329]
=> New Task ID: 4329 || Description: Complex Task 4329 || Developer: Developer329 || Priority: 5 || Dependency on TaskId: [4330]
=> New Task ID: 4330 || Description: Complex Task 4330 || Developer: Developer330 || Priority: 1 || Dependency on TaskId: [4331]
=> New Task ID: 4331 || Description: Complex Task 4331 || Developer: Developer331 || Priority: 2 || Dependency on TaskId: [4332]
=> New Task ID: 4332 || Description: Complex Task 4332 || Developer: Developer332 || Priority: 3 || Dependency on TaskId: [4333]
=> New Task ID: 4333 || Description: Complex Task 4333 || Developer: Developer333 || Priority: 4 || Dependency on TaskId: [4334]
=> New Task ID: 4334 || Description: Complex Task 4334 || Developer: Developer334 || Priority: 5 || Dependency on TaskId: [4335]
=> New Task ID: 4335 || Description: Complex Task 4335 || Developer: Developer335 || Priority: 1 || Dependency on TaskId: [4336]
=> New Task ID: 4336 || Description: Complex Task 4336 || Developer: Developer336 || Priority: 2 || Dependency on TaskId: [4337]
=> New Task ID: 4337 || Description: Complex Task 4337 || Developer: Developer337 || Priority: 3 || Dependency on TaskId: [4338]
=> New Task ID: 4338 || Description: Complex Task 4338 || Developer: Developer338 || Priority: 4 || Dependency on TaskId: [4339]
=> New Task ID: 4339 || Description: Complex Task 4339 || Developer: Developer339 || Priority: 5 || Dependency on TaskId: [4340]
=> New Task ID: 4340 || Description: Complex Task 4340 || Developer: Developer340 || Priority: 1 || Dependency on TaskId: [4341]
=> New Task ID: 4341 || Description: Complex Task 4341 || Developer: Developer341 || Priority: 2 || Dependency on TaskId: [4342]
=> New Task ID: 4342 || Description: Complex Task 4342 || Developer: Developer342 || Priority: 3 || Dependency on TaskId: [4343]
=> New Task ID: 4343 || Description: Complex Task 4343 || Developer: Developer343 || Priority: 4 || Dependency on TaskId: [4344]
=> New Task ID: 4344 || Description: Complex Task 4344 || Developer: Developer344 || Priority: 5 || Dependency on TaskId: [4345]
=> New Task ID: 4345 || Description: Complex Task 4345 || Developer: Developer345 || Priority: 1 || Dependency on TaskId: [4346]
=> New Task ID: 4346 || Description: Complex Task 4346 || Developer: Developer346 || Priority: 2 || Dependency on TaskId: [4347]
=> New Task ID: 4347 || Description: Complex Task 4347 || Developer: Developer347 || Priority: 3 || Dependency on TaskId: [4348]
=> New Task ID: 4348 || Description: Complex Task 4348 || Developer: Developer348 || Priority: 4 || Dependency on TaskId: [4349]
=> New Task ID: 4349 || Description: Complex Task 4349 || Developer: Developer349 || Priority: 5 || Dependency on TaskId: [4350]
=> New Task ID: 4350 || Description: Complex Task 4350 || Developer: Developer350 || Priority: 1 || Dependency on TaskId: [4351]
=> New Task ID: 4351 || Description: Complex Task 4351 || Developer: Developer351 || Priority: 2 || Dependency on TaskId: [4352]
=> New Task ID: 4352 || Description: Complex Task 4352 || Developer: Developer352 || Priority: 3 || Dependency on TaskId: [4353]
=> New Task ID: 4353 || Description: Complex Task 4353 || Developer: Developer353 || Priority: 4 || Dependency on TaskId: [4354]
=> New Task ID: 4354 || Description: Complex Task 4354 || Developer: Developer354 || Priority: 5 || Dependency on TaskId: [4355]
=> New Task ID: 4355 || Description: Complex Task 4355 || Developer: Developer355 || Priority: 1 || Dependency on TaskId: [4356]
=> New Task ID: 4356 || Description: Complex Task 4356 || Developer: Developer356 || Priority: 2 || Dependency on TaskId: [4357]
=> New Task ID: 4357 || Description: Complex Task 4357 || Developer: Developer357 || Priority: 3 || Dependency on TaskId: [4358]
=> New Task ID: 4358 || Description: Complex Task 4358 || Developer: Developer358 || Priority: 4 || Dependency on TaskId: [4359]
=> New Task ID: 4359 || Description: Complex Task 4359 || Developer: Developer359 || Priority: 5 || Dependency on TaskId: [4360]
=> New Task ID: 4360 || Description: Complex Task 4360 || Developer: Developer360 || Priority: 1 || Dependency on TaskId: [4361]
=> New Task ID: 4361 || Description: Complex Task 4361 || Developer: Developer361 || Priority: 2 || Dependency on TaskId: [4362]
=> New Task ID: 4362 || Description: Complex Task 4362 || Developer: Developer362 || Priority: 3 || Dependency on TaskId: [4363]
=> New Task ID: 4363 || Description: Complex Task 4363 || Developer: Developer363 || Priority: 4 || Dependency on TaskId: [4364]
=> New Task ID: 4364 || Description: Complex Task 4364 || Developer: Developer364 || Priority: 5 || Dependency on TaskId: [4365]
=> New Task ID: 4365 || Description: Complex Task 4365 || Developer: Developer365 || Priority: 1 || Dependency on TaskId: [4366]
=> New Task ID: 4366 || Description: Complex Task 4366 || Developer: Developer366 || Priority: 2 || Dependency on TaskId: [4367]
=> New Task ID: 4367 || Description: Complex Task 4367 || Developer: Developer367 || Priority: 3 || Dependency on TaskId: [4368]
=> New Task ID: 4368 || Description: Complex Task 4368 || Developer: Developer368 || Priority: 4 || Dependency on TaskId: [4369]
=> New Task ID: 4369 || Description: Complex Task 4369 || Developer: Developer369 || Priority: 5 || Dependency on TaskId: [4370]
=> New Task ID: 4370 || Description: Complex Task 4370 || Developer: Developer370 || Priority: 1 || Dependency on TaskId: [4371]
=> New Task ID: 4371 || Description: Complex Task 4371 || Developer: Developer371 || Priority: 2 || Dependency on TaskId: [4372]
=> New Task ID: 4372 || Description: Complex Task 4372 || Developer: Developer372 || Priority: 3 || Dependency on TaskId: [4373]
=> New Task ID: 4373 || Description: Complex Task 4373 || Developer: Developer373 || Priority: 4 || Dependency on TaskId: [4374]
=> New Task ID: 4374 || Description: Complex Task 4374 || Developer: Developer374 || Priority: 5 || Dependency on TaskId: [4375]
=> New Task ID: 4375 || Description: Complex Task 4375 || Developer: Developer375 || Priority: 1 || Dependency on TaskId: [4376]
=> New Task ID: 4376 || Description: Complex Task 4376 || Developer: Developer376 || Priority: 2 || Dependency on TaskId: [4377]
=> New Task ID: 4377 || Description: Complex Task 4377 || Developer: Developer377 || Priority: 3 || Dependency on TaskId: [4378]
=> New Task ID: 4378 || Description: Complex Task 4378 || Developer: Developer378 || Priority: 4 || Dependency on TaskId: [4379]
=> New Task ID: 4379 || Description: Complex Task 4379 || Developer: Developer379 || Priority: 5 || Dependency on TaskId: [4380]
=> New Task ID: 4380 || Description: Complex Task 4380 || Developer: Developer380 || Priority: 1 || Dependency on TaskId: [4381]
=> New Task ID: 4381 || Description: Complex Task 4381 || Developer: Developer381 || Priority: 2 || Dependency on TaskId: [4382]
=> New Task ID: 4382 || Description: Complex Task 4382 || Developer: Developer382 || Priority: 3 || Dependency on TaskId: [4383]
=> New Task ID: 4383 || Description: Complex Task 4383 || Developer: Developer383 || Priority: 4 || Dependency on TaskId: [4384]
=> New Task ID: 4384 || Description: Complex Task 4384 || Developer: Developer384 || Priority: 5 || Dependency on TaskId: [4385]
=> New Task ID: 4385 || Description: Complex Task 4385 || Developer: Developer385 || Priority: 1 || Dependency on TaskId: [4386]
=> New Task ID: 4386 || Description: Complex Task 4386 || Developer: Developer386 || Priority: 2 || Dependency on TaskId: [4387]
=> New Task ID: 4387 || Description: Complex Task 4387 || Developer: Developer387 || Priority: 3 || Dependency on TaskId: [4388]
=> New Task ID: 4388 || Description: Complex Task 4388 || Developer: Developer388 || Priority: 4 || Dependency on TaskId: [4389]
=> New Task ID: 4389 || Description: Complex Task 4389 || Developer: Developer389 || Priority: 5 || Dependency on TaskId: [4390]
=> New Task ID: 4390 || Description: Complex Task 4390 || Developer: Developer390 || Priority: 1 || Dependency on TaskId: [4391]
=> New Task ID: 4391 || Description: Complex Task 4391 || Developer: Developer391 || Priority: 2 || Dependency on TaskId: [4392]
=> New Task ID: 4392 || Description: Complex Task 4392 || Developer: Developer392 || Priority: 3 || Dependency on TaskId: [4393]
=> New Task ID: 4393 || Description: Complex Task 4393 || Developer: Developer393 || Priority: 4 || Dependency on TaskId: [4394]
=> New Task ID: 4394 || Description: Complex Task 4394 || Developer: Developer394 || Priority: 5 || Dependency on TaskId: [4395]
=> New Task ID: 4395 || Description: Complex Task 4395 || Developer: Developer395 || Priority: 1 || Dependency on TaskId: [4396]
=> New Task ID: 4396 || Description: Complex Task 4396 || Developer: Developer396 || Priority: 2 || Dependency on TaskId: [4397]
=> New Task ID: 4397 || Description: Complex Task 4397 || Developer: Developer397 || Priority: 3 || Dependency on TaskId: [4398]
=> New Task ID: 4398 || Description: Complex Task 4398 || Developer: Developer398 || Priority: 4 || Dependency on TaskId: [4399]
=> New Task ID: 4399 || Description: Complex Task 4399 || Developer: Developer399 || Priority: 5 || Dependency on TaskId: [4400]
=> New Task ID: 4400 || Description: Complex Task 4400 || Developer: Developer400 || Priority: 1 || Dependency on TaskId: [4401]
=> New Task ID: 4401 || Description: Complex Task 4401 || Developer: Developer401 || Priority: 2 || Dependency on TaskId: [4402]
=> New Task ID: 4402 || Description: Complex Task 4402 || Developer: Developer402 || Priority: 3 || Dependency on TaskId: [4403]
=> New Task ID: 4403 || Description: Complex Task 4403 || Developer: Developer403 || Priority: 4 || Dependency on TaskId: [4404]
=> New Task ID: 4404 || Description: Complex Task 4404 || Developer: Developer404 || Priority: 5 || Dependency on TaskId: [4405]
=> New Task ID: 4405 || Description: Complex Task 4405 || Developer: Developer405 || Priority: 1 || Dependency on TaskId: [4406]
=> New Task ID: 4406 || Description: Complex Task 4406 || Developer: Developer406 || Priority: 2 || Dependency on TaskId: [4407]
=> New Task ID: 4407 || Description: Complex Task 4407 || Developer: Developer407 || Priority: 3 || Dependency on TaskId: [4408]
=> New Task ID: 4408 || Description: Complex Task 4408 || Developer: Developer408 || Priority: 4 || Dependency on TaskId: [4409]
=> New Task ID: 4409 || Description: Complex Task 4409 || Developer: Developer409 || Priority: 5 || Dependency on TaskId: [4410]
=> New Task ID: 4410 || Description: Complex Task 4410 || Developer: Developer410 || Priority: 1 || Dependency on TaskId: [4411]
=> New Task ID: 4411 || Description: Complex Task 4411 || Developer: Developer411 || Priority: 2 || Dependency on TaskId: [4412]
=> New Task ID: 4412 || Description: Complex Task 4412 || Developer: Developer412 || Priority: 3 || Dependency on TaskId: [4413]
=> New Task ID: 4413 || Description: Complex Task 4413 || Developer: Developer413 || Priority: 4 || Dependency on TaskId: [4414]
=> New Task ID: 4414 || Description: Complex Task 4414 || Developer: Developer414 || Priority: 5 || Dependency on TaskId: [4415]
=> New Task ID: 4415 || Description: Complex Task 4415 || Developer: Developer415 || Priority: 1 || Dependency on TaskId: [4416]
=> New Task ID: 4416 || Description: Complex Task 4416 || Developer: Developer416 || Priority: 2 || Dependency on TaskId: [4417]
=> New Task ID: 4417 || Description: Complex Task 4417 || Developer: Developer417 || Priority: 3 || Dependency on TaskId: [4418]
=> New Task ID: 4418 || Description: Complex Task 4418 || Developer: Developer418 || Priority: 4 || Dependency on TaskId: [4419]
=> New Task ID: 4419 || Description: Complex Task 4419 || Developer: Developer419 || Priority: 5 || Dependency on TaskId: [4420]
=> New Task ID: 4420 || Description: Complex Task 4420 || Developer: Developer420 || Priority: 1 || Dependency on TaskId: [4421]
=> New Task ID: 4421 || Description: Complex Task 4421 || Developer: Developer421 || Priority: 2 || Dependency on TaskId: [4422]
=> New Task ID: 4422 || Description: Complex Task 4422 || Developer: Developer422 || Priority: 3 || Dependency on TaskId: [4423]
=> New Task ID: 4423 || Description: Complex Task 4423 || Developer: Developer423 || Priority: 4 || Dependency on TaskId: [4424]
=> New Task ID: 4424 || Description: Complex Task 4424 || Developer: Developer424 || Priority: 5 || Dependency on TaskId: [4425]
=> New Task ID: 4425 || Description: Complex Task 4425 || Developer: Developer425 || Priority: 1 || Dependency on TaskId: [4426]
=> New Task ID: 4426 || Description: Complex Task 4426 || Developer: Developer426 || Priority: 2 || Dependency on TaskId: [4427]
=> New Task ID: 4427 || Description: Complex Task 4427 || Developer: Developer427 || Priority: 3 || Dependency on TaskId: [4428]
=> New Task ID: 4428 || Description: Complex Task 4428 || Developer: Developer428 || Priority: 4 || Dependency on TaskId: [4429]
=> New Task ID: 4429 || Description: Complex Task 4429 || Developer: Developer429 || Priority: 5 || Dependency on TaskId: [4430]
=> New Task ID: 4430 || Description: Complex Task 4430 || Developer: Developer430 || Priority: 1 || Dependency on TaskId: [4431]
=> New Task ID: 4431 || Description: Complex Task 4431 || Developer: Developer431 || Priority: 2 || Dependency on TaskId: [4432]
=> New Task ID: 4432 || Description: Complex Task 4432 || Developer: Developer432 || Priority: 3 || Dependency on TaskId: [4433]
=> New Task ID: 4433 || Description: Complex Task 4433 || Developer: Developer433 || Priority: 4 || Dependency on TaskId: [4434]
=> New Task ID: 4434 || Description: Complex Task 4434 || Developer: Developer434 || Priority: 5 || Dependency on TaskId: [4435]
=> New Task ID: 4435 || Description: Complex Task 4435 || Developer: Developer435 || Priority: 1 || Dependency on TaskId: [4436]
=> New Task ID: 4436 || Description: Complex Task 4436 || Developer: Developer436 || Priority: 2 || Dependency on TaskId: [4437]
=> New Task ID: 4437 || Description: Complex Task 4437 || Developer: Developer437 || Priority: 3 || Dependency on TaskId: [4438]
=> New Task ID: 4438 || Description: Complex Task 4438 || Developer: Developer438 || Priority: 4 || Dependency on TaskId: [4439]
=> New Task ID: 4439 || Description: Complex Task 4439 || Developer: Developer439 || Priority: 5 || Dependency on TaskId: [4440]
=> New Task ID: 4440 || Description: Complex Task 4440 || Developer: Developer440 || Priority: 1 || Dependency on TaskId: [4441]
=> New Task ID: 4441 || Description: Complex Task 4441 || Developer: Developer441 || Priority: 2 || Dependency on TaskId: [4442]
=> New Task ID: 4442 || Description: Complex Task 4442 || Developer: Developer442 || Priority: 3 || Dependency on TaskId: [4443]
=> New Task ID: 4443 || Description: Complex Task 4443 || Developer: Developer443 || Priority: 4 || Dependency on TaskId: [4444]
=> New Task ID: 4444 || Description: Complex Task 4444 || Developer: Developer444 || Priority: 5 || Dependency on TaskId: [4445]
=> New Task ID: 4445 || Description: Complex Task 4445 || Developer: Developer445 || Priority: 1 || Dependency on TaskId: [4446]
=> New Task ID: 4446 || Description: Complex Task 4446 || Developer: Developer446 || Priority: 2 || Dependency on TaskId: [4447]
=> New Task ID: 4447 || Description: Complex Task 4447 || Developer: Developer447 || Priority: 3 || Dependency on TaskId: [4448]
=> New Task ID: 4448 || Description: Complex Task 4448 || Developer: Developer448 || Priority: 4 || Dependency on TaskId: [4449]
=> New Task ID: 4449 || Description: Complex Task 4449 || Developer: Developer449 || Priority: 5 || Dependency on TaskId: [4450]
=> New Task ID: 4450 || Description: Complex Task 4450 || Developer: Developer450 || Priority: 1 || Dependency on TaskId: [4451]
=> New Task ID: 4451 || Description: Complex Task 4451 || Developer: Developer451 || Priority: 2 || Dependency on TaskId: [4452]
=> New Task ID: 4452 || Description: Complex Task 4452 || Developer: Developer452 || Priority: 3 || Dependency on TaskId: [4453]
=> New Task ID: 4453 || Description: Complex Task 4453 || Developer: Developer453 || Priority: 4 || Dependency on TaskId: [4454]
=> New Task ID: 4454 || Description: Complex Task 4454 || Developer: Developer454 || Priority: 5 || Dependency on TaskId: [4455]
=> New Task ID: 4455 || Description: Complex Task 4455 || Developer: Developer455 || Priority: 1 || Dependency on TaskId: [4456]
=> New Task ID: 4456 || Description: Complex Task 4456 || Developer: Developer456 || Priority: 2 || Dependency on TaskId: [4457]
=> New Task ID: 4457 || Description: Complex Task 4457 || Developer: Developer457 || Priority: 3 || Dependency on TaskId: [4458]
=> New Task ID: 4458 || Description: Complex Task 4458 || Developer: Developer458 || Priority: 4 || Dependency on TaskId: [4459]
=> New Task ID: 4459 || Description: Complex Task 4459 || Developer: Developer459 || Priority: 5 || Dependency on TaskId: [4460]
=> New Task ID: 4460 || Description: Complex Task 4460 || Developer: Developer460 || Priority: 1 || Dependency on TaskId: [4461]
=> New Task ID: 4461 || Description: Complex Task 4461 || Developer: Developer461 || Priority: 2 || Dependency on TaskId: [4462]
=> New Task ID: 4462 || Description: Complex Task 4462 || Developer: Developer462 || Priority: 3 || Dependency on TaskId: [4463]
=> New Task ID: 4463 || Description: Complex Task 4463 || Developer: Developer463 || Priority: 4 || Dependency on TaskId: [4464]
=> New Task ID: 4464 || Description: Complex Task 4464 || Developer: Developer464 || Priority: 5 || Dependency on TaskId: [4465]
=> New Task ID: 4465 || Description: Complex Task 4465 || Developer: Developer465 || Priority: 1 || Dependency on TaskId: [4466]
=> New Task ID: 4466 || Description: Complex Task 4466 || Developer: Developer466 || Priority: 2 || Dependency on TaskId: [4467]
=> New Task ID: 4467 || Description: Complex Task 4467 || Developer: Developer467 || Priority: 3 || Dependency on TaskId: [4468]
=> New Task ID: 4468 || Description: Complex Task 4468 || Developer: Developer468 || Priority: 4 || Dependency on TaskId: [4469]
=> New Task ID: 4469 || Description: Complex Task 4469 || Developer: Developer469 || Priority: 5 || Dependency on TaskId: [4470]
=> New Task ID: 4470 || Description: Complex Task 4470 || Developer: Developer470 || Priority: 1 || Dependency on TaskId: [4471]
=> New Task ID: 4471 || Description: Complex Task 4471 || Developer: Developer471 || Priority: 2 || Dependency on TaskId: [4472]
=> New Task ID: 4472 || Description: Complex Task 4472 || Developer: Developer472 || Priority: 3 || Dependency on TaskId: [4473]
=> New Task ID: 4473 || Description: Complex Task 4473 || Developer: Developer473 || Priority: 4 || Dependency on TaskId: [4474]
=> New Task ID: 4474 || Description: Complex Task 4474 || Developer: Developer474 || Priority: 5 || Dependency on TaskId: [4475]
=> New Task ID: 4475 || Description: Complex Task 4475 || Developer: Developer475 || Priority: 1 || Dependency on TaskId: [4476]
=> New Task ID: 4476 || Description: Complex Task 4476 || Developer: Developer476 || Priority: 2 || Dependency on TaskId: [4477]
=> New Task ID: 4477 || Description: Complex Task 4477 || Developer: Developer477 || Priority: 3 || Dependency on TaskId: [4478]
=> New Task ID: 4478 || Description: Complex Task 4478 || Developer: Developer478 || Priority: 4 || Dependency on TaskId: [4479]
=> New Task ID: 4479 || Description: Complex Task 4479 || Developer: Developer479 || Priority: 5 || Dependency on TaskId: [4480]
=> New Task ID: 4480 || Description: Complex Task 4480 || Developer: Developer480 || Priority: 1 || Dependency on TaskId: [4481]
=> New Task ID: 4481 || Description: Complex Task 4481 || Developer: Developer481 || Priority: 2 || Dependency on TaskId: [4482]
=> New Task ID: 4482 || Description: Complex Task 4482 || Developer: Developer482 || Priority: 3 || Dependency on TaskId: [4483]
=> New Task ID: 4483 || Description: Complex Task 4483 || Developer: Developer483 || Priority: 4 || Dependency on TaskId: [4484]
=> New Task ID: 4484 || Description: Complex Task 4484 || Developer: Developer484 || Priority: 5 || Dependency on TaskId: [4485]
=> New Task ID: 4485 || Description: Complex Task 4485 || Developer: Developer485 || Priority: 1 || Dependency on TaskId: [4486]
=> New Task ID: 4486 || Description: Complex Task 4486 || Developer: Developer486 || Priority: 2 || Dependency on TaskId: [4487]
=> New Task ID: 4487 || Description: Complex Task 4487 || Developer: Developer487 || Priority: 3 || Dependency on TaskId: [4488]
=> New Task ID: 4488 || Description: Complex Task 4488 || Developer: Developer488 || Priority: 4 || Dependency on TaskId: [4489]
=> New Task ID: 4489 || Description: Complex Task 4489 || Developer: Developer489 || Priority: 5 || Dependency on TaskId: [4490]
=> New Task ID: 4490 || Description: Complex Task 4490 || Developer: Developer490 || Priority: 1 || Dependency on TaskId: [4491]
=> New Task ID: 4491 || Description: Complex Task 4491 || Developer: Developer491 || Priority: 2 || Dependency on TaskId: [4492]
=> New Task ID: 4492 || Description: Complex Task 4492 || Developer: Developer492 || Priority: 3 || Dependency on TaskId: [4493]
=> New Task ID: 4493 || Description: Complex Task 4493 || Developer: Developer493 || Priority: 4 || Dependency on TaskId: [4494]
=> New Task ID: 4494 || Description: Complex Task 4494 || Developer: Developer494 || Priority: 5 || Dependency on TaskId: [4495]
=> New Task ID: 4495 || Description: Complex Task 4495 || Developer: Developer495 || Priority: 1 || Dependency on TaskId: [4496]
=> New Task ID: 4496 || Description: Complex Task 4496 || Developer: Developer496 || Priority: 2 || Dependency on TaskId: [4497]
=> New Task ID: 4497 || Description: Complex Task 4497 || Developer: Developer497 || Priority: 3 || Dependency on TaskId: [4498]
=> New Task ID: 4498 || Description: Complex Task 4498 || Developer: Developer498 || Priority: 4 || Dependency on TaskId: [4499]
=> New Task ID: 4499 || Description: Complex Task 4499 || Developer: Developer499 || Priority: 5 || Dependency on TaskId: [4500]
=> New Task ID: 4500 || Description: Complex Task 4500 || Developer: Developer500 || Priority: 1 || Dependency on TaskId: [4501]
=> New Task ID: 4501 || Description: Complex Task 4501 || Developer: Developer501 || Priority: 2 || Dependency on TaskId: [4502]
=> New Task ID: 4502 || Description: Complex Task 4502 || Developer: Developer502 || Priority: 3 || Dependency on TaskId: [4503]
=> New Task ID: 4503 || Description: Complex Task 4503 || Developer: Developer503 || Priority: 4 || Dependency on TaskId: [4504]
=> New Task ID: 4504 || Description: Complex Task 4504 || Developer: Developer504 || Priority: 5 || Dependency on TaskId: [4505]
=> New Task ID: 4505 || Description: Complex Task 4505 || Developer: Developer505 || Priority: 1 || Dependency on TaskId: [4506]
=> New Task ID: 4506 || Description: Complex Task 4506 || Developer: Developer506 || Priority: 2 || Dependency on TaskId: [4507]
=> New Task ID: 4507 || Description: Complex Task 4507 || Developer: Developer507 || Priority: 3 || Dependency on TaskId: [4508]
=> New Task ID: 4508 || Description: Complex Task 4508 || Developer: Developer508 || Priority: 4 || Dependency on TaskId: [4509]
=> New Task ID: 4509 || Description: Complex Task 4509 || Developer: Developer509 || Priority: 5 || Dependency on TaskId: [4510]
=> New Task ID: 4510 || Description: Complex Task 4510 || Developer: Developer510 || Priority: 1 || Dependency on TaskId: [4511]
=> New Task ID: 4511 || Description: Complex Task 4511 || Developer: Developer511 || Priority: 2 || Dependency on TaskId: [4512]
=> New Task ID: 4512 || Description: Complex Task 4512 || Developer: Developer512 || Priority: 3 || Dependency on TaskId: [4513]
=> New Task ID: 4513 || Description: Complex Task 4513 || Developer: Developer513 || Priority: 4 || Dependency on TaskId: [4514]
=> New Task ID: 4514 || Description: Complex Task 4514 || Developer: Developer514 || Priority: 5 || Dependency on TaskId: [4515]
=> New Task ID: 4515 || Description: Complex Task 4515 || Developer: Developer515 || Priority: 1 || Dependency on TaskId: [4516]
=> New Task ID: 4516 || Description: Complex Task 4516 || Developer: Developer516 || Priority: 2 || Dependency on TaskId: [4517]
=> New Task ID: 4517 || Description: Complex Task 4517 || Developer: Developer517 || Priority: 3 || Dependency on TaskId: [4518]
=> New Task ID: 4518 || Description: Complex Task 4518 || Developer: Developer518 || Priority: 4 || Dependency on TaskId: [4519]
=> New Task ID: 4519 || Description: Complex Task 4519 || Developer: Developer519 || Priority: 5 || Dependency on TaskId: [4520]
=> New Task ID: 4520 || Description: Complex Task 4520 || Developer: Developer520 || Priority: 1 || Dependency on TaskId: [4521]
=> New Task ID: 4521 || Description: Complex Task 4521 || Developer: Developer521 || Priority: 2 || Dependency on TaskId: [4522]
=> New Task ID: 4522 || Description: Complex Task 4522 || Developer: Developer522 || Priority: 3 || Dependency on TaskId: [4523]
=> New Task ID: 4523 || Description: Complex Task 4523 || Developer: Developer523 || Priority: 4 || Dependency on TaskId: [4524]
=> New Task ID: 4524 || Description: Complex Task 4524 || Developer: Developer524 || Priority: 5 || Dependency on TaskId: [4525]
=> New Task ID: 4525 || Description: Complex Task 4525 || Developer: Developer525 || Priority: 1 || Dependency on TaskId: [4526]
=> New Task ID: 4526 || Description: Complex Task 4526 || Developer: Developer526 || Priority: 2 || Dependency on TaskId: [4527]
=> New Task ID: 4527 || Description: Complex Task 4527 || Developer: Developer527 || Priority: 3 || Dependency on TaskId: [4528]
=> New Task ID: 4528 || Description: Complex Task 4528 || Developer: Developer528 || Priority: 4 || Dependency on TaskId: [4529]
=> New Task ID: 4529 || Description: Complex Task 4529 || Developer: Developer529 || Priority: 5 || Dependency on TaskId: [4530]
=> New Task ID: 4530 || Description: Complex Task 4530 || Developer: Developer530 || Priority: 1 || Dependency on TaskId: [4531]
=> New Task ID: 4531 || Description: Complex Task 4531 || Developer: Developer531 || Priority: 2 || Dependency on TaskId: [4532]
=> New Task ID: 4532 || Description: Complex Task 4532 || Developer: Developer532 || Priority: 3 || Dependency on TaskId: [4533]
=> New Task ID: 4533 || Description: Complex Task 4533 || Developer: Developer533 || Priority: 4 || Dependency on TaskId: [4534]
=> New Task ID: 4534 || Description: Complex Task 4534 || Developer: Developer534 || Priority: 5 || Dependency on TaskId: [4535]
=> New Task ID: 4535 || Description: Complex Task 4535 || Developer: Developer535 || Priority: 1 || Dependency on TaskId: [4536]
=> New Task ID: 4536 || Description: Complex Task 4536 || Developer: Developer536 || Priority: 2 || Dependency on TaskId: [4537]
=> New Task ID: 4537 || Description: Complex Task 4537 || Developer: Developer537 || Priority: 3 || Dependency on TaskId: [4538]
=> New Task ID: 4538 || Description: Complex Task 4538 || Developer: Developer538 || Priority: 4 || Dependency on TaskId: [4539]
=> New Task ID: 4539 || Description: Complex Task 4539 || Developer: Developer539 || Priority: 5 || Dependency on TaskId: [4540]
=> New Task ID: 4540 || Description: Complex Task 4540 || Developer: Developer540 || Priority: 1 || Dependency on TaskId: [4541]
=> New Task ID: 4541 || Description: Complex Task 4541 || Developer: Developer541 || Priority: 2 || Dependency on TaskId: [4542]
=> New Task ID: 4542 || Description: Complex Task 4542 || Developer: Developer542 || Priority: 3 || Dependency on TaskId: [4543]
=> New Task ID: 4543 || Description: Complex Task 4543 || Developer: Developer543 || Priority: 4 || Dependency on TaskId: [4544]
=> New Task ID: 4544 || Description: Complex Task 4544 || Developer: Developer544 || Priority: 5 || Dependency on TaskId: [4545]
=> New Task ID: 4545 || Description: Complex Task 4545 || Developer: Developer545 || Priority: 1 || Dependency on TaskId: [4546]
=> New Task ID: 4546 || Description: Complex Task 4546 || Developer: Developer546 || Priority: 2 || Dependency on TaskId: [4547]
=> New Task ID: 4547 || Description: Complex Task 4547 || Developer: Developer547 || Priority: 3 || Dependency on TaskId: [4548]
=> New Task ID: 4548 || Description: Complex Task 4548 || Developer: Developer548 || Priority: 4 || Dependency on TaskId: [4549]
=> New Task ID: 4549 || Description: Complex Task 4549 || Developer: Developer549 || Priority: 5 || Dependency on TaskId: [4550]
=> New Task ID: 4550 || Description: Complex Task 4550 || Developer: Developer550 || Priority: 1 || Dependency on TaskId: [4551]
=> New Task ID: 4551 || Description: Complex Task 4551 || Developer: Developer551 || Priority: 2 || Dependency on TaskId: [4552]
=> New Task ID: 4552 || Description: Complex Task 4552 || Developer: Developer552 || Priority: 3 || Dependency on TaskId: [4553]
=> New Task ID: 4553 || Description: Complex Task 4553 || Developer: Developer553 || Priority: 4 || Dependency on TaskId: [4554]
=> New Task ID: 4554 || Description: Complex Task 4554 || Developer: Developer554 || Priority: 5 || Dependency on TaskId: [4555]
=> New Task ID: 4555 || Description: Complex Task 4555 || Developer: Developer555 || Priority: 1 || Dependency on TaskId: [4556]
=> New Task ID: 4556 || Description: Complex Task 4556 || Developer: Developer556 || Priority: 2 || Dependency on TaskId: [4557]
=> New Task ID: 4557 || Description: Complex Task 4557 || Developer: Developer557 || Priority: 3 || Dependency on TaskId: [4558]
=> New Task ID: 4558 || Description: Complex Task 4558 || Developer: Developer558 || Priority: 4 || Dependency on TaskId: [4559]
=> New Task ID: 4559 || Description: Complex Task 4559 || Developer: Developer559 || Priority: 5 || Dependency on TaskId: [4560]
=> New Task ID: 4560 || Description: Complex Task 4560 || Developer: Developer560 || Priority: 1 || Dependency on TaskId: [4561]
=> New Task ID: 4561 || Description: Complex Task 4561 || Developer: Developer561 || Priority: 2 || Dependency on TaskId: [4562]
=> New Task ID: 4562 || Description: Complex Task 4562 || Developer: Developer562 || Priority: 3 || Dependency on TaskId: [4563]
=> New Task ID: 4563 || Description: Complex Task 4563 || Developer: Developer563 || Priority: 4 || Dependency on TaskId: [4564]
=> New Task ID: 4564 || Description: Complex Task 4564 || Developer: Developer564 || Priority: 5 || Dependency on TaskId: [4565]
=> New Task ID: 4565 || Description: Complex Task 4565 || Developer: Developer565 || Priority: 1 || Dependency on TaskId: [4566]
=> New Task ID: 4566 || Description: Complex Task 4566 || Developer: Developer566 || Priority: 2 || Dependency on TaskId: [4567]
=> New Task ID: 4567 || Description: Complex Task 4567 || Developer: Developer567 || Priority: 3 || Dependency on TaskId: [4568]
=> New Task ID: 4568 || Description: Complex Task 4568 || Developer: Developer568 || Priority: 4 || Dependency on TaskId: [4569]
=> New Task ID: 4569 || Description: Complex Task 4569 || Developer: Developer569 || Priority: 5 || Dependency on TaskId: [4570]
=> New Task ID: 4570 || Description: Complex Task 4570 || Developer: Developer570 || Priority: 1 || Dependency on TaskId: [4571]
=> New Task ID: 4571 || Description: Complex Task 4571 || Developer: Developer571 || Priority: 2 || Dependency on TaskId: [4572]
=> New Task ID: 4572 || Description: Complex Task 4572 || Developer: Developer572 || Priority: 3 || Dependency on TaskId: [4573]
=> New Task ID: 4573 || Description: Complex Task 4573 || Developer: Developer573 || Priority: 4 || Dependency on TaskId: [4574]
=> New Task ID: 4574 || Description: Complex Task 4574 || Developer: Developer574 || Priority: 5 || Dependency on TaskId: [4575]
=> New Task ID: 4575 || Description: Complex Task 4575 || Developer: Developer575 || Priority: 1 || Dependency on TaskId: [4576]
=> New Task ID: 4576 || Description: Complex Task 4576 || Developer: Developer576 || Priority: 2 || Dependency on TaskId: [4577]
=> New Task ID: 4577 || Description: Complex Task 4577 || Developer: Developer577 || Priority: 3 || Dependency on TaskId: [4578]
=> New Task ID: 4578 || Description: Complex Task 4578 || Developer: Developer578 || Priority: 4 || Dependency on TaskId: [4579]
=> New Task ID: 4579 || Description: Complex Task 4579 || Developer: Developer579 || Priority: 5 || Dependency on TaskId: [4580]
=> New Task ID: 4580 || Description: Complex Task 4580 || Developer: Developer580 || Priority: 1 || Dependency on TaskId: [4581]
=> New Task ID: 4581 || Description: Complex Task 4581 || Developer: Developer581 || Priority: 2 || Dependency on TaskId: [4582]
=> New Task ID: 4582 || Description: Complex Task 4582 || Developer: Developer582 || Priority: 3 || Dependency on TaskId: [4583]
=> New Task ID: 4583 || Description: Complex Task 4583 || Developer: Developer583 || Priority: 4 || Dependency on TaskId: [4584]
=> New Task ID: 4584 || Description: Complex Task 4584 || Developer: Developer584 || Priority: 5 || Dependency on TaskId: [4585]
=> New Task ID: 4585 || Description: Complex Task 4585 || Developer: Developer585 || Priority: 1 || Dependency on TaskId: [4586]
=> New Task ID: 4586 || Description: Complex Task 4586 || Developer: Developer586 || Priority: 2 || Dependency on TaskId: [4587]
=> New Task ID: 4587 || Description: Complex Task 4587 || Developer: Developer587 || Priority: 3 || Dependency on TaskId: [4588]
=> New Task ID: 4588 || Description: Complex Task 4588 || Developer: Developer588 || Priority: 4 || Dependency on TaskId: [4589]
=> New Task ID: 4589 || Description: Complex Task 4589 || Developer: Developer589 || Priority: 5 || Dependency on TaskId: [4590]
=> New Task ID: 4590 || Description: Complex Task 4590 || Developer: Developer590 || Priority: 1 || Dependency on TaskId: [4591]
=> New Task ID: 4591 || Description: Complex Task 4591 || Developer: Developer591 || Priority: 2 || Dependency on TaskId: [4592]
=> New Task ID: 4592 || Description: Complex Task 4592 || Developer: Developer592 || Priority: 3 || Dependency on TaskId: [4593]
=> New Task ID: 4593 || Description: Complex Task 4593 || Developer: Developer593 || Priority: 4 || Dependency on TaskId: [4594]
=> New Task ID: 4594 || Description: Complex Task 4594 || Developer: Developer594 || Priority: 5 || Dependency on TaskId: [4595]
=> New Task ID: 4595 || Description: Complex Task 4595 || Developer: Developer595 || Priority: 1 || Dependency on TaskId: [4596]
=> New Task ID: 4596 || Description: Complex Task 4596 || Developer: Developer596 || Priority: 2 || Dependency on TaskId: [4597]
=> New Task ID: 4597 || Description: Complex Task 4597 || Developer: Developer597 || Priority: 3 || Dependency on TaskId: [4598]
=> New Task ID: 4598 || Description: Complex Task 4598 || Developer: Developer598 || Priority: 4 || Dependency on TaskId: [4599]
=> New Task ID: 4599 || Description: Complex Task 4599 || Developer: Developer599 || Priority: 5 || Dependency on TaskId: [4600]
=> New Task ID: 4600 || Description: Complex Task 4600 || Developer: Developer600 || Priority: 1 || Dependency on TaskId: [4601]
=> New Task ID: 4601 || Description: Complex Task 4601 || Developer: Developer601 || Priority: 2 || Dependency on TaskId: [4602]
=> New Task ID: 4602 || Description: Complex Task 4602 || Developer: Developer602 || Priority: 3 || Dependency on TaskId: [4603]
=> New Task ID: 4603 || Description: Complex Task 4603 || Developer: Developer603 || Priority: 4 || Dependency on TaskId: [4604]
=> New Task ID: 4604 || Description: Complex Task 4604 || Developer: Developer604 || Priority: 5 || Dependency on TaskId: [4605]
=> New Task ID: 4605 || Description: Complex Task 4605 || Developer: Developer605 || Priority: 1 || Dependency on TaskId: [4606]
=> New Task ID: 4606 || Description: Complex Task 4606 || Developer: Developer606 || Priority: 2 || Dependency on TaskId: [4607]
=> New Task ID: 4607 || Description: Complex Task 4607 || Developer: Developer607 || Priority: 3 || Dependency on TaskId: [4608]
=> New Task ID: 4608 || Description: Complex Task 4608 || Developer: Developer608 || Priority: 4 || Dependency on TaskId: [4609]
=> New Task ID: 4609 || Description: Complex Task 4609 || Developer: Developer609 || Priority: 5 || Dependency on TaskId: [4610]
=> New Task ID: 4610 || Description: Complex Task 4610 || Developer: Developer610 || Priority: 1 || Dependency on TaskId: [4611]
=> New Task ID: 4611 || Description: Complex Task 4611 || Developer: Developer611 || Priority: 2 || Dependency on TaskId: [4612]
=> New Task ID: 4612 || Description: Complex Task 4612 || Developer: Developer612 || Priority: 3 || Dependency on TaskId: [4613]
=> New Task ID: 4613 || Description: Complex Task 4613 || Developer: Developer613 || Priority: 4 || Dependency on TaskId: [4614]
=> New Task ID: 4614 || Description: Complex Task 4614 || Developer: Developer614 || Priority: 5 || Dependency on TaskId: [4615]
=> New Task ID: 4615 || Description: Complex Task 4615 || Developer: Developer615 || Priority: 1 || Dependency on TaskId: [4616]
=> New Task ID: 4616 || Description: Complex Task 4616 || Developer: Developer616 || Priority: 2 || Dependency on TaskId: [4617]
=> New Task ID: 4617 || Description: Complex Task 4617 || Developer: Developer617 || Priority: 3 || Dependency on TaskId: [4618]
=> New Task ID: 4618 || Description: Complex Task 4618 || Developer: Developer618 || Priority: 4 || Dependency on TaskId: [4619]
=> New Task ID: 4619 || Description: Complex Task 4619 || Developer: Developer619 || Priority: 5 || Dependency on TaskId: [4620]
=> New Task ID: 4620 || Description: Complex Task 4620 || Developer: Developer620 || Priority: 1 || Dependency on TaskId: [4621]
=> New Task ID: 4621 || Description: Complex Task 4621 || Developer: Developer621 || Priority: 2 || Dependency on TaskId: [4622]
=> New Task ID: 4622 || Description: Complex Task 4622 || Developer: Developer622 || Priority: 3 || Dependency on TaskId: [4623]
=> New Task ID: 4623 || Description: Complex Task 4623 || Developer: Developer623 || Priority: 4 || Dependency on TaskId: [4624]
=> New Task ID: 4624 || Description: Complex Task 4624 || Developer: Developer624 || Priority: 5 || Dependency on TaskId: [4625]
=> New Task ID: 4625 || Description: Complex Task 4625 || Developer: Developer625 || Priority: 1 || Dependency on TaskId: [4626]
=> New Task ID: 4626 || Description: Complex Task 4626 || Developer: Developer626 || Priority: 2 || Dependency on TaskId: [4627]
=> New Task ID: 4627 || Description: Complex Task 4627 || Developer: Developer627 || Priority: 3 || Dependency on TaskId: [4628]
=> New Task ID: 4628 || Description: Complex Task 4628 || Developer: Developer628 || Priority: 4 || Dependency on TaskId: [4629]
=> New Task ID: 4629 || Description: Complex Task 4629 || Developer: Developer629 || Priority: 5 || Dependency on TaskId: [4630]
=> New Task ID: 4630 || Description: Complex Task 4630 || Developer: Developer630 || Priority: 1 || Dependency on TaskId: [4631]
=> New Task ID: 4631 || Description: Complex Task 4631 || Developer: Developer631 || Priority: 2 || Dependency on TaskId: [4632]
=> New Task ID: 4632 || Description: Complex Task 4632 || Developer: Developer632 || Priority: 3 || Dependency on TaskId: [4633]
=> New Task ID: 4633 || Description: Complex Task 4633 || Developer: Developer633 || Priority: 4 || Dependency on TaskId: [4634]
=> New Task ID: 4634 || Description: Complex Task 4634 || Developer: Developer634 || Priority: 5 || Dependency on TaskId: [4635]
=> New Task ID: 4635 || Description: Complex Task 4635 || Developer: Developer635 || Priority: 1 || Dependency on TaskId: [4636]
=> New Task ID: 4636 || Description: Complex Task 4636 || Developer: Developer636 || Priority: 2 || Dependency on TaskId: [4637]
=> New Task ID: 4637 || Description: Complex Task 4637 || Developer: Developer637 || Priority: 3 || Dependency on TaskId: [4638]
=> New Task ID: 4638 || Description: Complex Task 4638 || Developer: Developer638 || Priority: 4 || Dependency on TaskId: [4639]
=> New Task ID: 4639 || Description: Complex Task 4639 || Developer: Developer639 || Priority: 5 || Dependency on TaskId: [4640]
=> New Task ID: 4640 || Description: Complex Task 4640 || Developer: Developer640 || Priority: 1 || Dependency on TaskId: [4641]
=> New Task ID: 4641 || Description: Complex Task 4641 || Developer: Developer641 || Priority: 2 || Dependency on TaskId: [4642]
=> New Task ID: 4642 || Description: Complex Task 4642 || Developer: Developer642 || Priority: 3 || Dependency on TaskId: [4643]
=> New Task ID: 4643 || Description: Complex Task 4643 || Developer: Developer643 || Priority: 4 || Dependency on TaskId: [4644]
=> New Task ID: 4644 || Description: Complex Task 4644 || Developer: Developer644 || Priority: 5 || Dependency on TaskId: [4645]
=> New Task ID: 4645 || Description: Complex Task 4645 || Developer: Developer645 || Priority: 1 || Dependency on TaskId: [4646]
=> New Task ID: 4646 || Description: Complex Task 4646 || Developer: Developer646 || Priority: 2 || Dependency on TaskId: [4647]
=> New Task ID: 4647 || Description: Complex Task 4647 || Developer: Developer647 || Priority: 3 || Dependency on TaskId: [4648]
=> New Task ID: 4648 || Description: Complex Task 4648 || Developer: Developer648 || Priority: 4 || Dependency on TaskId: [4649]
=> New Task ID: 4649 || Description: Complex Task 4649 || Developer: Developer649 || Priority: 5 || Dependency on TaskId: [4650]
=> New Task ID: 4650 || Description: Complex Task 4650 || Developer: Developer650 || Priority: 1 || Dependency on TaskId: [4651]
=> New Task ID: 4651 || Description: Complex Task 4651 || Developer: Developer651 || Priority: 2 || Dependency on TaskId: [4652]
=> New Task ID: 4652 || Description: Complex Task 4652 || Developer: Developer652 || Priority: 3 || Dependency on TaskId: [4653]
=> New Task ID: 4653 || Description: Complex Task 4653 || Developer: Developer653 || Priority: 4 || Dependency on TaskId: [4654]
=> New Task ID: 4654 || Description: Complex Task 4654 || Developer: Developer654 || Priority: 5 || Dependency on TaskId: [4655]
=> New Task ID: 4655 || Description: Complex Task 4655 || Developer: Developer655 || Priority: 1 || Dependency on TaskId: [4656]
=> New Task ID: 4656 || Description: Complex Task 4656 || Developer: Developer656 || Priority: 2 || Dependency on TaskId: [4657]
=> New Task ID: 4657 || Description: Complex Task 4657 || Developer: Developer657 || Priority: 3 || Dependency on TaskId: [4658]
=> New Task ID: 4658 || Description: Complex Task 4658 || Developer: Developer658 || Priority: 4 || Dependency on TaskId: [4659]
=> New Task ID: 4659 || Description: Complex Task 4659 || Developer: Developer659 || Priority: 5 || Dependency on TaskId: [4660]
=> New Task ID: 4660 || Description: Complex Task 4660 || Developer: Developer660 || Priority: 1 || Dependency on TaskId: [4661]
=> New Task ID: 4661 || Description: Complex Task 4661 || Developer: Developer661 || Priority: 2 || Dependency on TaskId: [4662]
=> New Task ID: 4662 || Description: Complex Task 4662 || Developer: Developer662 || Priority: 3 || Dependency on TaskId: [4663]
=> New Task ID: 4663 || Description: Complex Task 4663 || Developer: Developer663 || Priority: 4 || Dependency on TaskId: [4664]
=> New Task ID: 4664 || Description: Complex Task 4664 || Developer: Developer664 || Priority: 5 || Dependency on TaskId: [4665]
=> New Task ID: 4665 || Description: Complex Task 4665 || Developer: Developer665 || Priority: 1 || Dependency on TaskId: [4666]
=> New Task ID: 4666 || Description: Complex Task 4666 || Developer: Developer666 || Priority: 2 || Dependency on TaskId: [4667]
=> New Task ID: 4667 || Description: Complex Task 4667 || Developer: Developer667 || Priority: 3 || Dependency on TaskId: [4668]
=> New Task ID: 4668 || Description: Complex Task 4668 || Developer: Developer668 || Priority: 4 || Dependency on TaskId: [4669]
=> New Task ID: 4669 || Description: Complex Task 4669 || Developer: Developer669 || Priority: 5 || Dependency on TaskId: [4670]
=> New Task ID: 4670 || Description: Complex Task 4670 || Developer: Developer670 || Priority: 1 || Dependency on TaskId: [4671]
=> New Task ID: 4671 || Description: Complex Task 4671 || Developer: Developer671 || Priority: 2 || Dependency on TaskId: [4672]
=> New Task ID: 4672 || Description: Complex Task 4672 || Developer: Developer672 || Priority: 3 || Dependency on TaskId: [4673]
=> New Task ID: 4673 || Description: Complex Task 4673 || Developer: Developer673 || Priority: 4 || Dependency on TaskId: [4674]
=> New Task ID: 4674 || Description: Complex Task 4674 || Developer: Developer674 || Priority: 5 || Dependency on TaskId: [4675]
=> New Task ID: 4675 || Description: Complex Task 4675 || Developer: Developer675 || Priority: 1 || Dependency on TaskId: [4676]
=> New Task ID: 4676 || Description: Complex Task 4676 || Developer: Developer676 || Priority: 2 || Dependency on TaskId: [4677]
=> New Task ID: 4677 || Description: Complex Task 4677 || Developer: Developer677 || Priority: 3 || Dependency on TaskId: [4678]
=> New Task ID: 4678 || Description: Complex Task 4678 || Developer: Developer678 || Priority: 4 || Dependency on TaskId: [4679]
=> New Task ID: 4679 || Description: Complex Task 4679 || Developer: Developer679 || Priority: 5 || Dependency on TaskId: [4680]
=> New Task ID: 4680 || Description: Complex Task 4680 || Developer: Developer680 || Priority: 1 || Dependency on TaskId: [4681]
=> New Task ID: 4681 || Description: Complex Task 4681 || Developer: Developer681 || Priority: 2 || Dependency on TaskId: [4682]
=> New Task ID: 4682 || Description: Complex Task 4682 || Developer: Developer682 || Priority: 3 || Dependency on TaskId: [4683]
=> New Task ID: 4683 || Description: Complex Task 4683 || Developer: Developer683 || Priority: 4 || Dependency on TaskId: [4684]
=> New Task ID: 4684 || Description: Complex Task 4684 || Developer: Developer684 || Priority: 5 || Dependency on TaskId: [4685]
=> New Task ID: 4685 || Description: Complex Task 4685 || Developer: Developer685 || Priority: 1 || Dependency on TaskId: [4686]
=> New Task ID: 4686 || Description: Complex Task 4686 || Developer: Developer686 || Priority: 2 || Dependency on TaskId: [4687]
=> New Task ID: 4687 || Description: Complex Task 4687 || Developer: Developer687 || Priority: 3 || Dependency on TaskId: [4688]
=> New Task ID: 4688 || Description: Complex Task 4688 || Developer: Developer688 || Priority: 4 || Dependency on TaskId: [4689]
=> New Task ID: 4689 || Description: Complex Task 4689 || Developer: Developer689 || Priority: 5 || Dependency on TaskId: [4690]
=> New Task ID: 4690 || Description: Complex Task 4690 || Developer: Developer690 || Priority: 1 || Dependency on TaskId: [4691]
=> New Task ID: 4691 || Description: Complex Task 4691 || Developer: Developer691 || Priority: 2 || Dependency on TaskId: [4692]
=> New Task ID: 4692 || Description: Complex Task 4692 || Developer: Developer692 || Priority: 3 || Dependency on TaskId: [4693]
=> New Task ID: 4693 || Description: Complex Task 4693 || Developer: Developer693 || Priority: 4 || Dependency on TaskId: [4694]
=> New Task ID: 4694 || Description: Complex Task 4694 || Developer: Developer694 || Priority: 5 || Dependency on TaskId: [4695]
=> New Task ID: 4695 || Description: Complex Task 4695 || Developer: Developer695 || Priority: 1 || Dependency on TaskId: [4696]
=> New Task ID: 4696 || Description: Complex Task 4696 || Developer: Developer696 || Priority: 2 || Dependency on TaskId: [4697]
=> New Task ID: 4697 || Description: Complex Task 4697 || Developer: Developer697 || Priority: 3 || Dependency on TaskId: [4698]
=> New Task ID: 4698 || Description: Complex Task 4698 || Developer: Developer698 || Priority: 4 || Dependency on TaskId: [4699]
=> New Task ID: 4699 || Description: Complex Task 4699 || Developer: Developer699 || Priority: 5 || Dependency on TaskId: [4700]
=> New Task ID: 4700 || Description: Complex Task 4700 || Developer: Developer700 || Priority: 1 || Dependency on TaskId: [4701]
=> New Task ID: 4701 || Description: Complex Task 4701 || Developer: Developer701 || Priority: 2 || Dependency on TaskId: [4702]
=> New Task ID: 4702 || Description: Complex Task 4702 || Developer: Developer702 || Priority: 3 || Dependency on TaskId: [4703]
=> New Task ID: 4703 || Description: Complex Task 4703 || Developer: Developer703 || Priority: 4 || Dependency on TaskId: [4704]
=> New Task ID: 4704 || Description: Complex Task 4704 || Developer: Developer704 || Priority: 5 || Dependency on TaskId: [4705]
=> New Task ID: 4705 || Description: Complex Task 4705 || Developer: Developer705 || Priority: 1 || Dependency on TaskId: [4706]
=> New Task ID: 4706 || Description: Complex Task 4706 || Developer: Developer706 || Priority: 2 || Dependency on TaskId: [4707]
=> New Task ID: 4707 || Description: Complex Task 4707 || Developer: Developer707 || Priority: 3 || Dependency on TaskId: [4708]
=> New Task ID: 4708 || Description: Complex Task 4708 || Developer: Developer708 || Priority: 4 || Dependency on TaskId: [4709]
=> New Task ID: 4709 || Description: Complex Task 4709 || Developer: Developer709 || Priority: 5 || Dependency on TaskId: [4710]
=> New Task ID: 4710 || Description: Complex Task 4710 || Developer: Developer710 || Priority: 1 || Dependency on TaskId: [4711]
=> New Task ID: 4711 || Description: Complex Task 4711 || Developer: Developer711 || Priority: 2 || Dependency on TaskId: [4712]
=> New Task ID: 4712 || Description: Complex Task 4712 || Developer: Developer712 || Priority: 3 || Dependency on TaskId: [4713]
=> New Task ID: 4713 || Description: Complex Task 4713 || Developer: Developer713 || Priority: 4 || Dependency on TaskId: [4714]
=> New Task ID: 4714 || Description: Complex Task 4714 || Developer: Developer714 || Priority: 5 || Dependency on TaskId: [4715]
=> New Task ID: 4715 || Description: Complex Task 4715 || Developer: Developer715 || Priority: 1 || Dependency on TaskId: [4716]
=> New Task ID: 4716 || Description: Complex Task 4716 || Developer: Developer716 || Priority: 2 || Dependency on TaskId: [4717]
=> New Task ID: 4717 || Description: Complex Task 4717 || Developer: Developer717 || Priority: 3 || Dependency on TaskId: [4718]
=> New Task ID: 4718 || Description: Complex Task 4718 || Developer: Developer718 || Priority: 4 || Dependency on TaskId: [4719]
=> New Task ID: 4719 || Description: Complex Task 4719 || Developer: Developer719 || Priority: 5 || Dependency on TaskId: [4720]
=> New Task ID: 4720 || Description: Complex Task 4720 || Developer: Developer720 || Priority: 1 || Dependency on TaskId: [4721]
=> New Task ID: 4721 || Description: Complex Task 4721 || Developer: Developer721 || Priority: 2 || Dependency on TaskId: [4722]
=> New Task ID: 4722 || Description: Complex Task 4722 || Developer: Developer722 || Priority: 3 || Dependency on TaskId: [4723]
=> New Task ID: 4723 || Description: Complex Task 4723 || Developer: Developer723 || Priority: 4 || Dependency on TaskId: [4724]
=> New Task ID: 4724 || Description: Complex Task 4724 || Developer: Developer724 || Priority: 5 || Dependency on TaskId: [4725]
=> New Task ID: 4725 || Description: Complex Task 4725 || Developer: Developer725 || Priority: 1 || Dependency on TaskId: [4726]
=> New Task ID: 4726 || Description: Complex Task 4726 || Developer: Developer726 || Priority: 2 || Dependency on TaskId: [4727]
=> New Task ID: 4727 || Description: Complex Task 4727 || Developer: Developer727 || Priority: 3 || Dependency on TaskId: [4728]
=> New Task ID: 4728 || Description: Complex Task 4728 || Developer: Developer728 || Priority: 4 || Dependency on TaskId: [4729]
=> New Task ID: 4729 || Description: Complex Task 4729 || Developer: Developer729 || Priority: 5 || Dependency on TaskId: [4730]
=> New Task ID: 4730 || Description: Complex Task 4730 || Developer: Developer730 || Priority: 1 || Dependency on TaskId: [4731]
=> New Task ID: 4731 || Description: Complex Task 4731 || Developer: Developer731 || Priority: 2 || Dependency on TaskId: [4732]
=> New Task ID: 4732 || Description: Complex Task 4732 || Developer: Developer732 || Priority: 3 || Dependency on TaskId: [4733]
=> New Task ID: 4733 || Description: Complex Task 4733 || Developer: Developer733 || Priority: 4 || Dependency on TaskId: [4734]
=> New Task ID: 4734 || Description: Complex Task 4734 || Developer: Developer734 || Priority: 5 || Dependency on TaskId: [4735]
=> New Task ID: 4735 || Description: Complex Task 4735 || Developer: Developer735 || Priority: 1 || Dependency on TaskId: [4736]
=> New Task ID: 4736 || Description: Complex Task 4736 || Developer: Developer736 || Priority: 2 || Dependency on TaskId: [4737]
=> New Task ID: 4737 || Description: Complex Task 4737 || Developer: Developer737 || Priority: 3 || Dependency on TaskId: [4738]
=> New Task ID: 4738 || Description: Complex Task 4738 || Developer: Developer738 || Priority: 4 || Dependency on TaskId: [4739]
=> New Task ID: 4739 || Description: Complex Task 4739 || Developer: Developer739 || Priority: 5 || Dependency on TaskId: [4740]
=> New Task ID: 4740 || Description: Complex Task 4740 || Developer: Developer740 || Priority: 1 || Dependency on TaskId: [4741]
=> New Task ID: 4741 || Description: Complex Task 4741 || Developer: Developer741 || Priority: 2 || Dependency on TaskId: [4742]
=> New Task ID: 4742 || Description: Complex Task 4742 || Developer: Developer742 || Priority: 3 || Dependency on TaskId: [4743]
=> New Task ID: 4743 || Description: Complex Task 4743 || Developer: Developer743 || Priority: 4 || Dependency on TaskId: [4744]
=> New Task ID: 4744 || Description: Complex Task 4744 || Developer: Developer744 || Priority: 5 || Dependency on TaskId: [4745]
=> New Task ID: 4745 || Description: Complex Task 4745 || Developer: Developer745 || Priority: 1 || Dependency on TaskId: [4746]
=> New Task ID: 4746 || Description: Complex Task 4746 || Developer: Developer746 || Priority: 2 || Dependency on TaskId: [4747]
=> New Task ID: 4747 || Description: Complex Task 4747 || Developer: Developer747 || Priority: 3 || Dependency on TaskId: [4748]
=> New Task ID: 4748 || Description: Complex Task 4748 || Developer: Developer748 || Priority: 4 || Dependency on TaskId: [4749]
=> New Task ID: 4749 || Description: Complex Task 4749 || Developer: Developer749 || Priority: 5 || Dependency on TaskId: [4750]
=> New Task ID: 4750 || Description: Complex Task 4750 || Developer: Developer750 || Priority: 1 || Dependency on TaskId: [4751]
=> New Task ID: 4751 || Description: Complex Task 4751 || Developer: Developer751 || Priority: 2 || Dependency on TaskId: [4752]
=> New Task ID: 4752 || Description: Complex Task 4752 || Developer: Developer752 || Priority: 3 || Dependency on TaskId: [4753]
=> New Task ID: 4753 || Description: Complex Task 4753 || Developer: Developer753 || Priority: 4 || Dependency on TaskId: [4754]
=> New Task ID: 4754 || Description: Complex Task 4754 || Developer: Developer754 || Priority: 5 || Dependency on TaskId: [4755]
=> New Task ID: 4755 || Description: Complex Task 4755 || Developer: Developer755 || Priority: 1 || Dependency on TaskId: [4756]
=> New Task ID: 4756 || Description: Complex Task 4756 || Developer: Developer756 || Priority: 2 || Dependency on TaskId: [4757]
=> New Task ID: 4757 || Description: Complex Task 4757 || Developer: Developer757 || Priority: 3 || Dependency on TaskId: [4758]
=> New Task ID: 4758 || Description: Complex Task 4758 || Developer: Developer758 || Priority: 4 || Dependency on TaskId: [4759]
=> New Task ID: 4759 || Description: Complex Task 4759 || Developer: Developer759 || Priority: 5 || Dependency on TaskId: [4760]
=> New Task ID: 4760 || Description: Complex Task 4760 || Developer: Developer760 || Priority: 1 || Dependency on TaskId: [4761]
=> New Task ID: 4761 || Description: Complex Task 4761 || Developer: Developer761 || Priority: 2 || Dependency on TaskId: [4762]
=> New Task ID: 4762 || Description: Complex Task 4762 || Developer: Developer762 || Priority: 3 || Dependency on TaskId: [4763]
=> New Task ID: 4763 || Description: Complex Task 4763 || Developer: Developer763 || Priority: 4 || Dependency on TaskId: [4764]
=> New Task ID: 4764 || Description: Complex Task 4764 || Developer: Developer764 || Priority: 5 || Dependency on TaskId: [4765]
=> New Task ID: 4765 || Description: Complex Task 4765 || Developer: Developer765 || Priority: 1 || Dependency on TaskId: [4766]
=> New Task ID: 4766 || Description: Complex Task 4766 || Developer: Developer766 || Priority: 2 || Dependency on TaskId: [4767]
=> New Task ID: 4767 || Description: Complex Task 4767 || Developer: Developer767 || Priority: 3 || Dependency on TaskId: [4768]
=> New Task ID: 4768 || Description: Complex Task 4768 || Developer: Developer768 || Priority: 4 || Dependency on TaskId: [4769]
=> New Task ID: 4769 || Description: Complex Task 4769 || Developer: Developer769 || Priority: 5 || Dependency on TaskId: [4770]
=> New Task ID: 4770 || Description: Complex Task 4770 || Developer: Developer770 || Priority: 1 || Dependency on TaskId: [4771]
=> New Task ID: 4771 || Description: Complex Task 4771 || Developer: Developer771 || Priority: 2 || Dependency on TaskId: [4772]
=> New Task ID: 4772 || Description: Complex Task 4772 || Developer: Developer772 || Priority: 3 || Dependency on TaskId: [4773]
=> New Task ID: 4773 || Description: Complex Task 4773 || Developer: Developer773 || Priority: 4 || Dependency on TaskId: [4774]
=> New Task ID: 4774 || Description: Complex Task 4774 || Developer: Developer774 || Priority: 5 || Dependency on TaskId: [4775]
=> New Task ID: 4775 || Description: Complex Task 4775 || Developer: Developer775 || Priority: 1 || Dependency on TaskId: [4776]
=> New Task ID: 4776 || Description: Complex Task 4776 || Developer: Developer776 || Priority: 2 || Dependency on TaskId: [4777]
=> New Task ID: 4777 || Description: Complex Task 4777 || Developer: Developer777 || Priority: 3 || Dependency on TaskId: [4778]
=> New Task ID: 4778 || Description: Complex Task 4778 || Developer: Developer778 || Priority: 4 || Dependency on TaskId: [4779]
=> New Task ID: 4779 || Description: Complex Task 4779 || Developer: Developer779 || Priority: 5 || Dependency on TaskId: [4780]
=> New Task ID: 4780 || Description: Complex Task 4780 || Developer: Developer780 || Priority: 1 || Dependency on TaskId: [4781]
=> New Task ID: 4781 || Description: Complex Task 4781 || Developer: Developer781 || Priority: 2 || Dependency on TaskId: [4782]
=> New Task ID: 4782 || Description: Complex Task 4782 || Developer: Developer782 || Priority: 3 || Dependency on TaskId: [4783]
=> New Task ID: 4783 || Description: Complex Task 4783 || Developer: Developer783 || Priority: 4 || Dependency on TaskId: [4784]
=> New Task ID: 4784 || Description: Complex Task 4784 || Developer: Developer784 || Priority: 5 || Dependency on TaskId: [4785]
=> New Task ID: 4785 || Description: Complex Task 4785 || Developer: Developer785 || Priority: 1 || Dependency on TaskId: [4786]
=> New Task ID: 4786 || Description: Complex Task 4786 || Developer: Developer786 || Priority: 2 || Dependency on TaskId: [4787]
=> New Task ID: 4787 || Description: Complex Task 4787 || Developer: Developer787 || Priority: 3 || Dependency on TaskId: [4788]
=> New Task ID: 4788 || Description: Complex Task 4788 || Developer: Developer788 || Priority: 4 || Dependency on TaskId: [4789]
=> New Task ID: 4789 || Description: Complex Task 4789 || Developer: Developer789 || Priority: 5 || Dependency on TaskId: [4790]
=> New Task ID: 4790 || Description: Complex Task 4790 || Developer: Developer790 || Priority: 1 || Dependency on TaskId: [4791]
=> New Task ID: 4791 || Description: Complex Task 4791 || Developer: Developer791 || Priority: 2 || Dependency on TaskId: [4792]
=> New Task ID: 4792 || Description: Complex Task 4792 || Developer: Developer792 || Priority: 3 || Dependency on TaskId: [4793]
=> New Task ID: 4793 || Description: Complex Task 4793 || Developer: Developer793 || Priority: 4 || Dependency on TaskId: [4794]
=> New Task ID: 4794 || Description: Complex Task 4794 || Developer: Developer794 || Priority: 5 || Dependency on TaskId: [4795]
=> New Task ID: 4795 || Description: Complex Task 4795 || Developer: Developer795 || Priority: 1 || Dependency on TaskId: [4796]
=> New Task ID: 4796 || Description: Complex Task 4796 || Developer: Developer796 || Priority: 2 || Dependency on TaskId: [4797]
=> New Task ID: 4797 || Description: Complex Task 4797 || Developer: Developer797 || Priority: 3 || Dependency on TaskId: [4798]
=> New Task ID: 4798 || Description: Complex Task 4798 || Developer: Developer798 || Priority: 4 || Dependency on TaskId: [4799]
=> New Task ID: 4799 || Description: Complex Task 4799 || Developer: Developer799 || Priority: 5 || Dependency on TaskId: [4800]
=> New Task ID: 4800 || Description: Complex Task 4800 || Developer: Developer800 || Priority: 1 || Dependency on TaskId: [4801]
=> New Task ID: 4801 || Description: Complex Task 4801 || Developer: Developer801 || Priority: 2 || Dependency on TaskId: [4802]
=> New Task ID: 4802 || Description: Complex Task 4802 || Developer: Developer802 || Priority: 3 || Dependency on TaskId: [4803]
=> New Task ID: 4803 || Description: Complex Task 4803 || Developer: Developer803 || Priority: 4 || Dependency on TaskId: [4804]
=> New Task ID: 4804 || Description: Complex Task 4804 || Developer: Developer804 || Priority: 5 || Dependency on TaskId: [4805]
=> New Task ID: 4805 || Description: Complex Task 4805 || Developer: Developer805 || Priority: 1 || Dependency on TaskId: [4806]
=> New Task ID: 4806 || Description: Complex Task 4806 || Developer: Developer806 || Priority: 2 || Dependency on TaskId: [4807]
=> New Task ID: 4807 || Description: Complex Task 4807 || Developer: Developer807 || Priority: 3 || Dependency on TaskId: [4808]
=> New Task ID: 4808 || Description: Complex Task 4808 || Developer: Developer808 || Priority: 4 || Dependency on TaskId: [4809]
=> New Task ID: 4809 || Description: Complex Task 4809 || Developer: Developer809 || Priority: 5 || Dependency on TaskId: [4810]
=> New Task ID: 4810 || Description: Complex Task 4810 || Developer: Developer810 || Priority: 1 || Dependency on TaskId: [4811]
=> New Task ID: 4811 || Description: Complex Task 4811 || Developer: Developer811 || Priority: 2 || Dependency on TaskId: [4812]
=> New Task ID: 4812 || Description: Complex Task 4812 || Developer: Developer812 || Priority: 3 || Dependency on TaskId: [4813]
=> New Task ID: 4813 || Description: Complex Task 4813 || Developer: Developer813 || Priority: 4 || Dependency on TaskId: [4814]
=> New Task ID: 4814 || Description: Complex Task 4814 || Developer: Developer814 || Priority: 5 || Dependency on TaskId: [4815]
=> New Task ID: 4815 || Description: Complex Task 4815 || Developer: Developer815 || Priority: 1 || Dependency on TaskId: [4816]
=> New Task ID: 4816 || Description: Complex Task 4816 || Developer: Developer816 || Priority: 2 || Dependency on TaskId: [4817]
=> New Task ID: 4817 || Description: Complex Task 4817 || Developer: Developer817 || Priority: 3 || Dependency on TaskId: [4818]
=> New Task ID: 4818 || Description: Complex Task 4818 || Developer: Developer818 || Priority: 4 || Dependency on TaskId: [4819]
=> New Task ID: 4819 || Description: Complex Task 4819 || Developer: Developer819 || Priority: 5 || Dependency on TaskId: [4820]
=> New Task ID: 4820 || Description: Complex Task 4820 || Developer: Developer820 || Priority: 1 || Dependency on TaskId: [4821]
=> New Task ID: 4821 || Description: Complex Task 4821 || Developer: Developer821 || Priority: 2 || Dependency on TaskId: [4822]
=> New Task ID: 4822 || Description: Complex Task 4822 || Developer: Developer822 || Priority: 3 || Dependency on TaskId: [4823]
=> New Task ID: 4823 || Description: Complex Task 4823 || Developer: Developer823 || Priority: 4 || Dependency on TaskId: [4824]
=> New Task ID: 4824 || Description: Complex Task 4824 || Developer: Developer824 || Priority: 5 || Dependency on TaskId: [4825]
=> New Task ID: 4825 || Description: Complex Task 4825 || Developer: Developer825 || Priority: 1 || Dependency on TaskId: [4826]
=> New Task ID: 4826 || Description: Complex Task 4826 || Developer: Developer826 || Priority: 2 || Dependency on TaskId: [4827]
=> New Task ID: 4827 || Description: Complex Task 4827 || Developer: Developer827 || Priority: 3 || Dependency on TaskId: [4828]
=> New Task ID: 4828 || Description: Complex Task 4828 || Developer: Developer828 || Priority: 4 || Dependency on TaskId: [4829]
=> New Task ID: 4829 || Description: Complex Task 4829 || Developer: Developer829 || Priority: 5 || Dependency on TaskId: [4830]
=> New Task ID: 4830 || Description: Complex Task 4830 || Developer: Developer830 || Priority: 1 || Dependency on TaskId: [4831]
=> New Task ID: 4831 || Description: Complex Task 4831 || Developer: Developer831 || Priority: 2 || Dependency on TaskId: [4832]
=> New Task ID: 4832 || Description: Complex Task 4832 || Developer: Developer832 || Priority: 3 || Dependency on TaskId: [4833]
=> New Task ID: 4833 || Description: Complex Task 4833 || Developer: Developer833 || Priority: 4 || Dependency on TaskId: [4834]
=> New Task ID: 4834 || Description: Complex Task 4834 || Developer: Developer834 || Priority: 5 || Dependency on TaskId: [4835]
=> New Task ID: 4835 || Description: Complex Task 4835 || Developer: Developer835 || Priority: 1 || Dependency on TaskId: [4836]
=> New Task ID: 4836 || Description: Complex Task 4836 || Developer: Developer836 || Priority: 2 || Dependency on TaskId: [4837]
=> New Task ID: 4837 || Description: Complex Task 4837 || Developer: Developer837 || Priority: 3 || Dependency on TaskId: [4838]
=> New Task ID: 4838 || Description: Complex Task 4838 || Developer: Developer838 || Priority: 4 || Dependency on TaskId: [4839]
=> New Task ID: 4839 || Description: Complex Task 4839 || Developer: Developer839 || Priority: 5 || Dependency on TaskId: [4840]
=> New Task ID: 4840 || Description: Complex Task 4840 || Developer: Developer840 || Priority: 1 || Dependency on TaskId: [4841]
=> New Task ID: 4841 || Description: Complex Task 4841 || Developer: Developer841 || Priority: 2 || Dependency on TaskId: [4842]
=> New Task ID: 4842 || Description: Complex Task 4842 || Developer: Developer842 || Priority: 3 || Dependency on TaskId: [4843]
=> New Task ID: 4843 || Description: Complex Task 4843 || Developer: Developer843 || Priority: 4 || Dependency on TaskId: [4844]
=> New Task ID: 4844 || Description: Complex Task 4844 || Developer: Developer844 || Priority: 5 || Dependency on TaskId: [4845]
=> New Task ID: 4845 || Description: Complex Task 4845 || Developer: Developer845 || Priority: 1 || Dependency on TaskId: [4846]
=> New Task ID: 4846 || Description: Complex Task 4846 || Developer: Developer846 || Priority: 2 || Dependency on TaskId: [4847]
=> New Task ID: 4847 || Description: Complex Task 4847 || Developer: Developer847 || Priority: 3 || Dependency on TaskId: [4848]
=> New Task ID: 4848 || Description: Complex Task 4848 || Developer: Developer848 || Priority: 4 || Dependency on TaskId: [4849]
=> New Task ID: 4849 || Description: Complex Task 4849 || Developer: Developer849 || Priority: 5 || Dependency on TaskId: [4850]
=> New Task ID: 4850 || Description: Complex Task 4850 || Developer: Developer850 || Priority: 1 || Dependency on TaskId: [4851]
=> New Task ID: 4851 || Description: Complex Task 4851 || Developer: Developer851 || Priority: 2 || Dependency on TaskId: [4852]
=> New Task ID: 4852 || Description: Complex Task 4852 || Developer: Developer852 || Priority: 3 || Dependency on TaskId: [4853]
=> New Task ID: 4853 || Description: Complex Task 4853 || Developer: Developer853 || Priority: 4 || Dependency on TaskId: [4854]
=> New Task ID: 4854 || Description: Complex Task 4854 || Developer: Developer854 || Priority: 5 || Dependency on TaskId: [4855]
=> New Task ID: 4855 || Description: Complex Task 4855 || Developer: Developer855 || Priority: 1 || Dependency on TaskId: [4856]
=> New Task ID: 4856 || Description: Complex Task 4856 || Developer: Developer856 || Priority: 2 || Dependency on TaskId: [4857]
=> New Task ID: 4857 || Description: Complex Task 4857 || Developer: Developer857 || Priority: 3 || Dependency on TaskId: [4858]
=> New Task ID: 4858 || Description: Complex Task 4858 || Developer: Developer858 || Priority: 4 || Dependency on TaskId: [4859]
=> New Task ID: 4859 || Description: Complex Task 4859 || Developer: Developer859 || Priority: 5 || Dependency on TaskId: [4860]
=> New Task ID: 4860 || Description: Complex Task 4860 || Developer: Developer860 || Priority: 1 || Dependency on TaskId: [4861]
=> New Task ID: 4861 || Description: Complex Task 4861 || Developer: Developer861 || Priority: 2 || Dependency on TaskId: [4862]
=> New Task ID: 4862 || Description: Complex Task 4862 || Developer: Developer862 || Priority: 3 || Dependency on TaskId: [4863]
=> New Task ID: 4863 || Description: Complex Task 4863 || Developer: Developer863 || Priority: 4 || Dependency on TaskId: [4864]
=> New Task ID: 4864 || Description: Complex Task 4864 || Developer: Developer864 || Priority: 5 || Dependency on TaskId: [4865]
=> New Task ID: 4865 || Description: Complex Task 4865 || Developer: Developer865 || Priority: 1 || Dependency on TaskId: [4866]
=> New Task ID: 4866 || Description: Complex Task 4866 || Developer: Developer866 || Priority: 2 || Dependency on TaskId: [4867]
=> New Task ID: 4867 || Description: Complex Task 4867 || Developer: Developer867 || Priority: 3 || Dependency on TaskId: [4868]
=> New Task ID: 4868 || Description: Complex Task 4868 || Developer: Developer868 || Priority: 4 || Dependency on TaskId: [4869]
=> New Task ID: 4869 || Description: Complex Task 4869 || Developer: Developer869 || Priority: 5 || Dependency on TaskId: [4870]
=> New Task ID: 4870 || Description: Complex Task 4870 || Developer: Developer870 || Priority: 1 || Dependency on TaskId: [4871]
=> New Task ID: 4871 || Description: Complex Task 4871 || Developer: Developer871 || Priority: 2 || Dependency on TaskId: [4872]
=> New Task ID: 4872 || Description: Complex Task 4872 || Developer: Developer872 || Priority: 3 || Dependency on TaskId: [4873]
=> New Task ID: 4873 || Description: Complex Task 4873 || Developer: Developer873 || Priority: 4 || Dependency on TaskId: [4874]
=> New Task ID: 4874 || Description: Complex Task 4874 || Developer: Developer874 || Priority: 5 || Dependency on TaskId: [4875]
=> New Task ID: 4875 || Description: Complex Task 4875 || Developer: Developer875 || Priority: 1 || Dependency on TaskId: [4876]
=> New Task ID: 4876 || Description: Complex Task 4876 || Developer: Developer876 || Priority: 2 || Dependency on TaskId: [4877]
=> New Task ID: 4877 || Description: Complex Task 4877 || Developer: Developer877 || Priority: 3 || Dependency on TaskId: [4878]
=> New Task ID: 4878 || Description: Complex Task 4878 || Developer: Developer878 || Priority: 4 || Dependency on TaskId: [4879]
=> New Task ID: 4879 || Description: Complex Task 4879 || Developer: Developer879 || Priority: 5 || Dependency on TaskId: [4880]
=> New Task ID: 4880 || Description: Complex Task 4880 || Developer: Developer880 || Priority: 1 || Dependency on TaskId: [4881]
=> New Task ID: 4881 || Description: Complex Task 4881 || Developer: Developer881 || Priority: 2 || Dependency on TaskId: [4882]
=> New Task ID: 4882 || Description: Complex Task 4882 || Developer: Developer882 || Priority: 3 || Dependency on TaskId: [4883]
=> New Task ID: 4883 || Description: Complex Task 4883 || Developer: Developer883 || Priority: 4 || Dependency on TaskId: [4884]
=> New Task ID: 4884 || Description: Complex Task 4884 || Developer: Developer884 || Priority: 5 || Dependency on TaskId: [4885]
=> New Task ID: 4885 || Description: Complex Task 4885 || Developer: Developer885 || Priority: 1 || Dependency on TaskId: [4886]
=> New Task ID: 4886 || Description: Complex Task 4886 || Developer: Developer886 || Priority: 2 || Dependency on TaskId: [4887]
=> New Task ID: 4887 || Description: Complex Task 4887 || Developer: Developer887 || Priority: 3 || Dependency on TaskId: [4888]
=> New Task ID: 4888 || Description: Complex Task 4888 || Developer: Developer888 || Priority: 4 || Dependency on TaskId: [4889]
=> New Task ID: 4889 || Description: Complex Task 4889 || Developer: Developer889 || Priority: 5 || Dependency on TaskId: [4890]
=> New Task ID: 4890 || Description: Complex Task 4890 || Developer: Developer890 || Priority: 1 || Dependency on TaskId: [4891]
=> New Task ID: 4891 || Description: Complex Task 4891 || Developer: Developer891 || Priority: 2 || Dependency on TaskId: [4892]
=> New Task ID: 4892 || Description: Complex Task 4892 || Developer: Developer892 || Priority: 3 || Dependency on TaskId: [4893]
=> New Task ID: 4893 || Description: Complex Task 4893 || Developer: Developer893 || Priority: 4 || Dependency on TaskId: [4894]
=> New Task ID: 4894 || Description: Complex Task 4894 || Developer: Developer894 || Priority: 5 || Dependency on TaskId: [4895]
=> New Task ID: 4895 || Description: Complex Task 4895 || Developer: Developer895 || Priority: 1 || Dependency on TaskId: [4896]
=> New Task ID: 4896 || Description: Complex Task 4896 || Developer: Developer896 || Priority: 2 || Dependency on TaskId: [4897]
=> New Task ID: 4897 || Description: Complex Task 4897 || Developer: Developer897 || Priority: 3 || Dependency on TaskId: [4898]
=> New Task ID: 4898 || Description: Complex Task 4898 || Developer: Developer898 || Priority: 4 || Dependency on TaskId: [4899]
=> New Task ID: 4899 || Description: Complex Task 4899 || Developer: Developer899 || Priority: 5 || Dependency on TaskId: [4900]
=> New Task ID: 4900 || Description: Complex Task 4900 || Developer: Developer900 || Priority: 1 || Dependency on TaskId: [4901]
=> New Task ID: 4901 || Description: Complex Task 4901 || Developer: Developer901 || Priority: 2 || Dependency on TaskId: [4902]
=> New Task ID: 4902 || Description: Complex Task 4902 || Developer: Developer902 || Priority: 3 || Dependency on TaskId: [4903]
=> New Task ID: 4903 || Description: Complex Task 4903 || Developer: Developer903 || Priority: 4 || Dependency on TaskId: [4904]
=> New Task ID: 4904 || Description: Complex Task 4904 || Developer: Developer904 || Priority: 5 || Dependency on TaskId: [4905]
=> New Task ID: 4905 || Description: Complex Task 4905 || Developer: Developer905 || Priority: 1 || Dependency on TaskId: [4906]
=> New Task ID: 4906 || Description: Complex Task 4906 || Developer: Developer906 || Priority: 2 || Dependency on TaskId: [4907]
=> New Task ID: 4907 || Description: Complex Task 4907 || Developer: Developer907 || Priority: 3 || Dependency on TaskId: [4908]
=> New Task ID: 4908 || Description: Complex Task 4908 || Developer: Developer908 || Priority: 4 || Dependency on TaskId: [4909]
=> New Task ID: 4909 || Description: Complex Task 4909 || Developer: Developer909 || Priority: 5 || Dependency on TaskId: [4910]
=> New Task ID: 4910 || Description: Complex Task 4910 || Developer: Developer910 || Priority: 1 || Dependency on TaskId: [4911]
=> New Task ID: 4911 || Description: Complex Task 4911 || Developer: Developer911 || Priority: 2 || Dependency on TaskId: [4912]
=> New Task ID: 4912 || Description: Complex Task 4912 || Developer: Developer912 || Priority: 3 || Dependency on TaskId: [4913]
=> New Task ID: 4913 || Description: Complex Task 4913 || Developer: Developer913 || Priority: 4 || Dependency on TaskId: [4914]
=> New Task ID: 4914 || Description: Complex Task 4914 || Developer: Developer914 || Priority: 5 || Dependency on TaskId: [4915]
=> New Task ID: 4915 || Description: Complex Task 4915 || Developer: Developer915 || Priority: 1 || Dependency on TaskId: [4916]
=> New Task ID: 4916 || Description: Complex Task 4916 || Developer: Developer916 || Priority: 2 || Dependency on TaskId: [4917]
=> New Task ID: 4917 || Description: Complex Task 4917 || Developer: Developer917 || Priority: 3 || Dependency on TaskId: [4918]
=> New Task ID: 4918 || Description: Complex Task 4918 || Developer: Developer918 || Priority: 4 || Dependency on TaskId: [4919]
=> New Task ID: 4919 || Description: Complex Task 4919 || Developer: Developer919 || Priority: 5 || Dependency on TaskId: [4920]
=> New Task ID: 4920 || Description: Complex Task 4920 || Developer: Developer920 || Priority: 1 || Dependency on TaskId: [4921]
=> New Task ID: 4921 || Description: Complex Task 4921 || Developer: Developer921 || Priority: 2 || Dependency on TaskId: [4922]
=> New Task ID: 4922 || Description: Complex Task 4922 || Developer: Developer922 || Priority: 3 || Dependency on TaskId: [4923]
=> New Task ID: 4923 || Description: Complex Task 4923 || Developer: Developer923 || Priority: 4 || Dependency on TaskId: [4924]
=> New Task ID: 4924 || Description: Complex Task 4924 || Developer: Developer924 || Priority: 5 || Dependency on TaskId: [4925]
=> New Task ID: 4925 || Description: Complex Task 4925 || Developer: Developer925 || Priority: 1 || Dependency on TaskId: [4926]
=> New Task ID: 4926 || Description: Complex Task 4926 || Developer: Developer926 || Priority: 2 || Dependency on TaskId: [4927]
=> New Task ID: 4927 || Description: Complex Task 4927 || Developer: Developer927 || Priority: 3 || Dependency on TaskId: [4928]
=> New Task ID: 4928 || Description: Complex Task 4928 || Developer: Developer928 || Priority: 4 || Dependency on TaskId: [4929]
=> New Task ID: 4929 || Description: Complex Task 4929 || Developer: Developer929 || Priority: 5 || Dependency on TaskId: [4930]
=> New Task ID: 4930 || Description: Complex Task 4930 || Developer: Developer930 || Priority: 1 || Dependency on TaskId: [4931]
=> New Task ID: 4931 || Description: Complex Task 4931 || Developer: Developer931 || Priority: 2 || Dependency on TaskId: [4932]
=> New Task ID: 4932 || Description: Complex Task 4932 || Developer: Developer932 || Priority: 3 || Dependency on TaskId: [4933]
=> New Task ID: 4933 || Description: Complex Task 4933 || Developer: Developer933 || Priority: 4 || Dependency on TaskId: [4934]
=> New Task ID: 4934 || Description: Complex Task 4934 || Developer: Developer934 || Priority: 5 || Dependency on TaskId: [4935]
=> New Task ID: 4935 || Description: Complex Task 4935 || Developer: Developer935 || Priority: 1 || Dependency on TaskId: [4936]
=> New Task ID: 4936 || Description: Complex Task 4936 || Developer: Developer936 || Priority: 2 || Dependency on TaskId: [4937]
=> New Task ID: 4937 || Description: Complex Task 4937 || Developer: Developer937 || Priority: 3 || Dependency on TaskId: [4938]
=> New Task ID: 4938 || Description: Complex Task 4938 || Developer: Developer938 || Priority: 4 || Dependency on TaskId: [4939]
=> New Task ID: 4939 || Description: Complex Task 4939 || Developer: Developer939 || Priority: 5 || Dependency on TaskId: [4940]
=> New Task ID: 4940 || Description: Complex Task 4940 || Developer: Developer940 || Priority: 1 || Dependency on TaskId: [4941]
=> New Task ID: 4941 || Description: Complex Task 4941 || Developer: Developer941 || Priority: 2 || Dependency on TaskId: [4942]
=> New Task ID: 4942 || Description: Complex Task 4942 || Developer: Developer942 || Priority: 3 || Dependency on TaskId: [4943]
=> New Task ID: 4943 || Description: Complex Task 4943 || Developer: Developer943 || Priority: 4 || Dependency on TaskId: [4944]
=> New Task ID: 4944 || Description: Complex Task 4944 || Developer: Developer944 || Priority: 5 || Dependency on TaskId: [4945]
=> New Task ID: 4945 || Description: Complex Task 4945 || Developer: Developer945 || Priority: 1 || Dependency on TaskId: [4946]
=> New Task ID: 4946 || Description: Complex Task 4946 || Developer: Developer946 || Priority: 2 || Dependency on TaskId: [4947]
=> New Task ID: 4947 || Description: Complex Task 4947 || Developer: Developer947 || Priority: 3 || Dependency on TaskId: [4948]
=> New Task ID: 4948 || Description: Complex Task 4948 || Developer: Developer948 || Priority: 4 || Dependency on TaskId: [4949]
=> New Task ID: 4949 || Description: Complex Task 4949 || Developer: Developer949 || Priority: 5 || Dependency on TaskId: [4950]
=> New Task ID: 4950 || Description: Complex Task 4950 || Developer: Developer950 || Priority: 1 || Dependency on TaskId: [4951]
=> New Task ID: 4951 || Description: Complex Task 4951 || Developer: Developer951 || Priority: 2 || Dependency on TaskId: [4952]
=> New Task ID: 4952 || Description: Complex Task 4952 || Developer: Developer952 || Priority: 3 || Dependency on TaskId: [4953]
=> New Task ID: 4953 || Description: Complex Task 4953 || Developer: Developer953 || Priority: 4 || Dependency on TaskId: [4954]
=> New Task ID: 4954 || Description: Complex Task 4954 || Developer: Developer954 || Priority: 5 || Dependency on TaskId: [4955]
=> New Task ID: 4955 || Description: Complex Task 4955 || Developer: Developer955 || Priority: 1 || Dependency on TaskId: [4956]
=> New Task ID: 4956 || Description: Complex Task 4956 || Developer: Developer956 || Priority: 2 || Dependency on TaskId: [4957]
=> New Task ID: 4957 || Description: Complex Task 4957 || Developer: Developer957 || Priority: 3 || Dependency on TaskId: [4958]
=> New Task ID: 4958 || Description: Complex Task 4958 || Developer: Developer958 || Priority: 4 || Dependency on TaskId: [4959]
=> New Task ID: 4959 || Description: Complex Task 4959 || Developer: Developer959 || Priority: 5 || Dependency on TaskId: [4960]
=> New Task ID: 4960 || Description: Complex Task 4960 || Developer: Developer960 || Priority: 1 || Dependency on TaskId: [4961]
=> New Task ID: 4961 || Description: Complex Task 4961 || Developer: Developer961 || Priority: 2 || Dependency on TaskId: [4962]
=> New Task ID: 4962 || Description: Complex Task 4962 || Developer: Developer962 || Priority: 3 || Dependency on TaskId: [4963]
=> New Task ID: 4963 || Description: Complex Task 4963 || Developer: Developer963 || Priority: 4 || Dependency on TaskId: [4964]
=> New Task ID: 4964 || Description: Complex Task 4964 || Developer: Developer964 || Priority: 5 || Dependency on TaskId: [4965]
=> New Task ID: 4965 || Description: Complex Task 4965 || Developer: Developer965 || Priority: 1 || Dependency on TaskId: [4966]
=> New Task ID: 4966 || Description: Complex Task 4966 || Developer: Developer966 || Priority: 2 || Dependency on TaskId: [4967]
=> New Task ID: 4967 || Description: Complex Task 4967 || Developer: Developer967 || Priority: 3 || Dependency on TaskId: [4968]
=> New Task ID: 4968 || Description: Complex Task 4968 || Developer: Developer968 || Priority: 4 || Dependency on TaskId: [4969]
=> New Task ID: 4969 || Description: Complex Task 4969 || Developer: Developer969 || Priority: 5 || Dependency on TaskId: [4970]
=> New Task ID: 4970 || Description: Complex Task 4970 || Developer: Developer970 || Priority: 1 || Dependency on TaskId: [4971]
=> New Task ID: 4971 || Description: Complex Task 4971 || Developer: Developer971 || Priority: 2 || Dependency on TaskId: [4972]
=> New Task ID: 4972 || Description: Complex Task 4972 || Developer: Developer972 || Priority: 3 || Dependency on TaskId: [4973]
=> New Task ID: 4973 || Description: Complex Task 4973 || Developer: Developer973 || Priority: 4 || Dependency on TaskId: [4974]
=> New Task ID: 4974 || Description: Complex Task 4974 || Developer: Developer974 || Priority: 5 || Dependency on TaskId: [4975]
=> New Task ID: 4975 || Description: Complex Task 4975 || Developer: Developer975 || Priority: 1 || Dependency on TaskId: [4976]
=> New Task ID: 4976 || Description: Complex Task 4976 || Developer: Developer976 || Priority: 2 || Dependency on TaskId: [4977]
=> New Task ID: 4977 || Description: Complex Task 4977 || Developer: Developer977 || Priority: 3 || Dependency on TaskId: [4978]
=> New Task ID: 4978 || Description: Complex Task 4978 || Developer: Developer978 || Priority: 4 || Dependency on TaskId: [4979]
=> New Task ID: 4979 || Description: Complex Task 4979 || Developer: Developer979 || Priority: 5 || Dependency on TaskId: [4980]
=> New Task ID: 4980 || Description: Complex Task 4980 || Developer: Developer980 || Priority: 1 || Dependency on TaskId: [4981]
=> New Task ID: 4981 || Description: Complex Task 4981 || Developer: Developer981 || Priority: 2 || Dependency on TaskId: [4982]
=> New Task ID: 4982 || Description: Complex Task 4982 || Developer: Developer982 || Priority: 3 || Dependency on TaskId: [4983]
=> New Task ID: 4983 || Description: Complex Task 4983 || Developer: Developer983 || Priority: 4 || Dependency on TaskId: [4984]
=> New Task ID: 4984 || Description: Complex Task 4984 || Developer: Developer984 || Priority: 5 || Dependency on TaskId: [4985]
=> New Task ID: 4985 || Description: Complex Task 4985 || Developer: Developer985 || Priority: 1 || Dependency on TaskId: [4986]
=> New Task ID: 4986 || Description: Complex Task 4986 || Developer: Developer986 || Priority: 2 || Dependency on TaskId: [4987]
=> New Task ID: 4987 || Description: Complex Task 4987 || Developer: Developer987 || Priority: 3 || Dependency on TaskId: [4988]
=> New Task ID: 4988 || Description: Complex Task 4988 || Developer: Developer988 || Priority: 4 || Dependency on TaskId: [4989]
=> New Task ID: 4989 || Description: Complex Task 4989 || Developer: Developer989 || Priority: 5 || Dependency on TaskId: [4990]
=> New Task ID: 4990 || Description: Complex Task 4990 || Developer: Developer990 || Priority: 1 || Dependency on TaskId: [4991]
=> New Task ID: 4991 || Description: Complex Task 4991 || Developer: Developer991 || Priority: 2 || Dependency on TaskId: [4992]
=> New Task ID: 4992 || Description: Complex Task 4992 || Developer: Developer992 || Priority: 3 || Dependency on TaskId: [4993]
=> New Task ID: 4993 || Description: Complex Task 4993 || Developer: Developer993 || Priority: 4 || Dependency on TaskId: [4994]
=> New Task ID: 4994 || Description: Complex Task 4994 || Developer: Developer994 || Priority: 5 || Dependency on TaskId: [4995]
=> New Task ID: 4995 || Description: Complex Task 4995 || Developer: Developer995 || Priority: 1 || Dependency on TaskId: [4996]
=> New Task ID: 4996 || Description: Complex Task 4996 || Developer: Developer996 || Priority: 2 || Dependency on TaskId: [4997]
=> New Task ID: 4997 || Description: Complex Task 4997 || Developer: Developer997 || Priority: 3 || Dependency on TaskId: [4998]
=> New Task ID: 4998 || Description: Complex Task 4998 || Developer: Developer998 || Priority: 4 || Dependency on TaskId: [4999]
=> New Task ID: 4999 || Description: Complex Task 4999 || Developer: Developer999 || Priority: 5 || Dependency on TaskId: [5000]
=> New Task ID: 5000 || Description: Complex Task 5000 || Developer: Developer0 || Priority: 1 || Dependency on TaskId: [5001]
=> Task 1 executed successfully.
=> Some tasks could not be executed due to unresolved dependencies.
Execution Time with Complex Dependencies: 8 ms
]]></system-out>
  </testcase>
</testsuite>